[debug] current_index = 0
[]
[debug] current_index = 5
['the silver car to the front of the ego vehicle', 'the black SUV to the front right of the ego vehicle', 'the gray car to the front left of the ego vehicle']
[debug] current_index = 10
['the silver car to the front of the ego vehicle', 'the black SUV to the front right of the ego vehicle', 'the gray car to the front left of the ego vehicle']
[debug] current_index = 15
['the silver car to the front of the ego vehicle', 'the black SUV to the front right of the ego vehicle', 'the gray car to the front left of the ego vehicle']
[debug] current_index = 20
['the silver car to the front of the ego vehicle', 'the black SUV to the front right of the ego vehicle', 'the gray car to the front left of the ego vehicle']
[debug] current_index = 25
['the gray car to the front left of the ego vehicle', 'the maroon car to the front right of the ego vehicle', 'the construction warning to the front right of the ego vehicle']
[debug] current_index = 30
['the gray car to the front left of the ego vehicle', 'the maroon car to the front right of the ego vehicle', 'the construction warning to the front right of the ego vehicle']
[debug] current_index = 35
['the gray car to the front left of the ego vehicle', 'the maroon car to the front right of the ego vehicle', 'the construction warning to the front right of the ego vehicle']
[debug] current_index = 40
['the gray car to the front left of the ego vehicle', 'the maroon car to the front right of the ego vehicle', 'the construction warning to the front right of the ego vehicle']
[debug] current_index = 45
['the black car to the front of the ego vehicle', 'the gray car to the front left of the ego vehicle', 'the maroon car to the front right of the ego vehicle', 'the construction warning to the front of the ego vehicle']
[debug] current_index = 50
['the black car to the front left of the ego vehicle', 'the navy car to the front of the ego vehicle', 'the gray car to the front left of the ego vehicle', 'the maroon car to the front right of the ego vehicle', 'the construction warning to the front of the ego vehicle']
[debug] current_index = 55
['the navy car to the front left of the ego vehicle', 'the gray car to the front of the ego vehicle', 'the maroon car to the front right of the ego vehicle', 'the construction warning to the front of the ego vehicle']
[debug] current_index = 60
['the black car to the front left of the ego vehicle', 'the gray car to the front of the ego vehicle', 'the maroon car to the front right of the ego vehicle', 'the construction warning to the front of the ego vehicle']
[debug] current_index = 65
['the black car to the front left of the ego vehicle', 'the navy car to the front left of the ego vehicle', 'the gray car to the front of the ego vehicle', 'the maroon car to the front right of the ego vehicle', 'the construction warning to the front of the ego vehicle']
[debug] current_index = 70
['the navy car to the front left of the ego vehicle', 'the black car to the front left of the ego vehicle', 'the gray car to the front right of the ego vehicle', 'the construction warning to the front of the ego vehicle']
[debug] current_index = 75
['the black car to the front left of the ego vehicle', 'the gray car to the front right of the ego vehicle', 'the construction warning to the front right of the ego vehicle']
[debug] current_index = 80
['the navy car to the front left of the ego vehicle', 'the black car to the front of the ego vehicle', 'the gray car to the front right of the ego vehicle', 'the construction warning to the front right of the ego vehicle']
[debug] current_index = 85
['the black car to the front left of the ego vehicle', 'the navy car to the front left of the ego vehicle', 'the black car to the front right of the ego vehicle', 'the gray car to the front right of the ego vehicle', 'the construction warning to the front right of the ego vehicle']
[debug] current_index = 90
['the black car to the front left of the ego vehicle', 'the black car to the front right of the ego vehicle', 'the construction warning to the front right of the ego vehicle']
[debug] current_index = 95
['the black car to the front left of the ego vehicle', 'the black car to the front right of the ego vehicle', 'the construction warning to the front right of the ego vehicle']
[debug] current_index = 100
['the black car to the front of the ego vehicle', 'the black car to the front right of the ego vehicle', 'the construction warning to the front right of the ego vehicle']
[debug] current_index = 105
['the black car to the front of the ego vehicle', 'the black car to the front right of the ego vehicle', 'the black car to the front right of the ego vehicle', 'the construction warning to the front right of the ego vehicle']
[debug] current_index = 110
['the black car to the front right of the ego vehicle', 'the black car to the front right of the ego vehicle', 'the construction warning to the front right of the ego vehicle']
[debug] current_index = 115
['the black car to the front right of the ego vehicle', 'the navy car to the front right of the ego vehicle']
[debug] current_index = 120
['the black car to the front of the ego vehicle']
[debug] current_index = 125
['the black car to the front left of the ego vehicle', 'the navy car to the front of the ego vehicle']
[debug] current_index = 130
['the black car to the front right of the ego vehicle', 'the black car to the front left of the ego vehicle', 'the navy car to the front left of the ego vehicle']
[debug] current_index = 135
['the black car to the front right of the ego vehicle', 'the black car to the front right of the ego vehicle']
[debug] current_index = 140
['the black car to the front right of the ego vehicle']
[debug] current_index = 145
['the black car to the front right of the ego vehicle']
[debug] current_index = 150
['the black car to the front right of the ego vehicle']
[debug] current_index = 155
['the navy car to the front left of the ego vehicle', 'the black car to the front left of the ego vehicle']
[debug] current_index = 160
['the navy car to the front left of the ego vehicle', 'the black car to the front left of the ego vehicle', 'the black car to the front left of the ego vehicle', 'the black car to the front left of the ego vehicle']
[debug] current_index = 165
['the black car to the front of the ego vehicle', 'the black car to the front of the ego vehicle']
[debug] current_index = 170
['the black car to the front of the ego vehicle', 'the black car to the front of the ego vehicle']
[debug] current_index = 175
['the black car to the front left of the ego vehicle', 'the black car to the front of the ego vehicle', 'the black car to the front of the ego vehicle']
[debug] current_index = 180
['the black car to the front left of the ego vehicle', 'the black car to the front left of the ego vehicle', 'the black car to the front of the ego vehicle']
[debug] current_index = 185
['the black car to the front left of the ego vehicle', 'the black car to the front left of the ego vehicle', 'the black car to the front left of the ego vehicle']
[debug] current_index = 190
['the black car to the front left of the ego vehicle', 'the black car to the front left of the ego vehicle']
[debug] current_index = 195
['the black car to the front left of the ego vehicle', 'the black car to the front left of the ego vehicle']
[debug] current_index = 200
['the black car to the front left of the ego vehicle', 'the black car to the front of the ego vehicle', 'the black car to the front left of the ego vehicle', 'the black car to the front left of the ego vehicle']
[debug] current_index = 205
['the black car to the front of the ego vehicle', 'the black car to the front left of the ego vehicle', 'the black car to the front left of the ego vehicle']
[debug] current_index = 210
['the black car to the front left of the ego vehicle', 'the black car to the front of the ego vehicle', 'the gray car to the front left of the ego vehicle', 'the black car to the front left of the ego vehicle']
[debug] current_index = 215
Warning: vehicle is not in image but should be considered.
['the black car to the front left of the ego vehicle', 'the black car to the front of the ego vehicle', 'the gray car to the front left of the ego vehicle', 'the black car to the front left of the ego vehicle']
[debug] current_index = 220
Warning: vehicle is not in image but should be considered.
['the black car to the front left of the ego vehicle', 'the black car to the front of the ego vehicle', 'the gray car to the front left of the ego vehicle', 'the black car to the front left of the ego vehicle']
[debug] current_index = 225
['the black car to the front left of the ego vehicle', 'the black car to the front of the ego vehicle', 'the black car to the front left of the ego vehicle']
[debug] current_index = 230
['the black car to the front left of the ego vehicle', 'the black car to the front of the ego vehicle', 'the black car to the front left of the ego vehicle']
[debug] current_index = 0
[]
[debug] current_index = 5
['the black car to the front of the ego vehicle']
[debug] current_index = 10
['the black car to the front of the ego vehicle']
[debug] current_index = 15
['the black car to the front of the ego vehicle']
[debug] current_index = 20
['the black car to the front of the ego vehicle']
[debug] current_index = 25
['the black car to the front of the ego vehicle']
[debug] current_index = 30
[]
[debug] current_index = 35
[]
[debug] current_index = 40
[]
[debug] current_index = 45
['the maroon car to the front left of the ego vehicle']
[debug] current_index = 50
['the maroon car to the front left of the ego vehicle']
[debug] current_index = 55
['the maroon car to the front left of the ego vehicle']
[debug] current_index = 60
['the maroon car to the front left of the ego vehicle']
[debug] current_index = 65
['the black car to the front left of the ego vehicle']
[debug] current_index = 70
['the black car to the front left of the ego vehicle', 'the black car to the front of the ego vehicle']
[debug] current_index = 75
['the black car to the front of the ego vehicle']
[debug] current_index = 80
['the black car to the front of the ego vehicle', 'the pedestrian to the front right of the ego vehicle']
[debug] current_index = 85
['the black car to the front of the ego vehicle', 'the pedestrian to the front right of the ego vehicle']
[debug] current_index = 90
['the black car to the front of the ego vehicle', 'the pedestrian to the front of the ego vehicle']
[debug] current_index = 95
['the black car to the front of the ego vehicle', 'the pedestrian to the front of the ego vehicle']
[debug] current_index = 100
['the maroon car to the front left of the ego vehicle', 'the black car to the front of the ego vehicle', 'the pedestrian to the front of the ego vehicle']
[debug] current_index = 105
['the maroon car to the front left of the ego vehicle', 'the black car to the front of the ego vehicle', 'the pedestrian to the front of the ego vehicle']
[debug] current_index = 110
['the maroon car to the front left of the ego vehicle', 'the black car to the front of the ego vehicle', 'the pedestrian to the front left of the ego vehicle']
[debug] current_index = 115
['the maroon car to the front left of the ego vehicle', 'the black car to the front of the ego vehicle', 'the pedestrian to the front left of the ego vehicle']
[debug] current_index = 120
['the maroon car to the front left of the ego vehicle', 'the black car to the front of the ego vehicle', 'the pedestrian to the front left of the ego vehicle']
[debug] current_index = 125
['the maroon car to the front left of the ego vehicle', 'the black car to the front of the ego vehicle']
[debug] current_index = 130
['the maroon car to the front left of the ego vehicle', 'the black car to the front of the ego vehicle']
[debug] current_index = 135
['the maroon car to the front left of the ego vehicle', 'the black car to the front of the ego vehicle']
[debug] current_index = 140
['the black car to the front of the ego vehicle']
[debug] current_index = 145
['the black car to the front of the ego vehicle']
[debug] current_index = 150
['the black car to the front left of the ego vehicle', 'the black car to the front of the ego vehicle']
[debug] current_index = 155
['the black car to the front left of the ego vehicle', 'the black car to the front of the ego vehicle']
[debug] current_index = 160
['the black car to the front left of the ego vehicle', 'the black car to the front of the ego vehicle']
[debug] current_index = 165
['the black car to the front left of the ego vehicle', 'the black car to the front of the ego vehicle']
[debug] current_index = 170
['the black car to the front left of the ego vehicle', 'the black car to the front of the ego vehicle']
[debug] current_index = 175
Warning: vehicle is not in image but should be considered.
['the black car to the front left of the ego vehicle', 'the black car to the front of the ego vehicle']
[debug] current_index = 180
['the black car to the front of the ego vehicle']
[debug] current_index = 185
['the black car to the front of the ego vehicle']
[debug] current_index = 190
['the black car to the front left of the ego vehicle', 'the black car to the front of the ego vehicle']
[debug] current_index = 195
['the black car to the front left of the ego vehicle', 'the black car to the front of the ego vehicle']
[debug] current_index = 200
['the black car to the front left of the ego vehicle', 'the black car to the front of the ego vehicle']
[debug] current_index = 205
['the black car to the front left of the ego vehicle', 'the black car to the front of the ego vehicle']
[debug] current_index = 210
Warning: vehicle is not in image but should be considered.
['the black car to the front left of the ego vehicle', 'the black car to the front of the ego vehicle']
[debug] current_index = 0
[]
[debug] current_index = 5
[]
[debug] current_index = 10
[]
[debug] current_index = 15
[]
[debug] current_index = 20
[]
[debug] current_index = 25
[]
[debug] current_index = 30
['the maroon car to the front left of the ego vehicle']
[debug] current_index = 35
['the maroon car to the front left of the ego vehicle']
[debug] current_index = 40
['the maroon car to the front left of the ego vehicle']
[debug] current_index = 45
['the maroon car to the front left of the ego vehicle']
[debug] current_index = 50
['the construction cone to the front left of the ego vehicle']
[debug] current_index = 55
['the construction cones to the front left of the ego vehicle']
[debug] current_index = 60
['the construction cones to the front left of the ego vehicle']
[debug] current_index = 65
['the construction cones to the front left of the ego vehicle']
[debug] current_index = 70
['the construction cones to the front left of the ego vehicle']
[debug] current_index = 75
['the construction cones to the front left of the ego vehicle']
[debug] current_index = 80
['the construction cones to the front left of the ego vehicle']
[debug] current_index = 85
['the construction cones to the front left of the ego vehicle']
[debug] current_index = 90
['the construction cones to the front left of the ego vehicle']
[debug] current_index = 95
['the construction cones to the front left of the ego vehicle']
[debug] current_index = 100
['the construction cones to the front left of the ego vehicle']
[debug] current_index = 105
['the construction cones to the front left of the ego vehicle']
[debug] current_index = 110
['the construction cone to the front left of the ego vehicle']
[debug] current_index = 115
['the construction cone to the front left of the ego vehicle']
[debug] current_index = 120
[]
[debug] current_index = 125
[]
[debug] current_index = 130
[]
[debug] current_index = 135
[]
[debug] current_index = 0
[]
[debug] current_index = 5
[]
[debug] current_index = 10
[]
[debug] current_index = 15
[]
[debug] current_index = 20
['a junction']
[debug] current_index = 25
['a junction']
[debug] current_index = 30
['a junction']
[debug] current_index = 35
['the black police car to the front left of the ego vehicle', 'a junction']
[debug] current_index = 40
['a junction']
[debug] current_index = 45
Warning: vehicle is not in image but should be considered.
['the black police car to the front left of the ego vehicle', 'a junction']
[debug] current_index = 50
Warning: vehicle is not in image but should be considered.
['the black police car to the front left of the ego vehicle', 'a junction']
[debug] current_index = 55
Warning: vehicle is not in image but should be considered.
['the black police car to the front left of the ego vehicle', 'a junction']
[debug] current_index = 60
Warning: vehicle is not in image but should be considered.
Warning: vehicle is not in image but should be considered.
['the maroon car to the front left of the ego vehicle', 'the black police car to the front left of the ego vehicle', 'a junction']
[debug] current_index = 65
Warning: vehicle is not in image but should be considered.
Warning: vehicle is not in image but should be considered.
['the navy car to the front left of the ego vehicle', 'the maroon car to the front left of the ego vehicle', 'the black police car to the front left of the ego vehicle', 'a junction']
[debug] current_index = 70
Warning: vehicle is not in image but should be considered.
['the navy car to the front left of the ego vehicle', 'the maroon car to the front left of the ego vehicle', 'the black police car to the front left of the ego vehicle', 'a junction']
[debug] current_index = 75
Warning: vehicle is not in image but should be considered.
['the navy car to the front left of the ego vehicle', 'the maroon car to the front left of the ego vehicle', 'the black police car to the front right of the ego vehicle', 'a junction']
[debug] current_index = 80
Warning: vehicle is not in image but should be considered.
['the navy car to the front left of the ego vehicle', 'the maroon car to the front left of the ego vehicle', 'the black car to the front left of the ego vehicle', 'a junction']
[debug] current_index = 85
Warning: vehicle is not in image but should be considered.
['the navy car to the front left of the ego vehicle', 'the maroon car to the front left of the ego vehicle', 'a junction']
[debug] current_index = 90
Warning: vehicle is not in image but should be considered.
['the navy car to the front left of the ego vehicle', 'the maroon car to the front left of the ego vehicle', 'a junction']
[debug] current_index = 95
Warning: vehicle is not in image but should be considered.
Warning: vehicle is not in image but should be considered.
['the navy car to the front left of the ego vehicle', 'the maroon car to the front left of the ego vehicle', 'the gray car to the front left of the ego vehicle', 'a junction']
[debug] current_index = 100
Warning: vehicle is not in image but should be considered.
['the navy car to the front left of the ego vehicle', 'the maroon car to the front left of the ego vehicle', 'the black car to the front left of the ego vehicle', 'a junction']
[debug] current_index = 105
['the navy car to the front left of the ego vehicle', 'a junction']
[debug] current_index = 110
['the navy car to the front left of the ego vehicle', 'a junction']
[debug] current_index = 115
['the black car to the front left of the ego vehicle', 'the black car to the front left of the ego vehicle', 'a junction']
[debug] current_index = 120
['the black car to the front left of the ego vehicle', 'the black car to the front left of the ego vehicle', 'a junction']
[debug] current_index = 125
['the black car to the front left of the ego vehicle', 'a junction']
[debug] current_index = 130
['the black car to the front left of the ego vehicle', 'the black car to the front left of the ego vehicle']
[debug] current_index = 135
['the black car to the front left of the ego vehicle']
[debug] current_index = 140
['the black car to the front left of the ego vehicle', 'the maroon car to the front left of the ego vehicle', 'the black car to the front left of the ego vehicle']
[debug] current_index = 145
['the silver car to the front left of the ego vehicle', 'the black car to the front left of the ego vehicle', 'the maroon car to the front left of the ego vehicle']
[debug] current_index = 150
['the silver car to the front left of the ego vehicle', 'the maroon car to the front left of the ego vehicle']
[debug] current_index = 155
['the silver car to the front left of the ego vehicle', 'the maroon car to the front left of the ego vehicle']
[debug] current_index = 160
['the silver car to the front left of the ego vehicle']
[debug] current_index = 165
['the silver car to the front left of the ego vehicle', 'the black car to the front left of the ego vehicle']
[debug] current_index = 0
[]
[debug] current_index = 5
[]
[debug] current_index = 10
[]
[debug] current_index = 15
['the green traffic light', 'the pedestrian to the front right of the ego vehicle']
[debug] current_index = 20
['a junction', 'the green traffic light', 'the pedestrian to the front right of the ego vehicle', 'the pedestrian to the front right of the ego vehicle']
[debug] current_index = 25
['a junction', 'the green traffic light', 'the pedestrian to the front right of the ego vehicle', 'the pedestrian to the front right of the ego vehicle', 'the pedestrian to the front right of the ego vehicle']
[debug] current_index = 30
['a junction', 'the green traffic light', 'the pedestrian to the front right of the ego vehicle', 'the pedestrian to the front right of the ego vehicle']
[debug] current_index = 35
['a junction', 'the green traffic light', 'the pedestrian to the front right of the ego vehicle', 'the pedestrian to the front right of the ego vehicle', 'the pedestrian to the front right of the ego vehicle']
[debug] current_index = 40
['a junction', 'the green traffic light', 'the pedestrian to the front right of the ego vehicle', 'the pedestrian to the front right of the ego vehicle', 'the pedestrian to the front right of the ego vehicle']
[debug] current_index = 45
['the silver car to the front left of the ego vehicle', 'a junction', 'the green traffic light', 'the pedestrian to the front right of the ego vehicle', 'the pedestrian to the front right of the ego vehicle', 'the pedestrian to the front right of the ego vehicle']
[debug] current_index = 50
['the silver car to the front left of the ego vehicle', 'a junction', 'the green traffic light', 'the pedestrian to the front right of the ego vehicle', 'the pedestrian to the front right of the ego vehicle', 'the pedestrian to the front right of the ego vehicle']
[debug] current_index = 55
['the silver car to the front left of the ego vehicle', 'a junction', 'the pedestrian to the front right of the ego vehicle']
[debug] current_index = 60
['the silver car to the front left of the ego vehicle', 'the teal car to the front left of the ego vehicle', 'a junction']
[debug] current_index = 65
['the silver car to the front left of the ego vehicle', 'the teal car to the front left of the ego vehicle', 'a junction']
[debug] current_index = 70
['the olive car to the front left of the ego vehicle', 'the teal car to the front left of the ego vehicle', 'a junction']
[debug] current_index = 75
['the olive car to the front left of the ego vehicle', 'the teal car to the front left of the ego vehicle', 'the navy car to the front of the ego vehicle', 'a junction']
[debug] current_index = 80
['the olive car to the front left of the ego vehicle', 'the teal car to the front left of the ego vehicle', 'the navy car to the front of the ego vehicle']
[debug] current_index = 85
['the olive car to the front left of the ego vehicle', 'the teal car to the front left of the ego vehicle', 'the navy car to the front of the ego vehicle']
[debug] current_index = 90
['the black car to the front left of the ego vehicle', 'the olive car to the front left of the ego vehicle', 'the navy car to the front of the ego vehicle']
[debug] current_index = 95
['the black car to the front left of the ego vehicle', 'the olive car to the front left of the ego vehicle', 'the navy car to the front of the ego vehicle']
[debug] current_index = 100
Warning: vehicle is not in image but should be considered.
['the black car to the front left of the ego vehicle', 'the olive car to the front left of the ego vehicle', 'the navy car to the front of the ego vehicle']
[debug] current_index = 105
['the black car to the front left of the ego vehicle', 'the navy car to the front of the ego vehicle']
[debug] current_index = 110
['the black car to the front left of the ego vehicle', 'the navy car to the front of the ego vehicle']
[debug] current_index = 115
['the navy car to the front of the ego vehicle']
[debug] current_index = 120
['the navy car to the front of the ego vehicle']
[debug] current_index = 0
[]
[debug] current_index = 5
['the maroon car to the front of the ego vehicle', 'the black car to the front left of the ego vehicle', 'the olive car to the front left of the ego vehicle']
[debug] current_index = 10
['the maroon car to the front of the ego vehicle', 'the black car to the front left of the ego vehicle', 'the olive car to the front left of the ego vehicle']
[debug] current_index = 15
['the maroon car to the front of the ego vehicle', 'the black car to the front left of the ego vehicle', 'the olive car to the front left of the ego vehicle']
[debug] current_index = 20
['the maroon car to the front of the ego vehicle', 'the black car to the front left of the ego vehicle', 'the olive car to the front left of the ego vehicle']
[debug] current_index = 25
['the maroon car to the front of the ego vehicle', 'the black car to the front left of the ego vehicle', 'the olive car to the front left of the ego vehicle']
[debug] current_index = 30
['the black car to the front left of the ego vehicle', 'the olive car to the front left of the ego vehicle']
[debug] current_index = 35
['the black car to the front left of the ego vehicle', 'the olive car to the front left of the ego vehicle']
[debug] current_index = 40
['the black car to the front left of the ego vehicle', 'the olive car to the front left of the ego vehicle']
[debug] current_index = 45
['the black car to the front left of the ego vehicle', 'the olive car to the front left of the ego vehicle']
[debug] current_index = 50
['the black car to the front left of the ego vehicle', 'the olive car to the front left of the ego vehicle']
[debug] current_index = 55
['the black car to the front left of the ego vehicle', 'the olive car to the front left of the ego vehicle']
[debug] current_index = 60
['the black car to the front left of the ego vehicle', 'the olive car to the front left of the ego vehicle', 'the silver car to the front of the ego vehicle']
[debug] current_index = 65
['the black car to the front left of the ego vehicle', 'the olive car to the front left of the ego vehicle', 'the silver car to the front of the ego vehicle']
[debug] current_index = 70
['the black car to the front left of the ego vehicle', 'the olive car to the front left of the ego vehicle', 'the silver car to the front right of the ego vehicle']
[debug] current_index = 75
['the black car to the front left of the ego vehicle', 'the olive car to the front left of the ego vehicle', 'the silver car to the front right of the ego vehicle']
[debug] current_index = 80
['the maroon car to the front of the ego vehicle', 'the black car to the front left of the ego vehicle', 'the olive car to the front left of the ego vehicle', 'the silver car to the front of the ego vehicle']
[debug] current_index = 85
['the black car to the front left of the ego vehicle', 'the olive car to the front left of the ego vehicle', 'the silver car to the front right of the ego vehicle']
[debug] current_index = 90
['the maroon car to the front of the ego vehicle', 'the black car to the front left of the ego vehicle', 'the olive car to the front left of the ego vehicle', 'the silver car to the front right of the ego vehicle']
[debug] current_index = 95
['the maroon car to the front of the ego vehicle', 'the black car to the front left of the ego vehicle', 'the olive car to the front left of the ego vehicle', 'the silver car to the front right of the ego vehicle']
[debug] current_index = 100
['the maroon car to the front of the ego vehicle', 'the black car to the front left of the ego vehicle', 'the olive car to the front left of the ego vehicle', 'the silver car to the front right of the ego vehicle']
[debug] current_index = 105
['the maroon car to the front of the ego vehicle', 'the black car to the front left of the ego vehicle', 'the olive car to the front left of the ego vehicle', 'the silver car to the front right of the ego vehicle']
[debug] current_index = 110
['the silver car to the front left of the ego vehicle', 'the black car to the front left of the ego vehicle', 'the silver car to the front right of the ego vehicle']
[debug] current_index = 115
['the silver car to the front left of the ego vehicle', 'the black car to the front left of the ego vehicle', 'the silver car to the front right of the ego vehicle']
[debug] current_index = 120
['the silver car to the front left of the ego vehicle', 'the black car to the front of the ego vehicle', 'the silver car to the front right of the ego vehicle']
[debug] current_index = 125
['the silver car to the front of the ego vehicle', 'the black car to the front of the ego vehicle', 'the silver car to the front right of the ego vehicle']
[debug] current_index = 130
['the black car to the front left of the ego vehicle', 'the silver car to the front of the ego vehicle', 'the black car to the front of the ego vehicle', 'the silver car to the front right of the ego vehicle']
[debug] current_index = 135
['the black car to the front left of the ego vehicle', 'the silver car to the front of the ego vehicle', 'the silver car to the front right of the ego vehicle']
[debug] current_index = 140
['the black car to the front left of the ego vehicle', 'the maroon car to the front right of the ego vehicle', 'the silver car to the front of the ego vehicle', 'the silver car to the front right of the ego vehicle']
[debug] current_index = 145
['the black car to the front of the ego vehicle', 'the silver car to the front of the ego vehicle', 'the silver car to the front right of the ego vehicle']
[debug] current_index = 150
['the black car to the front of the ego vehicle', 'the silver car to the front right of the ego vehicle', 'the silver car to the front right of the ego vehicle']
[debug] current_index = 155
['the black car to the front of the ego vehicle', 'the maroon car to the front right of the ego vehicle', 'the silver car to the front right of the ego vehicle']
[debug] current_index = 160
['the black car to the front of the ego vehicle', 'the maroon car to the front right of the ego vehicle', 'the silver car to the front right of the ego vehicle']
[debug] current_index = 165
['the black car to the front of the ego vehicle', 'the silver car to the front right of the ego vehicle']
[debug] current_index = 170
['the black car to the front right of the ego vehicle', 'the black car to the front left of the ego vehicle', 'the silver car to the front right of the ego vehicle']
[debug] current_index = 175
['the black car to the front right of the ego vehicle', 'the black car to the front of the ego vehicle', 'the silver car to the front right of the ego vehicle']
[debug] current_index = 180
['the black car to the front right of the ego vehicle', 'the maroon car to the front right of the ego vehicle', 'the black car to the front of the ego vehicle', 'the silver car to the front right of the ego vehicle']
[debug] current_index = 185
['the black car to the front right of the ego vehicle', 'the black car to the front of the ego vehicle', 'the silver car to the front right of the ego vehicle']
[debug] current_index = 190
['the black car to the front right of the ego vehicle', 'the black car to the front right of the ego vehicle']
[debug] current_index = 195
['the maroon car to the front right of the ego vehicle', 'the black car to the front right of the ego vehicle']
[debug] current_index = 200
['the black car to the front left of the ego vehicle', 'the black car to the front right of the ego vehicle']
[debug] current_index = 205
['the maroon car to the front right of the ego vehicle', 'the black car to the front left of the ego vehicle', 'the black car to the front right of the ego vehicle']
[debug] current_index = 210
['the black car to the front left of the ego vehicle', 'the black car to the front right of the ego vehicle']
[debug] current_index = 215
['the black car to the front right of the ego vehicle']
[debug] current_index = 220
['the black car to the front right of the ego vehicle']
[debug] current_index = 225
['the maroon car to the front right of the ego vehicle', 'the black car to the front right of the ego vehicle']
[debug] current_index = 230
['the maroon car to the front right of the ego vehicle', 'the black car to the front right of the ego vehicle']
[debug] current_index = 235
['the maroon car to the front of the ego vehicle', 'the black car to the front left of the ego vehicle']
[debug] current_index = 240
['the maroon car to the front left of the ego vehicle', 'the black car to the front left of the ego vehicle']
[debug] current_index = 245
['the maroon car to the front left of the ego vehicle', 'the black car to the front left of the ego vehicle']
[debug] current_index = 250
['the maroon car to the front of the ego vehicle', 'the black car to the front left of the ego vehicle']
[debug] current_index = 255
['the maroon car to the front of the ego vehicle', 'the black car to the front left of the ego vehicle', 'a junction']
[debug] current_index = 260
['the maroon car to the front of the ego vehicle', 'the black car to the front left of the ego vehicle', 'a junction']
[debug] current_index = 265
['the maroon car to the front of the ego vehicle', 'the black car to the front left of the ego vehicle', 'a junction']
[debug] current_index = 270
['the maroon car to the front of the ego vehicle', 'the black car to the front left of the ego vehicle', 'a junction']
[debug] current_index = 275
['the maroon car to the front of the ego vehicle', 'the black car to the front left of the ego vehicle', 'a junction']
[debug] current_index = 0
[]
[debug] current_index = 5
[]
[debug] current_index = 10
['the red traffic light']
[debug] current_index = 15
['the red traffic light']
[debug] current_index = 20
['a junction', 'the red traffic light']
[debug] current_index = 25
['a junction', 'the red traffic light']
[debug] current_index = 30
['a junction', 'the red traffic light']
[debug] current_index = 35
['a junction', 'the red traffic light']
[debug] current_index = 40
['a junction', 'the red traffic light']
[debug] current_index = 45
['a junction', 'the red traffic light']
[debug] current_index = 50
['a junction', 'the red traffic light']
[debug] current_index = 55
['a junction', 'the red traffic light']
[debug] current_index = 60
['a junction', 'the red traffic light']
[debug] current_index = 65
['the maroon car to the front right of the ego vehicle', 'a junction', 'the red traffic light']
[debug] current_index = 70
['the maroon car to the front right of the ego vehicle', 'a junction', 'the red traffic light']
[debug] current_index = 75
['the black car to the front left of the ego vehicle', 'the maroon car to the front right of the ego vehicle', 'a junction', 'the red traffic light']
[debug] current_index = 80
['the black car to the front left of the ego vehicle', 'the maroon car to the front right of the ego vehicle', 'a junction', 'the red traffic light']
[debug] current_index = 85
['the black car to the front left of the ego vehicle', 'the maroon car to the front right of the ego vehicle', 'a junction', 'the red traffic light']
[debug] current_index = 90
['the black car to the front left of the ego vehicle', 'the maroon car to the front right of the ego vehicle', 'a junction', 'the red traffic light']
[debug] current_index = 95
['the black car to the front left of the ego vehicle', 'the maroon car to the front right of the ego vehicle', 'a junction', 'the red traffic light']
[debug] current_index = 100
['the black car to the front left of the ego vehicle', 'the maroon car to the front right of the ego vehicle', 'a junction', 'the red traffic light']
[debug] current_index = 105
['the black car to the front left of the ego vehicle', 'the maroon car to the front right of the ego vehicle', 'a junction', 'the red traffic light']
[debug] current_index = 110
['the maroon car to the front right of the ego vehicle', 'a junction', 'the red traffic light']
[debug] current_index = 115
['the maroon car to the front right of the ego vehicle', 'a junction', 'the red traffic light']
[debug] current_index = 120
['the maroon car to the front right of the ego vehicle', 'a junction', 'the red traffic light']
[debug] current_index = 125
['the maroon car to the front right of the ego vehicle', 'a junction', 'the red traffic light']
[debug] current_index = 130
['the maroon car to the front right of the ego vehicle', 'a junction', 'the red traffic light']
[debug] current_index = 135
['the maroon car to the front right of the ego vehicle', 'a junction', 'the green traffic light']
[debug] current_index = 140
['the maroon car to the front right of the ego vehicle', 'a junction', 'the green traffic light']
[debug] current_index = 145
['the maroon car to the front right of the ego vehicle', 'a junction', 'the green traffic light']
[debug] current_index = 150
['the maroon car to the front right of the ego vehicle', 'a junction', 'the green traffic light']
[debug] current_index = 155
['the black car to the front left of the ego vehicle', 'the maroon car to the front right of the ego vehicle', 'a junction', 'the green traffic light']
[debug] current_index = 160
['the black car to the front left of the ego vehicle', 'a junction']
[debug] current_index = 165
['the black car to the front left of the ego vehicle', 'the black car to the front left of the ego vehicle', 'a junction']
[debug] current_index = 170
['the black car to the front left of the ego vehicle', 'a junction']
[debug] current_index = 175
['the black car to the front left of the ego vehicle', 'the maroon SUV to the front left of the ego vehicle', 'a junction']
[debug] current_index = 180
['the black car to the front left of the ego vehicle', 'the black car to the front left of the ego vehicle', 'the maroon SUV to the front left of the ego vehicle', 'the blue bicycle to the front of the ego vehicle', 'a junction']
[debug] current_index = 185
['the black car to the front left of the ego vehicle', 'the black car to the front left of the ego vehicle', 'the black car to the front left of the ego vehicle', 'the maroon SUV to the front left of the ego vehicle', 'the blue bicycle to the front of the ego vehicle']
[debug] current_index = 190
Warning: vehicle is not in image but should be considered.
['the black car to the front left of the ego vehicle', 'the black car to the front left of the ego vehicle', 'the black car to the front left of the ego vehicle', 'the maroon SUV to the front of the ego vehicle', 'the blue bicycle to the front of the ego vehicle']
[debug] current_index = 195
['the black car to the front left of the ego vehicle', 'the black car to the front left of the ego vehicle', 'the black car to the front left of the ego vehicle', 'the maroon SUV to the front left of the ego vehicle', 'the blue bicycle to the front of the ego vehicle']
[debug] current_index = 200
['the black car to the front left of the ego vehicle', 'the black car to the front left of the ego vehicle', 'the black car to the front left of the ego vehicle', 'the maroon SUV to the front left of the ego vehicle', 'the blue bicycle to the front of the ego vehicle']
[debug] current_index = 205
['the black car to the front left of the ego vehicle', 'the black car to the front left of the ego vehicle', 'the black car to the front left of the ego vehicle', 'the maroon SUV to the front left of the ego vehicle', 'the blue bicycle to the front left of the ego vehicle']
[debug] current_index = 210
['the black car to the front left of the ego vehicle', 'the black car to the front left of the ego vehicle', 'the black car to the front left of the ego vehicle', 'the maroon SUV to the front of the ego vehicle']
[debug] current_index = 215
['the black car to the front left of the ego vehicle', 'the black car to the front left of the ego vehicle', 'the black car to the front left of the ego vehicle', 'the maroon SUV to the front of the ego vehicle']
[debug] current_index = 220
Warning: vehicle is not in image but should be considered.
['the black car to the front left of the ego vehicle', 'the black car to the front left of the ego vehicle', 'the black car to the front left of the ego vehicle', 'the black car to the front left of the ego vehicle', 'the maroon SUV to the front of the ego vehicle']
[debug] current_index = 225
['the black car to the front left of the ego vehicle', 'the black car to the front left of the ego vehicle', 'the black car to the front left of the ego vehicle', 'the maroon SUV to the front of the ego vehicle']
[debug] current_index = 230
Warning: vehicle is not in image but should be considered.
['the black car to the front left of the ego vehicle', 'the black car to the front left of the ego vehicle', 'the black car to the front left of the ego vehicle', 'the maroon SUV to the front of the ego vehicle']
[debug] current_index = 235
['the black car to the front left of the ego vehicle', 'the black car to the front left of the ego vehicle', 'the maroon SUV to the front of the ego vehicle']
[debug] current_index = 240
['the black car to the front left of the ego vehicle', 'the black car to the front left of the ego vehicle', 'the maroon SUV to the front of the ego vehicle']
[debug] current_index = 245
['the black car to the front left of the ego vehicle', 'the maroon SUV to the front of the ego vehicle']
Stats saved.
