[debug] current frame is 0
[debug] hazardous_actors = []
[debug] current frame is 5
[debug] hazardous_actors = []
[debug] current frame is 10
[debug] hazardous_actors = []
[debug] current frame is 15
[debug] hazardous_actors = []
[debug] into second branch, scenario_name = CrossingBicycleFlow
[debug] current frame is 20
[debug] hazardous_actors = []
[debug] into second branch, scenario_name = CrossingBicycleFlow
[debug] current frame is 25
[debug] hazardous_actors = []
[debug] current frame is 30
[debug] hazardous_actors = []
[debug] into second branch, scenario_name = CrossingBicycleFlow
[debug] current frame is 35
[debug] hazardous_actors = []
[debug] into second branch, scenario_name = CrossingBicycleFlow
[debug] current frame is 40
[debug] hazardous_actors = []
[debug] into second branch, scenario_name = CrossingBicycleFlow
[debug] current frame is 45
[debug] hazardous_actors = []
[debug] current frame is 50
[debug] hazardous_actors = []
[debug] current frame is 55
[debug] hazardous_actors = []
[debug] current frame is 60
[debug] hazardous_actors = []
[debug] current frame is 65
[debug] hazardous_actors = []
[debug] current frame is 70
[debug] hazardous_actors = []
[debug] current frame is 75
[debug] hazardous_actors = []
[debug] current frame is 80
[debug] hazardous_actors = []
[debug] current frame is 85
[debug] hazardous_actors = []
[debug] current frame is 90
[debug] hazardous_actors = []
[debug] current frame is 95
[debug] hazardous_actors = []
[debug] current frame is 100
[debug] hazardous_actors = []
[debug] current frame is 105
[debug] hazardous_actors = []
[debug] current frame is 110
[debug] hazardous_actors = []
[debug] current frame is 115
[debug] hazardous_actors = []
[debug] current frame is 120
[debug] hazardous_actors = []
[debug] current frame is 125
[debug] hazardous_actors = []
[debug] current frame is 130
[debug] hazardous_actors = []
[debug] current frame is 135
[debug] hazardous_actors = []
[debug] current frame is 140
[debug] hazardous_actors = []
[debug] current frame is 145
[debug] hazardous_actors = []
[debug] current frame is 150
[debug] hazardous_actors = []
[debug] current frame is 155
[debug] hazardous_actors = []
[debug] current frame is 160
[debug] hazardous_actors = []
[debug] current frame is 165
[debug] hazardous_actors = []
[debug] current frame is 170
[debug] hazardous_actors = []
[debug] current frame is 175
[debug] hazardous_actors = []
[debug] current frame is 180
[debug] hazardous_actors = []
[debug] current frame is 185
[debug] hazardous_actors = []
[debug] current frame is 190
[debug] hazardous_actors = []
[debug] current frame is 195
[debug] hazardous_actors = []
[debug] current frame is 200
[debug] hazardous_actors = []
[debug] current frame is 205
[debug] hazardous_actors = []
[debug] current frame is 210
[debug] hazardous_actors = []
[debug] current frame is 215
[debug] hazardous_actors = []
[debug] current frame is 220
[debug] hazardous_actors = []
[debug] current frame is 225
[debug] hazardous_actors = []
[debug] current frame is 230
[debug] hazardous_actors = []
[debug] current frame is 235
[debug] hazardous_actors = []
[debug] current frame is 240
[debug] hazardous_actors = []
[debug] current frame is 245
[debug] hazardous_actors = []
[debug] current frame is 250
[debug] hazardous_actors = []
[debug] current frame is 255
[debug] hazardous_actors = []
[debug] current frame is 260
[debug] hazardous_actors = []
[debug] current frame is 265
[debug] hazardous_actors = []
[debug] current frame is 270
[debug] hazardous_actors = []
[debug] current frame is 275
[debug] hazardous_actors = []
[debug] current frame is 280
[debug] hazardous_actors = []
[debug] current frame is 285
[debug] hazardous_actors = []
[debug] current frame is 290
[debug] hazardous_actors = []
[debug] current frame is 295
[debug] hazardous_actors = []
[debug] current frame is 300
[debug] hazardous_actors = []
[debug] current frame is 305
[debug] hazardous_actors = []
[debug] current frame is 310
[debug] hazardous_actors = []
[debug] current frame is 315
[debug] hazardous_actors = []
[debug] current frame is 320
[debug] hazardous_actors = []
[debug] current frame is 325
[debug] hazardous_actors = []
[debug] current frame is 330
[debug] hazardous_actors = []
[debug] current frame is 335
[debug] hazardous_actors = []
[debug] current frame is 340
[debug] hazardous_actors = []
[debug] current frame is 345
[debug] hazardous_actors = []
[debug] in branch in front, vehicles_in_front = [{'class': 'vehicle', 'state': 'dynamic', 'id': '23295', 'location': [1764.2315673828125, 4988.2412109375, 367.5904235839844], 'rotation': [1.025819182395935, -0.001068115234375, 179.823974609375], 'bbx_loc': [-0.00037927148514427245, 2.3548025751551904e-07, 0.6926461458206177], 'center': [1764.244384765625, 4988.2412109375, 368.282958984375], 'extent': [2.0906050205230713, 0.9970585703849792, 0.6926480531692505], 'world_cord': [[1762.1634521484375, 4987.25048828125, 369.012939453125], [1762.138671875, 4987.25048828125, 367.62786865234375], [1762.1695556640625, 4989.24462890625, 369.0129089355469], [1762.144775390625, 4989.24462890625, 367.6278381347656], [1766.343994140625, 4987.23779296875, 368.9380798339844], [1766.319091796875, 4987.23779296875, 367.5530090332031], [1766.35009765625, 4989.23193359375, 368.93804931640625], [1766.3253173828125, 4989.23193359375, 367.552978515625]], 'semantic_tags': [14], 'type_id': 'vehicle.audi.tt', 'color': '33,33,33', 'base_type': 'car', 'num_points': 54, 'distance': 21.363236726319325, 'speed': 0.0, 'brake': 1.0, 'light_state': '139', 'road_id': 302, 'lane_id': 2, 'section_id': 0, 'world2vehicle': [[-0.9998350143432617, 0.0030716771725565195, 0.01790296472609043, 1742.037353515625], [-0.0030718359630554914, -0.9999952912330627, 1.8639138943399303e-05, 4993.63037109375], [0.017902938649058342, -3.6358902434585616e-05, 0.999839723110199, -398.93505859375], [0.0, 0.0, 0.0, 1.0]], 'position': (21.35086978965387, -0.7995899392899446, -0.16198404932538324), 'yaw': -0.2524818693170733, 'color_rgb': None, 'color_name': None, 'lane_type': carla.libcarla.LaneType.Driving, 'lane_type_str': 'Driving', 'is_in_junction': False, 'junction_id': -1, 'distance_to_junction': 6.709487438201904, 'next_junction_id': 14280, 'next_road_ids': [14326], 'next_next_road_ids': [830], 'same_road_as_ego': False, 'same_direction_as_ego': False, 'lane_relative_to_ego': None, 'steer': 0.0, 'vehicle_cuts_in': False}, {'class': 'vehicle', 'state': 'dynamic', 'id': '23299', 'location': [1773.434326171875, 4988.21875, 367.4311218261719], 'rotation': [1.0092287063598633, -3.0517658160533756e-05, 179.8155059814453], 'bbx_loc': [7.99035988165997e-05, 0.0017905564745888114, 0.7015068531036377], 'center': [1773.4466552734375, 4988.216796875, 368.13250732421875], 'extent': [2.6787397861480713, 1.0166014432907104, 0.7053293585777283], 'world_cord': [[1770.7774658203125, 4987.208984375, 368.8849182128906], [1770.7525634765625, 4987.208984375, 367.4744873046875], [1770.783935546875, 4989.2421875, 368.8849182128906], [1770.7591552734375, 4989.2421875, 367.4744873046875], [1776.134033203125, 4987.19189453125, 368.7905578613281], [1776.1092529296875, 4987.19189453125, 367.380126953125], [1776.140625, 4989.224609375, 368.7905578613281], [1776.11572265625, 4989.22509765625, 367.380126953125]], 'semantic_tags': [14], 'type_id': 'vehicle.chevrolet.impala', 'color': '0,12,49', 'base_type': 'car', 'num_points': 15, 'distance': 30.300325267302114, 'speed': -2.9297143724678034e-05, 'brake': 1.0, 'light_state': '155', 'road_id': 302, 'lane_id': 2, 'section_id': 0, 'world2vehicle': [[-0.9998396635055542, 0.003219488775357604, 0.017613453790545464, 1750.6187744140625], [-0.003219979116693139, -0.9999948143959045, 5.32550984644331e-07, 4993.9033203125], [0.0176133643835783, -5.618248906102963e-05, 0.9998448491096497, -398.33001708984375], [0.0, 0.0, 0.0, 1.0]], 'position': (30.268708463902954, 1.4778375394707837, -0.1158861716858155), 'yaw': -0.2524818693170733, 'color_rgb': None, 'color_name': None, 'lane_type': carla.libcarla.LaneType.Driving, 'lane_type_str': 'Driving', 'is_in_junction': False, 'junction_id': -1, 'distance_to_junction': 15.759297370910645, 'next_junction_id': 14280, 'next_road_ids': [14326], 'next_next_road_ids': [830], 'same_road_as_ego': False, 'same_direction_as_ego': False, 'lane_relative_to_ego': None, 'steer': 0.0, 'vehicle_cuts_in': False}]
[debug] into second branch, scenario_name = CrossingBicycleFlow
[debug] current frame is 350
[debug] hazardous_actors = []
[debug] into second branch, scenario_name = CrossingBicycleFlow
[debug] current frame is 355
[debug] hazardous_actors = []
[debug] current frame is 360
[debug] hazardous_actors = []
[debug] current frame is 365
[debug] hazardous_actors = []
[debug] into second branch, scenario_name = CrossingBicycleFlow
[debug] current frame is 370
[debug] hazardous_actors = []
[debug] into second branch, scenario_name = CrossingBicycleFlow
[debug] current frame is 375
[debug] hazardous_actors = []
[debug] in branch in front, vehicles_in_front = [{'class': 'vehicle', 'state': 'dynamic', 'id': '23284', 'location': [1752.265625, 4942.3203125, 367.6571350097656], 'rotation': [-0.2207653671503067, -0.00015257981431204826, -89.55343627929688], 'bbx_loc': [0.032141976058483124, 3.315925641800277e-05, 0.650477409362793], 'center': [1752.265869140625, 4942.28564453125, 368.3074951171875], 'extent': [2.358762502670288, 0.947413444519043, 0.650469958782196], 'world_cord': [[1753.231689453125, 4939.931640625, 368.9488525390625], [1753.231689453125, 4939.93701171875, 367.6479187011719], [1751.3369140625, 4939.9169921875, 368.9488525390625], [1751.3369140625, 4939.921875, 367.6479187011719], [1753.1949462890625, 4944.6494140625, 368.967041015625], [1753.1949462890625, 4944.654296875, 367.6661071777344], [1751.3001708984375, 4944.63427734375, 368.967041015625], [1751.3001708984375, 4944.6396484375, 367.6661071777344]], 'semantic_tags': [14], 'type_id': 'vehicle.ford.mustang', 'color': '85,0,0', 'base_type': 'car', 'num_points': 29, 'distance': 29.660726720105917, 'speed': 0.9467210330358333, 'brake': 0.0, 'light_state': '131', 'road_id': 830, 'lane_id': 1, 'section_id': 0, 'world2vehicle': [[0.0077938418835401535, -0.9999621510505676, -0.003853072877973318, 4929.89306640625], [0.9999696016311646, 0.007793889846652746, 2.6630002594174584e-06, -1790.7332763671875], [2.736752685450483e-05, -0.0038529764860868454, 0.9999925494194031, -348.6596984863281], [0.0, 0.0, 0.0, 1.0]], 'position': (29.6246906854185, -1.4595840733611567, -0.10854578070575371), 'yaw': -1.5131334297144465, 'color_rgb': None, 'color_name': None, 'lane_type': carla.libcarla.LaneType.Driving, 'lane_type_str': 'Driving', 'is_in_junction': False, 'junction_id': -1, 'distance_to_junction': 59.00059509277344, 'next_junction_id': 1809, 'next_road_ids': [1828], 'next_next_road_ids': [829], 'same_road_as_ego': True, 'same_direction_as_ego': True, 'lane_relative_to_ego': 0, 'steer': 0.010797355113307669, 'vehicle_cuts_in': False}]
[debug] into second branch, scenario_name = CrossingBicycleFlow
[debug] current frame is 380
[debug] hazardous_actors = []
[debug] in branch in front, vehicles_in_front = [{'class': 'vehicle', 'state': 'dynamic', 'id': '23284', 'location': [1752.2728271484375, 4941.4287109375, 367.65362548828125], 'rotation': [-0.2082524597644806, 2.105766543536447e-05, -89.49827575683594], 'bbx_loc': [0.032141976058483124, 3.315925641800277e-05, 0.650477409362793], 'center': [1752.273193359375, 4941.39404296875, 368.3039855957031], 'extent': [2.358762502670288, 0.947413444519043, 0.650469958782196], 'world_cord': [[1753.2412109375, 4939.04150390625, 368.94586181640625], [1753.2412109375, 4939.04638671875, 367.6449279785156], [1751.346435546875, 4939.02490234375, 368.94586181640625], [1751.346435546875, 4939.02978515625, 367.6449279785156], [1753.199951171875, 4943.7587890625, 368.9630126953125], [1753.1998291015625, 4943.763671875, 367.6620788574219], [1751.30517578125, 4943.7421875, 368.9630126953125], [1751.3050537109375, 4943.7470703125, 367.6620788574219]], 'semantic_tags': [14], 'type_id': 'vehicle.ford.mustang', 'color': '85,0,0', 'base_type': 'car', 'num_points': 22, 'distance': 25.957431592358372, 'speed': 2.5921119820196123, 'brake': 0.0, 'light_state': '131', 'road_id': 830, 'lane_id': 1, 'section_id': 0, 'world2vehicle': [[0.008756543509662151, -0.9999550580978394, -0.0036346830893307924, 4927.19921875], [0.9999616742134094, 0.008756602182984352, -3.675231425859238e-07, -1795.4757080078125], [3.2194981031352654e-05, -0.0036345405969768763, 0.9999933838844299, -349.7477722167969], [0.0, 0.0, 0.0, 1.0]], 'position': (25.952043388772836, -0.5407394609233052, 0.02159256417668587), 'yaw': -1.5444078625016284, 'color_rgb': None, 'color_name': None, 'lane_type': carla.libcarla.LaneType.Driving, 'lane_type_str': 'Driving', 'is_in_junction': False, 'junction_id': -1, 'distance_to_junction': 59.000606536865234, 'next_junction_id': 1809, 'next_road_ids': [1828], 'next_next_road_ids': [829], 'same_road_as_ego': True, 'same_direction_as_ego': True, 'lane_relative_to_ego': 0, 'steer': -0.0007482959505876744, 'vehicle_cuts_in': False}]
[debug] into second branch, scenario_name = CrossingBicycleFlow
[debug] current frame is 385
[debug] hazardous_actors = []
[debug] in branch in front, vehicles_in_front = [{'class': 'vehicle', 'state': 'dynamic', 'id': '23284', 'location': [1752.2864990234375, 4939.76318359375, 367.6469421386719], 'rotation': [-0.20904475450515747, -3.0522613087669015e-05, -89.50541687011719], 'bbx_loc': [0.032141976058483124, 3.315925641800277e-05, 0.650477409362793], 'center': [1752.286865234375, 4939.728515625, 368.29730224609375], 'extent': [2.358762502670288, 0.947413444519043, 0.650469958782196], 'world_cord': [[1753.254638671875, 4937.3759765625, 368.93914794921875], [1753.2545166015625, 4937.38037109375, 367.6382141113281], [1751.35986328125, 4937.359375, 368.93914794921875], [1751.3597412109375, 4937.3642578125, 367.6382141113281], [1753.2138671875, 4942.09326171875, 368.95635986328125], [1753.2138671875, 4942.09765625, 367.6554260253906], [1751.319091796875, 4942.07666015625, 368.95635986328125], [1751.319091796875, 4942.08154296875, 367.6554260253906]], 'semantic_tags': [14], 'type_id': 'vehicle.ford.mustang', 'color': '85,0,0', 'base_type': 'car', 'num_points': 36, 'distance': 23.45756661044775, 'speed': 4.061708225626265, 'brake': 0.0, 'light_state': '131', 'road_id': 830, 'lane_id': 1, 'section_id': 0, 'world2vehicle': [[0.008631974458694458, -0.9999560713768005, -0.0036485111340880394, 4925.76220703125], [0.9999627470970154, 0.008632030338048935, 5.327165126800537e-07, -1794.861572265625], [3.09613642457407e-05, -0.0036483798176050186, 0.9999933242797852, -349.6766357421875], [0.0, 0.0, 0.0, 1.0]], 'position': (23.450326659483835, -0.5754586923758325, -0.01665656785354841), 'yaw': -1.5442515349456407, 'color_rgb': None, 'color_name': None, 'lane_type': carla.libcarla.LaneType.Driving, 'lane_type_str': 'Driving', 'is_in_junction': False, 'junction_id': -1, 'distance_to_junction': 57.00057601928711, 'next_junction_id': 1809, 'next_road_ids': [1828], 'next_next_road_ids': [829], 'same_road_as_ego': True, 'same_direction_as_ego': True, 'lane_relative_to_ego': 0, 'steer': -0.008471314882666534, 'vehicle_cuts_in': False}]
[debug] into second branch, scenario_name = CrossingBicycleFlow
[debug] current frame is 390
[debug] hazardous_actors = []
[debug] in branch in front, vehicles_in_front = [{'class': 'vehicle', 'state': 'dynamic', 'id': '23284', 'location': [1752.3037109375, 4937.36474609375, 367.63787841796875], 'rotation': [-0.21538999676704407, 0.00013678483082912862, -89.62183380126953], 'bbx_loc': [0.032141976058483124, 3.315925641800277e-05, 0.650477409362793], 'center': [1752.303955078125, 4937.330078125, 368.2882385253906], 'extent': [2.358762502670288, 0.947413444519043, 0.650469958782196], 'world_cord': [[1753.2669677734375, 4934.97509765625, 368.9298400878906], [1753.2669677734375, 4934.97998046875, 367.62890625], [1751.3721923828125, 4934.962890625, 368.9298400878906], [1751.3721923828125, 4934.9677734375, 367.62890625], [1753.23583984375, 4939.69287109375, 368.94757080078125], [1753.23583984375, 4939.69775390625, 367.6466369628906], [1751.341064453125, 4939.68017578125, 368.94757080078125], [1751.3409423828125, 4939.68505859375, 367.6466369628906]], 'semantic_tags': [14], 'type_id': 'vehicle.ford.mustang', 'color': '85,0,0', 'base_type': 'car', 'num_points': 41, 'distance': 21.262211910417633, 'speed': 5.3004386058751525, 'brake': 0.0, 'light_state': '131', 'road_id': 830, 'lane_id': 1, 'section_id': 0, 'world2vehicle': [[0.006600121967494488, -0.9999711513519287, -0.0037592556327581406, 4927.03857421875], [0.999978244304657, 0.006600177846848965, -2.387328777331277e-06, -1784.852294921875], [2.7199017495149747e-05, -0.0037591580767184496, 0.9999929070472717, -349.12261962890625], [0.0, 0.0, 0.0, 1.0]], 'position': (21.261896204895493, 0.09010178591574913, -0.03151498859426738), 'yaw': -1.5743497826373893, 'color_rgb': None, 'color_name': None, 'lane_type': carla.libcarla.LaneType.Driving, 'lane_type_str': 'Driving', 'is_in_junction': False, 'junction_id': -1, 'distance_to_junction': 54.000526428222656, 'next_junction_id': 1809, 'next_road_ids': [1828], 'next_next_road_ids': [829], 'same_road_as_ego': True, 'same_direction_as_ego': True, 'lane_relative_to_ego': 0, 'steer': -0.0028225932753601665, 'vehicle_cuts_in': False}]
[debug] into second branch, scenario_name = CrossingBicycleFlow
[debug] current frame is 395
[debug] hazardous_actors = []
[debug] in branch in front, vehicles_in_front = [{'class': 'vehicle', 'state': 'dynamic', 'id': '23284', 'location': [1752.3216552734375, 4934.2861328125, 367.62518310546875], 'rotation': [-0.21154460310935974, -0.00033570206142030656, -89.67162322998047], 'bbx_loc': [0.032141976058483124, 3.315925641800277e-05, 0.650477409362793], 'center': [1752.3218994140625, 4934.25146484375, 368.2755432128906], 'extent': [2.358762502670288, 0.947413444519043, 0.650469958782196], 'world_cord': [[1753.2828369140625, 4931.89599609375, 368.91729736328125], [1753.2828369140625, 4931.90087890625, 367.6163635253906], [1751.3880615234375, 4931.88525390625, 368.91729736328125], [1751.387939453125, 4931.8896484375, 367.6163635253906], [1753.2557373046875, 4936.61328125, 368.9347229003906], [1753.2557373046875, 4936.6181640625, 367.6337890625], [1751.3609619140625, 4936.6025390625, 368.9346923828125], [1751.3609619140625, 4936.607421875, 367.6337890625]], 'semantic_tags': [14], 'type_id': 'vehicle.ford.mustang', 'color': '85,0,0', 'base_type': 'car', 'num_points': 59, 'distance': 19.83991094421256, 'speed': 7.113202603538796, 'brake': 0.0, 'light_state': '131', 'road_id': 830, 'lane_id': 1, 'section_id': 0, 'world2vehicle': [[0.0057312301360070705, -0.9999767541885376, -0.0036921415012329817, 4925.48583984375], [0.999983549118042, 0.005731247831135988, 5.859066277480451e-06, -1780.57470703125], [1.5301646271836944e-05, -0.003692114260047674, 0.9999932050704956, -349.4315490722656], [0.0, 0.0, 0.0, 1.0]], 'position': (19.839590854861854, 0.144226948872074, -0.016210598315630875), 'yaw': -1.5754640492374785, 'color_rgb': None, 'color_name': None, 'lane_type': carla.libcarla.LaneType.Driving, 'lane_type_str': 'Driving', 'is_in_junction': False, 'junction_id': -1, 'distance_to_junction': 51.000484466552734, 'next_junction_id': 1809, 'next_road_ids': [1828], 'next_next_road_ids': [829], 'same_road_as_ego': True, 'same_direction_as_ego': True, 'lane_relative_to_ego': 0, 'steer': -0.0026864118651172765, 'vehicle_cuts_in': False}]
[debug] into second branch, scenario_name = CrossingBicycleFlow
[debug] current frame is 400
[debug] hazardous_actors = []
[debug] in branch in front, vehicles_in_front = [{'class': 'vehicle', 'state': 'dynamic', 'id': '23284', 'location': [1752.341796875, 4930.28564453125, 367.60870361328125], 'rotation': [-0.21911928057670593, -0.00015257979976013303, -89.73320007324219], 'bbx_loc': [0.032141976058483124, 3.315925641800277e-05, 0.650477409362793], 'center': [1752.342041015625, 4930.2509765625, 368.2590637207031], 'extent': [2.358762502670288, 0.947413444519043, 0.650469958782196], 'world_cord': [[1753.3004150390625, 4927.89404296875, 368.9005126953125], [1753.3004150390625, 4927.8994140625, 367.5995788574219], [1751.4056396484375, 4927.88525390625, 368.9004821777344], [1751.405517578125, 4927.89013671875, 367.5995788574219], [1753.2784423828125, 4932.61181640625, 368.9185485839844], [1753.2784423828125, 4932.61669921875, 367.61761474609375], [1751.3836669921875, 4932.60302734375, 368.9185485839844], [1751.383544921875, 4932.60791015625, 367.61761474609375]], 'semantic_tags': [14], 'type_id': 'vehicle.ford.mustang', 'color': '85,0,0', 'base_type': 'car', 'num_points': 45, 'distance': 19.13939216224592, 'speed': 8.764427883508299, 'brake': 0.0, 'light_state': '131', 'road_id': 830, 'lane_id': 1, 'section_id': 0, 'world2vehicle': [[0.004656458739191294, -0.9999818205833435, -0.0038243436720222235, 4923.44189453125], [0.9999891519546509, 0.004656482487916946, 2.6630002594174584e-06, -1775.281494140625], [1.5145036741159856e-05, -0.0038243145681917667, 0.9999926686286926, -348.777587890625], [0.0, 0.0, 0.0, 1.0]], 'position': (19.13834181011498, 0.18345784266284682, -0.10975044135409462), 'yaw': -1.5754541955414452, 'color_rgb': None, 'color_name': None, 'lane_type': carla.libcarla.LaneType.Driving, 'lane_type_str': 'Driving', 'is_in_junction': False, 'junction_id': -1, 'distance_to_junction': 47.00042724609375, 'next_junction_id': 1809, 'next_road_ids': [1828], 'next_next_road_ids': [829], 'same_road_as_ego': True, 'same_direction_as_ego': True, 'lane_relative_to_ego': 0, 'steer': 0.0, 'vehicle_cuts_in': False}]
[debug] into second branch, scenario_name = CrossingBicycleFlow
[debug] current frame is 0
[debug] hazardous_actors = []
[debug] current frame is 5
[debug] hazardous_actors = []
[debug] in branch in front, vehicles_in_front = [{'class': 'vehicle', 'state': 'dynamic', 'id': '301', 'location': [247.12559509277344, -61.8240852355957, -0.009657630696892738], 'rotation': [0.0, 0.0, -88.60680389404297], 'bbx_loc': [-0.0025934313889592886, 4.462897777557373e-06, 0.7203620076179504], 'center': [247.1255340576172, -61.82149124145508, 0.7107043862342834], 'extent': [2.3368194103240967, 0.9059062600135803, 0.7209736704826355], 'world_cord': [[248.08799743652344, -64.1355972290039, 1.431678056716919], [248.08799743652344, -64.1355972290039, -0.010269293561577797], [246.27671813964844, -64.17964935302734, 1.431678056716919], [246.27671813964844, -64.17964935302734, -0.010269293561577797], [247.974365234375, -59.46333694458008, 1.431678056716919], [247.974365234375, -59.46333694458008, -0.010269293561577797], [246.1630859375, -59.507389068603516, 1.431678056716919], [246.1630859375, -59.507389068603516, -0.010269293561577797]], 'semantic_tags': [14], 'type_id': 'vehicle.mercedes.coupe_2020', 'color': '187,187,187', 'base_type': 'car', 'num_points': 95, 'distance': 14.949642576197443, 'speed': 1.6628253583042625e-08, 'brake': 0.0, 'light_state': '131', 'road_id': 65, 'lane_id': 3, 'section_id': 0, 'world2vehicle': [[0.024313513189554214, -0.9997043609619141, 0.0, -67.81430053710938], [0.9997043609619141, 0.024313513189554214, -0.0, -245.54937744140625], [0.0, 0.0, 1.0, 0.009657630696892738], [0.0, 0.0, 0.0, 1.0]], 'position': (14.949559825792605, -0.0005242883314906521, -0.05128188054213656), 'yaw': -1.5464399875714134, 'color_rgb': None, 'color_name': None, 'lane_type': carla.libcarla.LaneType.Driving, 'lane_type_str': 'Driving', 'is_in_junction': False, 'junction_id': -1, 'distance_to_junction': 167.6772918701172, 'next_junction_id': 498, 'next_road_ids': [526], 'next_next_road_ids': [0], 'same_road_as_ego': True, 'same_direction_as_ego': True, 'lane_relative_to_ego': 0, 'steer': 0.043313440274830466, 'vehicle_cuts_in': False}]
[debug] into second branch, scenario_name = HazardAtSideLane
[debug] in HazardAtSideLane, bicycles = []
[debug] current frame is 10
[debug] hazardous_actors = []
[debug] in branch in front, vehicles_in_front = [{'class': 'vehicle', 'state': 'dynamic', 'id': '301', 'location': [247.1402130126953, -62.24332809448242, -0.0013929748674854636], 'rotation': [0.17636913061141968, -0.0035400288179516792, -88.50267791748047], 'bbx_loc': [-0.0025934313889592886, 4.462897777557373e-06, 0.7203620076179504], 'center': [247.14004516601562, -62.238521575927734, 0.7189576625823975], 'extent': [2.3368194103240967, 0.9059062600135803, 0.7209736704826355], 'world_cord': [[248.10659790039062, -64.54864501953125, 1.4471771717071533], [248.1068115234375, -64.5530776977539, 0.005236590746790171], [246.29541015625, -64.59598541259766, 1.4470652341842651], [246.2956085205078, -64.60041809082031, 0.005124648101627827], [247.98448181152344, -59.87662124633789, 1.4327906370162964], [247.98468017578125, -59.88105392456055, -0.0091498838737607], [246.17327880859375, -59.92396545410156, 1.4326786994934082], [246.17349243164062, -59.92839813232422, -0.009261826053261757]], 'semantic_tags': [14], 'type_id': 'vehicle.mercedes.coupe_2020', 'color': '187,187,187', 'base_type': 'car', 'num_points': 99, 'distance': 15.141086570676594, 'speed': 2.0141360145259215, 'brake': 0.0, 'light_state': '131', 'road_id': 65, 'lane_id': 3, 'section_id': 0, 'world2vehicle': [[0.026130158454179764, -0.9996538162231445, 0.003078217152506113, -68.67958068847656], [0.9996585249900818, 0.026130471378564835, 6.178486364660785e-05, -245.4293670654297], [-0.00014219872537069023, 0.00307555147446692, 0.9999952912330627, 0.22796855866909027], [0.0, 0.0, 0.0, 1.0]], 'position': (15.141048334974265, -0.01654521180557822, 0.029534299065889377), 'yaw': -1.5450717885613852, 'color_rgb': None, 'color_name': None, 'lane_type': carla.libcarla.LaneType.Driving, 'lane_type_str': 'Driving', 'is_in_junction': False, 'junction_id': -1, 'distance_to_junction': 167.52394104003906, 'next_junction_id': 498, 'next_road_ids': [526], 'next_next_road_ids': [0], 'same_road_as_ego': True, 'same_direction_as_ego': True, 'lane_relative_to_ego': 0, 'steer': 0.03674915425622167, 'vehicle_cuts_in': False}]
[debug] into second branch, scenario_name = HazardAtSideLane
[debug] in HazardAtSideLane, bicycles = []
[debug] current frame is 15
[debug] hazardous_actors = []
[debug] current frame is 20
[debug] hazardous_actors = []
[debug] current frame is 25
[debug] hazardous_actors = []
[debug] current frame is 30
[debug] hazardous_actors = []
[debug] current frame is 35
[debug] hazardous_actors = []
[debug] current frame is 40
[debug] hazardous_actors = []
[debug] current frame is 45
[debug] hazardous_actors = []
[debug] into second branch, scenario_name = HazardAtSideLane
[debug] in HazardAtSideLane, bicycles = []
[debug] current frame is 50
[debug] hazardous_actors = []
[debug] into second branch, scenario_name = HazardAtSideLane
[debug] in HazardAtSideLane, bicycles = []
[debug] current frame is 55
[debug] hazardous_actors = []
[debug] into second branch, scenario_name = HazardAtSideLane
[debug] in HazardAtSideLane, bicycles = []
[debug] current frame is 60
[debug] hazardous_actors = []
[debug] into second branch, scenario_name = HazardAtSideLane
[debug] in HazardAtSideLane, bicycles = []
[debug] current frame is 65
[debug] hazardous_actors = []
[debug] into second branch, scenario_name = HazardAtSideLane
[debug] in HazardAtSideLane, bicycles = []
[debug] current frame is 70
[debug] hazardous_actors = []
[debug] into second branch, scenario_name = HazardAtSideLane
[debug] in HazardAtSideLane, bicycles = []
[debug] current frame is 75
[debug] hazardous_actors = []
[debug] into second branch, scenario_name = HazardAtSideLane
[debug] in HazardAtSideLane, bicycles = []
[debug] current frame is 80
[debug] hazardous_actors = []
[debug] into second branch, scenario_name = HazardAtSideLane
[debug] in HazardAtSideLane, bicycles = []
[debug] current frame is 85
[debug] hazardous_actors = []
[debug] in branch in front, vehicles_in_front = [{'class': 'vehicle', 'state': 'dynamic', 'id': '297', 'location': [244.83889770507812, -107.61618041992188, -0.005399436689913273], 'rotation': [0.0002117358526447788, 0.00012541630712803453, -88.61654663085938], 'bbx_loc': [0.032143283635377884, -2.646446262133395e-07, 0.650469958782196], 'center': [244.8396759033203, -107.6483154296875, 0.6450706124305725], 'extent': [2.358762502670288, 0.947413444519043, 0.650469958782196], 'world_cord': [[245.84376525878906, -109.98351287841797, 1.2955472469329834], [245.84376525878906, -109.98351287841797, -0.005392674822360277], [243.94949340820312, -110.02925872802734, 1.2955514192581177], [243.94947814941406, -110.02926635742188, -0.005388527177274227], [245.7298583984375, -105.26736450195312, 1.2955297231674194], [245.7298583984375, -105.26736450195312, -0.005410108715295792], [243.83558654785156, -105.3131103515625, 1.2955338954925537], [243.83558654785156, -105.3131103515625, -0.005405961070209742]], 'semantic_tags': [14], 'type_id': 'vehicle.ford.mustang', 'color': '160,160,160', 'base_type': 'car', 'num_points': 57, 'distance': 20.169141528675393, 'speed': 8.05832618599673, 'brake': 0.0, 'light_state': '131', 'road_id': 65, 'lane_id': 2, 'section_id': 0, 'world2vehicle': [[0.02414345182478428, -0.9997085332870483, 3.6954877487005433e-06, -113.4960708618164], [0.9997085332870483, 0.02414345182478428, -2.1889275103603723e-06, -242.1693115234375], [2.0990676148358034e-06, 3.7472589156095637e-06, 1.0, 0.0052887690253555775], [0.0, 0.0, 0.0, 1.0]], 'position': (20.157359543894067, -0.6881109973962509, -0.04037589995625135), 'yaw': -1.6798021733729298, 'color_rgb': None, 'color_name': None, 'lane_type': carla.libcarla.LaneType.Driving, 'lane_type_str': 'Driving', 'is_in_junction': False, 'junction_id': -1, 'distance_to_junction': 125.34973907470703, 'next_junction_id': 498, 'next_road_ids': [519], 'next_next_road_ids': [0], 'same_road_as_ego': True, 'same_direction_as_ego': True, 'lane_relative_to_ego': -1, 'steer': 9.935794436974953e-05, 'vehicle_cuts_in': False}]
[debug] into second branch, scenario_name = HazardAtSideLane
[debug] in HazardAtSideLane, bicycles = []
[debug] current frame is 90
[debug] hazardous_actors = []
[debug] in branch in front, vehicles_in_front = [{'class': 'vehicle', 'state': 'dynamic', 'id': '260', 'location': [249.17518615722656, -106.4242172241211, 0.0019140433287248015], 'rotation': [-0.7421000003814697, -0.1255188137292862, -88.49324798583984], 'bbx_loc': [0.0, 7.629394360719743e-08, 0.8082212805747986], 'center': [249.17369079589844, -106.43473052978516, 0.8100656270980835], 'extent': [0.7546613812446594, 0.4329703152179718, 0.8061768412590027], 'world_cord': [[249.62486267089844, -107.18817901611328, 1.6073471307754517], [249.62783813476562, -107.16720581054688, -0.00486742565408349], [248.75921630859375, -107.21092224121094, 1.6054502725601196], [248.76220703125, -107.18995666503906, -0.006764295045286417], [249.58517456054688, -105.67950439453125, 1.626895546913147], [249.58816528320312, -105.65853118896484, 0.014680908061563969], [248.71954345703125, -105.7022476196289, 1.624998688697815], [248.72251892089844, -105.68128204345703, 0.012784038670361042]], 'semantic_tags': [19, 4], 'type_id': 'vehicle.bh.crossbike', 'color': '180,0,0', 'base_type': 'bicycle', 'num_points': 25, 'distance': 14.815247332115709, 'speed': 3.018261196546205, 'brake': 0.0, 'light_state': '3', 'road_id': 65, 'lane_id': 3, 'section_id': 0, 'world2vehicle': [[0.026292527094483376, -0.999570369720459, -0.012951726093888283, -112.92991638183594], [0.999652624130249, 0.026266304776072502, 0.002190530998632312, -246.2932586669922], [-0.0018493959214538336, -0.013004820793867111, 0.99991375207901, -0.9251182079315186], [0.0, 0.0, 0.0, 1.0]], 'position': (14.799436213829324, 0.6830455961362247, 0.04314621447389966), 'yaw': -1.5196343390933844, 'color_rgb': None, 'color_name': None, 'lane_type': carla.libcarla.LaneType.Driving, 'lane_type_str': 'Driving', 'is_in_junction': False, 'junction_id': -1, 'distance_to_junction': 131.10870361328125, 'next_junction_id': 498, 'next_road_ids': [526], 'next_next_road_ids': [0], 'same_road_as_ego': True, 'same_direction_as_ego': True, 'lane_relative_to_ego': 0, 'steer': -0.03178620766539675, 'vehicle_cuts_in': False}]
[debug] into second branch, scenario_name = HazardAtSideLane
[debug] in HazardAtSideLane, bicycles = [{'class': 'vehicle', 'state': 'dynamic', 'id': '260', 'location': [249.17518615722656, -106.4242172241211, 0.0019140433287248015], 'rotation': [-0.7421000003814697, -0.1255188137292862, -88.49324798583984], 'bbx_loc': [0.0, 7.629394360719743e-08, 0.8082212805747986], 'center': [249.17369079589844, -106.43473052978516, 0.8100656270980835], 'extent': [0.7546613812446594, 0.4329703152179718, 0.8061768412590027], 'world_cord': [[249.62486267089844, -107.18817901611328, 1.6073471307754517], [249.62783813476562, -107.16720581054688, -0.00486742565408349], [248.75921630859375, -107.21092224121094, 1.6054502725601196], [248.76220703125, -107.18995666503906, -0.006764295045286417], [249.58517456054688, -105.67950439453125, 1.626895546913147], [249.58816528320312, -105.65853118896484, 0.014680908061563969], [248.71954345703125, -105.7022476196289, 1.624998688697815], [248.72251892089844, -105.68128204345703, 0.012784038670361042]], 'semantic_tags': [19, 4], 'type_id': 'vehicle.bh.crossbike', 'color': '180,0,0', 'base_type': 'bicycle', 'num_points': 25, 'distance': 14.815247332115709, 'speed': 3.018261196546205, 'brake': 0.0, 'light_state': '3', 'road_id': 65, 'lane_id': 3, 'section_id': 0, 'world2vehicle': [[0.026292527094483376, -0.999570369720459, -0.012951726093888283, -112.92991638183594], [0.999652624130249, 0.026266304776072502, 0.002190530998632312, -246.2932586669922], [-0.0018493959214538336, -0.013004820793867111, 0.99991375207901, -0.9251182079315186], [0.0, 0.0, 0.0, 1.0]], 'position': (14.799436213829324, 0.6830455961362247, 0.04314621447389966), 'yaw': -1.5196343390933844, 'color_rgb': None, 'color_name': None, 'lane_type': carla.libcarla.LaneType.Driving, 'lane_type_str': 'Driving', 'is_in_junction': False, 'junction_id': -1, 'distance_to_junction': 131.10870361328125, 'next_junction_id': 498, 'next_road_ids': [526], 'next_next_road_ids': [0], 'same_road_as_ego': True, 'same_direction_as_ego': True, 'lane_relative_to_ego': 0, 'steer': -0.03178620766539675, 'vehicle_cuts_in': False}]
[debug] current frame is 95
[debug] hazardous_actors = []
[debug] in branch in front, vehicles_in_front = [{'class': 'vehicle', 'state': 'dynamic', 'id': '260', 'location': [249.20640563964844, -107.92826843261719, 0.002725219586864114], 'rotation': [0.06457943469285965, 0.03739374130964279, -88.76722717285156], 'bbx_loc': [0.0, 7.629394360719743e-08, 0.8082212805747986], 'center': [249.2069091796875, -107.9273452758789, 0.8109458088874817], 'extent': [0.7546613812446594, 0.4329703152179718, 0.8061768412590027], 'world_cord': [[249.65652465820312, -108.67160034179688, 1.6176899671554565], [249.655517578125, -108.6734390258789, 0.005337678361684084], [248.79078674316406, -108.69023132324219, 1.6182551383972168], [248.78977966308594, -108.69207000732422, 0.005902828648686409], [249.62405395507812, -107.16262817382812, 1.6159887313842773], [249.623046875, -107.16446685791016, 0.0036364851985126734], [248.75831604003906, -107.1812515258789, 1.6165539026260376], [248.75729370117188, -107.18309783935547, 0.004201635718345642]], 'semantic_tags': [19, 4], 'type_id': 'vehicle.bh.crossbike', 'color': '180,0,0', 'base_type': 'bicycle', 'num_points': 37, 'distance': 13.124747091152852, 'speed': 2.924477064255127, 'brake': 0.0, 'light_state': '3', 'road_id': 65, 'lane_id': 3, 'section_id': 0, 'world2vehicle': [[0.021514246240258217, -0.9997678995132446, 0.0011271234834566712, -113.26470947265625], [0.9997683167457581, 0.021513519808650017, -0.0006526434444822371, -246.82675170898438], [0.0006282435497269034, 0.0011409035651013255, 0.9999991059303284, -0.036151785403490067], [0.0, 0.0, 0.0, 1.0]], 'position': (13.1109605608181, 0.5957632860031481, 0.08173294395222935), 'yaw': -1.516846941538453, 'color_rgb': None, 'color_name': None, 'lane_type': carla.libcarla.LaneType.Driving, 'lane_type_str': 'Driving', 'is_in_junction': False, 'junction_id': -1, 'distance_to_junction': 130.29481506347656, 'next_junction_id': 498, 'next_road_ids': [526], 'next_next_road_ids': [0], 'same_road_as_ego': True, 'same_direction_as_ego': True, 'lane_relative_to_ego': 0, 'steer': 0.060457303304183176, 'vehicle_cuts_in': False}]
[debug] into second branch, scenario_name = HazardAtSideLane
[debug] in HazardAtSideLane, bicycles = [{'class': 'vehicle', 'state': 'dynamic', 'id': '260', 'location': [249.20640563964844, -107.92826843261719, 0.002725219586864114], 'rotation': [0.06457943469285965, 0.03739374130964279, -88.76722717285156], 'bbx_loc': [0.0, 7.629394360719743e-08, 0.8082212805747986], 'center': [249.2069091796875, -107.9273452758789, 0.8109458088874817], 'extent': [0.7546613812446594, 0.4329703152179718, 0.8061768412590027], 'world_cord': [[249.65652465820312, -108.67160034179688, 1.6176899671554565], [249.655517578125, -108.6734390258789, 0.005337678361684084], [248.79078674316406, -108.69023132324219, 1.6182551383972168], [248.78977966308594, -108.69207000732422, 0.005902828648686409], [249.62405395507812, -107.16262817382812, 1.6159887313842773], [249.623046875, -107.16446685791016, 0.0036364851985126734], [248.75831604003906, -107.1812515258789, 1.6165539026260376], [248.75729370117188, -107.18309783935547, 0.004201635718345642]], 'semantic_tags': [19, 4], 'type_id': 'vehicle.bh.crossbike', 'color': '180,0,0', 'base_type': 'bicycle', 'num_points': 37, 'distance': 13.124747091152852, 'speed': 2.924477064255127, 'brake': 0.0, 'light_state': '3', 'road_id': 65, 'lane_id': 3, 'section_id': 0, 'world2vehicle': [[0.021514246240258217, -0.9997678995132446, 0.0011271234834566712, -113.26470947265625], [0.9997683167457581, 0.021513519808650017, -0.0006526434444822371, -246.82675170898438], [0.0006282435497269034, 0.0011409035651013255, 0.9999991059303284, -0.036151785403490067], [0.0, 0.0, 0.0, 1.0]], 'position': (13.1109605608181, 0.5957632860031481, 0.08173294395222935), 'yaw': -1.516846941538453, 'color_rgb': None, 'color_name': None, 'lane_type': carla.libcarla.LaneType.Driving, 'lane_type_str': 'Driving', 'is_in_junction': False, 'junction_id': -1, 'distance_to_junction': 130.29481506347656, 'next_junction_id': 498, 'next_road_ids': [526], 'next_next_road_ids': [0], 'same_road_as_ego': True, 'same_direction_as_ego': True, 'lane_relative_to_ego': 0, 'steer': 0.060457303304183176, 'vehicle_cuts_in': False}]
[debug] current frame is 100
[debug] hazardous_actors = []
[debug] in branch in front, vehicles_in_front = [{'class': 'vehicle', 'state': 'dynamic', 'id': '260', 'location': [249.23731994628906, -109.37864685058594, 0.0026886749546974897], 'rotation': [0.034424152225255966, -0.006378171034157276, -88.26470947265625], 'bbx_loc': [0.0, 7.629394360719743e-08, 0.8082212805747986], 'center': [249.23721313476562, -109.37816619873047, 0.8109098076820374], 'extent': [0.7546613812446594, 0.4329703152179718, 0.8061768412590027], 'world_cord': [[249.69273376464844, -110.11888885498047, 1.6175881624221802], [249.6929473876953, -110.1198501586914, 0.005234723910689354], [248.8271942138672, -110.14511108398438, 1.6174917221069336], [248.82740783691406, -110.14607238769531, 0.005138327367603779], [249.64703369140625, -108.61026000976562, 1.6166813373565674], [249.64723205566406, -108.61122131347656, 0.00432790070772171], [248.781494140625, -108.63648223876953, 1.6165848970413208], [248.7816925048828, -108.63744354248047, 0.004231503698974848]], 'semantic_tags': [19, 4], 'type_id': 'vehicle.bh.crossbike', 'color': '180,0,0', 'base_type': 'bicycle', 'num_points': 30, 'distance': 12.489573082838413, 'speed': 2.8458764167461235, 'brake': 0.0, 'light_state': '3', 'road_id': 65, 'lane_id': 3, 'section_id': 0, 'world2vehicle': [[0.030281871557235718, -0.9995412230491638, 0.0006008147611282766, -116.87583923339844], [0.9995414018630981, 0.030281944200396538, 0.00011132006329717115, -245.81082153320312], [-0.00012946283095516264, 0.0005971682257950306, 0.9999998211860657, 0.09489575028419495], [0.0, 0.0, 0.0, 1.0]], 'position': (12.477253834428694, 0.5480771172772734, 0.08487396928669322), 'yaw': -1.516844811009581, 'color_rgb': None, 'color_name': None, 'lane_type': carla.libcarla.LaneType.Driving, 'lane_type_str': 'Driving', 'is_in_junction': False, 'junction_id': -1, 'distance_to_junction': 128.85366821289062, 'next_junction_id': 498, 'next_road_ids': [526], 'next_next_road_ids': [0], 'same_road_as_ego': True, 'same_direction_as_ego': True, 'lane_relative_to_ego': 0, 'steer': -0.07292077565470674, 'vehicle_cuts_in': False}]
[debug] into second branch, scenario_name = HazardAtSideLane
[debug] in HazardAtSideLane, bicycles = [{'class': 'vehicle', 'state': 'dynamic', 'id': '260', 'location': [249.23731994628906, -109.37864685058594, 0.0026886749546974897], 'rotation': [0.034424152225255966, -0.006378171034157276, -88.26470947265625], 'bbx_loc': [0.0, 7.629394360719743e-08, 0.8082212805747986], 'center': [249.23721313476562, -109.37816619873047, 0.8109098076820374], 'extent': [0.7546613812446594, 0.4329703152179718, 0.8061768412590027], 'world_cord': [[249.69273376464844, -110.11888885498047, 1.6175881624221802], [249.6929473876953, -110.1198501586914, 0.005234723910689354], [248.8271942138672, -110.14511108398438, 1.6174917221069336], [248.82740783691406, -110.14607238769531, 0.005138327367603779], [249.64703369140625, -108.61026000976562, 1.6166813373565674], [249.64723205566406, -108.61122131347656, 0.00432790070772171], [248.781494140625, -108.63648223876953, 1.6165848970413208], [248.7816925048828, -108.63744354248047, 0.004231503698974848]], 'semantic_tags': [19, 4], 'type_id': 'vehicle.bh.crossbike', 'color': '180,0,0', 'base_type': 'bicycle', 'num_points': 30, 'distance': 12.489573082838413, 'speed': 2.8458764167461235, 'brake': 0.0, 'light_state': '3', 'road_id': 65, 'lane_id': 3, 'section_id': 0, 'world2vehicle': [[0.030281871557235718, -0.9995412230491638, 0.0006008147611282766, -116.87583923339844], [0.9995414018630981, 0.030281944200396538, 0.00011132006329717115, -245.81082153320312], [-0.00012946283095516264, 0.0005971682257950306, 0.9999998211860657, 0.09489575028419495], [0.0, 0.0, 0.0, 1.0]], 'position': (12.477253834428694, 0.5480771172772734, 0.08487396928669322), 'yaw': -1.516844811009581, 'color_rgb': None, 'color_name': None, 'lane_type': carla.libcarla.LaneType.Driving, 'lane_type_str': 'Driving', 'is_in_junction': False, 'junction_id': -1, 'distance_to_junction': 128.85366821289062, 'next_junction_id': 498, 'next_road_ids': [526], 'next_next_road_ids': [0], 'same_road_as_ego': True, 'same_direction_as_ego': True, 'lane_relative_to_ego': 0, 'steer': -0.07292077565470674, 'vehicle_cuts_in': False}]
[debug] current frame is 105
[debug] hazardous_actors = []
[debug] in branch in front, vehicles_in_front = [{'class': 'vehicle', 'state': 'dynamic', 'id': '297', 'location': [245.22879028320312, -123.6933364868164, -0.005399398505687714], 'rotation': [0.00019807547505479306, -0.00012207030522404239, -88.60311126708984], 'bbx_loc': [0.032143283635377884, -2.646446262133395e-07, 0.650469958782196], 'center': [245.2295684814453, -123.72547149658203, 0.6450706720352173], 'extent': [2.358762502670288, 0.947413444519043, 0.650469958782196], 'world_cord': [[246.2342071533203, -126.06043243408203, 1.29555082321167], [246.2342071533203, -126.06043243408203, -0.005389114376157522], [244.33993530273438, -126.10662078857422, 1.2955467700958252], [244.33995056152344, -126.10662841796875, -0.00539315165951848], [246.11920166015625, -121.34430694580078, 1.2955344915390015], [246.11920166015625, -121.34431457519531, -0.005405423231422901], [244.2249298095703, -121.3905029296875, 1.2955305576324463], [244.22494506835938, -121.3905029296875, -0.005409460514783859]], 'semantic_tags': [14], 'type_id': 'vehicle.ford.mustang', 'color': '160,160,160', 'base_type': 'car', 'num_points': 28, 'distance': 24.97291593479642, 'speed': 8.058288344790553, 'brake': 0.0, 'light_state': '131', 'road_id': 65, 'lane_id': 2, 'section_id': 0, 'world2vehicle': [[0.024377867579460144, -0.9997028112411499, 3.457069169598981e-06, -129.63473510742188], [0.9997028112411499, 0.024377867579460144, 2.130528628185857e-06, -242.14053344726562], [-2.2141714453027816e-06, 3.4041038361465326e-06, 1.0, 0.006363442167639732], [0.0, 0.0, 0.0, 1.0]], 'position': (24.970551750291563, -0.34162033686229165, 0.037429954437244284), 'yaw': -1.6605392628922777, 'color_rgb': None, 'color_name': None, 'lane_type': carla.libcarla.LaneType.Driving, 'lane_type_str': 'Driving', 'is_in_junction': False, 'junction_id': -1, 'distance_to_junction': 113.73066711425781, 'next_junction_id': 498, 'next_road_ids': [519], 'next_next_road_ids': [0], 'same_road_as_ego': True, 'same_direction_as_ego': True, 'lane_relative_to_ego': -1, 'steer': -0.00015400780470057804, 'vehicle_cuts_in': False}]
[debug] into second branch, scenario_name = HazardAtSideLane
[debug] in HazardAtSideLane, bicycles = [{'class': 'vehicle', 'state': 'dynamic', 'id': '260', 'location': [249.2654266357422, -110.80958557128906, 0.0026684950571507215], 'rotation': [0.012581207789480686, -0.011962889693677425, -88.86267852783203], 'bbx_loc': [0.0, 7.629394360719743e-08, 0.8082212805747986], 'center': [249.2652587890625, -110.80941009521484, 0.8108897805213928], 'extent': [0.7546613812446594, 0.4329703152179718, 0.8061768412590027], 'world_cord': [[249.71295166015625, -111.5551528930664, 1.6173226833343506], [249.71328735351562, -111.55550384521484, 0.004969046451151371], [248.84718322753906, -111.57234191894531, 1.6171419620513916], [248.84751892089844, -111.57269287109375, 0.00478824507445097], [249.6829833984375, -110.04613494873047, 1.6169912815093994], [249.68333435058594, -110.04647827148438, 0.004637624137103558], [248.8172149658203, -110.06331634521484, 1.6168105602264404], [248.81756591796875, -110.06366729736328, 0.004456822760403156]], 'semantic_tags': [19, 4], 'type_id': 'vehicle.bh.crossbike', 'color': '180,0,0', 'base_type': 'bicycle', 'num_points': 31, 'distance': 12.044358241212178, 'speed': 2.826088515335943, 'brake': 0.0, 'light_state': '3', 'road_id': 65, 'lane_id': 3, 'section_id': 0, 'world2vehicle': [[0.019848668947815895, -0.9998030066490173, 0.00021958349680062383, -115.73534393310547], [0.9998030066490173, 0.019848715513944626, 0.0002087918110191822, -247.0168914794922], [-0.000213109131436795, 0.0002153959940187633, 1.0, 0.07432018965482712], [0.0, 0.0, 0.0, 1.0]], 'position': (11.776877479504265, 2.5241032647219868, 0.026560926522966904), 'yaw': -1.6605392628922777, 'color_rgb': None, 'color_name': None, 'lane_type': carla.libcarla.LaneType.Driving, 'lane_type_str': 'Driving', 'is_in_junction': False, 'junction_id': -1, 'distance_to_junction': 128.06678771972656, 'next_junction_id': 498, 'next_road_ids': [526], 'next_next_road_ids': [0], 'same_road_as_ego': True, 'same_direction_as_ego': True, 'lane_relative_to_ego': 0, 'steer': 0.11116203774739049, 'vehicle_cuts_in': False}]
[debug] current frame is 110
[debug] hazardous_actors = []
[debug] in branch in front, vehicles_in_front = [{'class': 'vehicle', 'state': 'dynamic', 'id': '297', 'location': [245.32662963867188, -127.7126235961914, -0.005399398505687714], 'rotation': [0.00019807547505479306, 2.9895688840042567e-06, -88.60665893554688], 'bbx_loc': [0.032143283635377884, -2.646446262133395e-07, 0.650469958782196], 'center': [245.32740783691406, -127.74475860595703, 0.6450706720352173], 'extent': [2.358762502670288, 0.947413444519043, 0.650469958782196], 'world_cord': [[246.33189392089844, -130.0797882080078, 1.2955487966537476], [246.33189392089844, -130.0797882080078, -0.005391182377934456], [244.43763732910156, -130.1258544921875, 1.295548915863037], [244.43763732910156, -130.1258544921875, -0.005391083657741547], [246.21719360351562, -125.3636474609375, 1.295532464981079], [246.21719360351562, -125.36365509033203, -0.005407491233199835], [244.3229217529297, -125.40972900390625, 1.2955325841903687], [244.3229217529297, -125.40972900390625, -0.005407392513006926]], 'semantic_tags': [14], 'type_id': 'vehicle.ford.mustang', 'color': '160,160,160', 'base_type': 'car', 'num_points': 34, 'distance': 27.584666153698056, 'speed': 8.058287838283835, 'brake': 0.0, 'light_state': '131', 'road_id': 65, 'lane_id': 2, 'section_id': 0, 'world2vehicle': [[0.02431601658463478, -0.9997043013572693, 3.457069169598981e-06, -133.64022827148438], [0.9997043013572693, 0.02431601658463478, -5.2177821174836936e-08, -242.14862060546875], [-3.189975927853084e-08, 3.4573156426631613e-06, 1.0, 0.00584876723587513], [0.0, 0.0, 0.0, 1.0]], 'position': (27.579736345077876, -0.5204011798421675, 0.029606945562661302), 'yaw': -1.6383053298995331, 'color_rgb': None, 'color_name': None, 'lane_type': carla.libcarla.LaneType.Driving, 'lane_type_str': 'Driving', 'is_in_junction': False, 'junction_id': -1, 'distance_to_junction': 111.00013732910156, 'next_junction_id': 498, 'next_road_ids': [519], 'next_next_road_ids': [0], 'same_road_as_ego': True, 'same_direction_as_ego': True, 'lane_relative_to_ego': -1, 'steer': -0.0004120124074661512, 'vehicle_cuts_in': False}]
[debug] into second branch, scenario_name = HazardAtSideLane
[debug] in HazardAtSideLane, bicycles = [{'class': 'vehicle', 'state': 'dynamic', 'id': '260', 'location': [249.29843139648438, -112.23517608642578, 0.002646064618602395], 'rotation': [-0.009705698117613792, 0.07938071340322495, -87.95446014404297], 'bbx_loc': [0.0, 7.629394360719743e-08, 0.8082212805747986], 'center': [249.299560546875, -112.23527526855469, 0.8108665943145752], 'extent': [0.7546613812446594, 0.4329703152179718, 0.8061768412590027], 'world_cord': [[249.7602996826172, -112.9740982055664, 1.6163150072097778], [249.75807189941406, -112.9738998413086, 0.003962804563343525], [248.89491271972656, -113.0050048828125, 1.617514729499817], [248.89266967773438, -113.00481414794922, 0.005162525922060013], [249.70643615722656, -111.46573638916016, 1.6165705919265747], [249.70419311523438, -111.46553802490234, 0.004218478221446276], [248.84104919433594, -111.49664306640625, 1.6177703142166138], [248.83880615234375, -111.49645233154297, 0.005418199114501476]], 'semantic_tags': [19, 4], 'type_id': 'vehicle.bh.crossbike', 'color': '180,0,0', 'base_type': 'bicycle', 'num_points': 31, 'distance': 12.109457514735546, 'speed': 2.836833564776864, 'brake': 0.0, 'light_state': '3', 'road_id': 65, 'lane_id': 3, 'section_id': 0, 'world2vehicle': [[0.03569388762116432, -0.9993627667427063, -0.00016939638589974493, -121.06208801269531], [0.9993618130683899, 0.03569408878684044, -0.0013854543212801218, -245.13319396972656], [0.0013906178064644337, -0.00011983602598775178, 0.9999990463256836, -0.36277469992637634], [0.0, 0.0, 0.0, 1.0]], 'position': (11.869615208912393, 2.3981484295706537, 0.00096017776989199), 'yaw': -1.6383053298995331, 'color_rgb': None, 'color_name': None, 'lane_type': carla.libcarla.LaneType.Driving, 'lane_type_str': 'Driving', 'is_in_junction': False, 'junction_id': -1, 'distance_to_junction': 127.29322052001953, 'next_junction_id': 498, 'next_road_ids': [526], 'next_next_road_ids': [0], 'same_road_as_ego': True, 'same_direction_as_ego': True, 'lane_relative_to_ego': 0, 'steer': -0.0993821660528272, 'vehicle_cuts_in': False}]
[debug] current frame is 115
[debug] hazardous_actors = []
[debug] current frame is 120
[debug] hazardous_actors = []
[debug] in branch in front, vehicles_in_front = [{'class': 'vehicle', 'state': 'dynamic', 'id': '297', 'location': [245.50726318359375, -135.7509765625, -0.005398864857852459], 'rotation': [0.00013660377589985728, 0.0078064557164907455, -89.1502685546875], 'bbx_loc': [0.032143283635377884, -2.646446262133395e-07, 0.650469958782196], 'center': [245.50782775878906, -135.78311157226562, 0.6450711488723755], 'extent': [2.358762502670288, 0.947413444519043, 0.650469958782196], 'world_cord': [[246.49020385742188, -138.1275634765625, 1.2954176664352417], [246.4900360107422, -138.1275634765625, -0.0055222478695213795], [244.5955810546875, -138.15567016601562, 1.2956758737564087], [244.5954132080078, -138.15567016601562, -0.005264081060886383], [246.4202423095703, -133.41055297851562, 1.295406460762024], [246.42007446289062, -133.4105682373047, -0.005533495452255011], [244.52561950683594, -133.43865966796875, 1.2956645488739014], [244.52545166015625, -133.43865966796875, -0.005275328177958727]], 'semantic_tags': [14], 'type_id': 'vehicle.ford.mustang', 'color': '160,160,160', 'base_type': 'car', 'num_points': 18, 'distance': 33.017978043347256, 'speed': 8.055621432673881, 'brake': 0.0, 'light_state': '131', 'road_id': 65, 'lane_id': 2, 'section_id': 0, 'world2vehicle': [[0.014830120839178562, -0.9998900294303894, 2.3841855636419496e-06, -139.376953125], [0.9998900294303894, 0.014830120839178562, -0.00013624835992231965, -243.46707153320312], [0.0001361980102956295, 4.40450276073534e-06, 1.0, -0.027440819889307022], [0.0, 0.0, 0.0, 1.0]], 'position': (32.99380102609655, -1.262071246703755, -0.05541915930781438), 'yaw': -1.5960998192600664, 'color_rgb': None, 'color_name': None, 'lane_type': carla.libcarla.LaneType.Driving, 'lane_type_str': 'Driving', 'is_in_junction': False, 'junction_id': -1, 'distance_to_junction': 105.7863998413086, 'next_junction_id': 498, 'next_road_ids': [519], 'next_next_road_ids': [0], 'same_road_as_ego': True, 'same_direction_as_ego': True, 'lane_relative_to_ego': -1, 'steer': -0.04972803812543011, 'vehicle_cuts_in': False}]
[debug] into second branch, scenario_name = HazardAtSideLane
[debug] in HazardAtSideLane, bicycles = [{'class': 'vehicle', 'state': 'dynamic', 'id': '260', 'location': [249.368896484375, -115.12020111083984, 0.002647743094712496], 'rotation': [-0.008025472052395344, 0.06432560086250305, -87.8228988647461], 'bbx_loc': [0.0, 7.629394360719743e-08, 0.8082212805747986], 'center': [249.36981201171875, -115.12027740478516, 0.810868501663208], 'extent': [0.7546613812446594, 0.4329703152179718, 0.8061768412590027], 'world_cord': [[249.83204650878906, -115.85802459716797, 1.6164530515670776], [249.83023071289062, -115.85787200927734, 0.00410038186237216], [248.9667205810547, -115.89092254638672, 1.6174252033233643], [248.96490478515625, -115.89076232910156, 0.0050725676119327545], [249.7747039794922, -114.34979248046875, 1.6166644096374512], [249.77288818359375, -114.34963989257812, 0.00431179441511631], [248.90939331054688, -114.3826904296875, 1.6176365613937378], [248.90757751464844, -114.38253021240234, 0.005283979699015617]], 'semantic_tags': [19, 4], 'type_id': 'vehicle.bh.crossbike', 'color': '180,0,0', 'base_type': 'bicycle', 'num_points': 30, 'distance': 12.446461591594822, 'speed': 2.886271821623807, 'brake': 0.0, 'light_state': '3', 'road_id': 65, 'lane_id': 3, 'section_id': 0, 'world2vehicle': [[0.037988416850566864, -0.99927818775177, -0.00014007091522216797, -124.51023864746094], [0.9992775321006775, 0.03798854723572731, -0.0011226932983845472, -244.81549072265625], [0.0011272040428593755, -9.732037869980559e-05, 0.9999993443489075, -0.29494088888168335], [0.0, 0.0, 0.0, 1.0]], 'position': (12.271980126419379, 2.0765795083282512, -0.02842184739421416), 'yaw': -1.5960998192600664, 'color_rgb': None, 'color_name': None, 'lane_type': carla.libcarla.LaneType.Driving, 'lane_type_str': 'Driving', 'is_in_junction': False, 'junction_id': -1, 'distance_to_junction': 125.11053466796875, 'next_junction_id': 498, 'next_road_ids': [526], 'next_next_road_ids': [0], 'same_road_as_ego': True, 'same_direction_as_ego': True, 'lane_relative_to_ego': 0, 'steer': -0.11129917752294097, 'vehicle_cuts_in': False}]
[debug] current frame is 125
[debug] hazardous_actors = []
[debug] current frame is 130
[debug] hazardous_actors = []
[debug] in branch in front, vehicles_in_front = [{'class': 'vehicle', 'state': 'dynamic', 'id': '260', 'location': [249.4388885498047, -118.01649475097656, 0.0026583862490952015], 'rotation': [0.002629622584208846, 0.0504043810069561, -87.91082763671875], 'bbx_loc': [0.0, 7.629394360719743e-08, 0.8082212805747986], 'center': [249.43959045410156, -118.01643371582031, 0.8108793497085571], 'extent': [0.7546613812446594, 0.4329703152179718, 0.8061768412590027], 'world_cord': [[249.90049743652344, -118.75474548339844, 1.616709589958191], [249.89907836914062, -118.75486755371094, 0.004356566816568375], [249.03514099121094, -118.78631591796875, 1.61747145652771], [249.03372192382812, -118.78643798828125, 0.005118354223668575], [249.84547424316406, -117.24642181396484, 1.616640329360962], [249.84405517578125, -117.24655151367188, 0.004287295509129763], [248.98011779785156, -117.27799224853516, 1.617402195930481], [248.97869873046875, -117.27812194824219, 0.005049082916229963]], 'semantic_tags': [19, 4], 'type_id': 'vehicle.bh.crossbike', 'color': '180,0,0', 'base_type': 'bicycle', 'num_points': 28, 'distance': 12.1797458611923, 'speed': 2.8669508399310777, 'brake': 0.0, 'light_state': '3', 'road_id': 65, 'lane_id': 3, 'section_id': 0, 'world2vehicle': [[0.03645489737391472, -0.9993352890014648, 4.5895572839071974e-05, -127.03131866455078], [0.9993349313735962, 0.03645484521985054, -0.0008797222981229424, -244.97071838378906], [0.000877464422956109, 7.793523400323465e-05, 0.9999996423721313, -0.2123344987630844], [0.0, 0.0, 0.0, 1.0]], 'position': (12.08133596846531, 1.545216828037269, -0.007065444930758585), 'yaw': -1.5540960430731732, 'color_rgb': None, 'color_name': None, 'lane_type': carla.libcarla.LaneType.Driving, 'lane_type_str': 'Driving', 'is_in_junction': False, 'junction_id': -1, 'distance_to_junction': 122.95652770996094, 'next_junction_id': 498, 'next_road_ids': [526], 'next_next_road_ids': [0], 'same_road_as_ego': True, 'same_direction_as_ego': True, 'lane_relative_to_ego': 0, 'steer': -0.08034159318298346, 'vehicle_cuts_in': False}]
[debug] into second branch, scenario_name = HazardAtSideLane
[debug] in HazardAtSideLane, bicycles = [{'class': 'vehicle', 'state': 'dynamic', 'id': '260', 'location': [249.4388885498047, -118.01649475097656, 0.0026583862490952015], 'rotation': [0.002629622584208846, 0.0504043810069561, -87.91082763671875], 'bbx_loc': [0.0, 7.629394360719743e-08, 0.8082212805747986], 'center': [249.43959045410156, -118.01643371582031, 0.8108793497085571], 'extent': [0.7546613812446594, 0.4329703152179718, 0.8061768412590027], 'world_cord': [[249.90049743652344, -118.75474548339844, 1.616709589958191], [249.89907836914062, -118.75486755371094, 0.004356566816568375], [249.03514099121094, -118.78631591796875, 1.61747145652771], [249.03372192382812, -118.78643798828125, 0.005118354223668575], [249.84547424316406, -117.24642181396484, 1.616640329360962], [249.84405517578125, -117.24655151367188, 0.004287295509129763], [248.98011779785156, -117.27799224853516, 1.617402195930481], [248.97869873046875, -117.27812194824219, 0.005049082916229963]], 'semantic_tags': [19, 4], 'type_id': 'vehicle.bh.crossbike', 'color': '180,0,0', 'base_type': 'bicycle', 'num_points': 28, 'distance': 12.1797458611923, 'speed': 2.8669508399310777, 'brake': 0.0, 'light_state': '3', 'road_id': 65, 'lane_id': 3, 'section_id': 0, 'world2vehicle': [[0.03645489737391472, -0.9993352890014648, 4.5895572839071974e-05, -127.03131866455078], [0.9993349313735962, 0.03645484521985054, -0.0008797222981229424, -244.97071838378906], [0.000877464422956109, 7.793523400323465e-05, 0.9999996423721313, -0.2123344987630844], [0.0, 0.0, 0.0, 1.0]], 'position': (12.08133596846531, 1.545216828037269, -0.007065444930758585), 'yaw': -1.5540960430731732, 'color_rgb': None, 'color_name': None, 'lane_type': carla.libcarla.LaneType.Driving, 'lane_type_str': 'Driving', 'is_in_junction': False, 'junction_id': -1, 'distance_to_junction': 122.95652770996094, 'next_junction_id': 498, 'next_road_ids': [526], 'next_next_road_ids': [0], 'same_road_as_ego': True, 'same_direction_as_ego': True, 'lane_relative_to_ego': 0, 'steer': -0.08034159318298346, 'vehicle_cuts_in': False}]
[debug] current frame is 135
[debug] hazardous_actors = []
[debug] current frame is 140
[debug] hazardous_actors = []
[debug] into second branch, scenario_name = HazardAtSideLane
[debug] in HazardAtSideLane, bicycles = [{'class': 'vehicle', 'state': 'dynamic', 'id': '260', 'location': [249.5127410888672, -120.90538024902344, 0.002653484232723713], 'rotation': [-0.002288113348186016, 0.031098807230591774, -87.8767318725586], 'bbx_loc': [0.0, 7.629394360719743e-08, 0.8082212805747986], 'center': [249.51318359375, -120.9053955078125, 0.8108746409416199], 'extent': [0.7546613812446594, 0.4329703152179718, 0.8061768412590027], 'world_cord': [[249.97425842285156, -121.64351654052734, 1.616786241531372], [249.97337341308594, -121.64347839355469, 0.004432779736816883], [249.10890197753906, -121.67559814453125, 1.6172562837600708], [249.1080322265625, -121.67556762695312, 0.004902792163193226], [249.9183349609375, -120.1352310180664, 1.6168464422225952], [249.91744995117188, -120.13519287109375, 0.0044930544681847095], [249.05299377441406, -120.16731262207031, 1.617316484451294], [249.05210876464844, -120.16728210449219, 0.004963066894561052]], 'semantic_tags': [19, 4], 'type_id': 'vehicle.bh.crossbike', 'color': '180,0,0', 'base_type': 'bicycle', 'num_points': 32, 'distance': 12.471772598469082, 'speed': 2.869430128186229, 'brake': 0.0, 'light_state': '3', 'road_id': 65, 'lane_id': 3, 'section_id': 0, 'world2vehicle': [[0.03704959154129028, -0.9993134140968323, -3.993511199951172e-05, -130.06671142578125], [0.9993132948875427, 0.037049610167741776, -0.0005427766009233892, -244.86190795898438], [0.0005438835360109806, -1.9798037101281807e-05, 0.9999998807907104, -0.14075304567813873], [0.0, 0.0, 0.0, 1.0]], 'position': (12.306828445464177, 2.0210849684595757, -0.0485576628288924), 'yaw': -1.5867815517639337, 'color_rgb': None, 'color_name': None, 'lane_type': carla.libcarla.LaneType.Driving, 'lane_type_str': 'Driving', 'is_in_junction': False, 'junction_id': -1, 'distance_to_junction': 120.83350372314453, 'next_junction_id': 498, 'next_road_ids': [526], 'next_next_road_ids': [0], 'same_road_as_ego': True, 'same_direction_as_ego': True, 'lane_relative_to_ego': 0, 'steer': -0.08740681327801272, 'vehicle_cuts_in': False}]
[debug] current frame is 145
[debug] hazardous_actors = []
[debug] in branch in front, vehicles_in_front = [{'class': 'vehicle', 'state': 'dynamic', 'id': '298', 'location': [245.49937438964844, -136.8539276123047, -0.004906959366053343], 'rotation': [0.09862792491912842, 0.07765170931816101, -89.64067840576172], 'bbx_loc': [-0.006293443497270346, -3.2359359920519637e-06, 0.7488452196121216], 'center': [245.50033569335938, -136.84634399414062, 0.7439256310462952], 'extent': [2.44619083404541, 0.9183566570281982, 0.7451388239860535], 'world_cord': [[246.4350128173828, -139.28543090820312, 1.4920287132263184], [246.43301391601562, -139.2880096435547, 0.0017547989264130592], [244.5983428955078, -139.2969512939453, 1.4945180416107178], [244.59634399414062, -139.29953002929688, 0.004244051408022642], [246.4043426513672, -134.39315795898438, 1.4836071729660034], [246.40232849121094, -134.39573669433594, -0.006666854955255985], [244.56765747070312, -134.4046630859375, 1.4860963821411133], [244.56565856933594, -134.40724182128906, -0.004177602473646402]], 'semantic_tags': [14], 'type_id': 'vehicle.lincoln.mkz_2020', 'color': '0,0,0', 'base_type': 'car', 'num_points': 32, 'distance': 26.632060253865756, 'speed': 8.268262728473118, 'brake': 0.045013006776571274, 'light_state': '131', 'road_id': 65, 'lane_id': 2, 'section_id': 0, 'world2vehicle': [[0.006271268241107464, -0.9999788403511047, 0.0017213812097907066, -138.39060974121094], [0.9999794363975525, 0.0062689390033483505, -0.0013552755117416382, -244.6363983154297], [0.0013444556389003992, 0.001729845185764134, 0.999997615814209, -0.08841996639966965], [0.0, 0.0, 0.0, 1.0]], 'position': (26.631702476617605, -0.12638184580549705, -0.05411866870448012), 'yaw': -1.6451046464786145, 'color_rgb': None, 'color_name': None, 'lane_type': carla.libcarla.LaneType.Driving, 'lane_type_str': 'Driving', 'is_in_junction': False, 'junction_id': -1, 'distance_to_junction': 105.1736068725586, 'next_junction_id': 498, 'next_road_ids': [519], 'next_next_road_ids': [0], 'same_road_as_ego': True, 'same_direction_as_ego': True, 'lane_relative_to_ego': -1, 'steer': -0.06404696186659503, 'vehicle_cuts_in': False}]
[debug] into second branch, scenario_name = HazardAtSideLane
[debug] in HazardAtSideLane, bicycles = [{'class': 'vehicle', 'state': 'dynamic', 'id': '260', 'location': [249.54852294921875, -122.35176849365234, 0.002653903793543577], 'rotation': [-0.001857811352238059, -0.04052734375, -88.60131072998047], 'bbx_loc': [0.0, 7.629394360719743e-08, 0.8082212805747986], 'center': [249.54795837402344, -122.351806640625, 0.8108749985694885], 'extent': [0.7546613812446594, 0.4329703152179718, 0.8061768412590027], 'world_cord': [[249.99864196777344, -123.09571838378906, 1.6173335313796997], [249.99978637695312, -123.09563446044922, 0.004980128258466721], [249.13296508789062, -123.11685180664062, 1.6167210340499878], [249.13409423828125, -123.11677551269531, 0.004367617890238762], [249.96180725097656, -121.58684539794922, 1.6173824071884155], [249.9629364013672, -121.58676147460938, 0.005029067862778902], [249.0961151123047, -121.60797882080078, 1.6167699098587036], [249.09725952148438, -121.60790252685547, 0.004416557028889656]], 'semantic_tags': [19, 4], 'type_id': 'vehicle.bh.crossbike', 'color': '180,0,0', 'base_type': 'bicycle', 'num_points': 34, 'distance': 12.202761032710749, 'speed': 2.868462413673254, 'brake': 0.0, 'light_state': '3', 'road_id': 65, 'lane_id': 3, 'section_id': 0, 'world2vehicle': [[0.024409329518675804, -0.9997020363807678, -3.242492311983369e-05, -128.40663146972656], [0.9997017979621887, 0.024409301578998566, 0.0007073355372995138, -246.48757934570312], [-0.0007063333177939057, -4.96808388561476e-05, 0.9999997615814209, 0.16753199696540833], [0.0, 0.0, 0.0, 1.0]], 'position': (11.868998763912344, 2.8344381794636035, 0.01234765272417171), 'yaw': -1.6451046464786145, 'color_rgb': None, 'color_name': None, 'lane_type': carla.libcarla.LaneType.Driving, 'lane_type_str': 'Driving', 'is_in_junction': False, 'junction_id': -1, 'distance_to_junction': 120.13460540771484, 'next_junction_id': 498, 'next_road_ids': [526], 'next_next_road_ids': [0], 'same_road_as_ego': True, 'same_direction_as_ego': True, 'lane_relative_to_ego': 0, 'steer': 0.07154945729472746, 'vehicle_cuts_in': False}]
[debug] current frame is 150
[debug] hazardous_actors = []
[debug] in branch in front, vehicles_in_front = [{'class': 'vehicle', 'state': 'dynamic', 'id': '299', 'location': [245.19190979003906, -122.13296508789062, -0.007309913635253906], 'rotation': [-0.0008537736139260232, 2.0914430933771655e-05, -88.61810302734375], 'bbx_loc': [5.955278902547434e-05, 0.0017959581455215812, 0.7014925479888916], 'center': [245.19371032714844, -122.13298797607422, 0.6941826343536377], 'extent': [2.6787397861480713, 1.0166014432907104, 0.7053293585777283], 'world_cord': [[246.2746124267578, -124.78644561767578, 1.3994717597961426], [246.2746124267578, -124.78642272949219, -0.011187013238668442], [244.24200439453125, -124.83547973632812, 1.3994724750518799], [244.24200439453125, -124.83545684814453, -0.011186270974576473], [246.14541625976562, -119.43052673339844, 1.3995516300201416], [246.14541625976562, -119.43050384521484, -0.011107180267572403], [244.11280822753906, -119.47956085205078, 1.399552345275879], [244.11279296875, -119.47953796386719, -0.011106438934803009]], 'semantic_tags': [14], 'type_id': 'vehicle.chevrolet.impala', 'color': '0,0,0', 'base_type': 'car', 'num_points': 347, 'distance': 9.836323884396915, 'speed': 8.011909152759122, 'brake': 0.0, 'light_state': '131', 'road_id': 65, 'lane_id': 2, 'section_id': 0, 'world2vehicle': [[0.024116279557347298, -0.9997091889381409, -1.4901160284352954e-05, -128.01055908203125], [0.9997091889381409, 0.024116279557347298, -3.650256701348553e-07, -242.1752166748047], [7.242800847961917e-07, -1.4888023542880546e-05, 1.0, 0.00531400740146637], [0.0, 0.0, 0.0, 1.0]], 'position': (9.76923647219401, -1.1451465642417133, -0.061333914649523535), 'yaw': -1.6834546988079735, 'color_rgb': None, 'color_name': None, 'lane_type': carla.libcarla.LaneType.Driving, 'lane_type_str': 'Driving', 'is_in_junction': False, 'junction_id': -1, 'distance_to_junction': 115.12349700927734, 'next_junction_id': 498, 'next_road_ids': [519], 'next_next_road_ids': [0], 'same_road_as_ego': True, 'same_direction_as_ego': True, 'lane_relative_to_ego': -1, 'steer': 0.00038287214002212934, 'vehicle_cuts_in': False}, {'class': 'vehicle', 'state': 'dynamic', 'id': '298', 'location': [245.4774169921875, -140.80029296875, -0.004647864960134029], 'rotation': [0.029322000220417976, 0.25971901416778564, -91.0888671875], 'bbx_loc': [-0.006293443497270346, -3.2359359920519637e-06, 0.7488452196121216], 'center': [245.48094177246094, -140.79368591308594, 0.7441864013671875], 'extent': [2.44619083404541, 0.9183566570281982, 0.7451388239860535], 'world_cord': [[246.35601806640625, -143.25656127929688, 1.4864064455032349], [246.3492431640625, -143.2572021484375, -0.0038556901272386312], [244.5196533203125, -143.22166442871094, 1.494732141494751], [244.51287841796875, -143.2222900390625, 0.00447001401335001], [246.44898986816406, -138.3650665283203, 1.4839026927947998], [246.4422149658203, -138.36570739746094, -0.006359442137181759], [244.6126251220703, -138.33016967773438, 1.492228388786316], [244.60585021972656, -138.33079528808594, 0.001966262236237526]], 'semantic_tags': [14], 'type_id': 'vehicle.lincoln.mkz_2020', 'color': '0,0,0', 'base_type': 'car', 'num_points': 31, 'distance': 28.31327397345117, 'speed': 8.099798750649748, 'brake': 0.0, 'light_state': '131', 'road_id': 65, 'lane_id': 2, 'section_id': 0, 'world2vehicle': [[-0.01900312304496765, -0.999819278717041, 0.000511765421833843, -136.11000061035156], [0.9998090863227844, -0.019005248323082924, -0.004532936029136181, -248.1065216064453], [0.004541842732578516, 0.00042552780359983444, 0.9999896287918091, -1.050357460975647], [0.0, 0.0, 0.0, 1.0]], 'position': (28.28593343778202, 1.2379542235370877, -0.11964374795056809), 'yaw': -1.6834546988079735, 'color_rgb': None, 'color_name': None, 'lane_type': carla.libcarla.LaneType.Driving, 'lane_type_str': 'Driving', 'is_in_junction': False, 'junction_id': -1, 'distance_to_junction': 102.63618469238281, 'next_junction_id': 498, 'next_road_ids': [519], 'next_next_road_ids': [0], 'same_road_as_ego': True, 'same_direction_as_ego': True, 'lane_relative_to_ego': -1, 'steer': -0.07520241632020108, 'vehicle_cuts_in': False}]
[debug] into second branch, scenario_name = HazardAtSideLane
[debug] in HazardAtSideLane, bicycles = [{'class': 'vehicle', 'state': 'dynamic', 'id': '260', 'location': [249.58428955078125, -123.79757690429688, 0.002656555036082864], 'rotation': [0.0008469434105791152, 0.020460743457078934, -88.0084228515625], 'bbx_loc': [0.0, 7.629394360719743e-08, 0.8082212805747986], 'center': [249.58457946777344, -123.79755401611328, 0.810877799987793], 'extent': [0.7546613812446594, 0.4329703152179718, 0.8061768412590027], 'world_cord': [[250.04379272460938, -124.53668975830078, 1.6169111728668213], [250.04322814941406, -124.53673553466797, 0.004557532723993063], [249.17837524414062, -124.56678771972656, 1.617220401763916], [249.1778106689453, -124.56682586669922, 0.004866766277700663], [249.99134826660156, -123.02828216552734, 1.6168887615203857], [249.9907684326172, -123.02832794189453, 0.004535221960395575], [249.1259307861328, -123.0583724975586, 1.6171979904174805], [249.12535095214844, -123.05841827392578, 0.004844455514103174]], 'semantic_tags': [19, 4], 'type_id': 'vehicle.bh.crossbike', 'color': '180,0,0', 'base_type': 'bicycle', 'num_points': 41, 'distance': 11.448017489410331, 'speed': 2.867517186245587, 'brake': 0.0, 'light_state': '3', 'road_id': 65, 'lane_id': 3, 'section_id': 0, 'world2vehicle': [[0.03475259616971016, -0.9993959665298462, 1.4781950994802173e-05, -132.39649963378906], [0.9993959069252014, 0.03475258871912956, -0.00035710734664462507, -245.1312255859375], [0.00035637791734188795, 2.718342875596136e-05, 0.9999999403953552, -0.08823764324188232], [0.0, 0.0, 0.0, 1.0]], 'position': (10.929538191274204, 3.4061781641447055, -0.004991829363371725), 'yaw': -1.6834546988079735, 'color_rgb': None, 'color_name': None, 'lane_type': carla.libcarla.LaneType.Driving, 'lane_type_str': 'Driving', 'is_in_junction': False, 'junction_id': -1, 'distance_to_junction': 118.74285888671875, 'next_junction_id': 498, 'next_road_ids': [526], 'next_next_road_ids': [0], 'same_road_as_ego': True, 'same_direction_as_ego': True, 'lane_relative_to_ego': 0, 'steer': -0.0884589593812249, 'vehicle_cuts_in': False}]
[debug] current frame is 155
[debug] hazardous_actors = []
[debug] into second branch, scenario_name = HazardAtSideLane
[debug] in HazardAtSideLane, bicycles = []
[debug] current frame is 160
[debug] hazardous_actors = []
[debug] into second branch, scenario_name = HazardAtSideLane
[debug] in HazardAtSideLane, bicycles = []
[debug] current frame is 165
[debug] hazardous_actors = []
[debug] in branch in front, vehicles_in_front = [{'class': 'vehicle', 'state': 'dynamic', 'id': '299', 'location': [245.48287963867188, -134.16946411132812, -0.0073190308175981045], 'rotation': [0.00012294339830987155, 0.0002570572542026639, -88.63497161865234], 'bbx_loc': [5.955278902547434e-05, 0.0017959581455215812, 0.7014925479888916], 'center': [245.48468017578125, -134.1694793701172, 0.6941735148429871], 'extent': [2.6787397861480713, 1.0166014432907104, 0.7053293585777283], 'world_cord': [[246.56480407714844, -136.8232421875, 1.3995041847229004], [246.56480407714844, -136.8232421875, -0.011154662817716599], [244.5321807861328, -136.87167358398438, 1.3995132446289062], [244.5321807861328, -136.87167358398438, -0.01114554051309824], [246.4371795654297, -131.46728515625, 1.399492621421814], [246.4371795654297, -131.46728515625, -0.011166158132255077], [244.40455627441406, -131.51571655273438, 1.3995018005371094], [244.40455627441406, -131.51571655273438, -0.011157035827636719]], 'semantic_tags': [14], 'type_id': 'vehicle.chevrolet.impala', 'color': '0,0,0', 'base_type': 'car', 'num_points': 112, 'distance': 13.77781190252897, 'speed': 8.012512283661593, 'brake': 0.0, 'light_state': '131', 'road_id': 65, 'lane_id': 2, 'section_id': 0, 'world2vehicle': [[0.023822037503123283, -0.9997162222862244, 2.145766984540387e-06, -139.9792938232422], [0.9997162222862244, 0.023822037503123283, -4.4864955270895734e-06, -242.21702575683594], [4.4341059037833475e-06, 2.252035528726992e-06, 1.0, 0.006532688159495592], [0.0, 0.0, 0.0, 1.0]], 'position': (13.702280939195944, 1.4379440455389556, -0.08953266506031898), 'yaw': -1.6559343910514217, 'color_rgb': None, 'color_name': None, 'lane_type': carla.libcarla.LaneType.Driving, 'lane_type_str': 'Driving', 'is_in_junction': False, 'junction_id': -1, 'distance_to_junction': 107.10577392578125, 'next_junction_id': 498, 'next_road_ids': [519], 'next_next_road_ids': [0], 'same_road_as_ego': True, 'same_direction_as_ego': True, 'lane_relative_to_ego': 0, 'steer': -0.05308808234713879, 'vehicle_cuts_in': False}]
[debug] into second branch, scenario_name = HazardAtSideLane
[debug] in HazardAtSideLane, bicycles = []
[debug] current frame is 170
[debug] hazardous_actors = []
[debug] in branch in front, vehicles_in_front = [{'class': 'vehicle', 'state': 'dynamic', 'id': '299', 'location': [245.5309295654297, -138.18307495117188, -0.007319335825741291], 'rotation': [0.00015709434228483588, 0.006212695501744747, -89.85588836669922], 'bbx_loc': [5.955278902547434e-05, 0.0017959581455215812, 0.7014925479888916], 'center': [245.53280639648438, -138.18312072753906, 0.6941730380058289], 'extent': [2.6787397861480713, 1.0166014432907104, 0.7053293585777283], 'world_cord': [[246.55621337890625, -140.8592987060547, 1.3993995189666748], [246.55606079101562, -140.8592987060547, -0.011259227991104126], [244.52301025390625, -140.86441040039062, 1.3996200561523438], [244.52285766601562, -140.8644256591797, -0.011038764379918575], [246.54273986816406, -135.5018310546875, 1.39938485622406], [246.54258728027344, -135.50184631347656, -0.011273917742073536], [244.50953674316406, -135.5069580078125, 1.3996052742004395], [244.50938415527344, -135.5069580078125, -0.01105345319956541]], 'semantic_tags': [14], 'type_id': 'vehicle.chevrolet.impala', 'color': '0,0,0', 'base_type': 'car', 'num_points': 138, 'distance': 13.7633136314602, 'speed': 8.013648870223395, 'brake': 0.0, 'light_state': '131', 'road_id': 65, 'lane_id': 2, 'section_id': 0, 'world2vehicle': [[0.0025152696762233973, -0.9999968409538269, 2.7418134322942933e-06, -138.80020141601562], [0.9999968409538269, 0.0025152694433927536, -0.00010843198833754286, -245.18258666992188], [0.00010842474875971675, 3.014540425283485e-06, 1.0, -0.018885735422372818], [0.0, 0.0, 0.0, 1.0]], 'position': (13.71629348641791, 1.1359707873313027, -0.041228185742091694), 'yaw': -1.6195847721748757, 'color_rgb': None, 'color_name': None, 'lane_type': carla.libcarla.LaneType.Driving, 'lane_type_str': 'Driving', 'is_in_junction': False, 'junction_id': -1, 'distance_to_junction': 104.5972671508789, 'next_junction_id': 498, 'next_road_ids': [519], 'next_next_road_ids': [0], 'same_road_as_ego': True, 'same_direction_as_ego': True, 'lane_relative_to_ego': 0, 'steer': -0.0917047036079784, 'vehicle_cuts_in': False}, {'class': 'vehicle', 'state': 'dynamic', 'id': '298', 'location': [243.84445190429688, -156.7635498046875, -0.004095420707017183], 'rotation': [-0.12041623145341873, 0.29918164014816284, -100.43030548095703], 'bbx_loc': [-0.006293443497270346, -3.2359359920519637e-06, 0.7488452196121216], 'center': [243.84915161132812, -156.75961303710938, 0.7447511553764343], 'extent': [2.44619083404541, 0.9183566570281982, 0.7451388239860535], 'world_cord': [[244.31300354003906, -159.33387756347656, 1.4799416065216064], [244.30592346191406, -159.32937622070312, -0.01031225174665451], [242.5066680908203, -159.00137329101562, 1.4895323514938354], [242.49957275390625, -158.99688720703125, -0.000721542164683342], [245.19871520996094, -154.5223388671875, 1.49022376537323], [245.19163513183594, -154.51785278320312, -3.0137598514556885e-05], [243.3923797607422, -154.18984985351562, 1.499814510345459], [243.38528442382812, -154.18536376953125, 0.009560571983456612]], 'semantic_tags': [14], 'type_id': 'vehicle.lincoln.mkz_2020', 'color': '0,0,0', 'base_type': 'car', 'num_points': 15, 'distance': 32.358942280466486, 'speed': 7.705964638680823, 'brake': 0.0, 'light_state': '131', 'road_id': 65, 'lane_id': 2, 'section_id': 0, 'world2vehicle': [[-0.18103890120983124, -0.9834737181663513, -0.002101658144965768, -110.02751159667969], [0.9834644198417664, -0.18102604150772095, -0.0052216690964996815, -268.190673828125], [0.004754919558763504, -0.003012231318280101, 0.9999841451644897, -1.6275734901428223], [0.0, 0.0, 0.0, 1.0]], 'position': (32.35684217910719, 0.35762329654198766, -0.0896226444249607), 'yaw': -1.6195847721748757, 'color_rgb': None, 'color_name': None, 'lane_type': carla.libcarla.LaneType.Driving, 'lane_type_str': 'Driving', 'is_in_junction': False, 'junction_id': -1, 'distance_to_junction': 92.02843475341797, 'next_junction_id': 498, 'next_road_ids': [519], 'next_next_road_ids': [0], 'same_road_as_ego': True, 'same_direction_as_ego': True, 'lane_relative_to_ego': 0, 'steer': -0.11008211195936818, 'vehicle_cuts_in': False}]
[debug] into second branch, scenario_name = HazardAtSideLane
[debug] in HazardAtSideLane, bicycles = []
[debug] current frame is 175
[debug] hazardous_actors = []
[debug] in branch in front, vehicles_in_front = [{'class': 'vehicle', 'state': 'dynamic', 'id': '299', 'location': [245.4750213623047, -142.19505310058594, -0.007319221273064613], 'rotation': [0.00012977358710486442, 0.015442225150763988, -91.96410369873047], 'bbx_loc': [5.955278902547434e-05, 0.0017959581455215812, 0.7014925479888916], 'center': [245.4770050048828, -142.19517517089844, 0.6941727995872498], 'extent': [2.6787397861480713, 1.0166014432907104, 0.7053293585777283], 'world_cord': [[246.40138244628906, -144.90719604492188, 1.3992341756820679], [246.4010009765625, -144.9071807861328, -0.011424440890550613], [244.369384765625, -144.83750915527344, 1.3997821807861328], [244.36900329589844, -144.83749389648438, -0.010876456275582314], [246.5850067138672, -139.5528564453125, 1.3992221355438232], [246.58462524414062, -139.5528564453125, -0.011436575092375278], [244.55299377441406, -139.48316955566406, 1.3997700214385986], [244.5526123046875, -139.48316955566406, -0.010888590477406979]], 'semantic_tags': [14], 'type_id': 'vehicle.chevrolet.impala', 'color': '0,0,0', 'base_type': 'car', 'num_points': 113, 'distance': 13.927632310895486, 'speed': 8.011147433097335, 'brake': 0.0, 'light_state': '131', 'road_id': 65, 'lane_id': 2, 'section_id': 0, 'world2vehicle': [[-0.03427339345216751, -0.999412477016449, 2.2649762740911683e-06, -133.6982421875], [0.9994124174118042, -0.03427338972687721, -0.0002695176808629185, -250.20428466796875], [0.0002694369468372315, -6.973640665819403e-06, 0.9999999403953552, -0.05981244146823883], [0.0, 0.0, 0.0, 1.0]], 'position': (13.91814485221093, -0.5138862075360748, -0.014441747333053812), 'yaw': -1.5169874232859546, 'color_rgb': None, 'color_name': None, 'lane_type': carla.libcarla.LaneType.Driving, 'lane_type_str': 'Driving', 'is_in_junction': False, 'junction_id': -1, 'distance_to_junction': 102.04493713378906, 'next_junction_id': 498, 'next_road_ids': [519], 'next_next_road_ids': [0], 'same_road_as_ego': True, 'same_direction_as_ego': True, 'lane_relative_to_ego': 0, 'steer': -0.10443684377456128, 'vehicle_cuts_in': False}]
[debug] into second branch, scenario_name = HazardAtSideLane
[debug] in HazardAtSideLane, bicycles = []
[debug] current frame is 180
[debug] hazardous_actors = []
[debug] in branch in front, vehicles_in_front = [{'class': 'vehicle', 'state': 'dynamic', 'id': '299', 'location': [245.2691192626953, -146.20237731933594, -0.007317695301026106], 'rotation': [-3.415094397496432e-05, 0.022845178842544556, -94.36516571044922], 'bbx_loc': [5.955278902547434e-05, 0.0017959581455215812, 0.7014925479888916], 'center': [245.27117919921875, -146.2025909423828, 0.69417405128479], 'extent': [2.6787397861480713, 1.0166014432907104, 0.7053293585777283], 'world_cord': [[246.08123779296875, -148.95095825195312, 1.3990964889526367], [246.08067321777344, -148.95091247558594, -0.011562161147594452], [244.05392456054688, -148.79620361328125, 1.3999072313308716], [244.05335998535156, -148.79617309570312, -0.01075147558003664], [246.48899841308594, -143.60902404785156, 1.3990997076034546], [246.4884490966797, -143.60897827148438, -0.01155896857380867], [244.46170043945312, -143.4542694091797, 1.3999104499816895], [244.4611358642578, -143.4542236328125, -0.010748282074928284]], 'semantic_tags': [14], 'type_id': 'vehicle.chevrolet.impala', 'color': '0,0,0', 'base_type': 'car', 'num_points': 127, 'distance': 13.623409045611142, 'speed': 8.007717737514568, 'brake': 0.0, 'light_state': '131', 'road_id': 65, 'lane_id': 2, 'section_id': 0, 'world2vehicle': [[-0.0761127844452858, -0.9970992207527161, -5.960463909104874e-07, -127.11016082763672], [0.9970991611480713, -0.0761127769947052, -0.0003987235832028091, -255.6855010986328], [0.000397521595004946, -3.0942279408918694e-05, 0.9999999403953552, -0.09470591694116592], [0.0, 0.0, 0.0, 1.0]], 'position': (13.623179404994204, 0.04134465471051385, -0.06908020082770783), 'yaw': -1.5605442218625276, 'color_rgb': None, 'color_name': None, 'lane_type': carla.libcarla.LaneType.Driving, 'lane_type_str': 'Driving', 'is_in_junction': False, 'junction_id': -1, 'distance_to_junction': 99.45016479492188, 'next_junction_id': 498, 'next_road_ids': [519], 'next_next_road_ids': [0], 'same_road_as_ego': True, 'same_direction_as_ego': True, 'lane_relative_to_ego': 0, 'steer': -0.08143561116863603, 'vehicle_cuts_in': False}]
[debug] into second branch, scenario_name = HazardAtSideLane
[debug] in HazardAtSideLane, bicycles = []
[debug] current frame is 185
[debug] hazardous_actors = []
[debug] in branch in front, vehicles_in_front = [{'class': 'vehicle', 'state': 'dynamic', 'id': '299', 'location': [244.9069061279297, -150.2000732421875, -0.007317390292882919], 'rotation': [-6.147169915493578e-05, 0.024976318702101707, -96.23809814453125], 'bbx_loc': [5.955278902547434e-05, 0.0017959581455215812, 0.7014925479888916], 'center': [244.9089813232422, -150.2003631591797, 0.6941743493080139], 'extent': [2.6787397861480713, 1.0166014432907104, 0.7053293585777283], 'world_cord': [[245.62879943847656, -152.97373962402344, 1.3990576267242432], [245.62818908691406, -152.97366333007812, -0.011601013131439686], [243.60763549804688, -152.7528076171875, 1.3999439477920532], [243.60702514648438, -152.75274658203125, -0.010714701376855373], [246.21095275878906, -147.64797973632812, 1.3990633487701416], [246.21034240722656, -147.64791870117188, -0.011595265939831734], [244.18978881835938, -147.4270477294922, 1.3999496698379517], [244.18917846679688, -147.42698669433594, -0.010708953253924847]], 'semantic_tags': [14], 'type_id': 'vehicle.chevrolet.impala', 'color': '0,0,0', 'base_type': 'car', 'num_points': 151, 'distance': 13.103169054553687, 'speed': 8.005035799393692, 'brake': 0.0, 'light_state': '131', 'road_id': 65, 'lane_id': 2, 'section_id': 0, 'world2vehicle': [[-0.10866034775972366, -0.9940789341926575, -1.0728834922701935e-06, -122.69905853271484], [0.9940788149833679, -0.10866033285856247, -0.0004359190061222762, -259.7775573730469], [0.0004332213138695806, -4.843364149564877e-05, 0.9999998807907104, -0.10605624318122864], [0.0, 0.0, 0.0, 1.0]], 'position': (13.080108155316424, -0.7764638655874023, 0.020475112326220124), 'yaw': -1.537785779293092, 'color_rgb': None, 'color_name': None, 'lane_type': carla.libcarla.LaneType.Driving, 'lane_type_str': 'Driving', 'is_in_junction': False, 'junction_id': -1, 'distance_to_junction': 96.80451965332031, 'next_junction_id': 498, 'next_road_ids': [519], 'next_next_road_ids': [0], 'same_road_as_ego': True, 'same_direction_as_ego': True, 'lane_relative_to_ego': 0, 'steer': -0.1158930724354784, 'vehicle_cuts_in': False}]
[debug] into second branch, scenario_name = HazardAtSideLane
[debug] in HazardAtSideLane, bicycles = []
[debug] current frame is 190
[debug] hazardous_actors = []
[debug] in branch in front, vehicles_in_front = [{'class': 'vehicle', 'state': 'dynamic', 'id': '299', 'location': [244.3729248046875, -154.17642211914062, -0.007320823613554239], 'rotation': [0.00031418868456967175, 0.012644121423363686, -98.90216827392578], 'bbx_loc': [5.955278902547434e-05, 0.0017959581455215812, 0.7014925479888916], 'center': [244.37484741210938, -154.17677307128906, 0.6941713094711304], 'extent': [2.6787397861480713, 1.0166014432907104, 0.7053293585777283], 'world_cord': [[244.96482849121094, -156.9805908203125, 1.3992910385131836], [244.96450805664062, -156.9805450439453, -0.011367686092853546], [242.95611572265625, -156.66595458984375, 1.3997397422790527], [242.955810546875, -156.66590881347656, -0.01091899536550045], [245.79388427734375, -151.68763732910156, 1.399261713027954], [245.7935791015625, -151.68760681152344, -0.011397064663469791], [243.78517150878906, -151.37301635742188, 1.3997102975845337], [243.7848663330078, -151.3729705810547, -0.010948373936116695]], 'semantic_tags': [14], 'type_id': 'vehicle.chevrolet.impala', 'color': '0,0,0', 'base_type': 'car', 'num_points': 155, 'distance': 12.77949010833576, 'speed': 8.015730127303483, 'brake': 0.0, 'light_state': '131', 'road_id': 65, 'lane_id': 2, 'section_id': 0, 'world2vehicle': [[-0.15474781394004822, -0.9879540205001831, 5.483626864588587e-06, -114.50303649902344], [0.9879540205001831, -0.15474781394004822, -0.00022068155521992594, -265.2876892089844], [0.0002188718062825501, -2.8732416467391886e-05, 1.0, -0.05059538036584854], [0.0, 0.0, 0.0, 1.0]], 'position': (12.774278388908556, -0.3638382541253975, -0.03039862721395581), 'yaw': -1.6116915621780443, 'color_rgb': None, 'color_name': None, 'lane_type': carla.libcarla.LaneType.Driving, 'lane_type_str': 'Driving', 'is_in_junction': False, 'junction_id': -1, 'distance_to_junction': 94.12834167480469, 'next_junction_id': 498, 'next_road_ids': [519], 'next_next_road_ids': [0], 'same_road_as_ego': True, 'same_direction_as_ego': True, 'lane_relative_to_ego': 0, 'steer': -0.12568113154104743, 'vehicle_cuts_in': False}]
[debug] into second branch, scenario_name = HazardAtSideLane
[debug] in HazardAtSideLane, bicycles = []
[debug] current frame is 195
[debug] hazardous_actors = []
[debug] in branch in front, vehicles_in_front = [{'class': 'vehicle', 'state': 'dynamic', 'id': '299', 'location': [243.65521240234375, -158.12384033203125, -0.00732013676315546], 'rotation': [0.00021856604143977165, 0.01587557978928089, -101.79130554199219], 'bbx_loc': [5.955278902547434e-05, 0.0017959581455215812, 0.7014925479888916], 'center': [243.6571502685547, -158.12429809570312, 0.6941718459129333], 'extent': [2.6787397861480713, 1.0166014432907104, 0.7053293585777283], 'world_cord': [[244.1051025390625, -160.9542999267578, 1.3992297649383545], [244.10470581054688, -160.9542236328125, -0.01142890751361847], [242.1147918701172, -160.538818359375, 1.399793028831482], [242.11441040039062, -160.5387420654297, -0.010865544900298119], [245.19989013671875, -155.70986938476562, 1.3992092609405518], [245.19949340820312, -155.7097930908203, -0.011449344456195831], [243.20957946777344, -155.2943878173828, 1.3997726440429688], [243.20919799804688, -155.2943115234375, -0.01088598184287548]], 'semantic_tags': [14], 'type_id': 'vehicle.chevrolet.impala', 'color': '0,0,0', 'base_type': 'car', 'num_points': 161, 'distance': 12.359601872222516, 'speed': 8.01358306005291, 'brake': 0.0, 'light_state': '131', 'road_id': 65, 'lane_id': 2, 'section_id': 0, 'world2vehicle': [[-0.20434752106666565, -0.9788984060287476, 3.8146970382513246e-06, -104.996826171875], [0.9788983464241028, -0.20434750616550446, -0.00027708112611435354, -270.8258972167969], [0.0002720137999858707, -5.288664033287205e-05, 0.9999999403953552, -0.0673200786113739], [0.0, 0.0, 0.0, 1.0]], 'position': (12.323469578466444, -0.9433927086222411, -0.04628869012801751), 'yaw': -1.6222647111798225, 'color_rgb': None, 'color_name': None, 'lane_type': carla.libcarla.LaneType.Driving, 'lane_type_str': 'Driving', 'is_in_junction': False, 'junction_id': -1, 'distance_to_junction': 91.41484832763672, 'next_junction_id': 498, 'next_road_ids': [519], 'next_next_road_ids': [0], 'same_road_as_ego': True, 'same_direction_as_ego': True, 'lane_relative_to_ego': 0, 'steer': -0.11507876897500198, 'vehicle_cuts_in': False}]
[debug] into second branch, scenario_name = HazardAtSideLane
[debug] in HazardAtSideLane, bicycles = []
[debug] current frame is 200
[debug] hazardous_actors = []
[debug] into second branch, scenario_name = HazardAtSideLane
[debug] in HazardAtSideLane, bicycles = []
[debug] current frame is 205
[debug] hazardous_actors = []
[debug] into second branch, scenario_name = HazardAtSideLane
[debug] in HazardAtSideLane, bicycles = []
[debug] current frame is 210
[debug] hazardous_actors = []
[debug] into second branch, scenario_name = HazardAtSideLane
[debug] in HazardAtSideLane, bicycles = []
[debug] current frame is 215
[debug] hazardous_actors = []
[debug] into second branch, scenario_name = HazardAtSideLane
[debug] in HazardAtSideLane, bicycles = []
[debug] current frame is 220
[debug] hazardous_actors = []
[debug] current frame is 225
[debug] hazardous_actors = []
[debug] into second branch, scenario_name = HazardAtSideLane
[debug] in HazardAtSideLane, bicycles = []
[debug] current frame is 230
[debug] hazardous_actors = []
[debug] in branch in front, vehicles_in_front = [{'class': 'vehicle', 'state': 'dynamic', 'id': '299', 'location': [233.8772430419922, -184.3251953125, -0.007316970732063055], 'rotation': [-0.00012294339830987155, 0.03621232509613037, -120.81718444824219], 'bbx_loc': [5.955278902547434e-05, 0.0017959581455215812, 0.7014925479888916], 'center': [233.87913513183594, -184.32640075683594, 0.6941743493080139], 'extent': [2.6787397861480713, 1.0166014432907104, 0.7053293585777283], 'world_cord': [[233.38026428222656, -187.14794921875, 1.3988553285598755], [233.37950134277344, -187.14749145507812, -0.01180317997932434], [231.63414001464844, -186.10633850097656, 1.400140404701233], [231.6333770751953, -186.1058807373047, -0.010518146678805351], [236.12489318847656, -182.54690551757812, 1.398866891860962], [236.12413024902344, -182.54644775390625, -0.011791684664785862], [234.37876892089844, -181.5052947998047, 1.4001519680023193], [234.3780059814453, -181.5048370361328, -0.010506651364266872]], 'semantic_tags': [14], 'type_id': 'vehicle.chevrolet.impala', 'color': '0,0,0', 'base_type': 'car', 'num_points': 473, 'distance': 9.130515766563354, 'speed': 8.005374166551825, 'brake': 0.0, 'light_state': '131', 'road_id': 65, 'lane_id': 2, 'section_id': 0, 'world2vehicle': [[-0.512300431728363, -0.858806312084198, -2.145766984540387e-06, -38.484222412109375], [0.8588061332702637, -0.5123003125190735, -0.000632024253718555, -295.2850646972656], [0.0005416871863417327, -0.00032562908018007874, 0.9999998211860657, -0.1793929636478424], [0.0, 0.0, 0.0, 1.0]], 'position': (8.998652663611622, -1.5457217831965409, -0.03369183841939716), 'yaw': -2.3393763615923855, 'color_rgb': None, 'color_name': None, 'lane_type': carla.libcarla.LaneType.Driving, 'lane_type_str': 'Driving', 'is_in_junction': False, 'junction_id': -1, 'distance_to_junction': 72.4552993774414, 'next_junction_id': 498, 'next_road_ids': [519], 'next_next_road_ids': [0], 'same_road_as_ego': True, 'same_direction_as_ego': True, 'lane_relative_to_ego': -1, 'steer': 0.0, 'vehicle_cuts_in': False}, {'class': 'vehicle', 'state': 'dynamic', 'id': '298', 'location': [221.0135040283203, -197.61331176757812, -0.00457763671875], 'rotation': [0.00907732080668211, 0.5172398686408997, -146.1371307373047], 'bbx_loc': [-0.006293443497270346, -3.2359359920519637e-06, 0.7488452196121216], 'center': [221.02259826660156, -197.6153564453125, 0.7442361116409302], 'extent': [2.44619083404541, 0.9183566570281982, 0.7451388239860535], 'world_cord': [[219.5068817138672, -199.7464599609375, 1.481441617012024], [219.4991912841797, -199.73541259765625, -0.008775199763476849], [218.48348999023438, -198.2213592529297, 1.498022437095642], [218.47579956054688, -198.21031188964844, 0.007805575616657734], [223.5693817138672, -197.0203857421875, 1.4806665182113647], [223.5616912841797, -197.00933837890625, -0.009550295770168304], [222.54600524902344, -195.4952850341797, 1.497247338294983], [222.53829956054688, -195.4842529296875, 0.007030479609966278]], 'semantic_tags': [14], 'type_id': 'vehicle.lincoln.mkz_2020', 'color': '0,0,0', 'base_type': 'car', 'num_points': 34, 'distance': 27.537311087658317, 'speed': 8.057208885428457, 'brake': 0.0, 'light_state': '131', 'road_id': 65, 'lane_id': 2, 'section_id': 0, 'world2vehicle': [[-0.8303735256195068, -0.5572071075439453, 0.00015842913126107305, 73.41221618652344], [0.5571832060813904, -0.8303404450416565, -0.00902741588652134, -287.2313537597656], [0.005161690060049295, -0.007407852914184332, 0.9999592304229736, -2.600116014480591], [0.0, 0.0, 0.0, 1.0]], 'position': (27.493191280419182, -1.5580002705537481, 0.007595177195355518), 'yaw': -2.3393763615923855, 'color_rgb': None, 'color_name': None, 'lane_type': carla.libcarla.LaneType.Driving, 'lane_type_str': 'Driving', 'is_in_junction': False, 'junction_id': -1, 'distance_to_junction': 57.10791778564453, 'next_junction_id': 498, 'next_road_ids': [519], 'next_next_road_ids': [0], 'same_road_as_ego': True, 'same_direction_as_ego': True, 'lane_relative_to_ego': -1, 'steer': 0.0, 'vehicle_cuts_in': False}]
[debug] into second branch, scenario_name = HazardAtSideLane
[debug] in HazardAtSideLane, bicycles = []
Stats saved.
