[debug] current frame is 0
[debug] hazardous_actors = []
[debug] current frame is 5
[debug] hazardous_actors = []
[debug] current frame is 10
[debug] hazardous_actors = []
[debug] current frame is 15
[debug] hazardous_actors = []
[debug] into second branch, scenario_name = VehicleTurningRoute
[debug] current frame is 20
[debug] hazardous_actors = []
[debug] into second branch, scenario_name = VehicleTurningRoute
[debug] current frame is 25
[debug] hazardous_actors = []
[debug] current frame is 30
[debug] hazardous_actors = []
[debug] into second branch, scenario_name = VehicleTurningRoute
[debug] current frame is 35
[debug] hazardous_actors = []
[debug] into second branch, scenario_name = VehicleTurningRoute
[debug] current frame is 40
[debug] static object in hazard: {'class': 'traffic_light', 'id': '42699', 'location': [459.1024169921875, 4513.30908203125, 376.1688537597656], 'rotation': [0.0, 0.0, -90.13341522216797], 'center': [459.1024169921875, 4513.30908203125, 376.1688537597656], 'extent': [0.1336718648672104, 0.16945311427116394, 0.5240625143051147], 'semantic_tags': [6, 7], 'type_id': 'traffic.traffic_light', 'distance': 11.627520698754697, 'state': 2, 'affects_ego': False, 'trigger_volume_location': [463.0768737792969, 4501.71435546875, 370.31451416015625], 'trigger_volume_rotation': [0.0, 0.0, 90.1376724243164], 'trigger_volume_extent': [0.6803905963897705, 1.5040624141693115, 0.9987109303474426], 'road_id': 1199, 'lane_id': -1, 'section_id': 0}
[debug] hazardous_actors = []
[debug] current frame is 45
[debug] static object in hazard: {'class': 'traffic_light', 'id': '42699', 'location': [459.1024169921875, 4513.30908203125, 376.1688537597656], 'rotation': [0.0, 0.0, -90.13341522216797], 'center': [459.1024169921875, 4513.30908203125, 376.1688537597656], 'extent': [0.1336718648672104, 0.16945311427116394, 0.5240625143051147], 'semantic_tags': [6, 7], 'type_id': 'traffic.traffic_light', 'distance': 11.6208072633452, 'state': 2, 'affects_ego': False, 'trigger_volume_location': [463.0768737792969, 4501.71435546875, 370.31451416015625], 'trigger_volume_rotation': [0.0, 0.0, 90.1376724243164], 'trigger_volume_extent': [0.6803905963897705, 1.5040624141693115, 0.9987109303474426], 'road_id': 1199, 'lane_id': -1, 'section_id': 0}
[debug] hazardous_actors = []
[debug] current frame is 50
[debug] static object in hazard: {'class': 'traffic_light', 'id': '42699', 'location': [459.1024169921875, 4513.30908203125, 376.1688537597656], 'rotation': [0.0, 0.0, -90.13341522216797], 'center': [459.1024169921875, 4513.30908203125, 376.1688537597656], 'extent': [0.1336718648672104, 0.16945311427116394, 0.5240625143051147], 'semantic_tags': [6, 7], 'type_id': 'traffic.traffic_light', 'distance': 11.62009612862243, 'state': 2, 'affects_ego': False, 'trigger_volume_location': [463.0768737792969, 4501.71435546875, 370.31451416015625], 'trigger_volume_rotation': [0.0, 0.0, 90.1376724243164], 'trigger_volume_extent': [0.6803905963897705, 1.5040624141693115, 0.9987109303474426], 'road_id': 1199, 'lane_id': -1, 'section_id': 0}
[debug] hazardous_actors = []
[debug] current frame is 55
[debug] static object in hazard: {'class': 'traffic_light', 'id': '42699', 'location': [459.1024169921875, 4513.30908203125, 376.1688537597656], 'rotation': [0.0, 0.0, -90.13341522216797], 'center': [459.1024169921875, 4513.30908203125, 376.1688537597656], 'extent': [0.1336718648672104, 0.16945311427116394, 0.5240625143051147], 'semantic_tags': [6, 7], 'type_id': 'traffic.traffic_light', 'distance': 11.62009612862243, 'state': 2, 'affects_ego': False, 'trigger_volume_location': [463.0768737792969, 4501.71435546875, 370.31451416015625], 'trigger_volume_rotation': [0.0, 0.0, 90.1376724243164], 'trigger_volume_extent': [0.6803905963897705, 1.5040624141693115, 0.9987109303474426], 'road_id': 1199, 'lane_id': -1, 'section_id': 0}
[debug] hazardous_actors = []
[debug] current frame is 60
[debug] static object in hazard: {'class': 'traffic_light', 'id': '42699', 'location': [459.1024169921875, 4513.30908203125, 376.1688537597656], 'rotation': [0.0, 0.0, -90.13341522216797], 'center': [459.1024169921875, 4513.30908203125, 376.1688537597656], 'extent': [0.1336718648672104, 0.16945311427116394, 0.5240625143051147], 'semantic_tags': [6, 7], 'type_id': 'traffic.traffic_light', 'distance': 11.62009612862243, 'state': 2, 'affects_ego': False, 'trigger_volume_location': [463.0768737792969, 4501.71435546875, 370.31451416015625], 'trigger_volume_rotation': [0.0, 0.0, 90.1376724243164], 'trigger_volume_extent': [0.6803905963897705, 1.5040624141693115, 0.9987109303474426], 'road_id': 1199, 'lane_id': -1, 'section_id': 0}
[debug] hazardous_actors = []
[debug] scenario = VehicleTurningRoute
[debug] current frame is 65
[debug] static object in hazard: {'class': 'traffic_light', 'id': '42699', 'location': [459.1024169921875, 4513.30908203125, 376.1688537597656], 'rotation': [0.0, 0.0, -90.13341522216797], 'center': [459.1024169921875, 4513.30908203125, 376.1688537597656], 'extent': [0.1336718648672104, 0.16945311427116394, 0.5240625143051147], 'semantic_tags': [6, 7], 'type_id': 'traffic.traffic_light', 'distance': 11.62009612862243, 'state': 2, 'affects_ego': False, 'trigger_volume_location': [463.0768737792969, 4501.71435546875, 370.31451416015625], 'trigger_volume_rotation': [0.0, 0.0, 90.1376724243164], 'trigger_volume_extent': [0.6803905963897705, 1.5040624141693115, 0.9987109303474426], 'road_id': 1199, 'lane_id': -1, 'section_id': 0}
[debug] hazardous_actors = []
[debug] scenario = VehicleTurningRoute
[debug] current frame is 70
[debug] static object in hazard: {'class': 'traffic_light', 'id': '42699', 'location': [459.1024169921875, 4513.30908203125, 376.1688537597656], 'rotation': [0.0, 0.0, -90.13341522216797], 'center': [459.1024169921875, 4513.30908203125, 376.1688537597656], 'extent': [0.1336718648672104, 0.16945311427116394, 0.5240625143051147], 'semantic_tags': [6, 7], 'type_id': 'traffic.traffic_light', 'distance': 11.62009612862243, 'state': 2, 'affects_ego': False, 'trigger_volume_location': [463.0768737792969, 4501.71435546875, 370.31451416015625], 'trigger_volume_rotation': [0.0, 0.0, 90.1376724243164], 'trigger_volume_extent': [0.6803905963897705, 1.5040624141693115, 0.9987109303474426], 'road_id': 1199, 'lane_id': -1, 'section_id': 0}
[debug] hazardous_actors = []
[debug] scenario = VehicleTurningRoute
[debug] scenario = VehicleTurningRoute
[debug] current frame is 75
[debug] static object in hazard: {'class': 'traffic_light', 'id': '42699', 'location': [459.1024169921875, 4513.30908203125, 376.1688537597656], 'rotation': [0.0, 0.0, -90.13341522216797], 'center': [459.1024169921875, 4513.30908203125, 376.1688537597656], 'extent': [0.1336718648672104, 0.16945311427116394, 0.5240625143051147], 'semantic_tags': [6, 7], 'type_id': 'traffic.traffic_light', 'distance': 11.62009612862243, 'state': 2, 'affects_ego': False, 'trigger_volume_location': [463.0768737792969, 4501.71435546875, 370.31451416015625], 'trigger_volume_rotation': [0.0, 0.0, 90.1376724243164], 'trigger_volume_extent': [0.6803905963897705, 1.5040624141693115, 0.9987109303474426], 'road_id': 1199, 'lane_id': -1, 'section_id': 0}
[debug] hazardous_actors = []
[debug] scenario = VehicleTurningRoute
[debug] scenario = VehicleTurningRoute
[debug] current frame is 80
[debug] static object in hazard: {'class': 'traffic_light', 'id': '42699', 'location': [459.1024169921875, 4513.30908203125, 376.1688537597656], 'rotation': [0.0, 0.0, -90.13341522216797], 'center': [459.1024169921875, 4513.30908203125, 376.1688537597656], 'extent': [0.1336718648672104, 0.16945311427116394, 0.5240625143051147], 'semantic_tags': [6, 7], 'type_id': 'traffic.traffic_light', 'distance': 11.62009612862243, 'state': 2, 'affects_ego': False, 'trigger_volume_location': [463.0768737792969, 4501.71435546875, 370.31451416015625], 'trigger_volume_rotation': [0.0, 0.0, 90.1376724243164], 'trigger_volume_extent': [0.6803905963897705, 1.5040624141693115, 0.9987109303474426], 'road_id': 1199, 'lane_id': -1, 'section_id': 0}
[debug] hazardous_actors = []
[debug] scenario = VehicleTurningRoute
[debug] scenario = VehicleTurningRoute
[debug] current frame is 85
[debug] static object in hazard: {'class': 'traffic_light', 'id': '42699', 'location': [459.1024169921875, 4513.30908203125, 376.1688537597656], 'rotation': [0.0, 0.0, -90.13341522216797], 'center': [459.1024169921875, 4513.30908203125, 376.1688537597656], 'extent': [0.1336718648672104, 0.16945311427116394, 0.5240625143051147], 'semantic_tags': [6, 7], 'type_id': 'traffic.traffic_light', 'distance': 11.62009612862243, 'state': 1, 'affects_ego': False, 'trigger_volume_location': [463.0768737792969, 4501.71435546875, 370.31451416015625], 'trigger_volume_rotation': [0.0, 0.0, 90.1376724243164], 'trigger_volume_extent': [0.6803905963897705, 1.5040624141693115, 0.9987109303474426], 'road_id': 1199, 'lane_id': -1, 'section_id': 0}
[debug] hazardous_actors = []
[debug] scenario = VehicleTurningRoute
[debug] scenario = VehicleTurningRoute
[debug] current frame is 90
[debug] static object in hazard: {'class': 'traffic_light', 'id': '42699', 'location': [459.1024169921875, 4513.30908203125, 376.1688537597656], 'rotation': [0.0, 0.0, -90.13341522216797], 'center': [459.1024169921875, 4513.30908203125, 376.1688537597656], 'extent': [0.1336718648672104, 0.16945311427116394, 0.5240625143051147], 'semantic_tags': [6, 7], 'type_id': 'traffic.traffic_light', 'distance': 11.62009612862243, 'state': 1, 'affects_ego': False, 'trigger_volume_location': [463.0768737792969, 4501.71435546875, 370.31451416015625], 'trigger_volume_rotation': [0.0, 0.0, 90.1376724243164], 'trigger_volume_extent': [0.6803905963897705, 1.5040624141693115, 0.9987109303474426], 'road_id': 1199, 'lane_id': -1, 'section_id': 0}
[debug] hazardous_actors = []
[debug] scenario = VehicleTurningRoute
[debug] scenario = VehicleTurningRoute
[debug] current frame is 95
[debug] static object in hazard: {'class': 'traffic_light', 'id': '42699', 'location': [459.1024169921875, 4513.30908203125, 376.1688537597656], 'rotation': [0.0, 0.0, -90.13341522216797], 'center': [459.1024169921875, 4513.30908203125, 376.1688537597656], 'extent': [0.1336718648672104, 0.16945311427116394, 0.5240625143051147], 'semantic_tags': [6, 7], 'type_id': 'traffic.traffic_light', 'distance': 11.62009612862243, 'state': 1, 'affects_ego': False, 'trigger_volume_location': [463.0768737792969, 4501.71435546875, 370.31451416015625], 'trigger_volume_rotation': [0.0, 0.0, 90.1376724243164], 'trigger_volume_extent': [0.6803905963897705, 1.5040624141693115, 0.9987109303474426], 'road_id': 1199, 'lane_id': -1, 'section_id': 0}
[debug] hazardous_actors = []
[debug] scenario = VehicleTurningRoute
[debug] scenario = VehicleTurningRoute
[debug] current frame is 100
[debug] static object in hazard: {'class': 'traffic_light', 'id': '42699', 'location': [459.1024169921875, 4513.30908203125, 376.1688537597656], 'rotation': [0.0, 0.0, -90.13341522216797], 'center': [459.1024169921875, 4513.30908203125, 376.1688537597656], 'extent': [0.1336718648672104, 0.16945311427116394, 0.5240625143051147], 'semantic_tags': [6, 7], 'type_id': 'traffic.traffic_light', 'distance': 11.62009612862243, 'state': 1, 'affects_ego': False, 'trigger_volume_location': [463.0768737792969, 4501.71435546875, 370.31451416015625], 'trigger_volume_rotation': [0.0, 0.0, 90.1376724243164], 'trigger_volume_extent': [0.6803905963897705, 1.5040624141693115, 0.9987109303474426], 'road_id': 1199, 'lane_id': -1, 'section_id': 0}
[debug] hazardous_actors = []
[debug] scenario = VehicleTurningRoute
[debug] scenario = VehicleTurningRoute
[debug] current frame is 105
[debug] static object in hazard: {'class': 'traffic_light', 'id': '42699', 'location': [459.1024169921875, 4513.30908203125, 376.1688537597656], 'rotation': [0.0, 0.0, -90.13341522216797], 'center': [459.1024169921875, 4513.30908203125, 376.1688537597656], 'extent': [0.1336718648672104, 0.16945311427116394, 0.5240625143051147], 'semantic_tags': [6, 7], 'type_id': 'traffic.traffic_light', 'distance': 11.62009612862243, 'state': 1, 'affects_ego': False, 'trigger_volume_location': [463.0768737792969, 4501.71435546875, 370.31451416015625], 'trigger_volume_rotation': [0.0, 0.0, 90.1376724243164], 'trigger_volume_extent': [0.6803905963897705, 1.5040624141693115, 0.9987109303474426], 'road_id': 1199, 'lane_id': -1, 'section_id': 0}
[debug] hazardous_actors = []
[debug] scenario = VehicleTurningRoute
[debug] current frame is 110
[debug] static object in hazard: {'class': 'traffic_light', 'id': '42699', 'location': [459.1024169921875, 4513.30908203125, 376.1688537597656], 'rotation': [0.0, 0.0, -90.13341522216797], 'center': [459.1024169921875, 4513.30908203125, 376.1688537597656], 'extent': [0.1336718648672104, 0.16945311427116394, 0.5240625143051147], 'semantic_tags': [6, 7], 'type_id': 'traffic.traffic_light', 'distance': 11.62009612862243, 'state': 1, 'affects_ego': False, 'trigger_volume_location': [463.0768737792969, 4501.71435546875, 370.31451416015625], 'trigger_volume_rotation': [0.0, 0.0, 90.1376724243164], 'trigger_volume_extent': [0.6803905963897705, 1.5040624141693115, 0.9987109303474426], 'road_id': 1199, 'lane_id': -1, 'section_id': 0}
[debug] hazardous_actors = []
[debug] scenario = VehicleTurningRoute
[debug] current frame is 115
[debug] static object in hazard: {'class': 'traffic_light', 'id': '42699', 'location': [459.1024169921875, 4513.30908203125, 376.1688537597656], 'rotation': [0.0, 0.0, -90.13341522216797], 'center': [459.1024169921875, 4513.30908203125, 376.1688537597656], 'extent': [0.1336718648672104, 0.16945311427116394, 0.5240625143051147], 'semantic_tags': [6, 7], 'type_id': 'traffic.traffic_light', 'distance': 11.62009612862243, 'state': 0, 'affects_ego': False, 'trigger_volume_location': [463.0768737792969, 4501.71435546875, 370.31451416015625], 'trigger_volume_rotation': [0.0, 0.0, 90.1376724243164], 'trigger_volume_extent': [0.6803905963897705, 1.5040624141693115, 0.9987109303474426], 'road_id': 1199, 'lane_id': -1, 'section_id': 0}
[debug] hazardous_actors = []
[debug] scenario = VehicleTurningRoute
[debug] current frame is 120
[debug] static object in hazard: {'class': 'traffic_light', 'id': '42699', 'location': [459.1024169921875, 4513.30908203125, 376.1688537597656], 'rotation': [0.0, 0.0, -90.13341522216797], 'center': [459.1024169921875, 4513.30908203125, 376.1688537597656], 'extent': [0.1336718648672104, 0.16945311427116394, 0.5240625143051147], 'semantic_tags': [6, 7], 'type_id': 'traffic.traffic_light', 'distance': 11.62009612862243, 'state': 0, 'affects_ego': False, 'trigger_volume_location': [463.0768737792969, 4501.71435546875, 370.31451416015625], 'trigger_volume_rotation': [0.0, 0.0, 90.1376724243164], 'trigger_volume_extent': [0.6803905963897705, 1.5040624141693115, 0.9987109303474426], 'road_id': 1199, 'lane_id': -1, 'section_id': 0}
[debug] hazardous_actors = []
[debug] scenario = VehicleTurningRoute
[debug] current frame is 125
[debug] static object in hazard: {'class': 'traffic_light', 'id': '42699', 'location': [459.1024169921875, 4513.30908203125, 376.1688537597656], 'rotation': [0.0, 0.0, -90.13341522216797], 'center': [459.1024169921875, 4513.30908203125, 376.1688537597656], 'extent': [0.1336718648672104, 0.16945311427116394, 0.5240625143051147], 'semantic_tags': [6, 7], 'type_id': 'traffic.traffic_light', 'distance': 11.62009612862243, 'state': 0, 'affects_ego': False, 'trigger_volume_location': [463.0768737792969, 4501.71435546875, 370.31451416015625], 'trigger_volume_rotation': [0.0, 0.0, 90.1376724243164], 'trigger_volume_extent': [0.6803905963897705, 1.5040624141693115, 0.9987109303474426], 'road_id': 1199, 'lane_id': -1, 'section_id': 0}
[debug] hazardous_actors = []
[debug] scenario = VehicleTurningRoute
[debug] current frame is 130
[debug] static object in hazard: {'class': 'traffic_light', 'id': '42699', 'location': [459.1024169921875, 4513.30908203125, 376.1688537597656], 'rotation': [0.0, 0.0, -90.13341522216797], 'center': [459.1024169921875, 4513.30908203125, 376.1688537597656], 'extent': [0.1336718648672104, 0.16945311427116394, 0.5240625143051147], 'semantic_tags': [6, 7], 'type_id': 'traffic.traffic_light', 'distance': 11.62009612862243, 'state': 0, 'affects_ego': False, 'trigger_volume_location': [463.0768737792969, 4501.71435546875, 370.31451416015625], 'trigger_volume_rotation': [0.0, 0.0, 90.1376724243164], 'trigger_volume_extent': [0.6803905963897705, 1.5040624141693115, 0.9987109303474426], 'road_id': 1199, 'lane_id': -1, 'section_id': 0}
[debug] hazardous_actors = []
[debug] scenario = VehicleTurningRoute
[debug] current frame is 135
[debug] static object in hazard: {'class': 'traffic_light', 'id': '42699', 'location': [459.1024169921875, 4513.30908203125, 376.1688537597656], 'rotation': [0.0, 0.0, -90.13341522216797], 'center': [459.1024169921875, 4513.30908203125, 376.1688537597656], 'extent': [0.1336718648672104, 0.16945311427116394, 0.5240625143051147], 'semantic_tags': [6, 7], 'type_id': 'traffic.traffic_light', 'distance': 11.619982347676649, 'state': 0, 'affects_ego': False, 'trigger_volume_location': [463.0768737792969, 4501.71435546875, 370.31451416015625], 'trigger_volume_rotation': [0.0, 0.0, 90.1376724243164], 'trigger_volume_extent': [0.6803905963897705, 1.5040624141693115, 0.9987109303474426], 'road_id': 1199, 'lane_id': -1, 'section_id': 0}
[debug] hazardous_actors = []
[debug] scenario = VehicleTurningRoute
[debug] current frame is 140
[debug] hazardous_actors = []
[debug] scenario = VehicleTurningRoute
[debug] current frame is 145
[debug] hazardous_actors = []
[debug] scenario = VehicleTurningRoute
[debug] current frame is 150
[debug] hazardous_actors = []
[debug] scenario = VehicleTurningRoute
[debug] scenario = VehicleTurningRoute
[debug] current frame is 155
[debug] hazardous_actors = []
[debug] scenario = VehicleTurningRoute
[debug] current frame is 160
[debug] hazardous_actors = []
[debug] scenario = VehicleTurningRoute
[debug] scenario = VehicleTurningRoute
[debug] current frame is 165
[debug] hazardous_actors = []
[debug] into second branch, scenario_name = VehicleTurningRoute
[debug] scenario = VehicleTurningRoute
[debug] current frame is 170
[debug] hazardous_actors = []
[debug] scenario = VehicleTurningRoute
[debug] scenario = VehicleTurningRoute
[debug] current frame is 175
[debug] hazardous_actors = []
[debug] scenario = VehicleTurningRoute
[debug] scenario = VehicleTurningRoute
[debug] scenario = VehicleTurningRoute
[debug] scenario = VehicleTurningRoute
[debug] current frame is 180
[debug] hazardous_actors = []
[debug] in branch in front, vehicles_in_front = [{'class': 'vehicle', 'state': 'dynamic', 'id': '45660', 'location': [468.8009948730469, 4493.6875, 370.45623779296875], 'rotation': [-0.2921818196773529, -0.04736328125, 179.72984313964844], 'bbx_loc': [0.0, 7.629394360719743e-08, 0.8157447576522827], 'center': [468.7968444824219, 4493.68798828125, 371.27197265625], 'extent': [0.8281218409538269, 0.2912190854549408, 0.8098834753036499], 'world_cord': [[467.9632263183594, 4493.4013671875, 372.0778503417969], [467.97149658203125, 4493.400390625, 370.4581298828125], [467.9659729003906, 4493.98388671875, 372.077392578125], [467.9742431640625, 4493.982421875, 370.4576416015625], [469.61944580078125, 4493.3935546875, 372.0863037109375], [469.627685546875, 4493.392578125, 370.466552734375], [469.6221923828125, 4493.97607421875, 372.0858154296875], [469.63043212890625, 4493.974609375, 370.4660949707031]], 'semantic_tags': [19, 4], 'type_id': 'vehicle.diamondback.century', 'color': '50,96,242', 'base_type': 'bicycle', 'num_points': 17, 'distance': 13.922675585800231, 'speed': 0.0, 'brake': 0.0, 'light_state': '3', 'road_id': 735, 'lane_id': 1, 'section_id': 0, 'world2vehicle': [[-0.9999759197235107, 0.004715037997812033, -0.0050995126366615295, 449.490966796875], [-0.004719313234090805, -0.9999885559082031, 0.0008266342920251191, 4495.54248046875], [-0.00509555684402585, 0.0008506806334480643, 0.9999866485595703, -371.88519287109375], [0.0, 0.0, 0.0, 1.0]], 'position': (13.816131076665897, -1.7251947247891621, 0.09072439578073954), 'yaw': -1.1524948127986412, 'color_rgb': None, 'color_name': None, 'lane_type': carla.libcarla.LaneType.Sidewalk, 'lane_type_str': 'Sidewalk', 'is_in_junction': False, 'junction_id': -1, 'distance_to_junction': 82.00050354003906, 'next_junction_id': 9604, 'next_road_ids': [9608], 'next_next_road_ids': [734], 'same_road_as_ego': False, 'same_direction_as_ego': False, 'lane_relative_to_ego': None, 'steer': 0.00017920743400642053, 'vehicle_cuts_in': False}]
[debug] into second branch, scenario_name = VehicleTurningRoute
[debug] scenario = VehicleTurningRoute
[debug] scenario = VehicleTurningRoute
[debug] scenario = VehicleTurningRoute
[debug] scenario = VehicleTurningRoute
[debug] scenario = VehicleTurningRoute
[debug] current frame is 185
[debug] hazardous_actors = [{'class': 'vehicle', 'state': 'dynamic', 'id': '45660', 'location': [467.8948669433594, 4493.69189453125, 370.4303894042969], 'rotation': [-3.5423271656036377, -0.055084213614463806, 179.73077392578125], 'bbx_loc': [0.0, 7.629394360719743e-08, 0.8157447576522827], 'center': [467.844482421875, 4493.69287109375, 371.24456787109375], 'extent': [0.8281218409538269, 0.2912190854549408, 0.8098834753036499], 'world_cord': [[466.9665222167969, 4493.40673828125, 372.00201416015625], [467.06658935546875, 4493.40478515625, 370.3853454589844], [466.96929931640625, 4493.9892578125, 372.00146484375], [467.0693664550781, 4493.98681640625, 370.3847961425781], [468.61956787109375, 4493.39892578125, 372.1043701171875], [468.7196350097656, 4493.39697265625, 370.4876708984375], [468.6223449707031, 4493.9814453125, 372.1037902832031], [468.722412109375, 4493.97900390625, 370.48712158203125]], 'semantic_tags': [19, 4], 'type_id': 'vehicle.diamondback.century', 'color': '50,96,242', 'base_type': 'bicycle', 'num_points': 73, 'distance': 9.77398539836223, 'speed': 2.2352107902780673, 'brake': 0.0, 'light_state': '3', 'road_id': 735, 'lane_id': 1, 'section_id': 0, 'world2vehicle': [[-0.9980784058570862, 0.004689909517765045, -0.06178589165210724, 468.80810546875], [-0.004758284892886877, -0.9999881982803345, 0.0009595638839527965, 4495.509765625], [-0.0617806613445282, 0.0012517148861661553, 0.9980889558792114, -346.4404296875], [0.0, 0.0, 0.0, 1.0]], 'position': (9.708856503204515, 1.1240333259861472, 0.15011408470036258), 'yaw': -1.4551809138654501, 'color_rgb': None, 'color_name': None, 'lane_type': carla.libcarla.LaneType.Shoulder, 'lane_type_str': 'Shoulder', 'is_in_junction': False, 'junction_id': -1, 'distance_to_junction': 82.00050354003906, 'next_junction_id': 9604, 'next_road_ids': [9608], 'next_next_road_ids': [734], 'same_road_as_ego': True, 'same_direction_as_ego': True, 'lane_relative_to_ego': 1, 'steer': 0.0005261711693078712, 'vehicle_cuts_in': False}]
[debug] in branch in front, vehicles_in_front = [{'class': 'vehicle', 'state': 'dynamic', 'id': '45660', 'location': [467.8948669433594, 4493.69189453125, 370.4303894042969], 'rotation': [-3.5423271656036377, -0.055084213614463806, 179.73077392578125], 'bbx_loc': [0.0, 7.629394360719743e-08, 0.8157447576522827], 'center': [467.844482421875, 4493.69287109375, 371.24456787109375], 'extent': [0.8281218409538269, 0.2912190854549408, 0.8098834753036499], 'world_cord': [[466.9665222167969, 4493.40673828125, 372.00201416015625], [467.06658935546875, 4493.40478515625, 370.3853454589844], [466.96929931640625, 4493.9892578125, 372.00146484375], [467.0693664550781, 4493.98681640625, 370.3847961425781], [468.61956787109375, 4493.39892578125, 372.1043701171875], [468.7196350097656, 4493.39697265625, 370.4876708984375], [468.6223449707031, 4493.9814453125, 372.1037902832031], [468.722412109375, 4493.97900390625, 370.48712158203125]], 'semantic_tags': [19, 4], 'type_id': 'vehicle.diamondback.century', 'color': '50,96,242', 'base_type': 'bicycle', 'num_points': 73, 'distance': 9.77398539836223, 'speed': 2.2352107902780673, 'brake': 0.0, 'light_state': '3', 'road_id': 735, 'lane_id': 1, 'section_id': 0, 'world2vehicle': [[-0.9980784058570862, 0.004689909517765045, -0.06178589165210724, 468.80810546875], [-0.004758284892886877, -0.9999881982803345, 0.0009595638839527965, 4495.509765625], [-0.0617806613445282, 0.0012517148861661553, 0.9980889558792114, -346.4404296875], [0.0, 0.0, 0.0, 1.0]], 'position': (9.708856503204515, 1.1240333259861472, 0.15011408470036258), 'yaw': -1.4551809138654501, 'color_rgb': None, 'color_name': None, 'lane_type': carla.libcarla.LaneType.Shoulder, 'lane_type_str': 'Shoulder', 'is_in_junction': False, 'junction_id': -1, 'distance_to_junction': 82.00050354003906, 'next_junction_id': 9604, 'next_road_ids': [9608], 'next_next_road_ids': [734], 'same_road_as_ego': True, 'same_direction_as_ego': True, 'lane_relative_to_ego': 1, 'steer': 0.0005261711693078712, 'vehicle_cuts_in': False}]
[debug] into second branch, scenario_name = VehicleTurningRoute
[debug] scenario = VehicleTurningRoute
[debug] scenario = VehicleTurningRoute
[debug] scenario = VehicleTurningRoute
[debug] scenario = VehicleTurningRoute
[debug] scenario = VehicleTurningRoute
[debug] current frame is 190
[debug] hazardous_actors = [{'class': 'vehicle', 'state': 'dynamic', 'id': '45660', 'location': [466.81500244140625, 4493.69775390625, 370.346435546875], 'rotation': [-2.4164113998413086, -0.0552978552877903, 179.73403930664062], 'bbx_loc': [0.0, 7.629394360719743e-08, 0.8157447576522827], 'center': [466.7806091308594, 4493.69873046875, 371.1614685058594], 'extent': [0.8281218409538269, 0.2912190854549408, 0.8098834753036499], 'world_cord': [[465.917724609375, 4493.412109375, 371.93597412109375], [465.98602294921875, 4493.41015625, 370.3176574707031], [465.92047119140625, 4493.99462890625, 371.9354248046875], [465.9887390136719, 4493.99267578125, 370.3171081542969], [467.5724792480469, 4493.40478515625, 372.00579833984375], [467.6407775878906, 4493.40283203125, 370.3874816894531], [467.5752258300781, 4493.98681640625, 372.0052490234375], [467.64349365234375, 4493.9853515625, 370.3869323730469]], 'semantic_tags': [19, 4], 'type_id': 'vehicle.diamondback.century', 'color': '50,96,242', 'base_type': 'bicycle', 'num_points': 238, 'distance': 5.87490149053014, 'speed': 2.086006539815511, 'brake': 0.0, 'light_state': '3', 'road_id': 735, 'lane_id': 1, 'section_id': 0, 'world2vehicle': [[-0.9991000294685364, 0.004637777805328369, -0.04216183349490166, 461.1686096191406], [-0.004682594444602728, -0.9999885559082031, 0.0009642713121138513, 4495.4755859375], [-0.0421568788588047, 0.0011608302593231201, 0.9991103410720825, -355.5539245605469], [0.0, 0.0, 0.0, 1.0]], 'position': (5.795803654586052, 0.9568689308597413, 0.09794840748867273), 'yaw': -1.5519924121281197, 'color_rgb': None, 'color_name': None, 'lane_type': carla.libcarla.LaneType.Shoulder, 'lane_type_str': 'Shoulder', 'is_in_junction': False, 'junction_id': -1, 'distance_to_junction': 82.00050354003906, 'next_junction_id': 9604, 'next_road_ids': [9608], 'next_next_road_ids': [734], 'same_road_as_ego': True, 'same_direction_as_ego': True, 'lane_relative_to_ego': 1, 'steer': -0.00035498623127337334, 'vehicle_cuts_in': False}]
[debug] in branch in front, vehicles_in_front = [{'class': 'vehicle', 'state': 'dynamic', 'id': '45660', 'location': [466.81500244140625, 4493.69775390625, 370.346435546875], 'rotation': [-2.4164113998413086, -0.0552978552877903, 179.73403930664062], 'bbx_loc': [0.0, 7.629394360719743e-08, 0.8157447576522827], 'center': [466.7806091308594, 4493.69873046875, 371.1614685058594], 'extent': [0.8281218409538269, 0.2912190854549408, 0.8098834753036499], 'world_cord': [[465.917724609375, 4493.412109375, 371.93597412109375], [465.98602294921875, 4493.41015625, 370.3176574707031], [465.92047119140625, 4493.99462890625, 371.9354248046875], [465.9887390136719, 4493.99267578125, 370.3171081542969], [467.5724792480469, 4493.40478515625, 372.00579833984375], [467.6407775878906, 4493.40283203125, 370.3874816894531], [467.5752258300781, 4493.98681640625, 372.0052490234375], [467.64349365234375, 4493.9853515625, 370.3869323730469]], 'semantic_tags': [19, 4], 'type_id': 'vehicle.diamondback.century', 'color': '50,96,242', 'base_type': 'bicycle', 'num_points': 238, 'distance': 5.87490149053014, 'speed': 2.086006539815511, 'brake': 0.0, 'light_state': '3', 'road_id': 735, 'lane_id': 1, 'section_id': 0, 'world2vehicle': [[-0.9991000294685364, 0.004637777805328369, -0.04216183349490166, 461.1686096191406], [-0.004682594444602728, -0.9999885559082031, 0.0009642713121138513, 4495.4755859375], [-0.0421568788588047, 0.0011608302593231201, 0.9991103410720825, -355.5539245605469], [0.0, 0.0, 0.0, 1.0]], 'position': (5.795803654586052, 0.9568689308597413, 0.09794840748867273), 'yaw': -1.5519924121281197, 'color_rgb': None, 'color_name': None, 'lane_type': carla.libcarla.LaneType.Shoulder, 'lane_type_str': 'Shoulder', 'is_in_junction': False, 'junction_id': -1, 'distance_to_junction': 82.00050354003906, 'next_junction_id': 9604, 'next_road_ids': [9608], 'next_next_road_ids': [734], 'same_road_as_ego': True, 'same_direction_as_ego': True, 'lane_relative_to_ego': 1, 'steer': -0.00035498623127337334, 'vehicle_cuts_in': False}, {'class': 'vehicle', 'state': 'dynamic', 'id': '45698', 'location': [465.7287292480469, 4468.01953125, 370.3529968261719], 'rotation': [0.4773072600364685, 0.0009789654286578298, -89.87032318115234], 'bbx_loc': [0.028371941298246384, 1.0883807590289507e-05, 1.016722321510315], 'center': [465.7287902832031, 4467.99951171875, 371.36993408203125], 'extent': [2.782914400100708, 1.0749834775924683, 1.0225735902786255], 'world_cord': [[466.8100891113281, 4465.2275390625, 372.4156188964844], [466.8100891113281, 4465.2109375, 370.37054443359375], [464.6601257324219, 4465.22314453125, 372.4156494140625], [464.6601257324219, 4465.2060546875, 370.3705749511719], [466.7974853515625, 4470.79345703125, 372.3692626953125], [466.7974853515625, 4470.7763671875, 370.3241882324219], [464.64752197265625, 4470.78857421875, 372.3692932128906], [464.64752197265625, 4470.771484375, 370.32421875]], 'semantic_tags': [14], 'type_id': 'vehicle.nissan.patrol_2021', 'color': '159,0,0', 'base_type': 'car', 'num_points': 26, 'distance': 31.455572815753186, 'speed': 3.2373164683462052, 'brake': 0.0, 'light_state': '131', 'road_id': 735, 'lane_id': 1, 'section_id': 0, 'world2vehicle': [[0.0022631834726780653, -0.9999627470970154, 0.00833048764616251, 4463.71337890625], [0.9999974370002747, 0.002263119677081704, -1.7085576473618858e-05, -475.8328857421875], [-1.7679503798717633e-06, 0.008330505341291428, 0.9999653100967407, -407.5601806640625], [0.0, 0.0, 0.0, 1.0]], 'position': (31.44756410969603, -0.613442147092087, 0.3671634900925085), 'yaw': -1.5519924121281197, 'color_rgb': None, 'color_name': None, 'lane_type': carla.libcarla.LaneType.Driving, 'lane_type_str': 'Driving', 'is_in_junction': False, 'junction_id': -1, 'distance_to_junction': 57.28530502319336, 'next_junction_id': 9604, 'next_road_ids': [9622], 'next_next_road_ids': [752], 'same_road_as_ego': True, 'same_direction_as_ego': True, 'lane_relative_to_ego': 0, 'steer': -0.00914683875025649, 'vehicle_cuts_in': False}]
[debug] into second branch, scenario_name = VehicleTurningRoute
[debug] scenario = VehicleTurningRoute
[debug] scenario = VehicleTurningRoute
[debug] scenario = VehicleTurningRoute
[debug] scenario = VehicleTurningRoute
[debug] scenario = VehicleTurningRoute
[debug] current frame is 195
[debug] hazardous_actors = [{'class': 'vehicle', 'state': 'dynamic', 'id': '45660', 'location': [465.7051696777344, 4493.70361328125, 370.3141174316406], 'rotation': [-0.20254242420196533, -0.0500793382525444, 179.73178100585938], 'bbx_loc': [0.0, 7.629394360719743e-08, 0.8157447576522827], 'center': [465.7023010253906, 4493.7041015625, 371.1298522949219], 'extent': [0.8281218409538269, 0.2912190854549408, 0.8098834753036499], 'world_cord': [[464.8699645996094, 4493.41748046875, 371.93707275390625], [464.87567138671875, 4493.41650390625, 370.3172912597656], [464.8726806640625, 4494.0, 371.9365539550781], [464.87841796875, 4493.99853515625, 370.3168029785156], [466.52618408203125, 4493.41015625, 371.94293212890625], [466.5318908691406, 4493.40869140625, 370.3231506347656], [466.5289001464844, 4493.9921875, 371.9424133300781], [466.53460693359375, 4493.99072265625, 370.3226623535156]], 'semantic_tags': [19, 4], 'type_id': 'vehicle.diamondback.century', 'color': '50,96,242', 'base_type': 'bicycle', 'num_points': 237, 'distance': 3.6759800309927497, 'speed': 2.181477381678354, 'brake': 0.0, 'light_state': '3', 'road_id': 735, 'lane_id': 1, 'section_id': 0, 'world2vehicle': [[-0.9999827742576599, 0.004681215155869722, -0.0035350245889276266, 445.9702453613281], [-0.00468433229252696, -0.9999886751174927, 0.0008740437333472073, 4495.5107421875], [-0.0035308930091559887, 0.0008905879221856594, 0.9999933838844299, -372.66937255859375], [0.0, 0.0, 0.0, 1.0]], 'position': (3.65099401858879, -0.427816013261463, 0.03662530901843297), 'yaw': -1.4984813831871029, 'color_rgb': None, 'color_name': None, 'lane_type': carla.libcarla.LaneType.Driving, 'lane_type_str': 'Driving', 'is_in_junction': False, 'junction_id': -1, 'distance_to_junction': 82.17373657226562, 'next_junction_id': 9604, 'next_road_ids': [9622], 'next_next_road_ids': [752], 'same_road_as_ego': True, 'same_direction_as_ego': True, 'lane_relative_to_ego': 0, 'steer': 0.00012804755457350791, 'vehicle_cuts_in': False}]
[debug] in branch in front, vehicles_in_front = [{'class': 'vehicle', 'state': 'dynamic', 'id': '45660', 'location': [465.7051696777344, 4493.70361328125, 370.3141174316406], 'rotation': [-0.20254242420196533, -0.0500793382525444, 179.73178100585938], 'bbx_loc': [0.0, 7.629394360719743e-08, 0.8157447576522827], 'center': [465.7023010253906, 4493.7041015625, 371.1298522949219], 'extent': [0.8281218409538269, 0.2912190854549408, 0.8098834753036499], 'world_cord': [[464.8699645996094, 4493.41748046875, 371.93707275390625], [464.87567138671875, 4493.41650390625, 370.3172912597656], [464.8726806640625, 4494.0, 371.9365539550781], [464.87841796875, 4493.99853515625, 370.3168029785156], [466.52618408203125, 4493.41015625, 371.94293212890625], [466.5318908691406, 4493.40869140625, 370.3231506347656], [466.5289001464844, 4493.9921875, 371.9424133300781], [466.53460693359375, 4493.99072265625, 370.3226623535156]], 'semantic_tags': [19, 4], 'type_id': 'vehicle.diamondback.century', 'color': '50,96,242', 'base_type': 'bicycle', 'num_points': 237, 'distance': 3.6759800309927497, 'speed': 2.181477381678354, 'brake': 0.0, 'light_state': '3', 'road_id': 735, 'lane_id': 1, 'section_id': 0, 'world2vehicle': [[-0.9999827742576599, 0.004681215155869722, -0.0035350245889276266, 445.9702453613281], [-0.00468433229252696, -0.9999886751174927, 0.0008740437333472073, 4495.5107421875], [-0.0035308930091559887, 0.0008905879221856594, 0.9999933838844299, -372.66937255859375], [0.0, 0.0, 0.0, 1.0]], 'position': (3.65099401858879, -0.427816013261463, 0.03662530901843297), 'yaw': -1.4984813831871029, 'color_rgb': None, 'color_name': None, 'lane_type': carla.libcarla.LaneType.Driving, 'lane_type_str': 'Driving', 'is_in_junction': False, 'junction_id': -1, 'distance_to_junction': 82.17373657226562, 'next_junction_id': 9604, 'next_road_ids': [9622], 'next_next_road_ids': [752], 'same_road_as_ego': True, 'same_direction_as_ego': True, 'lane_relative_to_ego': 0, 'steer': 0.00012804755457350791, 'vehicle_cuts_in': False}]
[debug] into second branch, scenario_name = VehicleTurningRoute
[debug] scenario = VehicleTurningRoute
[debug] scenario = VehicleTurningRoute
[debug] scenario = VehicleTurningRoute
[debug] scenario = VehicleTurningRoute
[debug] scenario = VehicleTurningRoute
[debug] current frame is 200
[debug] hazardous_actors = []
[debug] scenario = VehicleTurningRoute
[debug] scenario = VehicleTurningRoute
[debug] scenario = VehicleTurningRoute
[debug] scenario = VehicleTurningRoute
[debug] scenario = VehicleTurningRoute
[debug] current frame is 205
[debug] hazardous_actors = []
[debug] scenario = VehicleTurningRoute
[debug] scenario = VehicleTurningRoute
[debug] scenario = VehicleTurningRoute
[debug] scenario = VehicleTurningRoute
[debug] current frame is 210
[debug] hazardous_actors = []
[debug] scenario = VehicleTurningRoute
[debug] scenario = VehicleTurningRoute
[debug] scenario = VehicleTurningRoute
[debug] scenario = VehicleTurningRoute
[debug] current frame is 215
[debug] hazardous_actors = []
[debug] scenario = VehicleTurningRoute
[debug] scenario = VehicleTurningRoute
[debug] scenario = VehicleTurningRoute
[debug] scenario = VehicleTurningRoute
[debug] scenario = VehicleTurningRoute
[debug] current frame is 220
[debug] hazardous_actors = []
[debug] scenario = VehicleTurningRoute
[debug] scenario = VehicleTurningRoute
[debug] scenario = VehicleTurningRoute
[debug] scenario = VehicleTurningRoute
[debug] current frame is 225
[debug] hazardous_actors = []
[debug] in branch in front, vehicles_in_front = [{'class': 'vehicle', 'state': 'dynamic', 'id': '45698', 'location': [465.72125244140625, 4460.7109375, 370.3640441894531], 'rotation': [0.3692604899406433, 0.004445090889930725, -89.87933349609375], 'bbx_loc': [0.028371941298246384, 1.0883807590289507e-05, 1.016722321510315], 'center': [465.72137451171875, 4460.68896484375, 371.38092041015625], 'extent': [2.782914400100708, 1.0749834775924683, 1.0225735902786255], 'world_cord': [[466.80230712890625, 4457.9150390625, 372.42132568359375], [466.8021545410156, 4457.90185546875, 370.376220703125], [464.65234375, 4457.91064453125, 372.4215087890625], [464.6521911621094, 4457.8974609375, 370.37640380859375], [466.79058837890625, 4463.48095703125, 372.3854675292969], [466.7904357910156, 4463.4677734375, 370.3403625488281], [464.640625, 4463.47607421875, 372.3856201171875], [464.6404724121094, 4463.462890625, 370.34051513671875]], 'semantic_tags': [14], 'type_id': 'vehicle.nissan.patrol_2021', 'color': '159,0,0', 'base_type': 'car', 'num_points': 39, 'distance': 27.00939799841033, 'speed': 2.3328959809659557, 'brake': 0.0, 'light_state': '139', 'road_id': 735, 'lane_id': 1, 'section_id': 0, 'world2vehicle': [[0.0021059815771877766, -0.9999770522117615, 0.006444766651839018, 4457.24072265625], [0.9999977946281433, 0.0021055254619568586, -7.757986168144271e-05, -475.0836181640625], [6.400845450116321e-05, 0.006444915663450956, 0.9999792575836182, -399.13507080078125], [0.0, 0.0, 0.0, 1.0]], 'position': (26.991945975921226, 0.9651000609101743, -0.11768658883271144), 'yaw': -1.6132380598230533, 'color_rgb': None, 'color_name': None, 'lane_type': carla.libcarla.LaneType.Driving, 'lane_type_str': 'Driving', 'is_in_junction': False, 'junction_id': -1, 'distance_to_junction': 49.17238235473633, 'next_junction_id': 9604, 'next_road_ids': [9622], 'next_next_road_ids': [752], 'same_road_as_ego': True, 'same_direction_as_ego': True, 'lane_relative_to_ego': 0, 'steer': -0.02219818018742281, 'vehicle_cuts_in': False}]
[debug] into second branch, scenario_name = VehicleTurningRoute
[debug] scenario = VehicleTurningRoute
[debug] scenario = VehicleTurningRoute
[debug] scenario = VehicleTurningRoute
[debug] scenario = VehicleTurningRoute
[debug] current frame is 230
[debug] hazardous_actors = []
[debug] in branch in front, vehicles_in_front = [{'class': 'vehicle', 'state': 'dynamic', 'id': '45698', 'location': [465.7199401855469, 4460.03125, 370.36822509765625], 'rotation': [-0.04324192553758621, 1.416397572029382e-05, -89.96578216552734], 'bbx_loc': [0.028371941298246384, 1.0883807590289507e-05, 1.016722321510315], 'center': [465.719970703125, 4460.001953125, 371.3849182128906], 'extent': [2.782914400100708, 1.0749834775924683, 1.0225735902786255], 'world_cord': [[466.7966003417969, 4457.21923828125, 372.4053955078125], [466.7966003417969, 4457.220703125, 370.3602600097656], [464.6466369628906, 4457.2177734375, 372.4053955078125], [464.6466369628906, 4457.21923828125, 370.3602600097656], [466.7933044433594, 4462.78466796875, 372.40960693359375], [466.7933044433594, 4462.78662109375, 370.36444091796875], [464.643310546875, 4462.78369140625, 372.40960693359375], [464.643310546875, 4462.78515625, 370.36444091796875]], 'semantic_tags': [14], 'type_id': 'vehicle.nissan.patrol_2021', 'color': '159,0,0', 'base_type': 'car', 'num_points': 56, 'distance': 24.018721354527283, 'speed': 1.351375994651181, 'brake': 0.0, 'light_state': '131', 'road_id': 735, 'lane_id': 1, 'section_id': 0, 'world2vehicle': [[0.0005971945938654244, -0.9999995231628418, -0.0007547138957306743, 4460.0302734375], [0.9999998211860657, 0.0005971949431113899, -2.472079358994961e-07, -468.3832702636719], [6.979191766731674e-07, -0.0007547136046923697, 0.9999997019767761, -367.00238037109375], [0.0, 0.0, 0.0, 1.0]], 'position': (24.01542437336775, 0.4008626241351294, -0.02754642825596676), 'yaw': -1.591211054447008, 'color_rgb': None, 'color_name': None, 'lane_type': carla.libcarla.LaneType.Driving, 'lane_type_str': 'Driving', 'is_in_junction': False, 'junction_id': -1, 'distance_to_junction': 49.283287048339844, 'next_junction_id': 9604, 'next_road_ids': [9622], 'next_next_road_ids': [752], 'same_road_as_ego': True, 'same_direction_as_ego': True, 'lane_relative_to_ego': 0, 'steer': -0.015222199279050799, 'vehicle_cuts_in': False}]
[debug] into second branch, scenario_name = VehicleTurningRoute
[debug] scenario = VehicleTurningRoute
[debug] scenario = VehicleTurningRoute
[debug] scenario = VehicleTurningRoute
[debug] current frame is 235
[debug] hazardous_actors = []
[debug] in branch in front, vehicles_in_front = [{'class': 'vehicle', 'state': 'dynamic', 'id': '45698', 'location': [465.7165832519531, 4458.63916015625, 370.3654479980469], 'rotation': [0.5335265398025513, 0.004116220865398645, -90.08719635009766], 'bbx_loc': [0.028371941298246384, 1.0883807590289507e-05, 1.016722321510315], 'center': [465.7166442871094, 4458.6201171875, 371.38238525390625], 'extent': [2.782914400100708, 1.0749834775924683, 1.0225735902786255], 'world_cord': [[466.7874755859375, 4455.84521484375, 372.4307556152344], [466.78729248046875, 4455.826171875, 370.3857116699219], [464.63751220703125, 4455.8486328125, 372.430908203125], [464.6373291015625, 4455.82958984375, 370.3858642578125], [466.7959289550781, 4461.4111328125, 372.3789367675781], [466.7957763671875, 4461.39208984375, 370.3338623046875], [464.6459655761719, 4461.4140625, 372.37908935546875], [464.64581298828125, 4461.39501953125, 370.3340148925781]], 'semantic_tags': [14], 'type_id': 'vehicle.nissan.patrol_2021', 'color': '159,0,0', 'base_type': 'car', 'num_points': 80, 'distance': 21.657476288616152, 'speed': 4.524215889477559, 'brake': 0.0, 'light_state': '131', 'road_id': 735, 'lane_id': 1, 'section_id': 0, 'world2vehicle': [[-0.0015218029730021954, -0.9999555349349976, 0.009311660192906857, 4455.70068359375], [0.9999988675117493, -0.001522537786513567, -7.183849083958194e-05, -458.9010009765625], [8.601265290053561e-05, 0.009311540983617306, 0.9999566674232483, -411.90625], [0.0, 0.0, 0.0, 1.0]], 'position': (21.65661448627634, -0.1803975629393335, -0.05346868627085044), 'yaw': -1.5672708341438497, 'color_rgb': None, 'color_name': None, 'lane_type': carla.libcarla.LaneType.Driving, 'lane_type_str': 'Driving', 'is_in_junction': False, 'junction_id': -1, 'distance_to_junction': 47.18463897705078, 'next_junction_id': 9604, 'next_road_ids': [9622], 'next_next_road_ids': [752], 'same_road_as_ego': True, 'same_direction_as_ego': True, 'lane_relative_to_ego': 0, 'steer': -0.012902337556074065, 'vehicle_cuts_in': False}]
[debug] into second branch, scenario_name = VehicleTurningRoute
[debug] scenario = VehicleTurningRoute
[debug] scenario = VehicleTurningRoute
[debug] scenario = VehicleTurningRoute
[debug] current frame is 240
[debug] hazardous_actors = []
[debug] in branch in front, vehicles_in_front = [{'class': 'vehicle', 'state': 'dynamic', 'id': '45698', 'location': [465.7071228027344, 4455.7451171875, 370.3707580566406], 'rotation': [0.4124819338321686, 0.006433044094592333, -90.30113983154297], 'bbx_loc': [0.028371941298246384, 1.0883807590289507e-05, 1.016722321510315], 'center': [465.7071228027344, 4455.72412109375, 371.3876647949219], 'extent': [2.782914400100708, 1.0749834775924683, 1.0225735902786255], 'world_cord': [[466.76763916015625, 4452.94287109375, 372.43011474609375], [466.767333984375, 4452.92822265625, 370.385009765625], [464.6177062988281, 4452.9541015625, 372.43035888671875], [464.6174011230469, 4452.939453125, 370.38525390625], [466.796875, 4458.5087890625, 372.3900451660156], [466.79656982421875, 4458.49365234375, 370.344970703125], [464.6469421386719, 4458.52001953125, 372.3902893066406], [464.6466369628906, 4458.50537109375, 370.3451843261719]], 'semantic_tags': [14], 'type_id': 'vehicle.nissan.patrol_2021', 'color': '159,0,0', 'base_type': 'car', 'num_points': 84, 'distance': 20.540712647793868, 'speed': 7.314895218709202, 'brake': 0.0, 'light_state': '131', 'road_id': 735, 'lane_id': 1, 'section_id': 0, 'world2vehicle': [[-0.00525570148602128, -0.9999602437019348, 0.007199105340987444, 4455.34912109375], [0.9999861717224121, -0.005256646312773228, -0.00011227488721488044, -442.23681640625], [0.00015011357027105987, 0.007198415696620941, 0.9999740719795227, -402.50537109375], [0.0, 0.0, 0.0, 1.0]], 'position': (20.53813222597455, 0.3243115018623257, 0.0028396948047486603), 'yaw': -1.5908327524141623, 'color_rgb': None, 'color_name': None, 'lane_type': carla.libcarla.LaneType.Driving, 'lane_type_str': 'Driving', 'is_in_junction': False, 'junction_id': -1, 'distance_to_junction': 44.16692352294922, 'next_junction_id': 9604, 'next_road_ids': [9622], 'next_next_road_ids': [752], 'same_road_as_ego': True, 'same_direction_as_ego': True, 'lane_relative_to_ego': 0, 'steer': 0.0021191366664133193, 'vehicle_cuts_in': False}]
[debug] into second branch, scenario_name = VehicleTurningRoute
[debug] scenario = VehicleTurningRoute
[debug] scenario = VehicleTurningRoute
[debug] current frame is 245
[debug] hazardous_actors = []
[debug] in branch in front, vehicles_in_front = [{'class': 'vehicle', 'state': 'dynamic', 'id': '45698', 'location': [465.6882629394531, 4451.6884765625, 370.3783874511719], 'rotation': [0.14579038321971893, -0.0013122609816491604, -90.25188446044922], 'bbx_loc': [0.028371941298246384, 1.0883807590289507e-05, 1.016722321510315], 'center': [465.6881408691406, 4451.66259765625, 371.3951721191406], 'extent': [2.782914400100708, 1.0749834775924683, 1.0225735902786255], 'world_cord': [[466.7508544921875, 4448.8779296875, 372.42486572265625], [466.7508850097656, 4448.87255859375, 370.37969970703125], [464.6009216308594, 4448.88720703125, 372.4248046875], [464.6009521484375, 4448.8818359375, 370.3796691894531], [466.77532958984375, 4454.443359375, 372.41070556640625], [466.7753601074219, 4454.4384765625, 370.36553955078125], [464.6253967285156, 4454.453125, 372.41064453125], [464.6253967285156, 4454.44775390625, 370.3655090332031]], 'semantic_tags': [14], 'type_id': 'vehicle.nissan.patrol_2021', 'color': '159,0,0', 'base_type': 'car', 'num_points': 75, 'distance': 20.384508496833227, 'speed': 8.287518589882943, 'brake': 0.699999988079071, 'light_state': 'None', 'road_id': 735, 'lane_id': 1, 'section_id': 0, 'world2vehicle': [[-0.004396215546876192, -0.9999871253967285, 0.002544519491493702, 4452.736328125], [0.9999903440475464, -0.004396171309053898, 2.290319935127627e-05, -446.12188720703125], [-1.1716760127455927e-05, 0.002544595394283533, 0.9999967813491821, -381.6994934082031], [0.0, 0.0, 0.0, 1.0]], 'position': (20.37356077124423, -0.6576860445461534, -0.0857394330323018), 'yaw': -1.5433263527829473, 'color_rgb': None, 'color_name': None, 'lane_type': carla.libcarla.LaneType.Driving, 'lane_type_str': 'Driving', 'is_in_junction': False, 'junction_id': -1, 'distance_to_junction': 40.176212310791016, 'next_junction_id': 9604, 'next_road_ids': [9622], 'next_next_road_ids': [752], 'same_road_as_ego': True, 'same_direction_as_ego': True, 'lane_relative_to_ego': 0, 'steer': 0.0, 'vehicle_cuts_in': False}]
[debug] into second branch, scenario_name = VehicleTurningRoute
Stats saved.
