[debug] current frame is 0
[debug] hazardous_actors = []
[debug] current frame is 5
[debug] hazardous_actors = []
[debug] current frame is 10
[debug] hazardous_actors = []
[debug] current frame is 15
[debug] hazardous_actors = []
[debug] current frame is 20
[debug] hazardous_actors = [{'class': 'vehicle', 'state': 'dynamic', 'id': '23280', 'location': [1837.61572265625, -1702.86279296875, 334.4290466308594], 'rotation': [-0.1398003101348877, -0.0025024409405887127, -175.36672973632812], 'bbx_loc': [6.107494118623435e-05, 0.001811878988519311, 0.7014871835708618], 'center': [1837.6141357421875, -1702.86474609375, 335.1305236816406], 'extent': [2.6787397861480713, 1.0166014432907104, 0.7053293585777283], 'world_cord': [[1835.0245361328125, -1704.094482421875, 335.8293762207031], [1835.0279541015625, -1704.09423828125, 334.418701171875], [1834.8602294921875, -1702.06787109375, 335.82928466796875], [1834.86376953125, -1702.0677490234375, 334.4186096191406], [1840.364501953125, -1703.6617431640625, 335.8424377441406], [1840.367919921875, -1703.6614990234375, 334.4317932128906], [1840.2001953125, -1701.6351318359375, 335.84234619140625], [1840.2037353515625, -1701.6348876953125, 334.43170166015625]], 'semantic_tags': [14], 'type_id': 'vehicle.chevrolet.impala', 'color': '0,12,49', 'base_type': 'car', 'num_points': 304, 'distance': 9.666185478896375, 'speed': 3.3490882482148185, 'brake': 0.0, 'light_state': '3', 'road_id': 370, 'lane_id': -1, 'section_id': 1, 'world2vehicle': [[-0.9967291355133057, -0.08077742904424667, -0.002439973410218954, 1694.8682861328125], [0.08077756315469742, -0.9967321157455444, 4.367570363683626e-05, -1845.750732421875], [-0.0024355279747396708, -0.000153562257764861, 0.9999970197677612, -330.2139587402344], [0.0, 0.0, 0.0, 1.0]], 'position': (9.666199527437357, -0.026530802280149146, -0.04375064108147697), 'yaw': -3.0645665780136495, 'color_rgb': None, 'color_name': None, 'lane_type': carla.libcarla.LaneType.Driving, 'lane_type_str': 'Driving', 'is_in_junction': False, 'junction_id': -1, 'distance_to_junction': None, 'next_junction_id': -1, 'next_road_ids': [370], 'next_next_road_ids': [12661], 'same_road_as_ego': True, 'same_direction_as_ego': True, 'lane_relative_to_ego': 0, 'steer': -0.003901486725999981, 'vehicle_cuts_in': False}]
[debug] into second branch, scenario_name = HazardAtSideLaneTwoWays
[debug] current frame is 25
[debug] hazardous_actors = []
[debug] current frame is 30
[debug] hazardous_actors = []
[debug] current frame is 35
[debug] hazardous_actors = []
[debug] current frame is 40
[debug] hazardous_actors = []
[debug] current frame is 45
[debug] hazardous_actors = []
[debug] current frame is 50
[debug] hazardous_actors = []
[debug] current frame is 55
[debug] hazardous_actors = []
[debug] current frame is 60
[debug] hazardous_actors = []
[debug] current frame is 65
[debug] hazardous_actors = [{'class': 'vehicle', 'state': 'dynamic', 'id': '23242', 'location': [1796.4407958984375, -1706.5609130859375, 334.38909912109375], 'rotation': [0.003121396293863654, -0.24267572164535522, -176.7421112060547], 'bbx_loc': [0.0, 7.629394360719743e-08, 0.8157447576522827], 'center': [1796.440673828125, -1706.5574951171875, 335.204833984375], 'extent': [0.8281218409538269, 0.2912190854549408, 0.8098834753036499], 'world_cord': [[1795.6302490234375, -1706.891845703125, 336.0159912109375], [1795.630615234375, -1706.898681640625, 334.396240234375], [1795.59716796875, -1706.310302734375, 336.0135192871094], [1795.597412109375, -1706.3172607421875, 334.3937683105469], [1797.2838134765625, -1706.7977294921875, 336.0158996582031], [1797.2841796875, -1706.8045654296875, 334.3961486816406], [1797.250732421875, -1706.2161865234375, 336.013427734375], [1797.2509765625, -1706.2230224609375, 334.3936767578125]], 'semantic_tags': [19, 4], 'type_id': 'vehicle.diamondback.century', 'color': '214,0,0', 'base_type': 'bicycle', 'num_points': 25, 'distance': 14.65755611824124, 'speed': 2.0568713287161584, 'brake': 0.0, 'light_state': '3', 'road_id': 370, 'lane_id': -1, 'section_id': 1, 'world2vehicle': [[-0.9983838796615601, -0.05683020129799843, 5.4478641686728224e-05, 1696.5350341796875], [0.05682992562651634, -0.9983749389648438, 0.004235477652400732, -1807.29541015625], [-0.00018631292914506048, 0.004231728613376617, 0.9999910593032837, -326.8297119140625], [0.0, 0.0, 0.0, 1.0]], 'position': (14.636489006619286, 0.7848383486373223, 0.021803001358165375), 'yaw': -3.082770881960995, 'color_rgb': None, 'color_name': None, 'lane_type': carla.libcarla.LaneType.Driving, 'lane_type_str': 'Driving', 'is_in_junction': False, 'junction_id': -1, 'distance_to_junction': None, 'next_junction_id': -1, 'next_road_ids': [370], 'next_next_road_ids': [12661], 'same_road_as_ego': True, 'same_direction_as_ego': True, 'lane_relative_to_ego': 0, 'steer': 0.08983542875224333, 'vehicle_cuts_in': False}]
[debug] into second branch, scenario_name = HazardAtSideLaneTwoWays
[debug] current frame is 70
[debug] hazardous_actors = [{'class': 'vehicle', 'state': 'dynamic', 'id': '23242', 'location': [1795.414306640625, -1706.6268310546875, 334.39459228515625], 'rotation': [0.0024315472692251205, 0.24589520692825317, -176.21266174316406], 'bbx_loc': [0.0, 7.629394360719743e-08, 0.8157447576522827], 'center': [1795.41455078125, -1706.63037109375, 335.2103271484375], 'extent': [0.8281218409538269, 0.2912190854549408, 0.8098834753036499], 'world_cord': [[1794.6077880859375, -1706.9791259765625, 336.01898193359375], [1794.607177734375, -1706.97216796875, 334.39923095703125], [1794.5693359375, -1706.39794921875, 336.021484375], [1794.5687255859375, -1706.3909912109375, 334.4017333984375], [1796.2603759765625, -1706.86962890625, 336.0189208984375], [1796.2598876953125, -1706.86279296875, 334.399169921875], [1796.221923828125, -1706.2884521484375, 336.02142333984375], [1796.221435546875, -1706.2816162109375, 334.40167236328125]], 'semantic_tags': [19, 4], 'type_id': 'vehicle.diamondback.century', 'color': '214,0,0', 'base_type': 'bicycle', 'num_points': 33, 'distance': 11.635286013761299, 'speed': 2.057750895292801, 'brake': 0.0, 'light_state': '3', 'road_id': 370, 'lane_id': -1, 'section_id': 1, 'world2vehicle': [[-0.9978160858154297, -0.06605333834886551, 4.2438507080078125e-05, 1678.750732421875], [0.06605254858732224, -0.9978068470954895, -0.004291668068617582, -1820.04052734375], [0.00032582442509010434, -0.0042794919572770596, 0.9999907612800598, -342.2799987792969], [0.0, 0.0, 0.0, 1.0]], 'position': (11.579876063561187, 1.1338817201019538, 0.016785158176638504), 'yaw': -3.1043552699638695, 'color_rgb': None, 'color_name': None, 'lane_type': carla.libcarla.LaneType.Driving, 'lane_type_str': 'Driving', 'is_in_junction': False, 'junction_id': -1, 'distance_to_junction': None, 'next_junction_id': -1, 'next_road_ids': [370], 'next_next_road_ids': [12661], 'same_road_as_ego': True, 'same_direction_as_ego': True, 'lane_relative_to_ego': 0, 'steer': -0.09508304789809878, 'vehicle_cuts_in': False}]
[debug] into second branch, scenario_name = HazardAtSideLaneTwoWays
[debug] current frame is 75
[debug] hazardous_actors = []
[debug] current frame is 80
[debug] hazardous_actors = []
[debug] current frame is 85
[debug] hazardous_actors = []
[debug] current frame is 90
[debug] hazardous_actors = []
[debug] current frame is 95
[debug] hazardous_actors = []
[debug] current frame is 100
[debug] hazardous_actors = []
[debug] current frame is 105
[debug] hazardous_actors = []
[debug] current frame is 110
[debug] hazardous_actors = []
[debug] current frame is 115
[debug] hazardous_actors = []
[debug] current frame is 120
[debug] hazardous_actors = []
[debug] current frame is 125
[debug] hazardous_actors = []
[debug] current frame is 130
[debug] hazardous_actors = []
[debug] current frame is 135
[debug] hazardous_actors = []
[debug] current frame is 140
[debug] hazardous_actors = []
[debug] current frame is 145
[debug] hazardous_actors = []
[debug] current frame is 150
[debug] hazardous_actors = []
[debug] current frame is 155
[debug] hazardous_actors = []
[debug] current frame is 160
[debug] hazardous_actors = []
[debug] current frame is 165
[debug] hazardous_actors = []
[debug] current frame is 170
[debug] hazardous_actors = []
[debug] current frame is 175
[debug] hazardous_actors = [{'class': 'vehicle', 'state': 'dynamic', 'id': '23242', 'location': [1773.85302734375, -1707.891845703125, 334.5131530761719], 'rotation': [0.08047328144311905, -0.246734619140625, -177.05430603027344], 'bbx_loc': [0.0, 7.629394360719743e-08, 0.8157447576522827], 'center': [1773.85400390625, -1707.8883056640625, 335.3288879394531], 'extent': [0.8281218409538269, 0.2912190854549408, 0.8098834753036499], 'world_cord': [[1773.0428466796875, -1708.2181396484375, 336.14117431640625], [1773.041015625, -1708.2252197265625, 334.52142333984375], [1773.012939453125, -1707.636474609375, 336.138671875], [1773.010986328125, -1707.6435546875, 334.5189208984375], [1774.6968994140625, -1708.133056640625, 336.13885498046875], [1774.695068359375, -1708.14013671875, 334.51910400390625], [1774.6669921875, -1707.5513916015625, 336.1363525390625], [1774.6650390625, -1707.5584716796875, 334.5166015625]], 'semantic_tags': [19, 4], 'type_id': 'vehicle.diamondback.century', 'color': '214,0,0', 'base_type': 'bicycle', 'num_points': 53, 'distance': 9.757614589574677, 'speed': 2.056991272527228, 'brake': 0.0, 'light_state': '3', 'road_id': 370, 'lane_id': -1, 'section_id': 1, 'world2vehicle': [[-0.998677670955658, -0.05138932168483734, 0.0014045232674106956, 1683.2701416015625], [0.05139493569731712, -0.9986690878868103, 0.004306313581764698, -1798.2264404296875], [0.001181355444714427, 0.004372804891318083, 0.9999896883964539, -329.136962890625], [0.0, 0.0, 0.0, 1.0]], 'position': (7.779712138927152, 5.888229187378329, 0.13869766753850854), 'yaw': 2.758240202052811, 'color_rgb': None, 'color_name': None, 'lane_type': carla.libcarla.LaneType.Driving, 'lane_type_str': 'Driving', 'is_in_junction': False, 'junction_id': -1, 'distance_to_junction': None, 'next_junction_id': -1, 'next_road_ids': [370], 'next_next_road_ids': [12661], 'same_road_as_ego': True, 'same_direction_as_ego': True, 'lane_relative_to_ego': 0, 'steer': 0.08732880205340256, 'vehicle_cuts_in': False}]
[debug] current frame is 180
[debug] hazardous_actors = []
[debug] current frame is 185
[debug] hazardous_actors = []
[debug] current frame is 190
[debug] hazardous_actors = []
[debug] current frame is 195
[debug] hazardous_actors = []
[debug] current frame is 200
[debug] hazardous_actors = []
[debug] current frame is 205
[debug] hazardous_actors = []
[debug] current frame is 210
[debug] hazardous_actors = []
[debug] current frame is 215
[debug] hazardous_actors = []
[debug] current frame is 220
[debug] hazardous_actors = []
[debug] current frame is 225
[debug] hazardous_actors = []
[debug] current frame is 230
[debug] hazardous_actors = []
[debug] current frame is 235
[debug] hazardous_actors = []
[debug] current frame is 240
[debug] hazardous_actors = []
[debug] current frame is 245
[debug] hazardous_actors = []
[debug] current frame is 0
[debug] hazardous_actors = []
[debug] current frame is 5
[debug] hazardous_actors = []
[debug] current frame is 10
[debug] hazardous_actors = []
[debug] current frame is 15
[debug] hazardous_actors = []
[debug] current frame is 20
[debug] hazardous_actors = []
[debug] current frame is 25
[debug] hazardous_actors = []
[debug] current frame is 30
[debug] hazardous_actors = []
[debug] current frame is 35
[debug] hazardous_actors = []
[debug] current frame is 40
[debug] hazardous_actors = []
[debug] current frame is 45
[debug] hazardous_actors = []
[debug] current frame is 50
[debug] hazardous_actors = []
[debug] current frame is 55
[debug] hazardous_actors = []
[debug] current frame is 60
[debug] hazardous_actors = []
[debug] current frame is 65
[debug] hazardous_actors = []
[debug] current frame is 70
[debug] hazardous_actors = []
[debug] current frame is 75
[debug] hazardous_actors = []
[debug] current frame is 80
[debug] hazardous_actors = []
[debug] current frame is 85
[debug] hazardous_actors = []
[debug] current frame is 90
[debug] hazardous_actors = []
[debug] current frame is 95
[debug] hazardous_actors = []
[debug] current frame is 100
[debug] hazardous_actors = []
[debug] current frame is 105
[debug] hazardous_actors = []
[debug] current frame is 110
[debug] hazardous_actors = []
[debug] current frame is 115
[debug] hazardous_actors = []
[debug] current frame is 120
[debug] hazardous_actors = []
[debug] current frame is 125
[debug] hazardous_actors = []
[debug] current frame is 130
[debug] hazardous_actors = []
[debug] current frame is 135
[debug] hazardous_actors = []
[debug] current frame is 140
[debug] hazardous_actors = []
[debug] current frame is 145
[debug] hazardous_actors = []
[debug] current frame is 150
[debug] hazardous_actors = []
[debug] current frame is 155
[debug] hazardous_actors = []
[debug] current frame is 160
[debug] hazardous_actors = []
[debug] current frame is 165
[debug] hazardous_actors = []
[debug] current frame is 170
[debug] hazardous_actors = []
[debug] current frame is 175
[debug] hazardous_actors = []
[debug] current frame is 180
[debug] hazardous_actors = []
[debug] current frame is 185
[debug] hazardous_actors = []
[debug] current frame is 190
[debug] hazardous_actors = []
[debug] current frame is 195
[debug] hazardous_actors = []
[debug] current frame is 200
[debug] hazardous_actors = []
[debug] current frame is 205
[debug] hazardous_actors = []
[debug] current frame is 210
[debug] hazardous_actors = []
[debug] current frame is 215
[debug] hazardous_actors = []
[debug] current frame is 220
[debug] hazardous_actors = []
[debug] current frame is 225
[debug] hazardous_actors = []
[debug] current frame is 230
[debug] hazardous_actors = []
Stats saved.
