[debug] current frame is 0
[debug] hazardous_actors = []
[debug] current frame is 5
[debug] hazardous_actors = []
[debug] current frame is 10
[debug] hazardous_actors = []
[debug] current frame is 15
[debug] hazardous_actors = []
[debug] scenario = CrossingBicycleFlow
[debug] current frame is 20
[debug] hazardous_actors = []
[debug] scenario = CrossingBicycleFlow
[debug] current frame is 25
[debug] hazardous_actors = []
[debug] scenario = CrossingBicycleFlow
[debug] current frame is 30
[debug] hazardous_actors = []
[debug] into second branch, scenario_name = CrossingBicycleFlow
[debug] scenario = CrossingBicycleFlow
[debug] current frame is 35
[debug] hazardous_actors = []
[debug] into second branch, scenario_name = CrossingBicycleFlow
[debug] current frame is 40
[debug] hazardous_actors = []
[debug] into second branch, scenario_name = CrossingBicycleFlow
[debug] scenario = CrossingBicycleFlow
[debug] current frame is 45
[debug] hazardous_actors = []
[debug] scenario = CrossingBicycleFlow
[debug] current frame is 50
[debug] hazardous_actors = []
[debug] into second branch, scenario_name = CrossingBicycleFlow
[debug] scenario = CrossingBicycleFlow
[debug] scenario = CrossingBicycleFlow
[debug] current frame is 55
[debug] hazardous_actors = []
[debug] into second branch, scenario_name = CrossingBicycleFlow
[debug] scenario = CrossingBicycleFlow
[debug] scenario = CrossingBicycleFlow
[debug] scenario = CrossingBicycleFlow
[debug] current frame is 60
[debug] hazardous_actors = []
[debug] into second branch, scenario_name = CrossingBicycleFlow
[debug] scenario = CrossingBicycleFlow
[debug] scenario = CrossingBicycleFlow
[debug] scenario = CrossingBicycleFlow
[debug] current frame is 65
[debug] hazardous_actors = []
[debug] into second branch, scenario_name = CrossingBicycleFlow
[debug] scenario = CrossingBicycleFlow
[debug] scenario = CrossingBicycleFlow
[debug] scenario = CrossingBicycleFlow
[debug] scenario = CrossingBicycleFlow
[debug] current frame is 70
[debug] hazardous_actors = []
[debug] into second branch, scenario_name = CrossingBicycleFlow
[debug] scenario = CrossingBicycleFlow
[debug] scenario = CrossingBicycleFlow
[debug] scenario = CrossingBicycleFlow
[debug] scenario = CrossingBicycleFlow
[debug] current frame is 75
[debug] hazardous_actors = []
[debug] into second branch, scenario_name = CrossingBicycleFlow
[debug] scenario = CrossingBicycleFlow
[debug] scenario = CrossingBicycleFlow
[debug] scenario = CrossingBicycleFlow
[debug] scenario = CrossingBicycleFlow
[debug] current frame is 80
[debug] hazardous_actors = []
[debug] scenario = CrossingBicycleFlow
[debug] scenario = CrossingBicycleFlow
[debug] scenario = CrossingBicycleFlow
[debug] scenario = CrossingBicycleFlow
[debug] scenario = CrossingBicycleFlow
[debug] current frame is 85
[debug] hazardous_actors = []
[debug] into second branch, scenario_name = CrossingBicycleFlow
[debug] scenario = CrossingBicycleFlow
[debug] scenario = CrossingBicycleFlow
[debug] scenario = CrossingBicycleFlow
[debug] scenario = CrossingBicycleFlow
[debug] scenario = CrossingBicycleFlow
[debug] current frame is 90
[debug] hazardous_actors = []
[debug] into second branch, scenario_name = CrossingBicycleFlow
[debug] scenario = CrossingBicycleFlow
[debug] scenario = CrossingBicycleFlow
[debug] scenario = CrossingBicycleFlow
[debug] scenario = CrossingBicycleFlow
[debug] scenario = CrossingBicycleFlow
[debug] current frame is 95
[debug] hazardous_actors = []
[debug] into second branch, scenario_name = CrossingBicycleFlow
[debug] scenario = CrossingBicycleFlow
[debug] scenario = CrossingBicycleFlow
[debug] scenario = CrossingBicycleFlow
[debug] scenario = CrossingBicycleFlow
[debug] scenario = CrossingBicycleFlow
[debug] current frame is 100
[debug] hazardous_actors = []
[debug] into second branch, scenario_name = CrossingBicycleFlow
[debug] scenario = CrossingBicycleFlow
[debug] scenario = CrossingBicycleFlow
[debug] scenario = CrossingBicycleFlow
[debug] scenario = CrossingBicycleFlow
[debug] scenario = CrossingBicycleFlow
[debug] current frame is 105
[debug] hazardous_actors = []
[debug] into second branch, scenario_name = CrossingBicycleFlow
[debug] scenario = CrossingBicycleFlow
[debug] scenario = CrossingBicycleFlow
[debug] scenario = CrossingBicycleFlow
[debug] scenario = CrossingBicycleFlow
[debug] scenario = CrossingBicycleFlow
[debug] current frame is 110
[debug] hazardous_actors = []
[debug] into second branch, scenario_name = CrossingBicycleFlow
[debug] scenario = CrossingBicycleFlow
[debug] scenario = CrossingBicycleFlow
[debug] scenario = CrossingBicycleFlow
[debug] scenario = CrossingBicycleFlow
[debug] scenario = CrossingBicycleFlow
[debug] current frame is 115
[debug] hazardous_actors = []
[debug] into second branch, scenario_name = CrossingBicycleFlow
[debug] scenario = CrossingBicycleFlow
[debug] scenario = CrossingBicycleFlow
[debug] scenario = CrossingBicycleFlow
[debug] scenario = CrossingBicycleFlow
[debug] scenario = CrossingBicycleFlow
[debug] current frame is 120
[debug] hazardous_actors = []
[debug] scenario = CrossingBicycleFlow
[debug] scenario = CrossingBicycleFlow
[debug] scenario = CrossingBicycleFlow
[debug] scenario = CrossingBicycleFlow
[debug] scenario = CrossingBicycleFlow
[debug] current frame is 125
[debug] hazardous_actors = []
[debug] scenario = CrossingBicycleFlow
[debug] scenario = CrossingBicycleFlow
[debug] scenario = CrossingBicycleFlow
[debug] scenario = CrossingBicycleFlow
[debug] scenario = CrossingBicycleFlow
[debug] scenario = CrossingBicycleFlow
[debug] current frame is 130
[debug] hazardous_actors = []
[debug] into second branch, scenario_name = CrossingBicycleFlow
[debug] scenario = CrossingBicycleFlow
[debug] scenario = CrossingBicycleFlow
[debug] scenario = CrossingBicycleFlow
[debug] scenario = CrossingBicycleFlow
[debug] scenario = CrossingBicycleFlow
[debug] scenario = CrossingBicycleFlow
[debug] current frame is 135
[debug] hazardous_actors = []
[debug] into second branch, scenario_name = CrossingBicycleFlow
[debug] scenario = CrossingBicycleFlow
[debug] scenario = CrossingBicycleFlow
[debug] scenario = CrossingBicycleFlow
[debug] scenario = CrossingBicycleFlow
[debug] scenario = CrossingBicycleFlow
[debug] scenario = CrossingBicycleFlow
[debug] current frame is 140
[debug] hazardous_actors = []
[debug] into second branch, scenario_name = CrossingBicycleFlow
[debug] scenario = CrossingBicycleFlow
[debug] scenario = CrossingBicycleFlow
[debug] scenario = CrossingBicycleFlow
[debug] scenario = CrossingBicycleFlow
[debug] scenario = CrossingBicycleFlow
[debug] scenario = CrossingBicycleFlow
[debug] current frame is 145
[debug] hazardous_actors = []
[debug] into second branch, scenario_name = CrossingBicycleFlow
[debug] scenario = CrossingBicycleFlow
[debug] scenario = CrossingBicycleFlow
[debug] scenario = CrossingBicycleFlow
[debug] scenario = CrossingBicycleFlow
[debug] scenario = CrossingBicycleFlow
[debug] scenario = CrossingBicycleFlow
[debug] current frame is 150
[debug] hazardous_actors = []
[debug] into second branch, scenario_name = CrossingBicycleFlow
[debug] scenario = CrossingBicycleFlow
[debug] scenario = CrossingBicycleFlow
[debug] scenario = CrossingBicycleFlow
[debug] scenario = CrossingBicycleFlow
[debug] scenario = CrossingBicycleFlow
[debug] current frame is 155
[debug] hazardous_actors = []
[debug] scenario = CrossingBicycleFlow
[debug] scenario = CrossingBicycleFlow
[debug] scenario = CrossingBicycleFlow
[debug] scenario = CrossingBicycleFlow
[debug] scenario = CrossingBicycleFlow
[debug] scenario = CrossingBicycleFlow
[debug] current frame is 160
[debug] hazardous_actors = []
[debug] scenario = CrossingBicycleFlow
[debug] scenario = CrossingBicycleFlow
[debug] scenario = CrossingBicycleFlow
[debug] scenario = CrossingBicycleFlow
[debug] scenario = CrossingBicycleFlow
[debug] current frame is 165
[debug] hazardous_actors = []
[debug] into second branch, scenario_name = CrossingBicycleFlow
[debug] scenario = CrossingBicycleFlow
[debug] scenario = CrossingBicycleFlow
[debug] scenario = CrossingBicycleFlow
[debug] scenario = CrossingBicycleFlow
[debug] scenario = CrossingBicycleFlow
[debug] scenario = CrossingBicycleFlow
[debug] current frame is 170
[debug] hazardous_actors = []
[debug] scenario = CrossingBicycleFlow
[debug] scenario = CrossingBicycleFlow
[debug] scenario = CrossingBicycleFlow
[debug] scenario = CrossingBicycleFlow
[debug] scenario = CrossingBicycleFlow
[debug] scenario = CrossingBicycleFlow
[debug] current frame is 175
[debug] hazardous_actors = []
[debug] scenario = CrossingBicycleFlow
[debug] scenario = CrossingBicycleFlow
[debug] scenario = CrossingBicycleFlow
[debug] scenario = CrossingBicycleFlow
[debug] scenario = CrossingBicycleFlow
[debug] scenario = CrossingBicycleFlow
[debug] current frame is 180
[debug] hazardous_actors = []
[debug] scenario = CrossingBicycleFlow
[debug] scenario = CrossingBicycleFlow
[debug] scenario = CrossingBicycleFlow
[debug] scenario = CrossingBicycleFlow
[debug] scenario = CrossingBicycleFlow
[debug] scenario = CrossingBicycleFlow
[debug] current frame is 185
[debug] hazardous_actors = []
[debug] into second branch, scenario_name = CrossingBicycleFlow
[debug] scenario = CrossingBicycleFlow
[debug] scenario = CrossingBicycleFlow
[debug] scenario = CrossingBicycleFlow
[debug] scenario = CrossingBicycleFlow
[debug] scenario = CrossingBicycleFlow
[debug] scenario = CrossingBicycleFlow
[debug] current frame is 190
[debug] hazardous_actors = []
[debug] into second branch, scenario_name = CrossingBicycleFlow
[debug] scenario = CrossingBicycleFlow
[debug] scenario = CrossingBicycleFlow
[debug] scenario = CrossingBicycleFlow
[debug] scenario = CrossingBicycleFlow
[debug] scenario = CrossingBicycleFlow
[debug] scenario = CrossingBicycleFlow
[debug] current frame is 195
[debug] hazardous_actors = []
[debug] into second branch, scenario_name = CrossingBicycleFlow
[debug] scenario = CrossingBicycleFlow
[debug] scenario = CrossingBicycleFlow
[debug] scenario = CrossingBicycleFlow
[debug] scenario = CrossingBicycleFlow
[debug] scenario = CrossingBicycleFlow
[debug] scenario = CrossingBicycleFlow
[debug] current frame is 200
[debug] hazardous_actors = []
[debug] into second branch, scenario_name = CrossingBicycleFlow
[debug] scenario = CrossingBicycleFlow
[debug] scenario = CrossingBicycleFlow
[debug] scenario = CrossingBicycleFlow
[debug] scenario = CrossingBicycleFlow
[debug] scenario = CrossingBicycleFlow
[debug] scenario = CrossingBicycleFlow
[debug] current frame is 205
[debug] hazardous_actors = []
[debug] into second branch, scenario_name = CrossingBicycleFlow
[debug] scenario = CrossingBicycleFlow
[debug] scenario = CrossingBicycleFlow
[debug] scenario = CrossingBicycleFlow
[debug] scenario = CrossingBicycleFlow
[debug] scenario = CrossingBicycleFlow
[debug] current frame is 210
[debug] hazardous_actors = []
[debug] scenario = CrossingBicycleFlow
[debug] scenario = CrossingBicycleFlow
[debug] scenario = CrossingBicycleFlow
[debug] scenario = CrossingBicycleFlow
[debug] scenario = CrossingBicycleFlow
[debug] scenario = CrossingBicycleFlow
[debug] current frame is 215
[debug] hazardous_actors = []
[debug] into second branch, scenario_name = CrossingBicycleFlow
[debug] scenario = CrossingBicycleFlow
[debug] scenario = CrossingBicycleFlow
[debug] scenario = CrossingBicycleFlow
[debug] scenario = CrossingBicycleFlow
[debug] scenario = CrossingBicycleFlow
[debug] current frame is 220
[debug] hazardous_actors = []
[debug] into second branch, scenario_name = CrossingBicycleFlow
[debug] scenario = CrossingBicycleFlow
[debug] scenario = CrossingBicycleFlow
[debug] scenario = CrossingBicycleFlow
[debug] scenario = CrossingBicycleFlow
[debug] scenario = CrossingBicycleFlow
[debug] scenario = CrossingBicycleFlow
[debug] current frame is 225
[debug] hazardous_actors = []
[debug] into second branch, scenario_name = CrossingBicycleFlow
[debug] scenario = CrossingBicycleFlow
[debug] scenario = CrossingBicycleFlow
[debug] scenario = CrossingBicycleFlow
[debug] scenario = CrossingBicycleFlow
[debug] scenario = CrossingBicycleFlow
[debug] scenario = CrossingBicycleFlow
[debug] current frame is 230
[debug] hazardous_actors = []
[debug] scenario = CrossingBicycleFlow
[debug] scenario = CrossingBicycleFlow
[debug] scenario = CrossingBicycleFlow
[debug] scenario = CrossingBicycleFlow
[debug] scenario = CrossingBicycleFlow
[debug] scenario = CrossingBicycleFlow
[debug] current frame is 235
[debug] hazardous_actors = []
[debug] into second branch, scenario_name = CrossingBicycleFlow
[debug] scenario = CrossingBicycleFlow
[debug] scenario = CrossingBicycleFlow
[debug] scenario = CrossingBicycleFlow
[debug] scenario = CrossingBicycleFlow
[debug] scenario = CrossingBicycleFlow
[debug] scenario = CrossingBicycleFlow
[debug] current frame is 240
[debug] hazardous_actors = []
[debug] into second branch, scenario_name = CrossingBicycleFlow
[debug] scenario = CrossingBicycleFlow
[debug] scenario = CrossingBicycleFlow
[debug] scenario = CrossingBicycleFlow
[debug] scenario = CrossingBicycleFlow
[debug] scenario = CrossingBicycleFlow
[debug] scenario = CrossingBicycleFlow
[debug] current frame is 245
[debug] hazardous_actors = []
[debug] into second branch, scenario_name = CrossingBicycleFlow
[debug] scenario = CrossingBicycleFlow
[debug] scenario = CrossingBicycleFlow
[debug] scenario = CrossingBicycleFlow
[debug] scenario = CrossingBicycleFlow
[debug] scenario = CrossingBicycleFlow
[debug] scenario = CrossingBicycleFlow
[debug] current frame is 250
[debug] hazardous_actors = []
[debug] scenario = CrossingBicycleFlow
[debug] scenario = CrossingBicycleFlow
[debug] scenario = CrossingBicycleFlow
[debug] scenario = CrossingBicycleFlow
[debug] scenario = CrossingBicycleFlow
[debug] scenario = CrossingBicycleFlow
[debug] scenario = CrossingBicycleFlow
[debug] current frame is 255
[debug] hazardous_actors = []
[debug] into second branch, scenario_name = CrossingBicycleFlow
[debug] scenario = CrossingBicycleFlow
[debug] scenario = CrossingBicycleFlow
[debug] scenario = CrossingBicycleFlow
[debug] scenario = CrossingBicycleFlow
[debug] scenario = CrossingBicycleFlow
[debug] scenario = CrossingBicycleFlow
[debug] current frame is 260
[debug] hazardous_actors = []
[debug] into second branch, scenario_name = CrossingBicycleFlow
[debug] scenario = CrossingBicycleFlow
[debug] scenario = CrossingBicycleFlow
[debug] scenario = CrossingBicycleFlow
[debug] scenario = CrossingBicycleFlow
[debug] scenario = CrossingBicycleFlow
[debug] scenario = CrossingBicycleFlow
[debug] current frame is 265
[debug] hazardous_actors = []
[debug] into second branch, scenario_name = CrossingBicycleFlow
[debug] scenario = CrossingBicycleFlow
[debug] scenario = CrossingBicycleFlow
[debug] scenario = CrossingBicycleFlow
[debug] scenario = CrossingBicycleFlow
[debug] scenario = CrossingBicycleFlow
[debug] scenario = CrossingBicycleFlow
[debug] current frame is 270
[debug] hazardous_actors = []
[debug] into second branch, scenario_name = CrossingBicycleFlow
[debug] scenario = CrossingBicycleFlow
[debug] scenario = CrossingBicycleFlow
[debug] scenario = CrossingBicycleFlow
[debug] scenario = CrossingBicycleFlow
[debug] scenario = CrossingBicycleFlow
[debug] scenario = CrossingBicycleFlow
[debug] current frame is 275
[debug] hazardous_actors = []
[debug] scenario = CrossingBicycleFlow
[debug] scenario = CrossingBicycleFlow
[debug] scenario = CrossingBicycleFlow
[debug] scenario = CrossingBicycleFlow
[debug] scenario = CrossingBicycleFlow
[debug] scenario = CrossingBicycleFlow
[debug] current frame is 280
[debug] hazardous_actors = []
[debug] scenario = CrossingBicycleFlow
[debug] scenario = CrossingBicycleFlow
[debug] scenario = CrossingBicycleFlow
[debug] scenario = CrossingBicycleFlow
[debug] scenario = CrossingBicycleFlow
[debug] scenario = CrossingBicycleFlow
[debug] current frame is 285
[debug] hazardous_actors = []
[debug] into second branch, scenario_name = CrossingBicycleFlow
[debug] scenario = CrossingBicycleFlow
[debug] scenario = CrossingBicycleFlow
[debug] scenario = CrossingBicycleFlow
[debug] scenario = CrossingBicycleFlow
[debug] scenario = CrossingBicycleFlow
[debug] current frame is 290
[debug] hazardous_actors = []
[debug] into second branch, scenario_name = CrossingBicycleFlow
[debug] scenario = CrossingBicycleFlow
[debug] scenario = CrossingBicycleFlow
[debug] scenario = CrossingBicycleFlow
[debug] scenario = CrossingBicycleFlow
[debug] scenario = CrossingBicycleFlow
[debug] current frame is 295
[debug] hazardous_actors = []
[debug] scenario = CrossingBicycleFlow
[debug] scenario = CrossingBicycleFlow
[debug] scenario = CrossingBicycleFlow
[debug] scenario = CrossingBicycleFlow
[debug] scenario = CrossingBicycleFlow
[debug] current frame is 300
[debug] hazardous_actors = []
[debug] scenario = CrossingBicycleFlow
[debug] scenario = CrossingBicycleFlow
[debug] scenario = CrossingBicycleFlow
[debug] scenario = CrossingBicycleFlow
[debug] scenario = CrossingBicycleFlow
[debug] current frame is 305
[debug] hazardous_actors = []
[debug] into second branch, scenario_name = CrossingBicycleFlow
[debug] scenario = CrossingBicycleFlow
[debug] scenario = CrossingBicycleFlow
[debug] scenario = CrossingBicycleFlow
[debug] scenario = CrossingBicycleFlow
[debug] scenario = CrossingBicycleFlow
[debug] scenario = CrossingBicycleFlow
[debug] current frame is 310
[debug] hazardous_actors = []
[debug] into second branch, scenario_name = CrossingBicycleFlow
[debug] scenario = CrossingBicycleFlow
[debug] scenario = CrossingBicycleFlow
[debug] scenario = CrossingBicycleFlow
[debug] scenario = CrossingBicycleFlow
[debug] scenario = CrossingBicycleFlow
[debug] current frame is 315
[debug] hazardous_actors = []
[debug] scenario = CrossingBicycleFlow
[debug] scenario = CrossingBicycleFlow
[debug] scenario = CrossingBicycleFlow
[debug] scenario = CrossingBicycleFlow
[debug] scenario = CrossingBicycleFlow
[debug] current frame is 320
[debug] hazardous_actors = []
[debug] scenario = CrossingBicycleFlow
[debug] scenario = CrossingBicycleFlow
[debug] scenario = CrossingBicycleFlow
[debug] scenario = CrossingBicycleFlow
[debug] scenario = CrossingBicycleFlow
[debug] current frame is 325
[debug] hazardous_actors = []
[debug] scenario = CrossingBicycleFlow
[debug] scenario = CrossingBicycleFlow
[debug] scenario = CrossingBicycleFlow
[debug] scenario = CrossingBicycleFlow
[debug] scenario = CrossingBicycleFlow
[debug] current frame is 330
[debug] hazardous_actors = []
[debug] scenario = CrossingBicycleFlow
[debug] scenario = CrossingBicycleFlow
[debug] scenario = CrossingBicycleFlow
[debug] scenario = CrossingBicycleFlow
[debug] scenario = CrossingBicycleFlow
[debug] scenario = CrossingBicycleFlow
[debug] current frame is 335
[debug] hazardous_actors = []
[debug] scenario = CrossingBicycleFlow
[debug] scenario = CrossingBicycleFlow
[debug] scenario = CrossingBicycleFlow
[debug] scenario = CrossingBicycleFlow
[debug] scenario = CrossingBicycleFlow
[debug] current frame is 340
[debug] hazardous_actors = []
[debug] scenario = CrossingBicycleFlow
[debug] scenario = CrossingBicycleFlow
[debug] scenario = CrossingBicycleFlow
[debug] scenario = CrossingBicycleFlow
[debug] current frame is 345
[debug] hazardous_actors = []
[debug] scenario = CrossingBicycleFlow
[debug] scenario = CrossingBicycleFlow
[debug] scenario = CrossingBicycleFlow
[debug] scenario = CrossingBicycleFlow
[debug] scenario = CrossingBicycleFlow
[debug] current frame is 350
[debug] hazardous_actors = []
[debug] in branch in front, vehicles_in_front = [{'class': 'vehicle', 'state': 'dynamic', 'id': '4438', 'location': [1736.0792236328125, 4998.2646484375, 368.0871276855469], 'rotation': [-0.9877614378929138, -0.0005187987117096782, -0.076416015625], 'bbx_loc': [-0.00037140605854801834, -1.2199510024402116e-07, 0.6926559209823608], 'center': [1736.0908203125, 4998.2646484375, 368.7796936035156], 'extent': [2.0906050205230713, 0.9970585703849792, 0.6926480531692505], 'world_cord': [[1738.1943359375, 4999.2587890625, 369.4361877441406], [1738.1705322265625, 4999.2587890625, 368.0511169433594], [1738.191650390625, 4997.2646484375, 369.4361877441406], [1738.1678466796875, 4997.2646484375, 368.05108642578125], [1734.0137939453125, 4999.2646484375, 369.5082702636719], [1733.9898681640625, 4999.2646484375, 368.1231994628906], [1734.0111083984375, 4997.2705078125, 369.5082702636719], [1733.9871826171875, 4997.2705078125, 368.1231689453125]], 'semantic_tags': [14], 'type_id': 'vehicle.audi.tt', 'color': '33,33,33', 'base_type': 'car', 'num_points': 76, 'distance': 19.649289213191235, 'speed': 0.0, 'brake': 1.0, 'light_state': '155', 'road_id': 301, 'lane_id': -2, 'section_id': 0, 'world2vehicle': [[0.9998505115509033, -0.0013335125986486673, -0.017238836735486984, -1722.80908203125], [0.0013338668504729867, 0.9999991059303284, 9.053400390257593e-06, -5000.57958984375], [0.017238810658454895, -3.2046358683146536e-05, 0.999851405620575, -397.8002014160156], [0.0, 0.0, 0.0, 1.0]], 'position': (19.641024623118938, -0.6540250606230984, -0.04431951538481371), 'yaw': 2.8633511755366037, 'color_rgb': None, 'color_name': None, 'lane_type': carla.libcarla.LaneType.Driving, 'lane_type_str': 'Driving', 'is_in_junction': False, 'junction_id': -1, 'distance_to_junction': 6.641683101654053, 'next_junction_id': 14280, 'next_road_ids': [14294], 'next_next_road_ids': [549], 'same_road_as_ego': False, 'same_direction_as_ego': False, 'lane_relative_to_ego': None, 'steer': 0.0, 'vehicle_cuts_in': False}]
[debug] into second branch, scenario_name = CrossingBicycleFlow
[debug] scenario = CrossingBicycleFlow
[debug] scenario = CrossingBicycleFlow
[debug] scenario = CrossingBicycleFlow
[debug] scenario = CrossingBicycleFlow
[debug] current frame is 355
[debug] hazardous_actors = []
[debug] in branch in front, vehicles_in_front = [{'class': 'vehicle', 'state': 'dynamic', 'id': '4456', 'location': [1745.7696533203125, 5000.37744140625, 367.9100646972656], 'rotation': [-1.4247773885726929, 0.4969108998775482, 0.24370793998241425], 'bbx_loc': [0.0, 7.629394360719743e-08, 0.8157447576522827], 'center': [1745.7899169921875, 5000.384765625, 368.72552490234375], 'extent': [0.8281218409538269, 0.2912190854549408, 0.8098834753036499], 'world_cord': [[1746.6365966796875, 5000.6865234375, 369.51202392578125], [1746.5963134765625, 5000.67236328125, 367.892822265625], [1746.63916015625, 5000.10400390625, 369.5170593261719], [1746.5989990234375, 5000.08984375, 367.8978576660156], [1744.9808349609375, 5000.67919921875, 369.5531921386719], [1744.940673828125, 5000.6650390625, 367.9339904785156], [1744.9833984375, 5000.09716796875, 369.5582580566406], [1744.9432373046875, 5000.0830078125, 367.93902587890625]], 'semantic_tags': [19, 4], 'type_id': 'vehicle.diamondback.century', 'color': '214,0,0', 'base_type': 'bicycle', 'num_points': 93, 'distance': 8.407579161811237, 'speed': 3.4531916317035978, 'brake': 0.0, 'light_state': 'NONE', 'road_id': 14294, 'lane_id': -1, 'section_id': 0, 'world2vehicle': [[0.9996817708015442, 0.0042521776631474495, -0.024864492937922478, -1757.32861328125], [-0.004468970932066441, 0.9999524354934692, -0.008669940754771233, -4989.14794921875], [0.024826442822813988, 0.008778301067650318, 0.9996532201766968, -455.0185546875], [0.0, 0.0, 0.0, 1.0]], 'position': (8.403812689454298, 0.2607303743279772, -0.020742641086712865), 'yaw': 2.354214429921871, 'color_rgb': None, 'color_name': None, 'lane_type': carla.libcarla.LaneType.Biking, 'lane_type_str': 'Biking', 'is_in_junction': True, 'junction_id': 14280, 'distance_to_junction': 0.0, 'next_junction_id': -1, 'next_road_ids': [302], 'next_next_road_ids': [11559], 'same_road_as_ego': False, 'same_direction_as_ego': False, 'lane_relative_to_ego': None, 'steer': -0.055714753426587854, 'vehicle_cuts_in': False}]
[debug] into second branch, scenario_name = CrossingBicycleFlow
[debug] scenario = CrossingBicycleFlow
[debug] scenario = CrossingBicycleFlow
[debug] current frame is 360
[debug] hazardous_actors = []
[debug] in branch in front, vehicles_in_front = [{'class': 'vehicle', 'state': 'dynamic', 'id': '4456', 'location': [1747.51708984375, 5000.3759765625, 367.8775634765625], 'rotation': [-0.8536301851272583, -0.3031005263328552, -0.3142089545726776], 'bbx_loc': [0.0, 7.629394360719743e-08, 0.8157447576522827], 'center': [1747.5291748046875, 5000.37158203125, 368.6932067871094], 'extent': [0.8281218409538269, 0.2912190854549408, 0.8098834753036499], 'world_cord': [[1748.370849609375, 5000.65380859375, 369.4921875], [1748.3468017578125, 5000.66259765625, 367.87261962890625], [1748.36767578125, 5000.0712890625, 369.4891052246094], [1748.3436279296875, 5000.080078125, 367.8695373535156], [1746.71484375, 5000.6630859375, 369.5168762207031], [1746.6907958984375, 5000.671875, 367.8973083496094], [1746.711669921875, 5000.08056640625, 369.5137939453125], [1746.6875, 5000.08935546875, 367.89422607421875]], 'semantic_tags': [19, 4], 'type_id': 'vehicle.diamondback.century', 'color': '214,0,0', 'base_type': 'bicycle', 'num_points': 316, 'distance': 3.807004205633901, 'speed': 3.479530703867144, 'brake': 0.0, 'light_state': 'NONE', 'road_id': 14314, 'lane_id': -1, 'section_id': 0, 'world2vehicle': [[0.9998739957809448, -0.005483344662934542, -0.014898105524480343, -1714.3973388671875], [0.0055626872926950455, 0.999970555305481, 0.005289490334689617, -5011.89501953125], [0.014868662692606449, -0.005371697247028351, 0.999875009059906, -366.9543151855469], [0.0, 0.0, 0.0, 1.0]], 'position': (3.627275642732002, 1.1548365807011578, 0.04173001576054958), 'yaw': 1.986746269548612, 'color_rgb': None, 'color_name': None, 'lane_type': carla.libcarla.LaneType.Biking, 'lane_type_str': 'Biking', 'is_in_junction': True, 'junction_id': 14280, 'distance_to_junction': 0.0, 'next_junction_id': -1, 'next_road_ids': [302], 'next_next_road_ids': [11559], 'same_road_as_ego': False, 'same_direction_as_ego': False, 'lane_relative_to_ego': None, 'steer': 2.28018398400283, 'vehicle_cuts_in': False}]
[debug] into second branch, scenario_name = CrossingBicycleFlow
[debug] scenario = CrossingBicycleFlow
[debug] scenario = CrossingBicycleFlow
[debug] current frame is 365
[debug] hazardous_actors = []
[debug] in branch in front, vehicles_in_front = [{'class': 'vehicle', 'state': 'dynamic', 'id': '4456', 'location': [1748.9398193359375, 5000.38134765625, 368.39959716796875], 'rotation': [33.6729621887207, 65.72814178466797, 19.484886169433594], 'bbx_loc': [0.0, 7.629394360719743e-08, 0.8157447576522827], 'center': [1748.5164794921875, 5001.0205078125, 368.67864990234375], 'extent': [0.8281218409538269, 0.2912190854549408, 0.8098834753036499], 'world_cord': [[1748.8447265625, 5002.046875, 369.1939392089844], [1749.685302734375, 5000.77783203125, 368.63983154296875], [1748.6470947265625, 5001.72265625, 369.63580322265625], [1749.4876708984375, 5000.4541015625, 369.0816955566406], [1747.5452880859375, 5001.5869140625, 368.275634765625], [1748.3858642578125, 5000.31787109375, 367.7215270996094], [1747.34765625, 5001.26318359375, 368.7174987792969], [1748.188232421875, 4999.994140625, 368.16339111328125]], 'semantic_tags': [19, 4], 'type_id': 'vehicle.diamondback.century', 'color': '214,0,0', 'base_type': 'bicycle', 'num_points': 95, 'distance': 2.2057544897458135, 'speed': 1.336010780547376, 'brake': 0.0, 'light_state': 'NONE', 'road_id': 14335, 'lane_id': 1, 'section_id': 0, 'world2vehicle': [[0.7845544815063477, 0.27759239077568054, 0.5544517636299133, -2964.46630859375], [0.3393796682357788, 0.5561187267303467, -0.75865238904953, -3094.873046875], [-0.5189371109008789, 0.7833737730979919, 0.342096209526062, -3135.60595703125], [0.0, 0.0, 0.0, 1.0]], 'position': (2.196127240417809, 0.16232277716244425, 0.5470040186215499), 'yaw': 1.887677342787937, 'color_rgb': None, 'color_name': None, 'lane_type': carla.libcarla.LaneType.Biking, 'lane_type_str': 'Biking', 'is_in_junction': True, 'junction_id': 14280, 'distance_to_junction': 0.0, 'next_junction_id': -1, 'next_road_ids': [302], 'next_next_road_ids': [11559], 'same_road_as_ego': False, 'same_direction_as_ego': False, 'lane_relative_to_ego': None, 'steer': -13.277946811049228, 'vehicle_cuts_in': False}]
[debug] into second branch, scenario_name = CrossingBicycleFlow
[debug] scenario = CrossingBicycleFlow
[debug] scenario = CrossingBicycleFlow
[debug] current frame is 370
[debug] hazardous_actors = []
[debug] in branch in front, vehicles_in_front = [{'class': 'vehicle', 'state': 'dynamic', 'id': '4456', 'location': [1749.40234375, 5000.37109375, 368.61578369140625], 'rotation': [8.476380348205566, 17.66969108581543, -19.364383697509766], 'bbx_loc': [0.0, 7.629394360719743e-08, 0.8157447576522827], 'center': [1749.3763427734375, 5000.642578125, 369.3845520019531], 'extent': [0.8281218409538269, 0.2912190854549408, 0.8098834753036499], 'world_cord': [[1750.2275390625, 5000.89794921875, 370.18243408203125], [1750.2791748046875, 5000.35888671875, 368.65594482421875], [1750.01904296875, 5000.38330078125, 370.3572998046875], [1750.070556640625, 4999.84423828125, 368.830810546875], [1748.68212890625, 5001.44140625, 369.93829345703125], [1748.7337646484375, 5000.90185546875, 368.41180419921875], [1748.4735107421875, 5000.92626953125, 370.1131591796875], [1748.525146484375, 5000.38720703125, 368.586669921875]], 'semantic_tags': [19, 4], 'type_id': 'vehicle.diamondback.century', 'color': '214,0,0', 'base_type': 'bicycle', 'num_points': 855, 'distance': 2.0613356251279265, 'speed': 2.87109336810787, 'brake': 0.0, 'light_state': 'NONE', 'road_id': 14335, 'lane_id': 1, 'section_id': 0, 'world2vehicle': [[0.9331235885620117, -0.32795286178588867, 0.14740167558193207, -46.8571662902832], [0.3581414222717285, 0.8840851783752441, -0.3002135157585144, -4936.62353515625], [-0.03185974806547165, 0.3329269587993622, 0.9424142837524414, -1956.41162109375], [0.0, 0.0, 0.0, 1.0]], 'position': (2.0441098666133257, -0.2672870989676994, 0.7560671789087792), 'yaw': 1.8876520427575811, 'color_rgb': None, 'color_name': None, 'lane_type': carla.libcarla.LaneType.Biking, 'lane_type_str': 'Biking', 'is_in_junction': True, 'junction_id': 14280, 'distance_to_junction': 0.0, 'next_junction_id': -1, 'next_road_ids': [302], 'next_next_road_ids': [11559], 'same_road_as_ego': False, 'same_direction_as_ego': False, 'lane_relative_to_ego': None, 'steer': -0.6008952068602881, 'vehicle_cuts_in': False}]
[debug] into second branch, scenario_name = CrossingBicycleFlow
[debug] scenario = CrossingBicycleFlow
[debug] scenario = CrossingBicycleFlow
[debug] current frame is 375
[debug] hazardous_actors = []
[debug] into second branch, scenario_name = CrossingBicycleFlow
[debug] scenario = CrossingBicycleFlow
[debug] scenario = CrossingBicycleFlow
[debug] current frame is 380
[debug] hazardous_actors = []
[debug] scenario = CrossingBicycleFlow
[debug] scenario = CrossingBicycleFlow
[debug] current frame is 385
[debug] hazardous_actors = []
[debug] into second branch, scenario_name = CrossingBicycleFlow
[debug] scenario = CrossingBicycleFlow
[debug] scenario = CrossingBicycleFlow
[debug] current frame is 390
[debug] hazardous_actors = []
[debug] into second branch, scenario_name = CrossingBicycleFlow
[debug] scenario = CrossingBicycleFlow
[debug] scenario = CrossingBicycleFlow
[debug] current frame is 395
[debug] hazardous_actors = []
[debug] scenario = CrossingBicycleFlow
[debug] current frame is 400
[debug] hazardous_actors = []
[debug] into second branch, scenario_name = CrossingBicycleFlow
[debug] scenario = CrossingBicycleFlow
[debug] current frame is 405
[debug] hazardous_actors = []
[debug] scenario = CrossingBicycleFlow
[debug] current frame is 410
[debug] hazardous_actors = []
[debug] scenario = CrossingBicycleFlow
[debug] current frame is 415
[debug] hazardous_actors = []
[debug] scenario = CrossingBicycleFlow
[debug] current frame is 420
[debug] hazardous_actors = []
[debug] scenario = CrossingBicycleFlow
[debug] scenario = CrossingBicycleFlow
[debug] current frame is 425
[debug] hazardous_actors = []
[debug] scenario = CrossingBicycleFlow
[debug] scenario = CrossingBicycleFlow
[debug] current frame is 430
[debug] hazardous_actors = []
[debug] scenario = CrossingBicycleFlow
[debug] scenario = CrossingBicycleFlow
[debug] scenario = CrossingBicycleFlow
[debug] scenario = CrossingBicycleFlow
[debug] current frame is 435
[debug] hazardous_actors = []
[debug] scenario = CrossingBicycleFlow
[debug] scenario = CrossingBicycleFlow
[debug] scenario = CrossingBicycleFlow
[debug] scenario = CrossingBicycleFlow
[debug] current frame is 440
[debug] hazardous_actors = []
[debug] in branch in front, vehicles_in_front = [{'class': 'vehicle', 'state': 'dynamic', 'id': '4427', 'location': [1748.133056640625, 5042.67236328125, 368.0504150390625], 'rotation': [0.25464311242103577, 0.0022253163624554873, 90.23311614990234], 'bbx_loc': [0.03214167430996895, 2.9914377591921948e-05, 0.6504616141319275], 'center': [1748.1329345703125, 5042.70166015625, 368.7010192871094], 'extent': [2.358762502670288, 0.947413444519043, 0.650469958782196], 'world_cord': [[1747.1759033203125, 5045.0537109375, 369.3619079589844], [1747.1759033203125, 5045.0595703125, 368.0610046386719], [1749.0706787109375, 5045.0615234375, 369.36199951171875], [1749.0706787109375, 5045.06689453125, 368.0610656738281], [1747.195068359375, 5040.3359375, 369.3409423828125], [1747.195068359375, 5040.341796875, 368.0400390625], [1749.08984375, 5040.34375, 369.3410339355469], [1749.08984375, 5040.349609375, 368.04010009765625]], 'semantic_tags': [14], 'type_id': 'vehicle.ford.mustang', 'color': '85,0,0', 'base_type': 'car', 'num_points': 15, 'distance': 31.297166286870816, 'speed': 1.563224314935149, 'brake': 0.0, 'light_state': '131', 'road_id': 549, 'lane_id': -1, 'section_id': 0, 'world2vehicle': [[-0.004068605601787567, 0.9999818205833435, 0.00444434629753232, -5037.10400390625], [-0.9999917149543762, -0.004068472888320684, -3.883871249854565e-05, 1768.6488037109375], [-2.0756308003910817e-05, -0.00444446736946702, 0.9999901056289673, -345.5985107421875], [0.0, 0.0, 0.0, 1.0]], 'position': (31.293677112196747, 0.4047501111265319, -0.22627760549448794), 'yaw': 1.5474479940440085, 'color_rgb': None, 'color_name': None, 'lane_type': carla.libcarla.LaneType.Driving, 'lane_type_str': 'Driving', 'is_in_junction': False, 'junction_id': -1, 'distance_to_junction': 178.22169494628906, 'next_junction_id': 9099, 'next_road_ids': [9104], 'next_next_road_ids': [1035], 'same_road_as_ego': True, 'same_direction_as_ego': True, 'lane_relative_to_ego': 0, 'steer': -0.02235930501562049, 'vehicle_cuts_in': False}]
[debug] into second branch, scenario_name = CrossingBicycleFlow
[debug] scenario = CrossingBicycleFlow
[debug] scenario = CrossingBicycleFlow
[debug] scenario = CrossingBicycleFlow
[debug] current frame is 445
[debug] hazardous_actors = []
[debug] in branch in front, vehicles_in_front = [{'class': 'vehicle', 'state': 'dynamic', 'id': '4427', 'location': [1748.1322021484375, 5043.53564453125, 368.0544738769531], 'rotation': [0.1962791383266449, 0.001718929735943675, 90.12252044677734], 'bbx_loc': [0.03214167430996895, 2.9914377591921948e-05, 0.6504616141319275], 'center': [1748.132080078125, 5043.5654296875, 368.7050476074219], 'extent': [2.358762502670288, 0.947413444519043, 0.650469958782196], 'world_cord': [[1747.1795654296875, 5045.919921875, 369.3635559082031], [1747.1796875, 5045.92431640625, 368.0626220703125], [1749.074462890625, 5045.92431640625, 369.3636169433594], [1749.074462890625, 5045.9287109375, 368.06268310546875], [1747.189697265625, 5041.20263671875, 369.347412109375], [1747.189697265625, 5041.20703125, 368.0464782714844], [1749.08447265625, 5041.20654296875, 369.3474426269531], [1749.0845947265625, 5041.2109375, 368.0465087890625]], 'semantic_tags': [14], 'type_id': 'vehicle.ford.mustang', 'color': '85,0,0', 'base_type': 'car', 'num_points': 20, 'distance': 27.388194366658073, 'speed': 0.006959787009097614, 'brake': 0.0, 'light_state': '131', 'road_id': 549, 'lane_id': -1, 'section_id': 0, 'world2vehicle': [[-0.002138405805453658, 0.9999918937683105, 0.003425710368901491, -5041.01708984375], [-0.9999977350234985, -0.002138315699994564, -3.0000808692420833e-05, 1758.9239501953125], [-2.2675314539810643e-05, -0.003425766946747899, 0.999994158744812, -350.7347106933594], [0.0, 0.0, 0.0, 1.0]], 'position': (27.367651143690637, 1.0670656899424102, -0.03510672702498141), 'yaw': 1.5309293379086284, 'color_rgb': None, 'color_name': None, 'lane_type': carla.libcarla.LaneType.Driving, 'lane_type_str': 'Driving', 'is_in_junction': False, 'junction_id': -1, 'distance_to_junction': 177.1975860595703, 'next_junction_id': 9099, 'next_road_ids': [9104], 'next_next_road_ids': [1035], 'same_road_as_ego': True, 'same_direction_as_ego': True, 'lane_relative_to_ego': 0, 'steer': -0.003408829394748997, 'vehicle_cuts_in': False}]
[debug] into second branch, scenario_name = CrossingBicycleFlow
[debug] scenario = CrossingBicycleFlow
[debug] scenario = CrossingBicycleFlow
[debug] scenario = CrossingBicycleFlow
[debug] current frame is 450
[debug] hazardous_actors = []
[debug] in branch in front, vehicles_in_front = [{'class': 'vehicle', 'state': 'dynamic', 'id': '4427', 'location': [1748.1322021484375, 5043.95361328125, 368.0557861328125], 'rotation': [0.25631648302078247, 0.002166058635339141, 90.1143569946289], 'bbx_loc': [0.03214167430996895, 2.9914377591921948e-05, 0.6504616141319275], 'center': [1748.132080078125, 5043.98291015625, 368.7063903808594], 'extent': [2.358762502670288, 0.947413444519043, 0.650469958782196], 'world_cord': [[1747.179931640625, 5046.3369140625, 369.36737060546875], [1747.179931640625, 5046.3427734375, 368.0664367675781], [1749.0748291015625, 5046.34033203125, 369.367431640625], [1749.0748291015625, 5046.34619140625, 368.0664978027344], [1747.1893310546875, 5041.619140625, 369.34625244140625], [1747.189453125, 5041.625, 368.0453186035156], [1749.084228515625, 5041.623046875, 369.3463439941406], [1749.084228515625, 5041.62890625, 368.04541015625]], 'semantic_tags': [14], 'type_id': 'vehicle.ford.mustang', 'color': '85,0,0', 'base_type': 'car', 'num_points': 37, 'distance': 22.999023729056837, 'speed': 1.564640283970803, 'brake': 0.0, 'light_state': '131', 'road_id': 549, 'lane_id': -1, 'section_id': 0, 'world2vehicle': [[-0.0019958242774009705, 0.9999880194664001, 0.004473551642149687, -5042.05078125], [-0.9999980330467224, -0.001995675265789032, -3.780447514145635e-05, 1758.208740234375], [-2.8876267606392503e-05, -0.004473618231713772, 0.9999899864196777, -345.4368896484375], [0.0, 0.0, 0.0, 1.0]], 'position': (22.997949023138972, -0.28163634500560875, -0.010203484432963705), 'yaw': 1.5831933416692154, 'color_rgb': None, 'color_name': None, 'lane_type': carla.libcarla.LaneType.Driving, 'lane_type_str': 'Driving', 'is_in_junction': False, 'junction_id': -1, 'distance_to_junction': 177.27040100097656, 'next_junction_id': 9099, 'next_road_ids': [9104], 'next_next_road_ids': [1035], 'same_road_as_ego': True, 'same_direction_as_ego': True, 'lane_relative_to_ego': 0, 'steer': -0.01462268861156592, 'vehicle_cuts_in': False}]
[debug] into second branch, scenario_name = CrossingBicycleFlow
[debug] scenario = CrossingBicycleFlow
[debug] scenario = CrossingBicycleFlow
[debug] current frame is 455
[debug] hazardous_actors = []
[debug] in branch in front, vehicles_in_front = [{'class': 'vehicle', 'state': 'dynamic', 'id': '4427', 'location': [1748.1324462890625, 5045.15380859375, 368.06072998046875], 'rotation': [0.2583177387714386, 0.0022043325006961823, 90.01380157470703], 'bbx_loc': [0.03214167430996895, 2.9914377591921948e-05, 0.6504616141319275], 'center': [1748.13232421875, 5045.18310546875, 368.7113342285156], 'extent': [2.358762502670288, 0.947413444519043, 0.650469958782196], 'world_cord': [[1747.184326171875, 5047.53857421875, 369.3724060058594], [1747.1844482421875, 5047.54443359375, 368.07147216796875], [1749.0792236328125, 5047.5390625, 369.3724670410156], [1749.0792236328125, 5047.544921875, 368.071533203125], [1747.185546875, 5042.8212890625, 369.35113525390625], [1747.185546875, 5042.8271484375, 368.0502014160156], [1749.080322265625, 5042.82177734375, 369.3511962890625], [1749.0804443359375, 5042.82763671875, 368.0502624511719]], 'semantic_tags': [14], 'type_id': 'vehicle.ford.mustang', 'color': '85,0,0', 'base_type': 'car', 'num_points': 44, 'distance': 19.452236685329343, 'speed': 3.1270619383019813, 'brake': 0.0, 'light_state': '131', 'road_id': 549, 'lane_id': -1, 'section_id': 0, 'world2vehicle': [[-0.00024084401957225055, 0.9999898076057434, 0.004508479498326778, -5046.3408203125], [-1.0, -0.000240673020016402, -3.84724662580993e-05, 1749.36083984375], [-3.7387006159406155e-05, -0.004508488811552525, 0.9999898076057434, -345.24560546875], [0.0, 0.0, 0.0, 1.0]], 'position': (19.449536645805892, -0.31739305600945045, 0.0995948755974112), 'yaw': 1.5841066727650581, 'color_rgb': None, 'color_name': None, 'lane_type': carla.libcarla.LaneType.Driving, 'lane_type_str': 'Driving', 'is_in_junction': False, 'junction_id': -1, 'distance_to_junction': 176.30392456054688, 'next_junction_id': 9099, 'next_road_ids': [9104], 'next_next_road_ids': [1035], 'same_road_as_ego': True, 'same_direction_as_ego': True, 'lane_relative_to_ego': 0, 'steer': -0.00855660012075744, 'vehicle_cuts_in': False}]
[debug] into second branch, scenario_name = CrossingBicycleFlow
[debug] scenario = CrossingBicycleFlow
[debug] scenario = CrossingBicycleFlow
[debug] current frame is 460
[debug] hazardous_actors = []
[debug] in branch in front, vehicles_in_front = [{'class': 'vehicle', 'state': 'dynamic', 'id': '4427', 'location': [1748.13623046875, 5047.09375, 368.0689392089844], 'rotation': [0.257361501455307, 0.002728861290961504, 89.91869354248047], 'bbx_loc': [0.03214167430996895, 2.9914377591921948e-05, 0.6504616141319275], 'center': [1748.13623046875, 5047.123046875, 368.71954345703125], 'extent': [2.358762502670288, 0.947413444519043, 0.650469958782196], 'world_cord': [[1747.192138671875, 5049.47998046875, 369.38055419921875], [1747.192138671875, 5049.48583984375, 368.0796203613281], [1749.0869140625, 5049.4775390625, 369.3806457519531], [1749.0870361328125, 5049.4833984375, 368.0797119140625], [1747.1854248046875, 5044.7626953125, 369.359375], [1747.185546875, 5044.7685546875, 368.0584411621094], [1749.0802001953125, 5044.759765625, 369.3594665527344], [1749.080322265625, 5044.765625, 368.05853271484375]], 'semantic_tags': [14], 'type_id': 'vehicle.ford.mustang', 'color': '85,0,0', 'base_type': 'car', 'num_points': 68, 'distance': 17.031316879998577, 'speed': 4.596154399505866, 'brake': 0.0, 'light_state': '131', 'road_id': 549, 'lane_id': -1, 'section_id': 0, 'world2vehicle': [[0.001419008825905621, 0.9999889135360718, 0.004491790663450956, -5051.17138671875], [-0.9999989867210388, 0.0014192371163517237, -4.76271343359258e-05, 1740.989013671875], [-5.4001520766178146e-05, -0.004491718485951424, 0.999989926815033, -345.30072021484375], [0.0, 0.0, 0.0, 1.0]], 'position': (17.024852766705408, 0.47419766311668354, -0.019373534830947392), 'yaw': 1.5401559926632624, 'color_rgb': None, 'color_name': None, 'lane_type': carla.libcarla.LaneType.Driving, 'lane_type_str': 'Driving', 'is_in_junction': False, 'junction_id': -1, 'distance_to_junction': 174.29400634765625, 'next_junction_id': 9099, 'next_road_ids': [9104], 'next_next_road_ids': [1035], 'same_road_as_ego': True, 'same_direction_as_ego': True, 'lane_relative_to_ego': 0, 'steer': -0.007796584671265338, 'vehicle_cuts_in': False}]
[debug] into second branch, scenario_name = CrossingBicycleFlow
[debug] scenario = CrossingBicycleFlow
[debug] current frame is 465
[debug] hazardous_actors = []
[debug] in branch in front, vehicles_in_front = [{'class': 'vehicle', 'state': 'dynamic', 'id': '4427', 'location': [1748.1463623046875, 5049.72216796875, 368.0802307128906], 'rotation': [0.2639731466770172, 0.0015161578776314855, 89.80127716064453], 'bbx_loc': [0.03214167430996895, 2.9914377591921948e-05, 0.6504616141319275], 'center': [1748.1463623046875, 5049.75146484375, 368.7308349609375], 'extent': [2.358762502670288, 0.947413444519043, 0.650469958782196], 'world_cord': [[1747.2071533203125, 5052.1103515625, 369.39215087890625], [1747.207275390625, 5052.1162109375, 368.0912170410156], [1749.1019287109375, 5052.103515625, 369.3921813964844], [1749.10205078125, 5052.10986328125, 368.09124755859375], [1747.1907958984375, 5047.39306640625, 369.3703918457031], [1747.1907958984375, 5047.39892578125, 368.0694885253906], [1749.0855712890625, 5047.38623046875, 369.3704528808594], [1749.085693359375, 5047.39208984375, 368.06951904296875]], 'semantic_tags': [14], 'type_id': 'vehicle.ford.mustang', 'color': '85,0,0', 'base_type': 'car', 'num_points': 75, 'distance': 15.478822916151488, 'speed': 6.011738657957451, 'brake': 0.0, 'light_state': '131', 'road_id': 549, 'lane_id': -1, 'section_id': 0, 'world2vehicle': [[0.0034683067351579666, 0.9999833703041077, 0.004607184324413538, -5057.39697265625], [-0.9999939799308777, 0.0034684655256569386, -2.6461666493560188e-05, 1730.630859375], [-4.2441082769073546e-05, -0.0046070646494627, 0.99998939037323, -344.73773193359375], [0.0, 0.0, 0.0, 1.0]], 'position': (15.462479816779705, 0.7136830690640181, 0.014902401234053286), 'yaw': 1.5309722148021787, 'color_rgb': None, 'color_name': None, 'lane_type': carla.libcarla.LaneType.Driving, 'lane_type_str': 'Driving', 'is_in_junction': False, 'junction_id': -1, 'distance_to_junction': 171.23085021972656, 'next_junction_id': 9099, 'next_road_ids': [9104], 'next_next_road_ids': [1035], 'same_road_as_ego': True, 'same_direction_as_ego': True, 'lane_relative_to_ego': 0, 'steer': 0.0, 'vehicle_cuts_in': False}]
[debug] into second branch, scenario_name = CrossingBicycleFlow
[debug] current frame is 0
[debug] hazardous_actors = []
[debug] current frame is 5
[debug] hazardous_actors = []
[debug] current frame is 10
[debug] hazardous_actors = []
[debug] current frame is 15
[debug] hazardous_actors = []
[debug] into second branch, scenario_name = VehicleTurningRoute
[debug] current frame is 20
[debug] hazardous_actors = []
[debug] into second branch, scenario_name = VehicleTurningRoute
[debug] current frame is 25
[debug] hazardous_actors = []
[debug] current frame is 30
[debug] hazardous_actors = []
[debug] into second branch, scenario_name = VehicleTurningRoute
[debug] current frame is 35
[debug] hazardous_actors = []
[debug] into second branch, scenario_name = VehicleTurningRoute
[debug] current frame is 40
[debug] static object in hazard: {'class': 'traffic_light', 'id': '42699', 'location': [459.1024169921875, 4513.30908203125, 376.1688537597656], 'rotation': [0.0, 0.0, -90.13341522216797], 'center': [459.1024169921875, 4513.30908203125, 376.1688537597656], 'extent': [0.1336718648672104, 0.16945311427116394, 0.5240625143051147], 'semantic_tags': [6, 7], 'type_id': 'traffic.traffic_light', 'distance': 11.627520698754697, 'state': 2, 'affects_ego': False, 'trigger_volume_location': [463.0768737792969, 4501.71435546875, 370.31451416015625], 'trigger_volume_rotation': [0.0, 0.0, 90.1376724243164], 'trigger_volume_extent': [0.6803905963897705, 1.5040624141693115, 0.9987109303474426], 'road_id': 1199, 'lane_id': -1, 'section_id': 0}
[debug] hazardous_actors = []
[debug] current frame is 45
[debug] static object in hazard: {'class': 'traffic_light', 'id': '42699', 'location': [459.1024169921875, 4513.30908203125, 376.1688537597656], 'rotation': [0.0, 0.0, -90.13341522216797], 'center': [459.1024169921875, 4513.30908203125, 376.1688537597656], 'extent': [0.1336718648672104, 0.16945311427116394, 0.5240625143051147], 'semantic_tags': [6, 7], 'type_id': 'traffic.traffic_light', 'distance': 11.6208072633452, 'state': 2, 'affects_ego': False, 'trigger_volume_location': [463.0768737792969, 4501.71435546875, 370.31451416015625], 'trigger_volume_rotation': [0.0, 0.0, 90.1376724243164], 'trigger_volume_extent': [0.6803905963897705, 1.5040624141693115, 0.9987109303474426], 'road_id': 1199, 'lane_id': -1, 'section_id': 0}
[debug] hazardous_actors = []
[debug] current frame is 50
[debug] static object in hazard: {'class': 'traffic_light', 'id': '42699', 'location': [459.1024169921875, 4513.30908203125, 376.1688537597656], 'rotation': [0.0, 0.0, -90.13341522216797], 'center': [459.1024169921875, 4513.30908203125, 376.1688537597656], 'extent': [0.1336718648672104, 0.16945311427116394, 0.5240625143051147], 'semantic_tags': [6, 7], 'type_id': 'traffic.traffic_light', 'distance': 11.62009612862243, 'state': 2, 'affects_ego': False, 'trigger_volume_location': [463.0768737792969, 4501.71435546875, 370.31451416015625], 'trigger_volume_rotation': [0.0, 0.0, 90.1376724243164], 'trigger_volume_extent': [0.6803905963897705, 1.5040624141693115, 0.9987109303474426], 'road_id': 1199, 'lane_id': -1, 'section_id': 0}
[debug] hazardous_actors = []
[debug] current frame is 55
[debug] static object in hazard: {'class': 'traffic_light', 'id': '42699', 'location': [459.1024169921875, 4513.30908203125, 376.1688537597656], 'rotation': [0.0, 0.0, -90.13341522216797], 'center': [459.1024169921875, 4513.30908203125, 376.1688537597656], 'extent': [0.1336718648672104, 0.16945311427116394, 0.5240625143051147], 'semantic_tags': [6, 7], 'type_id': 'traffic.traffic_light', 'distance': 11.62009612862243, 'state': 2, 'affects_ego': False, 'trigger_volume_location': [463.0768737792969, 4501.71435546875, 370.31451416015625], 'trigger_volume_rotation': [0.0, 0.0, 90.1376724243164], 'trigger_volume_extent': [0.6803905963897705, 1.5040624141693115, 0.9987109303474426], 'road_id': 1199, 'lane_id': -1, 'section_id': 0}
[debug] hazardous_actors = []
[debug] current frame is 60
[debug] static object in hazard: {'class': 'traffic_light', 'id': '42699', 'location': [459.1024169921875, 4513.30908203125, 376.1688537597656], 'rotation': [0.0, 0.0, -90.13341522216797], 'center': [459.1024169921875, 4513.30908203125, 376.1688537597656], 'extent': [0.1336718648672104, 0.16945311427116394, 0.5240625143051147], 'semantic_tags': [6, 7], 'type_id': 'traffic.traffic_light', 'distance': 11.62009612862243, 'state': 2, 'affects_ego': False, 'trigger_volume_location': [463.0768737792969, 4501.71435546875, 370.31451416015625], 'trigger_volume_rotation': [0.0, 0.0, 90.1376724243164], 'trigger_volume_extent': [0.6803905963897705, 1.5040624141693115, 0.9987109303474426], 'road_id': 1199, 'lane_id': -1, 'section_id': 0}
[debug] hazardous_actors = []
[debug] scenario = VehicleTurningRoute
[debug] current frame is 65
[debug] static object in hazard: {'class': 'traffic_light', 'id': '42699', 'location': [459.1024169921875, 4513.30908203125, 376.1688537597656], 'rotation': [0.0, 0.0, -90.13341522216797], 'center': [459.1024169921875, 4513.30908203125, 376.1688537597656], 'extent': [0.1336718648672104, 0.16945311427116394, 0.5240625143051147], 'semantic_tags': [6, 7], 'type_id': 'traffic.traffic_light', 'distance': 11.62009612862243, 'state': 2, 'affects_ego': False, 'trigger_volume_location': [463.0768737792969, 4501.71435546875, 370.31451416015625], 'trigger_volume_rotation': [0.0, 0.0, 90.1376724243164], 'trigger_volume_extent': [0.6803905963897705, 1.5040624141693115, 0.9987109303474426], 'road_id': 1199, 'lane_id': -1, 'section_id': 0}
[debug] hazardous_actors = []
[debug] scenario = VehicleTurningRoute
[debug] current frame is 70
[debug] static object in hazard: {'class': 'traffic_light', 'id': '42699', 'location': [459.1024169921875, 4513.30908203125, 376.1688537597656], 'rotation': [0.0, 0.0, -90.13341522216797], 'center': [459.1024169921875, 4513.30908203125, 376.1688537597656], 'extent': [0.1336718648672104, 0.16945311427116394, 0.5240625143051147], 'semantic_tags': [6, 7], 'type_id': 'traffic.traffic_light', 'distance': 11.62009612862243, 'state': 2, 'affects_ego': False, 'trigger_volume_location': [463.0768737792969, 4501.71435546875, 370.31451416015625], 'trigger_volume_rotation': [0.0, 0.0, 90.1376724243164], 'trigger_volume_extent': [0.6803905963897705, 1.5040624141693115, 0.9987109303474426], 'road_id': 1199, 'lane_id': -1, 'section_id': 0}
[debug] hazardous_actors = []
[debug] scenario = VehicleTurningRoute
[debug] scenario = VehicleTurningRoute
[debug] current frame is 75
[debug] static object in hazard: {'class': 'traffic_light', 'id': '42699', 'location': [459.1024169921875, 4513.30908203125, 376.1688537597656], 'rotation': [0.0, 0.0, -90.13341522216797], 'center': [459.1024169921875, 4513.30908203125, 376.1688537597656], 'extent': [0.1336718648672104, 0.16945311427116394, 0.5240625143051147], 'semantic_tags': [6, 7], 'type_id': 'traffic.traffic_light', 'distance': 11.62009612862243, 'state': 2, 'affects_ego': False, 'trigger_volume_location': [463.0768737792969, 4501.71435546875, 370.31451416015625], 'trigger_volume_rotation': [0.0, 0.0, 90.1376724243164], 'trigger_volume_extent': [0.6803905963897705, 1.5040624141693115, 0.9987109303474426], 'road_id': 1199, 'lane_id': -1, 'section_id': 0}
[debug] hazardous_actors = []
[debug] scenario = VehicleTurningRoute
[debug] scenario = VehicleTurningRoute
[debug] current frame is 80
[debug] static object in hazard: {'class': 'traffic_light', 'id': '42699', 'location': [459.1024169921875, 4513.30908203125, 376.1688537597656], 'rotation': [0.0, 0.0, -90.13341522216797], 'center': [459.1024169921875, 4513.30908203125, 376.1688537597656], 'extent': [0.1336718648672104, 0.16945311427116394, 0.5240625143051147], 'semantic_tags': [6, 7], 'type_id': 'traffic.traffic_light', 'distance': 11.62009612862243, 'state': 2, 'affects_ego': False, 'trigger_volume_location': [463.0768737792969, 4501.71435546875, 370.31451416015625], 'trigger_volume_rotation': [0.0, 0.0, 90.1376724243164], 'trigger_volume_extent': [0.6803905963897705, 1.5040624141693115, 0.9987109303474426], 'road_id': 1199, 'lane_id': -1, 'section_id': 0}
[debug] hazardous_actors = []
[debug] scenario = VehicleTurningRoute
[debug] scenario = VehicleTurningRoute
[debug] current frame is 85
[debug] static object in hazard: {'class': 'traffic_light', 'id': '42699', 'location': [459.1024169921875, 4513.30908203125, 376.1688537597656], 'rotation': [0.0, 0.0, -90.13341522216797], 'center': [459.1024169921875, 4513.30908203125, 376.1688537597656], 'extent': [0.1336718648672104, 0.16945311427116394, 0.5240625143051147], 'semantic_tags': [6, 7], 'type_id': 'traffic.traffic_light', 'distance': 11.62009612862243, 'state': 1, 'affects_ego': False, 'trigger_volume_location': [463.0768737792969, 4501.71435546875, 370.31451416015625], 'trigger_volume_rotation': [0.0, 0.0, 90.1376724243164], 'trigger_volume_extent': [0.6803905963897705, 1.5040624141693115, 0.9987109303474426], 'road_id': 1199, 'lane_id': -1, 'section_id': 0}
[debug] hazardous_actors = []
[debug] scenario = VehicleTurningRoute
[debug] scenario = VehicleTurningRoute
[debug] current frame is 90
[debug] static object in hazard: {'class': 'traffic_light', 'id': '42699', 'location': [459.1024169921875, 4513.30908203125, 376.1688537597656], 'rotation': [0.0, 0.0, -90.13341522216797], 'center': [459.1024169921875, 4513.30908203125, 376.1688537597656], 'extent': [0.1336718648672104, 0.16945311427116394, 0.5240625143051147], 'semantic_tags': [6, 7], 'type_id': 'traffic.traffic_light', 'distance': 11.62009612862243, 'state': 1, 'affects_ego': False, 'trigger_volume_location': [463.0768737792969, 4501.71435546875, 370.31451416015625], 'trigger_volume_rotation': [0.0, 0.0, 90.1376724243164], 'trigger_volume_extent': [0.6803905963897705, 1.5040624141693115, 0.9987109303474426], 'road_id': 1199, 'lane_id': -1, 'section_id': 0}
[debug] hazardous_actors = []
[debug] scenario = VehicleTurningRoute
[debug] scenario = VehicleTurningRoute
[debug] current frame is 95
[debug] static object in hazard: {'class': 'traffic_light', 'id': '42699', 'location': [459.1024169921875, 4513.30908203125, 376.1688537597656], 'rotation': [0.0, 0.0, -90.13341522216797], 'center': [459.1024169921875, 4513.30908203125, 376.1688537597656], 'extent': [0.1336718648672104, 0.16945311427116394, 0.5240625143051147], 'semantic_tags': [6, 7], 'type_id': 'traffic.traffic_light', 'distance': 11.62009612862243, 'state': 1, 'affects_ego': False, 'trigger_volume_location': [463.0768737792969, 4501.71435546875, 370.31451416015625], 'trigger_volume_rotation': [0.0, 0.0, 90.1376724243164], 'trigger_volume_extent': [0.6803905963897705, 1.5040624141693115, 0.9987109303474426], 'road_id': 1199, 'lane_id': -1, 'section_id': 0}
[debug] hazardous_actors = []
[debug] scenario = VehicleTurningRoute
[debug] scenario = VehicleTurningRoute
[debug] current frame is 100
[debug] static object in hazard: {'class': 'traffic_light', 'id': '42699', 'location': [459.1024169921875, 4513.30908203125, 376.1688537597656], 'rotation': [0.0, 0.0, -90.13341522216797], 'center': [459.1024169921875, 4513.30908203125, 376.1688537597656], 'extent': [0.1336718648672104, 0.16945311427116394, 0.5240625143051147], 'semantic_tags': [6, 7], 'type_id': 'traffic.traffic_light', 'distance': 11.62009612862243, 'state': 1, 'affects_ego': False, 'trigger_volume_location': [463.0768737792969, 4501.71435546875, 370.31451416015625], 'trigger_volume_rotation': [0.0, 0.0, 90.1376724243164], 'trigger_volume_extent': [0.6803905963897705, 1.5040624141693115, 0.9987109303474426], 'road_id': 1199, 'lane_id': -1, 'section_id': 0}
[debug] hazardous_actors = []
[debug] scenario = VehicleTurningRoute
[debug] scenario = VehicleTurningRoute
[debug] current frame is 105
[debug] static object in hazard: {'class': 'traffic_light', 'id': '42699', 'location': [459.1024169921875, 4513.30908203125, 376.1688537597656], 'rotation': [0.0, 0.0, -90.13341522216797], 'center': [459.1024169921875, 4513.30908203125, 376.1688537597656], 'extent': [0.1336718648672104, 0.16945311427116394, 0.5240625143051147], 'semantic_tags': [6, 7], 'type_id': 'traffic.traffic_light', 'distance': 11.62009612862243, 'state': 1, 'affects_ego': False, 'trigger_volume_location': [463.0768737792969, 4501.71435546875, 370.31451416015625], 'trigger_volume_rotation': [0.0, 0.0, 90.1376724243164], 'trigger_volume_extent': [0.6803905963897705, 1.5040624141693115, 0.9987109303474426], 'road_id': 1199, 'lane_id': -1, 'section_id': 0}
[debug] hazardous_actors = []
[debug] scenario = VehicleTurningRoute
[debug] current frame is 110
[debug] static object in hazard: {'class': 'traffic_light', 'id': '42699', 'location': [459.1024169921875, 4513.30908203125, 376.1688537597656], 'rotation': [0.0, 0.0, -90.13341522216797], 'center': [459.1024169921875, 4513.30908203125, 376.1688537597656], 'extent': [0.1336718648672104, 0.16945311427116394, 0.5240625143051147], 'semantic_tags': [6, 7], 'type_id': 'traffic.traffic_light', 'distance': 11.62009612862243, 'state': 1, 'affects_ego': False, 'trigger_volume_location': [463.0768737792969, 4501.71435546875, 370.31451416015625], 'trigger_volume_rotation': [0.0, 0.0, 90.1376724243164], 'trigger_volume_extent': [0.6803905963897705, 1.5040624141693115, 0.9987109303474426], 'road_id': 1199, 'lane_id': -1, 'section_id': 0}
[debug] hazardous_actors = []
[debug] scenario = VehicleTurningRoute
[debug] current frame is 115
[debug] static object in hazard: {'class': 'traffic_light', 'id': '42699', 'location': [459.1024169921875, 4513.30908203125, 376.1688537597656], 'rotation': [0.0, 0.0, -90.13341522216797], 'center': [459.1024169921875, 4513.30908203125, 376.1688537597656], 'extent': [0.1336718648672104, 0.16945311427116394, 0.5240625143051147], 'semantic_tags': [6, 7], 'type_id': 'traffic.traffic_light', 'distance': 11.62009612862243, 'state': 0, 'affects_ego': False, 'trigger_volume_location': [463.0768737792969, 4501.71435546875, 370.31451416015625], 'trigger_volume_rotation': [0.0, 0.0, 90.1376724243164], 'trigger_volume_extent': [0.6803905963897705, 1.5040624141693115, 0.9987109303474426], 'road_id': 1199, 'lane_id': -1, 'section_id': 0}
[debug] hazardous_actors = []
[debug] scenario = VehicleTurningRoute
[debug] current frame is 120
[debug] static object in hazard: {'class': 'traffic_light', 'id': '42699', 'location': [459.1024169921875, 4513.30908203125, 376.1688537597656], 'rotation': [0.0, 0.0, -90.13341522216797], 'center': [459.1024169921875, 4513.30908203125, 376.1688537597656], 'extent': [0.1336718648672104, 0.16945311427116394, 0.5240625143051147], 'semantic_tags': [6, 7], 'type_id': 'traffic.traffic_light', 'distance': 11.62009612862243, 'state': 0, 'affects_ego': False, 'trigger_volume_location': [463.0768737792969, 4501.71435546875, 370.31451416015625], 'trigger_volume_rotation': [0.0, 0.0, 90.1376724243164], 'trigger_volume_extent': [0.6803905963897705, 1.5040624141693115, 0.9987109303474426], 'road_id': 1199, 'lane_id': -1, 'section_id': 0}
[debug] hazardous_actors = []
[debug] scenario = VehicleTurningRoute
[debug] current frame is 125
[debug] static object in hazard: {'class': 'traffic_light', 'id': '42699', 'location': [459.1024169921875, 4513.30908203125, 376.1688537597656], 'rotation': [0.0, 0.0, -90.13341522216797], 'center': [459.1024169921875, 4513.30908203125, 376.1688537597656], 'extent': [0.1336718648672104, 0.16945311427116394, 0.5240625143051147], 'semantic_tags': [6, 7], 'type_id': 'traffic.traffic_light', 'distance': 11.62009612862243, 'state': 0, 'affects_ego': False, 'trigger_volume_location': [463.0768737792969, 4501.71435546875, 370.31451416015625], 'trigger_volume_rotation': [0.0, 0.0, 90.1376724243164], 'trigger_volume_extent': [0.6803905963897705, 1.5040624141693115, 0.9987109303474426], 'road_id': 1199, 'lane_id': -1, 'section_id': 0}
[debug] hazardous_actors = []
[debug] scenario = VehicleTurningRoute
[debug] current frame is 130
[debug] static object in hazard: {'class': 'traffic_light', 'id': '42699', 'location': [459.1024169921875, 4513.30908203125, 376.1688537597656], 'rotation': [0.0, 0.0, -90.13341522216797], 'center': [459.1024169921875, 4513.30908203125, 376.1688537597656], 'extent': [0.1336718648672104, 0.16945311427116394, 0.5240625143051147], 'semantic_tags': [6, 7], 'type_id': 'traffic.traffic_light', 'distance': 11.62009612862243, 'state': 0, 'affects_ego': False, 'trigger_volume_location': [463.0768737792969, 4501.71435546875, 370.31451416015625], 'trigger_volume_rotation': [0.0, 0.0, 90.1376724243164], 'trigger_volume_extent': [0.6803905963897705, 1.5040624141693115, 0.9987109303474426], 'road_id': 1199, 'lane_id': -1, 'section_id': 0}
[debug] hazardous_actors = []
[debug] scenario = VehicleTurningRoute
[debug] current frame is 135
[debug] static object in hazard: {'class': 'traffic_light', 'id': '42699', 'location': [459.1024169921875, 4513.30908203125, 376.1688537597656], 'rotation': [0.0, 0.0, -90.13341522216797], 'center': [459.1024169921875, 4513.30908203125, 376.1688537597656], 'extent': [0.1336718648672104, 0.16945311427116394, 0.5240625143051147], 'semantic_tags': [6, 7], 'type_id': 'traffic.traffic_light', 'distance': 11.619982347676649, 'state': 0, 'affects_ego': False, 'trigger_volume_location': [463.0768737792969, 4501.71435546875, 370.31451416015625], 'trigger_volume_rotation': [0.0, 0.0, 90.1376724243164], 'trigger_volume_extent': [0.6803905963897705, 1.5040624141693115, 0.9987109303474426], 'road_id': 1199, 'lane_id': -1, 'section_id': 0}
[debug] hazardous_actors = []
[debug] scenario = VehicleTurningRoute
[debug] current frame is 140
[debug] hazardous_actors = []
[debug] scenario = VehicleTurningRoute
[debug] current frame is 145
[debug] hazardous_actors = []
[debug] scenario = VehicleTurningRoute
[debug] current frame is 150
[debug] hazardous_actors = []
[debug] scenario = VehicleTurningRoute
[debug] scenario = VehicleTurningRoute
[debug] current frame is 155
[debug] hazardous_actors = []
[debug] scenario = VehicleTurningRoute
[debug] current frame is 160
[debug] hazardous_actors = []
[debug] scenario = VehicleTurningRoute
[debug] scenario = VehicleTurningRoute
[debug] current frame is 165
[debug] hazardous_actors = []
[debug] into second branch, scenario_name = VehicleTurningRoute
[debug] scenario = VehicleTurningRoute
[debug] current frame is 170
[debug] hazardous_actors = []
[debug] scenario = VehicleTurningRoute
[debug] scenario = VehicleTurningRoute
[debug] current frame is 175
[debug] hazardous_actors = []
[debug] scenario = VehicleTurningRoute
[debug] scenario = VehicleTurningRoute
[debug] scenario = VehicleTurningRoute
[debug] scenario = VehicleTurningRoute
[debug] current frame is 180
[debug] hazardous_actors = []
[debug] in branch in front, vehicles_in_front = [{'class': 'vehicle', 'state': 'dynamic', 'id': '45660', 'location': [468.8009948730469, 4493.6875, 370.45623779296875], 'rotation': [-0.2921818196773529, -0.04736328125, 179.72984313964844], 'bbx_loc': [0.0, 7.629394360719743e-08, 0.8157447576522827], 'center': [468.7968444824219, 4493.68798828125, 371.27197265625], 'extent': [0.8281218409538269, 0.2912190854549408, 0.8098834753036499], 'world_cord': [[467.9632263183594, 4493.4013671875, 372.0778503417969], [467.97149658203125, 4493.400390625, 370.4581298828125], [467.9659729003906, 4493.98388671875, 372.077392578125], [467.9742431640625, 4493.982421875, 370.4576416015625], [469.61944580078125, 4493.3935546875, 372.0863037109375], [469.627685546875, 4493.392578125, 370.466552734375], [469.6221923828125, 4493.97607421875, 372.0858154296875], [469.63043212890625, 4493.974609375, 370.4660949707031]], 'semantic_tags': [19, 4], 'type_id': 'vehicle.diamondback.century', 'color': '50,96,242', 'base_type': 'bicycle', 'num_points': 17, 'distance': 13.922675585800231, 'speed': 0.0, 'brake': 0.0, 'light_state': '3', 'road_id': 735, 'lane_id': 1, 'section_id': 0, 'world2vehicle': [[-0.9999759197235107, 0.004715037997812033, -0.0050995126366615295, 449.490966796875], [-0.004719313234090805, -0.9999885559082031, 0.0008266342920251191, 4495.54248046875], [-0.00509555684402585, 0.0008506806334480643, 0.9999866485595703, -371.88519287109375], [0.0, 0.0, 0.0, 1.0]], 'position': (13.816131076665897, -1.7251947247891621, 0.09072439578073954), 'yaw': -1.1524948127986412, 'color_rgb': None, 'color_name': None, 'lane_type': carla.libcarla.LaneType.Sidewalk, 'lane_type_str': 'Sidewalk', 'is_in_junction': False, 'junction_id': -1, 'distance_to_junction': 82.00050354003906, 'next_junction_id': 9604, 'next_road_ids': [9608], 'next_next_road_ids': [734], 'same_road_as_ego': False, 'same_direction_as_ego': False, 'lane_relative_to_ego': None, 'steer': 0.00017920743400642053, 'vehicle_cuts_in': False}]
[debug] into second branch, scenario_name = VehicleTurningRoute
[debug] scenario = VehicleTurningRoute
[debug] scenario = VehicleTurningRoute
[debug] scenario = VehicleTurningRoute
[debug] scenario = VehicleTurningRoute
[debug] scenario = VehicleTurningRoute
[debug] current frame is 185
[debug] hazardous_actors = [{'class': 'vehicle', 'state': 'dynamic', 'id': '45660', 'location': [467.8948669433594, 4493.69189453125, 370.4303894042969], 'rotation': [-3.5423271656036377, -0.055084213614463806, 179.73077392578125], 'bbx_loc': [0.0, 7.629394360719743e-08, 0.8157447576522827], 'center': [467.844482421875, 4493.69287109375, 371.24456787109375], 'extent': [0.8281218409538269, 0.2912190854549408, 0.8098834753036499], 'world_cord': [[466.9665222167969, 4493.40673828125, 372.00201416015625], [467.06658935546875, 4493.40478515625, 370.3853454589844], [466.96929931640625, 4493.9892578125, 372.00146484375], [467.0693664550781, 4493.98681640625, 370.3847961425781], [468.61956787109375, 4493.39892578125, 372.1043701171875], [468.7196350097656, 4493.39697265625, 370.4876708984375], [468.6223449707031, 4493.9814453125, 372.1037902832031], [468.722412109375, 4493.97900390625, 370.48712158203125]], 'semantic_tags': [19, 4], 'type_id': 'vehicle.diamondback.century', 'color': '50,96,242', 'base_type': 'bicycle', 'num_points': 73, 'distance': 9.77398539836223, 'speed': 2.2352107902780673, 'brake': 0.0, 'light_state': '3', 'road_id': 735, 'lane_id': 1, 'section_id': 0, 'world2vehicle': [[-0.9980784058570862, 0.004689909517765045, -0.06178589165210724, 468.80810546875], [-0.004758284892886877, -0.9999881982803345, 0.0009595638839527965, 4495.509765625], [-0.0617806613445282, 0.0012517148861661553, 0.9980889558792114, -346.4404296875], [0.0, 0.0, 0.0, 1.0]], 'position': (9.708856503204515, 1.1240333259861472, 0.15011408470036258), 'yaw': -1.4551809138654501, 'color_rgb': None, 'color_name': None, 'lane_type': carla.libcarla.LaneType.Shoulder, 'lane_type_str': 'Shoulder', 'is_in_junction': False, 'junction_id': -1, 'distance_to_junction': 82.00050354003906, 'next_junction_id': 9604, 'next_road_ids': [9608], 'next_next_road_ids': [734], 'same_road_as_ego': True, 'same_direction_as_ego': True, 'lane_relative_to_ego': 1, 'steer': 0.0005261711693078712, 'vehicle_cuts_in': False}]
[debug] in branch in front, vehicles_in_front = [{'class': 'vehicle', 'state': 'dynamic', 'id': '45660', 'location': [467.8948669433594, 4493.69189453125, 370.4303894042969], 'rotation': [-3.5423271656036377, -0.055084213614463806, 179.73077392578125], 'bbx_loc': [0.0, 7.629394360719743e-08, 0.8157447576522827], 'center': [467.844482421875, 4493.69287109375, 371.24456787109375], 'extent': [0.8281218409538269, 0.2912190854549408, 0.8098834753036499], 'world_cord': [[466.9665222167969, 4493.40673828125, 372.00201416015625], [467.06658935546875, 4493.40478515625, 370.3853454589844], [466.96929931640625, 4493.9892578125, 372.00146484375], [467.0693664550781, 4493.98681640625, 370.3847961425781], [468.61956787109375, 4493.39892578125, 372.1043701171875], [468.7196350097656, 4493.39697265625, 370.4876708984375], [468.6223449707031, 4493.9814453125, 372.1037902832031], [468.722412109375, 4493.97900390625, 370.48712158203125]], 'semantic_tags': [19, 4], 'type_id': 'vehicle.diamondback.century', 'color': '50,96,242', 'base_type': 'bicycle', 'num_points': 73, 'distance': 9.77398539836223, 'speed': 2.2352107902780673, 'brake': 0.0, 'light_state': '3', 'road_id': 735, 'lane_id': 1, 'section_id': 0, 'world2vehicle': [[-0.9980784058570862, 0.004689909517765045, -0.06178589165210724, 468.80810546875], [-0.004758284892886877, -0.9999881982803345, 0.0009595638839527965, 4495.509765625], [-0.0617806613445282, 0.0012517148861661553, 0.9980889558792114, -346.4404296875], [0.0, 0.0, 0.0, 1.0]], 'position': (9.708856503204515, 1.1240333259861472, 0.15011408470036258), 'yaw': -1.4551809138654501, 'color_rgb': None, 'color_name': None, 'lane_type': carla.libcarla.LaneType.Shoulder, 'lane_type_str': 'Shoulder', 'is_in_junction': False, 'junction_id': -1, 'distance_to_junction': 82.00050354003906, 'next_junction_id': 9604, 'next_road_ids': [9608], 'next_next_road_ids': [734], 'same_road_as_ego': True, 'same_direction_as_ego': True, 'lane_relative_to_ego': 1, 'steer': 0.0005261711693078712, 'vehicle_cuts_in': False}]
[debug] into second branch, scenario_name = VehicleTurningRoute
[debug] scenario = VehicleTurningRoute
[debug] scenario = VehicleTurningRoute
[debug] scenario = VehicleTurningRoute
[debug] scenario = VehicleTurningRoute
[debug] scenario = VehicleTurningRoute
[debug] current frame is 190
[debug] hazardous_actors = [{'class': 'vehicle', 'state': 'dynamic', 'id': '45660', 'location': [466.81500244140625, 4493.69775390625, 370.346435546875], 'rotation': [-2.4164113998413086, -0.0552978552877903, 179.73403930664062], 'bbx_loc': [0.0, 7.629394360719743e-08, 0.8157447576522827], 'center': [466.7806091308594, 4493.69873046875, 371.1614685058594], 'extent': [0.8281218409538269, 0.2912190854549408, 0.8098834753036499], 'world_cord': [[465.917724609375, 4493.412109375, 371.93597412109375], [465.98602294921875, 4493.41015625, 370.3176574707031], [465.92047119140625, 4493.99462890625, 371.9354248046875], [465.9887390136719, 4493.99267578125, 370.3171081542969], [467.5724792480469, 4493.40478515625, 372.00579833984375], [467.6407775878906, 4493.40283203125, 370.3874816894531], [467.5752258300781, 4493.98681640625, 372.0052490234375], [467.64349365234375, 4493.9853515625, 370.3869323730469]], 'semantic_tags': [19, 4], 'type_id': 'vehicle.diamondback.century', 'color': '50,96,242', 'base_type': 'bicycle', 'num_points': 238, 'distance': 5.87490149053014, 'speed': 2.086006539815511, 'brake': 0.0, 'light_state': '3', 'road_id': 735, 'lane_id': 1, 'section_id': 0, 'world2vehicle': [[-0.9991000294685364, 0.004637777805328369, -0.04216183349490166, 461.1686096191406], [-0.004682594444602728, -0.9999885559082031, 0.0009642713121138513, 4495.4755859375], [-0.0421568788588047, 0.0011608302593231201, 0.9991103410720825, -355.5539245605469], [0.0, 0.0, 0.0, 1.0]], 'position': (5.795803654586052, 0.9568689308597413, 0.09794840748867273), 'yaw': -1.5519924121281197, 'color_rgb': None, 'color_name': None, 'lane_type': carla.libcarla.LaneType.Shoulder, 'lane_type_str': 'Shoulder', 'is_in_junction': False, 'junction_id': -1, 'distance_to_junction': 82.00050354003906, 'next_junction_id': 9604, 'next_road_ids': [9608], 'next_next_road_ids': [734], 'same_road_as_ego': True, 'same_direction_as_ego': True, 'lane_relative_to_ego': 1, 'steer': -0.00035498623127337334, 'vehicle_cuts_in': False}]
[debug] in branch in front, vehicles_in_front = [{'class': 'vehicle', 'state': 'dynamic', 'id': '45660', 'location': [466.81500244140625, 4493.69775390625, 370.346435546875], 'rotation': [-2.4164113998413086, -0.0552978552877903, 179.73403930664062], 'bbx_loc': [0.0, 7.629394360719743e-08, 0.8157447576522827], 'center': [466.7806091308594, 4493.69873046875, 371.1614685058594], 'extent': [0.8281218409538269, 0.2912190854549408, 0.8098834753036499], 'world_cord': [[465.917724609375, 4493.412109375, 371.93597412109375], [465.98602294921875, 4493.41015625, 370.3176574707031], [465.92047119140625, 4493.99462890625, 371.9354248046875], [465.9887390136719, 4493.99267578125, 370.3171081542969], [467.5724792480469, 4493.40478515625, 372.00579833984375], [467.6407775878906, 4493.40283203125, 370.3874816894531], [467.5752258300781, 4493.98681640625, 372.0052490234375], [467.64349365234375, 4493.9853515625, 370.3869323730469]], 'semantic_tags': [19, 4], 'type_id': 'vehicle.diamondback.century', 'color': '50,96,242', 'base_type': 'bicycle', 'num_points': 238, 'distance': 5.87490149053014, 'speed': 2.086006539815511, 'brake': 0.0, 'light_state': '3', 'road_id': 735, 'lane_id': 1, 'section_id': 0, 'world2vehicle': [[-0.9991000294685364, 0.004637777805328369, -0.04216183349490166, 461.1686096191406], [-0.004682594444602728, -0.9999885559082031, 0.0009642713121138513, 4495.4755859375], [-0.0421568788588047, 0.0011608302593231201, 0.9991103410720825, -355.5539245605469], [0.0, 0.0, 0.0, 1.0]], 'position': (5.795803654586052, 0.9568689308597413, 0.09794840748867273), 'yaw': -1.5519924121281197, 'color_rgb': None, 'color_name': None, 'lane_type': carla.libcarla.LaneType.Shoulder, 'lane_type_str': 'Shoulder', 'is_in_junction': False, 'junction_id': -1, 'distance_to_junction': 82.00050354003906, 'next_junction_id': 9604, 'next_road_ids': [9608], 'next_next_road_ids': [734], 'same_road_as_ego': True, 'same_direction_as_ego': True, 'lane_relative_to_ego': 1, 'steer': -0.00035498623127337334, 'vehicle_cuts_in': False}, {'class': 'vehicle', 'state': 'dynamic', 'id': '45698', 'location': [465.7287292480469, 4468.01953125, 370.3529968261719], 'rotation': [0.4773072600364685, 0.0009789654286578298, -89.87032318115234], 'bbx_loc': [0.028371941298246384, 1.0883807590289507e-05, 1.016722321510315], 'center': [465.7287902832031, 4467.99951171875, 371.36993408203125], 'extent': [2.782914400100708, 1.0749834775924683, 1.0225735902786255], 'world_cord': [[466.8100891113281, 4465.2275390625, 372.4156188964844], [466.8100891113281, 4465.2109375, 370.37054443359375], [464.6601257324219, 4465.22314453125, 372.4156494140625], [464.6601257324219, 4465.2060546875, 370.3705749511719], [466.7974853515625, 4470.79345703125, 372.3692626953125], [466.7974853515625, 4470.7763671875, 370.3241882324219], [464.64752197265625, 4470.78857421875, 372.3692932128906], [464.64752197265625, 4470.771484375, 370.32421875]], 'semantic_tags': [14], 'type_id': 'vehicle.nissan.patrol_2021', 'color': '159,0,0', 'base_type': 'car', 'num_points': 26, 'distance': 31.455572815753186, 'speed': 3.2373164683462052, 'brake': 0.0, 'light_state': '131', 'road_id': 735, 'lane_id': 1, 'section_id': 0, 'world2vehicle': [[0.0022631834726780653, -0.9999627470970154, 0.00833048764616251, 4463.71337890625], [0.9999974370002747, 0.002263119677081704, -1.7085576473618858e-05, -475.8328857421875], [-1.7679503798717633e-06, 0.008330505341291428, 0.9999653100967407, -407.5601806640625], [0.0, 0.0, 0.0, 1.0]], 'position': (31.44756410969603, -0.613442147092087, 0.3671634900925085), 'yaw': -1.5519924121281197, 'color_rgb': None, 'color_name': None, 'lane_type': carla.libcarla.LaneType.Driving, 'lane_type_str': 'Driving', 'is_in_junction': False, 'junction_id': -1, 'distance_to_junction': 57.28530502319336, 'next_junction_id': 9604, 'next_road_ids': [9622], 'next_next_road_ids': [752], 'same_road_as_ego': True, 'same_direction_as_ego': True, 'lane_relative_to_ego': 0, 'steer': -0.00914683875025649, 'vehicle_cuts_in': False}]
[debug] into second branch, scenario_name = VehicleTurningRoute
[debug] scenario = VehicleTurningRoute
[debug] scenario = VehicleTurningRoute
[debug] scenario = VehicleTurningRoute
[debug] scenario = VehicleTurningRoute
[debug] scenario = VehicleTurningRoute
[debug] current frame is 195
[debug] hazardous_actors = [{'class': 'vehicle', 'state': 'dynamic', 'id': '45660', 'location': [465.7051696777344, 4493.70361328125, 370.3141174316406], 'rotation': [-0.20254242420196533, -0.0500793382525444, 179.73178100585938], 'bbx_loc': [0.0, 7.629394360719743e-08, 0.8157447576522827], 'center': [465.7023010253906, 4493.7041015625, 371.1298522949219], 'extent': [0.8281218409538269, 0.2912190854549408, 0.8098834753036499], 'world_cord': [[464.8699645996094, 4493.41748046875, 371.93707275390625], [464.87567138671875, 4493.41650390625, 370.3172912597656], [464.8726806640625, 4494.0, 371.9365539550781], [464.87841796875, 4493.99853515625, 370.3168029785156], [466.52618408203125, 4493.41015625, 371.94293212890625], [466.5318908691406, 4493.40869140625, 370.3231506347656], [466.5289001464844, 4493.9921875, 371.9424133300781], [466.53460693359375, 4493.99072265625, 370.3226623535156]], 'semantic_tags': [19, 4], 'type_id': 'vehicle.diamondback.century', 'color': '50,96,242', 'base_type': 'bicycle', 'num_points': 237, 'distance': 3.6759800309927497, 'speed': 2.181477381678354, 'brake': 0.0, 'light_state': '3', 'road_id': 735, 'lane_id': 1, 'section_id': 0, 'world2vehicle': [[-0.9999827742576599, 0.004681215155869722, -0.0035350245889276266, 445.9702453613281], [-0.00468433229252696, -0.9999886751174927, 0.0008740437333472073, 4495.5107421875], [-0.0035308930091559887, 0.0008905879221856594, 0.9999933838844299, -372.66937255859375], [0.0, 0.0, 0.0, 1.0]], 'position': (3.65099401858879, -0.427816013261463, 0.03662530901843297), 'yaw': -1.4984813831871029, 'color_rgb': None, 'color_name': None, 'lane_type': carla.libcarla.LaneType.Driving, 'lane_type_str': 'Driving', 'is_in_junction': False, 'junction_id': -1, 'distance_to_junction': 82.17373657226562, 'next_junction_id': 9604, 'next_road_ids': [9622], 'next_next_road_ids': [752], 'same_road_as_ego': True, 'same_direction_as_ego': True, 'lane_relative_to_ego': 0, 'steer': 0.00012804755457350791, 'vehicle_cuts_in': False}]
[debug] in branch in front, vehicles_in_front = [{'class': 'vehicle', 'state': 'dynamic', 'id': '45660', 'location': [465.7051696777344, 4493.70361328125, 370.3141174316406], 'rotation': [-0.20254242420196533, -0.0500793382525444, 179.73178100585938], 'bbx_loc': [0.0, 7.629394360719743e-08, 0.8157447576522827], 'center': [465.7023010253906, 4493.7041015625, 371.1298522949219], 'extent': [0.8281218409538269, 0.2912190854549408, 0.8098834753036499], 'world_cord': [[464.8699645996094, 4493.41748046875, 371.93707275390625], [464.87567138671875, 4493.41650390625, 370.3172912597656], [464.8726806640625, 4494.0, 371.9365539550781], [464.87841796875, 4493.99853515625, 370.3168029785156], [466.52618408203125, 4493.41015625, 371.94293212890625], [466.5318908691406, 4493.40869140625, 370.3231506347656], [466.5289001464844, 4493.9921875, 371.9424133300781], [466.53460693359375, 4493.99072265625, 370.3226623535156]], 'semantic_tags': [19, 4], 'type_id': 'vehicle.diamondback.century', 'color': '50,96,242', 'base_type': 'bicycle', 'num_points': 237, 'distance': 3.6759800309927497, 'speed': 2.181477381678354, 'brake': 0.0, 'light_state': '3', 'road_id': 735, 'lane_id': 1, 'section_id': 0, 'world2vehicle': [[-0.9999827742576599, 0.004681215155869722, -0.0035350245889276266, 445.9702453613281], [-0.00468433229252696, -0.9999886751174927, 0.0008740437333472073, 4495.5107421875], [-0.0035308930091559887, 0.0008905879221856594, 0.9999933838844299, -372.66937255859375], [0.0, 0.0, 0.0, 1.0]], 'position': (3.65099401858879, -0.427816013261463, 0.03662530901843297), 'yaw': -1.4984813831871029, 'color_rgb': None, 'color_name': None, 'lane_type': carla.libcarla.LaneType.Driving, 'lane_type_str': 'Driving', 'is_in_junction': False, 'junction_id': -1, 'distance_to_junction': 82.17373657226562, 'next_junction_id': 9604, 'next_road_ids': [9622], 'next_next_road_ids': [752], 'same_road_as_ego': True, 'same_direction_as_ego': True, 'lane_relative_to_ego': 0, 'steer': 0.00012804755457350791, 'vehicle_cuts_in': False}]
[debug] into second branch, scenario_name = VehicleTurningRoute
[debug] scenario = VehicleTurningRoute
[debug] scenario = VehicleTurningRoute
[debug] scenario = VehicleTurningRoute
[debug] scenario = VehicleTurningRoute
[debug] scenario = VehicleTurningRoute
[debug] current frame is 200
[debug] hazardous_actors = []
[debug] scenario = VehicleTurningRoute
[debug] scenario = VehicleTurningRoute
[debug] scenario = VehicleTurningRoute
[debug] scenario = VehicleTurningRoute
[debug] scenario = VehicleTurningRoute
[debug] current frame is 205
[debug] hazardous_actors = []
[debug] scenario = VehicleTurningRoute
[debug] scenario = VehicleTurningRoute
[debug] scenario = VehicleTurningRoute
[debug] scenario = VehicleTurningRoute
[debug] current frame is 210
[debug] hazardous_actors = []
[debug] scenario = VehicleTurningRoute
[debug] scenario = VehicleTurningRoute
[debug] scenario = VehicleTurningRoute
[debug] scenario = VehicleTurningRoute
[debug] current frame is 215
[debug] hazardous_actors = []
[debug] scenario = VehicleTurningRoute
[debug] scenario = VehicleTurningRoute
[debug] scenario = VehicleTurningRoute
[debug] scenario = VehicleTurningRoute
[debug] scenario = VehicleTurningRoute
[debug] current frame is 220
[debug] hazardous_actors = []
[debug] scenario = VehicleTurningRoute
[debug] scenario = VehicleTurningRoute
[debug] scenario = VehicleTurningRoute
[debug] scenario = VehicleTurningRoute
[debug] current frame is 225
[debug] hazardous_actors = []
[debug] in branch in front, vehicles_in_front = [{'class': 'vehicle', 'state': 'dynamic', 'id': '45698', 'location': [465.72125244140625, 4460.7109375, 370.3640441894531], 'rotation': [0.3692604899406433, 0.004445090889930725, -89.87933349609375], 'bbx_loc': [0.028371941298246384, 1.0883807590289507e-05, 1.016722321510315], 'center': [465.72137451171875, 4460.68896484375, 371.38092041015625], 'extent': [2.782914400100708, 1.0749834775924683, 1.0225735902786255], 'world_cord': [[466.80230712890625, 4457.9150390625, 372.42132568359375], [466.8021545410156, 4457.90185546875, 370.376220703125], [464.65234375, 4457.91064453125, 372.4215087890625], [464.6521911621094, 4457.8974609375, 370.37640380859375], [466.79058837890625, 4463.48095703125, 372.3854675292969], [466.7904357910156, 4463.4677734375, 370.3403625488281], [464.640625, 4463.47607421875, 372.3856201171875], [464.6404724121094, 4463.462890625, 370.34051513671875]], 'semantic_tags': [14], 'type_id': 'vehicle.nissan.patrol_2021', 'color': '159,0,0', 'base_type': 'car', 'num_points': 39, 'distance': 27.00939799841033, 'speed': 2.3328959809659557, 'brake': 0.0, 'light_state': '139', 'road_id': 735, 'lane_id': 1, 'section_id': 0, 'world2vehicle': [[0.0021059815771877766, -0.9999770522117615, 0.006444766651839018, 4457.24072265625], [0.9999977946281433, 0.0021055254619568586, -7.757986168144271e-05, -475.0836181640625], [6.400845450116321e-05, 0.006444915663450956, 0.9999792575836182, -399.13507080078125], [0.0, 0.0, 0.0, 1.0]], 'position': (26.991945975921226, 0.9651000609101743, -0.11768658883271144), 'yaw': -1.6132380598230533, 'color_rgb': None, 'color_name': None, 'lane_type': carla.libcarla.LaneType.Driving, 'lane_type_str': 'Driving', 'is_in_junction': False, 'junction_id': -1, 'distance_to_junction': 49.17238235473633, 'next_junction_id': 9604, 'next_road_ids': [9622], 'next_next_road_ids': [752], 'same_road_as_ego': True, 'same_direction_as_ego': True, 'lane_relative_to_ego': 0, 'steer': -0.02219818018742281, 'vehicle_cuts_in': False}]
[debug] into second branch, scenario_name = VehicleTurningRoute
[debug] scenario = VehicleTurningRoute
[debug] scenario = VehicleTurningRoute
[debug] scenario = VehicleTurningRoute
[debug] scenario = VehicleTurningRoute
[debug] current frame is 230
[debug] hazardous_actors = []
[debug] in branch in front, vehicles_in_front = [{'class': 'vehicle', 'state': 'dynamic', 'id': '45698', 'location': [465.7199401855469, 4460.03125, 370.36822509765625], 'rotation': [-0.04324192553758621, 1.416397572029382e-05, -89.96578216552734], 'bbx_loc': [0.028371941298246384, 1.0883807590289507e-05, 1.016722321510315], 'center': [465.719970703125, 4460.001953125, 371.3849182128906], 'extent': [2.782914400100708, 1.0749834775924683, 1.0225735902786255], 'world_cord': [[466.7966003417969, 4457.21923828125, 372.4053955078125], [466.7966003417969, 4457.220703125, 370.3602600097656], [464.6466369628906, 4457.2177734375, 372.4053955078125], [464.6466369628906, 4457.21923828125, 370.3602600097656], [466.7933044433594, 4462.78466796875, 372.40960693359375], [466.7933044433594, 4462.78662109375, 370.36444091796875], [464.643310546875, 4462.78369140625, 372.40960693359375], [464.643310546875, 4462.78515625, 370.36444091796875]], 'semantic_tags': [14], 'type_id': 'vehicle.nissan.patrol_2021', 'color': '159,0,0', 'base_type': 'car', 'num_points': 56, 'distance': 24.018721354527283, 'speed': 1.351375994651181, 'brake': 0.0, 'light_state': '131', 'road_id': 735, 'lane_id': 1, 'section_id': 0, 'world2vehicle': [[0.0005971945938654244, -0.9999995231628418, -0.0007547138957306743, 4460.0302734375], [0.9999998211860657, 0.0005971949431113899, -2.472079358994961e-07, -468.3832702636719], [6.979191766731674e-07, -0.0007547136046923697, 0.9999997019767761, -367.00238037109375], [0.0, 0.0, 0.0, 1.0]], 'position': (24.01542437336775, 0.4008626241351294, -0.02754642825596676), 'yaw': -1.591211054447008, 'color_rgb': None, 'color_name': None, 'lane_type': carla.libcarla.LaneType.Driving, 'lane_type_str': 'Driving', 'is_in_junction': False, 'junction_id': -1, 'distance_to_junction': 49.283287048339844, 'next_junction_id': 9604, 'next_road_ids': [9622], 'next_next_road_ids': [752], 'same_road_as_ego': True, 'same_direction_as_ego': True, 'lane_relative_to_ego': 0, 'steer': -0.015222199279050799, 'vehicle_cuts_in': False}]
[debug] into second branch, scenario_name = VehicleTurningRoute
[debug] scenario = VehicleTurningRoute
[debug] scenario = VehicleTurningRoute
[debug] scenario = VehicleTurningRoute
[debug] current frame is 235
[debug] hazardous_actors = []
[debug] in branch in front, vehicles_in_front = [{'class': 'vehicle', 'state': 'dynamic', 'id': '45698', 'location': [465.7165832519531, 4458.63916015625, 370.3654479980469], 'rotation': [0.5335265398025513, 0.004116220865398645, -90.08719635009766], 'bbx_loc': [0.028371941298246384, 1.0883807590289507e-05, 1.016722321510315], 'center': [465.7166442871094, 4458.6201171875, 371.38238525390625], 'extent': [2.782914400100708, 1.0749834775924683, 1.0225735902786255], 'world_cord': [[466.7874755859375, 4455.84521484375, 372.4307556152344], [466.78729248046875, 4455.826171875, 370.3857116699219], [464.63751220703125, 4455.8486328125, 372.430908203125], [464.6373291015625, 4455.82958984375, 370.3858642578125], [466.7959289550781, 4461.4111328125, 372.3789367675781], [466.7957763671875, 4461.39208984375, 370.3338623046875], [464.6459655761719, 4461.4140625, 372.37908935546875], [464.64581298828125, 4461.39501953125, 370.3340148925781]], 'semantic_tags': [14], 'type_id': 'vehicle.nissan.patrol_2021', 'color': '159,0,0', 'base_type': 'car', 'num_points': 80, 'distance': 21.657476288616152, 'speed': 4.524215889477559, 'brake': 0.0, 'light_state': '131', 'road_id': 735, 'lane_id': 1, 'section_id': 0, 'world2vehicle': [[-0.0015218029730021954, -0.9999555349349976, 0.009311660192906857, 4455.70068359375], [0.9999988675117493, -0.001522537786513567, -7.183849083958194e-05, -458.9010009765625], [8.601265290053561e-05, 0.009311540983617306, 0.9999566674232483, -411.90625], [0.0, 0.0, 0.0, 1.0]], 'position': (21.65661448627634, -0.1803975629393335, -0.05346868627085044), 'yaw': -1.5672708341438497, 'color_rgb': None, 'color_name': None, 'lane_type': carla.libcarla.LaneType.Driving, 'lane_type_str': 'Driving', 'is_in_junction': False, 'junction_id': -1, 'distance_to_junction': 47.18463897705078, 'next_junction_id': 9604, 'next_road_ids': [9622], 'next_next_road_ids': [752], 'same_road_as_ego': True, 'same_direction_as_ego': True, 'lane_relative_to_ego': 0, 'steer': -0.012902337556074065, 'vehicle_cuts_in': False}]
[debug] into second branch, scenario_name = VehicleTurningRoute
[debug] scenario = VehicleTurningRoute
[debug] scenario = VehicleTurningRoute
[debug] scenario = VehicleTurningRoute
[debug] current frame is 240
[debug] hazardous_actors = []
[debug] in branch in front, vehicles_in_front = [{'class': 'vehicle', 'state': 'dynamic', 'id': '45698', 'location': [465.7071228027344, 4455.7451171875, 370.3707580566406], 'rotation': [0.4124819338321686, 0.006433044094592333, -90.30113983154297], 'bbx_loc': [0.028371941298246384, 1.0883807590289507e-05, 1.016722321510315], 'center': [465.7071228027344, 4455.72412109375, 371.3876647949219], 'extent': [2.782914400100708, 1.0749834775924683, 1.0225735902786255], 'world_cord': [[466.76763916015625, 4452.94287109375, 372.43011474609375], [466.767333984375, 4452.92822265625, 370.385009765625], [464.6177062988281, 4452.9541015625, 372.43035888671875], [464.6174011230469, 4452.939453125, 370.38525390625], [466.796875, 4458.5087890625, 372.3900451660156], [466.79656982421875, 4458.49365234375, 370.344970703125], [464.6469421386719, 4458.52001953125, 372.3902893066406], [464.6466369628906, 4458.50537109375, 370.3451843261719]], 'semantic_tags': [14], 'type_id': 'vehicle.nissan.patrol_2021', 'color': '159,0,0', 'base_type': 'car', 'num_points': 84, 'distance': 20.540712647793868, 'speed': 7.314895218709202, 'brake': 0.0, 'light_state': '131', 'road_id': 735, 'lane_id': 1, 'section_id': 0, 'world2vehicle': [[-0.00525570148602128, -0.9999602437019348, 0.007199105340987444, 4455.34912109375], [0.9999861717224121, -0.005256646312773228, -0.00011227488721488044, -442.23681640625], [0.00015011357027105987, 0.007198415696620941, 0.9999740719795227, -402.50537109375], [0.0, 0.0, 0.0, 1.0]], 'position': (20.53813222597455, 0.3243115018623257, 0.0028396948047486603), 'yaw': -1.5908327524141623, 'color_rgb': None, 'color_name': None, 'lane_type': carla.libcarla.LaneType.Driving, 'lane_type_str': 'Driving', 'is_in_junction': False, 'junction_id': -1, 'distance_to_junction': 44.16692352294922, 'next_junction_id': 9604, 'next_road_ids': [9622], 'next_next_road_ids': [752], 'same_road_as_ego': True, 'same_direction_as_ego': True, 'lane_relative_to_ego': 0, 'steer': 0.0021191366664133193, 'vehicle_cuts_in': False}]
[debug] into second branch, scenario_name = VehicleTurningRoute
[debug] scenario = VehicleTurningRoute
[debug] scenario = VehicleTurningRoute
[debug] current frame is 245
[debug] hazardous_actors = []
[debug] in branch in front, vehicles_in_front = [{'class': 'vehicle', 'state': 'dynamic', 'id': '45698', 'location': [465.6882629394531, 4451.6884765625, 370.3783874511719], 'rotation': [0.14579038321971893, -0.0013122609816491604, -90.25188446044922], 'bbx_loc': [0.028371941298246384, 1.0883807590289507e-05, 1.016722321510315], 'center': [465.6881408691406, 4451.66259765625, 371.3951721191406], 'extent': [2.782914400100708, 1.0749834775924683, 1.0225735902786255], 'world_cord': [[466.7508544921875, 4448.8779296875, 372.42486572265625], [466.7508850097656, 4448.87255859375, 370.37969970703125], [464.6009216308594, 4448.88720703125, 372.4248046875], [464.6009521484375, 4448.8818359375, 370.3796691894531], [466.77532958984375, 4454.443359375, 372.41070556640625], [466.7753601074219, 4454.4384765625, 370.36553955078125], [464.6253967285156, 4454.453125, 372.41064453125], [464.6253967285156, 4454.44775390625, 370.3655090332031]], 'semantic_tags': [14], 'type_id': 'vehicle.nissan.patrol_2021', 'color': '159,0,0', 'base_type': 'car', 'num_points': 75, 'distance': 20.384508496833227, 'speed': 8.287518589882943, 'brake': 0.699999988079071, 'light_state': 'None', 'road_id': 735, 'lane_id': 1, 'section_id': 0, 'world2vehicle': [[-0.004396215546876192, -0.9999871253967285, 0.002544519491493702, 4452.736328125], [0.9999903440475464, -0.004396171309053898, 2.290319935127627e-05, -446.12188720703125], [-1.1716760127455927e-05, 0.002544595394283533, 0.9999967813491821, -381.6994934082031], [0.0, 0.0, 0.0, 1.0]], 'position': (20.37356077124423, -0.6576860445461534, -0.0857394330323018), 'yaw': -1.5433263527829473, 'color_rgb': None, 'color_name': None, 'lane_type': carla.libcarla.LaneType.Driving, 'lane_type_str': 'Driving', 'is_in_junction': False, 'junction_id': -1, 'distance_to_junction': 40.176212310791016, 'next_junction_id': 9604, 'next_road_ids': [9622], 'next_next_road_ids': [752], 'same_road_as_ego': True, 'same_direction_as_ego': True, 'lane_relative_to_ego': 0, 'steer': 0.0, 'vehicle_cuts_in': False}]
[debug] into second branch, scenario_name = VehicleTurningRoute
Stats saved.
