[debug] current frame is 0
[debug] hazardous_actors = []
[debug] current frame is 5
[debug] hazardous_actors = []
[debug] current frame is 10
[debug] hazardous_actors = []
[debug] current frame is 15
[debug] hazardous_actors = []
[debug] current frame is 20
[debug] hazardous_actors = []
[debug] current frame is 25
[debug] hazardous_actors = []
[debug] into second branch, scenario_name = BlockedIntersection
[debug] current frame is 30
[debug] hazardous_actors = []
[debug] into second branch, scenario_name = BlockedIntersection
[debug] current frame is 35
[debug] hazardous_actors = []
[debug] into second branch, scenario_name = BlockedIntersection
[debug] current frame is 40
[debug] hazardous_actors = []
[debug] into second branch, scenario_name = BlockedIntersection
[debug] current frame is 45
[debug] hazardous_actors = []
[debug] current frame is 50
[debug] hazardous_actors = []
[debug] current frame is 55
[debug] hazardous_actors = []
[debug] current frame is 60
[debug] hazardous_actors = []
[debug] current frame is 65
[debug] hazardous_actors = []
[debug] current frame is 70
[debug] hazardous_actors = []
[debug] current frame is 75
[debug] hazardous_actors = []
[debug] current frame is 80
[debug] hazardous_actors = []
[debug] current frame is 85
[debug] hazardous_actors = []
[debug] current frame is 90
[debug] hazardous_actors = []
[debug] current frame is 95
[debug] hazardous_actors = []
[debug] current frame is 100
[debug] hazardous_actors = []
[debug] current frame is 105
[debug] hazardous_actors = []
[debug] current frame is 110
[debug] hazardous_actors = []
[debug] current frame is 115
[debug] hazardous_actors = []
[debug] current frame is 120
[debug] hazardous_actors = []
[debug] current frame is 125
[debug] hazardous_actors = []
[debug] current frame is 130
[debug] hazardous_actors = []
[debug] current frame is 135
[debug] hazardous_actors = []
[debug] current frame is 140
[debug] hazardous_actors = []
[debug] current frame is 145
[debug] hazardous_actors = []
[debug] current frame is 150
[debug] hazardous_actors = []
[debug] current frame is 155
[debug] hazardous_actors = []
[debug] current frame is 160
[debug] hazardous_actors = []
[debug] current frame is 165
[debug] hazardous_actors = []
[debug] current frame is 170
[debug] hazardous_actors = []
[debug] current frame is 175
[debug] hazardous_actors = []
[debug] current frame is 180
[debug] hazardous_actors = []
[debug] current frame is 185
[debug] hazardous_actors = []
[debug] current frame is 190
[debug] hazardous_actors = []
[debug] current frame is 195
[debug] hazardous_actors = []
[debug] current frame is 200
[debug] hazardous_actors = []
[debug] current frame is 205
[debug] hazardous_actors = []
[debug] current frame is 210
[debug] hazardous_actors = []
[debug] current frame is 215
[debug] hazardous_actors = []
[debug] current frame is 220
[debug] hazardous_actors = []
[debug] current frame is 225
[debug] hazardous_actors = []
[debug] current frame is 230
[debug] hazardous_actors = []
[debug] current frame is 235
[debug] hazardous_actors = []
[debug] current frame is 240
[debug] hazardous_actors = []
[debug] current frame is 245
[debug] hazardous_actors = []
[debug] current frame is 250
[debug] hazardous_actors = []
[debug] current frame is 255
[debug] hazardous_actors = []
[debug] current frame is 260
[debug] hazardous_actors = []
[debug] current frame is 265
[debug] hazardous_actors = []
[debug] current frame is 270
[debug] hazardous_actors = []
[debug] current frame is 275
[debug] hazardous_actors = []
[debug] current frame is 280
[debug] hazardous_actors = []
[debug] into second branch, scenario_name = BlockedIntersection
[debug] current frame is 285
[debug] hazardous_actors = []
[debug] current frame is 290
[debug] hazardous_actors = []
[debug] current frame is 295
[debug] hazardous_actors = []
[debug] current frame is 300
[debug] hazardous_actors = []
[debug] current frame is 305
[debug] hazardous_actors = []
[debug] current frame is 310
[debug] hazardous_actors = []
[debug] current frame is 315
[debug] hazardous_actors = []
[debug] into second branch, scenario_name = BlockedIntersection
[debug] current frame is 320
[debug] hazardous_actors = []
[debug] into second branch, scenario_name = BlockedIntersection
[debug] current frame is 325
[debug] hazardous_actors = []
[debug] into second branch, scenario_name = BlockedIntersection
[debug] current frame is 330
[debug] hazardous_actors = []
[debug] into second branch, scenario_name = BlockedIntersection
[debug] current frame is 335
[debug] hazardous_actors = []
[debug] into second branch, scenario_name = BlockedIntersection
[debug] current frame is 340
[debug] hazardous_actors = []
[debug] into second branch, scenario_name = BlockedIntersection
[debug] current frame is 345
[debug] hazardous_actors = []
[debug] into second branch, scenario_name = BlockedIntersection
[debug] current frame is 350
[debug] hazardous_actors = []
[debug] into second branch, scenario_name = BlockedIntersection
[debug] current frame is 355
[debug] hazardous_actors = []
[debug] into second branch, scenario_name = BlockedIntersection
[debug] current frame is 360
[debug] hazardous_actors = []
[debug] into second branch, scenario_name = BlockedIntersection
[debug] current frame is 365
[debug] hazardous_actors = []
[debug] into second branch, scenario_name = BlockedIntersection
[debug] current frame is 370
[debug] hazardous_actors = []
[debug] into second branch, scenario_name = BlockedIntersection
[debug] current frame is 375
[debug] hazardous_actors = []
[debug] into second branch, scenario_name = BlockedIntersection
[debug] current frame is 380
[debug] hazardous_actors = []
[debug] into second branch, scenario_name = BlockedIntersection
[debug] current frame is 385
[debug] hazardous_actors = []
[debug] into second branch, scenario_name = BlockedIntersection
[debug] current frame is 390
[debug] hazardous_actors = []
[debug] into second branch, scenario_name = BlockedIntersection
[debug] current frame is 395
[debug] hazardous_actors = []
[debug] into second branch, scenario_name = BlockedIntersection
[debug] current frame is 400
[debug] hazardous_actors = []
[debug] into second branch, scenario_name = BlockedIntersection
[debug] current frame is 405
[debug] hazardous_actors = []
[debug] into second branch, scenario_name = BlockedIntersection
[debug] current frame is 410
[debug] hazardous_actors = []
[debug] into second branch, scenario_name = BlockedIntersection
[debug] current frame is 415
[debug] hazardous_actors = []
[debug] into second branch, scenario_name = BlockedIntersection
[debug] current frame is 420
[debug] hazardous_actors = []
[debug] into second branch, scenario_name = BlockedIntersection
[debug] current frame is 425
[debug] hazardous_actors = []
[debug] into second branch, scenario_name = BlockedIntersection
[debug] current frame is 430
[debug] hazardous_actors = []
[debug] current frame is 435
[debug] hazardous_actors = []
[debug] current frame is 440
[debug] hazardous_actors = []
[debug] current frame is 445
[debug] hazardous_actors = []
[debug] current frame is 450
[debug] hazardous_actors = []
[debug] into second branch, scenario_name = BlockedIntersection
[debug] current frame is 455
[debug] hazardous_actors = []
[debug] current frame is 460
[debug] hazardous_actors = []
[debug] current frame is 465
[debug] hazardous_actors = []
[debug] current frame is 470
[debug] hazardous_actors = []
[debug] current frame is 475
[debug] hazardous_actors = []
[debug] into second branch, scenario_name = BlockedIntersection
[debug] current frame is 480
[debug] hazardous_actors = []
[debug] into second branch, scenario_name = BlockedIntersection
[debug] current frame is 485
[debug] hazardous_actors = []
[debug] into second branch, scenario_name = BlockedIntersection
[debug] current frame is 0
[debug] hazardous_actors = []
[debug] current frame is 5
[debug] hazardous_actors = []
[debug] current frame is 10
[debug] hazardous_actors = []
[debug] current frame is 15
[debug] hazardous_actors = []
[debug] into second branch, scenario_name = CrossingBicycleFlow
[debug] current frame is 20
[debug] hazardous_actors = []
[debug] into second branch, scenario_name = CrossingBicycleFlow
[debug] current frame is 25
[debug] hazardous_actors = []
[debug] current frame is 30
[debug] hazardous_actors = []
[debug] into second branch, scenario_name = CrossingBicycleFlow
[debug] current frame is 35
[debug] hazardous_actors = []
[debug] into second branch, scenario_name = CrossingBicycleFlow
[debug] current frame is 40
[debug] hazardous_actors = []
[debug] into second branch, scenario_name = CrossingBicycleFlow
[debug] current frame is 45
[debug] hazardous_actors = []
[debug] current frame is 50
[debug] hazardous_actors = []
[debug] current frame is 55
[debug] hazardous_actors = []
[debug] current frame is 60
[debug] hazardous_actors = []
[debug] current frame is 65
[debug] hazardous_actors = []
[debug] current frame is 70
[debug] hazardous_actors = []
[debug] current frame is 75
[debug] hazardous_actors = []
[debug] current frame is 80
[debug] hazardous_actors = []
[debug] current frame is 85
[debug] hazardous_actors = []
[debug] current frame is 90
[debug] hazardous_actors = []
[debug] current frame is 95
[debug] hazardous_actors = []
[debug] current frame is 100
[debug] hazardous_actors = []
[debug] current frame is 105
[debug] hazardous_actors = []
[debug] current frame is 110
[debug] hazardous_actors = []
[debug] current frame is 115
[debug] hazardous_actors = []
[debug] current frame is 120
[debug] hazardous_actors = []
[debug] current frame is 125
[debug] hazardous_actors = []
[debug] current frame is 130
[debug] hazardous_actors = []
[debug] current frame is 135
[debug] hazardous_actors = []
[debug] current frame is 140
[debug] hazardous_actors = []
[debug] current frame is 145
[debug] hazardous_actors = []
[debug] current frame is 150
[debug] hazardous_actors = []
[debug] current frame is 155
[debug] hazardous_actors = []
[debug] current frame is 160
[debug] hazardous_actors = []
[debug] current frame is 165
[debug] hazardous_actors = []
[debug] current frame is 170
[debug] hazardous_actors = []
[debug] current frame is 175
[debug] hazardous_actors = []
[debug] current frame is 180
[debug] hazardous_actors = []
[debug] current frame is 185
[debug] hazardous_actors = []
[debug] current frame is 190
[debug] hazardous_actors = []
[debug] current frame is 195
[debug] hazardous_actors = []
[debug] current frame is 200
[debug] hazardous_actors = []
[debug] current frame is 205
[debug] hazardous_actors = []
[debug] current frame is 210
[debug] hazardous_actors = []
[debug] current frame is 215
[debug] hazardous_actors = []
[debug] current frame is 220
[debug] hazardous_actors = []
[debug] current frame is 225
[debug] hazardous_actors = []
[debug] current frame is 230
[debug] hazardous_actors = []
[debug] current frame is 235
[debug] hazardous_actors = []
[debug] current frame is 240
[debug] hazardous_actors = []
[debug] current frame is 245
[debug] hazardous_actors = []
[debug] current frame is 250
[debug] hazardous_actors = []
[debug] current frame is 255
[debug] hazardous_actors = []
[debug] current frame is 260
[debug] hazardous_actors = []
[debug] current frame is 265
[debug] hazardous_actors = []
[debug] current frame is 270
[debug] hazardous_actors = []
[debug] current frame is 275
[debug] hazardous_actors = []
[debug] current frame is 280
[debug] hazardous_actors = []
[debug] current frame is 285
[debug] hazardous_actors = []
[debug] current frame is 290
[debug] hazardous_actors = []
[debug] current frame is 295
[debug] hazardous_actors = []
[debug] current frame is 300
[debug] hazardous_actors = []
[debug] current frame is 305
[debug] hazardous_actors = []
[debug] current frame is 310
[debug] hazardous_actors = []
[debug] current frame is 315
[debug] hazardous_actors = []
[debug] current frame is 320
[debug] hazardous_actors = []
[debug] current frame is 325
[debug] hazardous_actors = []
[debug] current frame is 330
[debug] hazardous_actors = []
[debug] current frame is 335
[debug] hazardous_actors = []
[debug] current frame is 340
[debug] hazardous_actors = []
[debug] current frame is 345
[debug] hazardous_actors = []
[debug] into second branch, scenario_name = CrossingBicycleFlow
[debug] current frame is 350
[debug] hazardous_actors = []
[debug] into second branch, scenario_name = CrossingBicycleFlow
[debug] current frame is 355
[debug] hazardous_actors = []
[debug] current frame is 360
[debug] hazardous_actors = []
[debug] current frame is 365
[debug] hazardous_actors = []
[debug] into second branch, scenario_name = CrossingBicycleFlow
[debug] current frame is 370
[debug] hazardous_actors = []
[debug] into second branch, scenario_name = CrossingBicycleFlow
[debug] current frame is 375
[debug] hazardous_actors = []
[debug] into second branch, scenario_name = CrossingBicycleFlow
[debug] current frame is 380
[debug] hazardous_actors = []
[debug] into second branch, scenario_name = CrossingBicycleFlow
[debug] current frame is 385
[debug] hazardous_actors = []
[debug] into second branch, scenario_name = CrossingBicycleFlow
[debug] current frame is 390
[debug] hazardous_actors = []
[debug] into second branch, scenario_name = CrossingBicycleFlow
[debug] current frame is 395
[debug] hazardous_actors = []
[debug] into second branch, scenario_name = CrossingBicycleFlow
[debug] current frame is 400
[debug] hazardous_actors = []
[debug] into second branch, scenario_name = CrossingBicycleFlow
Stats saved.
