[debug] path = ../../../Bench2Drive-rep/ParkingExit_Town12_Route1305_Weather18/anno/00000.json.gz
[debug] 2
[debug] scenario_name = ParkingExit
[debug] in ParkingExit branch
[debug] path = ../../../Bench2Drive-rep/ParkingExit_Town12_Route1305_Weather18/anno/00005.json.gz
[debug] 2
[debug] scenario_name = ParkingExit
[debug] in ParkingExit branch
[debug] path = ../../../Bench2Drive-rep/ParkingExit_Town12_Route1305_Weather18/anno/00010.json.gz
[debug] 2
[debug] scenario_name = ParkingExit
[debug] in ParkingExit branch
[debug] path = ../../../Bench2Drive-rep/ParkingExit_Town12_Route1305_Weather18/anno/00015.json.gz
[debug] 2
[debug] scenario_name = ParkingExit
[debug] in ParkingExit branch
[debug] path = ../../../Bench2Drive-rep/ParkingExit_Town12_Route1305_Weather18/anno/00020.json.gz
[debug] 2
[debug] scenario_name = ParkingExit
[debug] in ParkingExit branch
[debug] path = ../../../Bench2Drive-rep/ParkingExit_Town12_Route1305_Weather18/anno/00025.json.gz
[debug] 2
[debug] scenario_name = ParkingExit
[debug] in ParkingExit branch
[debug] path = ../../../Bench2Drive-rep/ParkingExit_Town12_Route1305_Weather18/anno/00030.json.gz
[debug] 2
[debug] scenario_name = ParkingExit
[debug] in ParkingExit branch
[debug] path = ../../../Bench2Drive-rep/ParkingExit_Town12_Route1305_Weather18/anno/00035.json.gz
[debug] 2
[debug] scenario_name = ParkingExit
[debug] in ParkingExit branch
[debug] path = ../../../Bench2Drive-rep/ParkingExit_Town12_Route1305_Weather18/anno/00040.json.gz
[debug] 2
[debug] scenario_name = ParkingExit
[debug] in ParkingExit branch
[debug] path = ../../../Bench2Drive-rep/ParkingExit_Town12_Route1305_Weather18/anno/00045.json.gz
[debug] 2
[debug] scenario_name = ParkingExit
[debug] in ParkingExit branch
[debug] path = ../../../Bench2Drive-rep/ParkingExit_Town12_Route1305_Weather18/anno/00050.json.gz
[debug] 2
[debug] scenario_name = ParkingExit
[debug] in ParkingExit branch
[debug] path = ../../../Bench2Drive-rep/ParkingExit_Town12_Route1305_Weather18/anno/00055.json.gz
[debug] 2
[debug] scenario_name = ParkingExit
[debug] in ParkingExit branch
[debug] path = ../../../Bench2Drive-rep/ParkingExit_Town12_Route1305_Weather18/anno/00060.json.gz
[debug] 2
[debug] scenario_name = ParkingExit
[debug] in ParkingExit branch
[debug] path = ../../../Bench2Drive-rep/ParkingExit_Town12_Route1305_Weather18/anno/00065.json.gz
[debug] 2
[debug] scenario_name = ParkingExit
[debug] in ParkingExit branch
[debug] path = ../../../Bench2Drive-rep/ParkingExit_Town12_Route1305_Weather18/anno/00070.json.gz
[debug] 2
[debug] scenario_name = ParkingExit
[debug] in ParkingExit branch
[debug] path = ../../../Bench2Drive-rep/ParkingExit_Town12_Route1305_Weather18/anno/00075.json.gz
[debug] 2
[debug] scenario_name = ParkingExit
[debug] in ParkingExit branch
[debug] path = ../../../Bench2Drive-rep/ParkingExit_Town12_Route1305_Weather18/anno/00080.json.gz
[debug] 2
[debug] scenario_name = ParkingExit
[debug] in ParkingExit branch
[debug] path = ../../../Bench2Drive-rep/ParkingExit_Town12_Route1305_Weather18/anno/00085.json.gz
[debug] 2
[debug] scenario_name = ParkingExit
[debug] in ParkingExit branch
[debug] path = ../../../Bench2Drive-rep/ParkingExit_Town12_Route1305_Weather18/anno/00090.json.gz
[debug] 2
[debug] scenario_name = ParkingExit
[debug] in ParkingExit branch
[debug] path = ../../../Bench2Drive-rep/ParkingExit_Town12_Route1305_Weather18/anno/00095.json.gz
[debug] 2
[debug] scenario_name = ParkingExit
[debug] in ParkingExit branch
[debug] path = ../../../Bench2Drive-rep/ParkingExit_Town12_Route1305_Weather18/anno/00100.json.gz
[debug] 2
[debug] scenario_name = ParkingExit
[debug] in ParkingExit branch
[debug] path = ../../../Bench2Drive-rep/ParkingExit_Town12_Route1305_Weather18/anno/00105.json.gz
[debug] 2
[debug] scenario_name = ParkingExit
[debug] in ParkingExit branch
[debug] path = ../../../Bench2Drive-rep/ParkingExit_Town12_Route1305_Weather18/anno/00110.json.gz
[debug] 2
[debug] scenario_name = ParkingExit
[debug] in ParkingExit branch
[debug] path = ../../../Bench2Drive-rep/ParkingExit_Town12_Route1305_Weather18/anno/00115.json.gz
[debug] 2
[debug] scenario_name = ParkingExit
[debug] in ParkingExit branch
[debug] path = ../../../Bench2Drive-rep/ParkingExit_Town12_Route1305_Weather18/anno/00120.json.gz
[debug] 2
[debug] scenario_name = ParkingExit
[debug] in ParkingExit branch
[debug] path = ../../../Bench2Drive-rep/ParkingExit_Town12_Route1305_Weather18/anno/00125.json.gz
[debug] 2
[debug] scenario_name = ParkingExit
[debug] in ParkingExit branch
[debug] path = ../../../Bench2Drive-rep/ParkingExit_Town12_Route1305_Weather18/anno/00130.json.gz
[debug] 2
[debug] scenario_name = ParkingExit
[debug] in ParkingExit branch
[debug] path = ../../../Bench2Drive-rep/ParkingExit_Town12_Route1305_Weather18/anno/00135.json.gz
[debug] 2
[debug] scenario_name = ParkingExit
[debug] in ParkingExit branch
[debug] path = ../../../Bench2Drive-rep/ParkingExit_Town12_Route1305_Weather18/anno/00140.json.gz
[debug] 2
[debug] scenario_name = ParkingExit
[debug] in ParkingExit branch
[debug] path = ../../../Bench2Drive-rep/ParkingExit_Town12_Route1305_Weather18/anno/00145.json.gz
[debug] 2
[debug] scenario_name = ParkingExit
[debug] in ParkingExit branch
[debug] path = ../../../Bench2Drive-rep/ParkingExit_Town12_Route1305_Weather18/anno/00150.json.gz
[debug] 2
[debug] scenario_name = ParkingExit
[debug] in ParkingExit branch
[debug] path = ../../../Bench2Drive-rep/ParkingExit_Town12_Route1305_Weather18/anno/00155.json.gz
[debug] 2
[debug] scenario_name = ParkingExit
[debug] in ParkingExit branch
[debug] path = ../../../Bench2Drive-rep/ParkingExit_Town12_Route1305_Weather18/anno/00160.json.gz
[debug] 2
[debug] scenario_name = ParkingExit
[debug] in ParkingExit branch
[debug] path = ../../../Bench2Drive-rep/ParkingExit_Town12_Route1305_Weather18/anno/00165.json.gz
[debug] 2
[debug] scenario_name = ParkingExit
[debug] in ParkingExit branch
[debug] path = ../../../Bench2Drive-rep/ParkingExit_Town12_Route1305_Weather18/anno/00170.json.gz
[debug] 2
[debug] scenario_name = ParkingExit
[debug] in ParkingExit branch
[debug] path = ../../../Bench2Drive-rep/ParkingExit_Town12_Route1305_Weather18/anno/00175.json.gz
[debug] 2
[debug] scenario_name = ParkingExit
[debug] in ParkingExit branch
[debug] path = ../../../Bench2Drive-rep/ParkingExit_Town12_Route1305_Weather18/anno/00180.json.gz
[debug] 2
[debug] scenario_name = ParkingExit
[debug] in ParkingExit branch
[debug] path = ../../../Bench2Drive-rep/ParkingExit_Town12_Route1305_Weather18/anno/00185.json.gz
[debug] 2
[debug] scenario_name = ParkingExit
[debug] in ParkingExit branch
[debug] path = ../../../Bench2Drive-rep/ParkingExit_Town12_Route1305_Weather18/anno/00190.json.gz
[debug] 2
[debug] scenario_name = ParkingExit
[debug] in ParkingExit branch
[debug] path = ../../../Bench2Drive-rep/ParkingExit_Town12_Route1305_Weather18/anno/00195.json.gz
[debug] 2
[debug] scenario_name = ParkingExit
[debug] in ParkingExit branch
[debug] path = ../../../Bench2Drive-rep/ParkingExit_Town12_Route1305_Weather18/anno/00200.json.gz
[debug] 2
[debug] scenario_name = ParkingExit
[debug] in ParkingExit branch
[debug] path = ../../../Bench2Drive-rep/ParkingExit_Town12_Route1305_Weather18/anno/00205.json.gz
[debug] 2
[debug] scenario_name = ParkingExit
[debug] in ParkingExit branch
[debug] path = ../../../Bench2Drive-rep/ParkingExit_Town12_Route1305_Weather18/anno/00210.json.gz
[debug] 2
[debug] scenario_name = ParkingExit
[debug] in ParkingExit branch
Stats saved.
