[debug] current frame is 0
[debug] hazardous_actors = []
[debug] current frame is 5
[debug] hazardous_actors = []
[debug] current frame is 10
[debug] hazardous_actors = []
[debug] current frame is 15
[debug] hazardous_actors = []
[debug] current frame is 20
[debug] hazardous_actors = []
[debug] current frame is 25
[debug] hazardous_actors = []
[debug] into second branch, scenario_name = BlockedIntersection
[debug] current frame is 30
[debug] hazardous_actors = []
[debug] into second branch, scenario_name = BlockedIntersection
[debug] current frame is 35
[debug] hazardous_actors = []
[debug] into second branch, scenario_name = BlockedIntersection
[debug] current frame is 40
[debug] hazardous_actors = []
[debug] into second branch, scenario_name = BlockedIntersection
[debug] current frame is 45
[debug] hazardous_actors = []
[debug] current frame is 50
[debug] hazardous_actors = []
[debug] current frame is 55
[debug] hazardous_actors = []
[debug] current frame is 60
[debug] hazardous_actors = []
[debug] current frame is 65
[debug] hazardous_actors = []
[debug] current frame is 70
[debug] hazardous_actors = []
[debug] current frame is 75
[debug] hazardous_actors = []
[debug] current frame is 80
[debug] hazardous_actors = []
[debug] current frame is 85
[debug] hazardous_actors = []
[debug] current frame is 90
[debug] hazardous_actors = []
[debug] current frame is 95
[debug] hazardous_actors = []
[debug] current frame is 100
[debug] hazardous_actors = []
[debug] current frame is 105
[debug] hazardous_actors = []
[debug] current frame is 110
[debug] hazardous_actors = []
[debug] current frame is 115
[debug] hazardous_actors = []
[debug] current frame is 120
[debug] hazardous_actors = []
[debug] current frame is 125
[debug] hazardous_actors = []
[debug] current frame is 130
[debug] hazardous_actors = []
[debug] current frame is 135
[debug] hazardous_actors = []
[debug] current frame is 140
[debug] hazardous_actors = []
[debug] current frame is 145
[debug] hazardous_actors = []
[debug] current frame is 150
[debug] hazardous_actors = []
[debug] current frame is 155
[debug] hazardous_actors = []
[debug] current frame is 160
[debug] hazardous_actors = []
[debug] current frame is 165
[debug] hazardous_actors = []
[debug] current frame is 170
[debug] hazardous_actors = []
[debug] current frame is 175
[debug] hazardous_actors = []
[debug] current frame is 180
[debug] hazardous_actors = []
[debug] current frame is 185
[debug] hazardous_actors = []
[debug] current frame is 190
[debug] hazardous_actors = []
[debug] current frame is 195
[debug] hazardous_actors = []
[debug] current frame is 200
[debug] hazardous_actors = []
[debug] current frame is 205
[debug] hazardous_actors = []
[debug] current frame is 210
[debug] hazardous_actors = []
[debug] current frame is 215
[debug] hazardous_actors = []
[debug] current frame is 220
[debug] hazardous_actors = []
[debug] current frame is 225
[debug] hazardous_actors = []
[debug] current frame is 230
[debug] hazardous_actors = []
[debug] current frame is 235
[debug] hazardous_actors = []
[debug] current frame is 240
[debug] hazardous_actors = []
[debug] current frame is 245
[debug] hazardous_actors = []
[debug] current frame is 250
[debug] hazardous_actors = []
[debug] current frame is 255
[debug] hazardous_actors = []
[debug] current frame is 260
[debug] hazardous_actors = []
[debug] current frame is 265
[debug] hazardous_actors = []
[debug] current frame is 270
[debug] hazardous_actors = []
[debug] current frame is 275
[debug] hazardous_actors = []
[debug] current frame is 280
[debug] hazardous_actors = []
[debug] into second branch, scenario_name = BlockedIntersection
[debug] current frame is 285
[debug] hazardous_actors = []
[debug] current frame is 290
[debug] hazardous_actors = []
[debug] current frame is 295
[debug] hazardous_actors = []
[debug] current frame is 300
[debug] hazardous_actors = []
[debug] current frame is 305
[debug] hazardous_actors = []
[debug] current frame is 310
[debug] hazardous_actors = []
[debug] current frame is 315
[debug] hazardous_actors = []
[debug] into second branch, scenario_name = BlockedIntersection
[debug] current frame is 320
[debug] hazardous_actors = []
[debug] into second branch, scenario_name = BlockedIntersection
[debug] current frame is 325
[debug] hazardous_actors = []
[debug] in branch in front, vehicles_in_front = [{'class': 'vehicle', 'state': 'dynamic', 'id': '637', 'location': [-77.9500503540039, 151.68597412109375, 0.003273220034316182], 'rotation': [8.879245433490723e-05, 0.0, -91.12071990966797], 'bbx_loc': [-0.03125518560409546, -3.8099287849036045e-06, 0.8910346627235413], 'center': [-77.9494400024414, 151.71722412109375, 0.8943078517913818], 'extent': [2.2763495445251465, 1.0485360622406006, 0.8835831880569458], 'world_cord': [[-76.94563293457031, 149.42080688476562, 1.7778946161270142], [-76.94563293457031, 149.42080688476562, 0.010728173889219761], [-79.04230499267578, 149.46182250976562, 1.7778946161270142], [-79.04230499267578, 149.46182250976562, 0.010728173889219761], [-76.85658264160156, 153.97262573242188, 1.7778875827789307], [-76.85658264160156, 153.97262573242188, 0.010721118189394474], [-78.95325469970703, 154.01364135742188, 1.7778875827789307], [-78.95325469970703, 154.01364135742188, 0.010721118189394474]], 'semantic_tags': [14], 'type_id': 'vehicle.mini.cooper_s_2021', 'color': '73,0,0', 'base_type': 'car', 'num_points': 111, 'distance': 17.33593815345519, 'speed': 8.975151991654716e-10, 'brake': 1.0, 'light_state': 'Brake', 'road_id': 69, 'lane_id': -1, 'section_id': 0, 'world2vehicle': [[-0.019559014588594437, -0.9998087286949158, 1.5497206504733185e-06, 150.13233947753906], [0.9998087286949158, -0.019559014588594437, -0.0, 80.90196990966797], [3.0311007037653326e-08, 1.5494242688873783e-06, 1.0, -0.0035058832727372646], [0.0, 0.0, 0.0, 1.0]], 'position': (17.322485969688955, -0.6713314434217921, 0.1251332293089984), 'yaw': 0.9012420089693963, 'color_rgb': None, 'color_name': None, 'lane_type': carla.libcarla.LaneType.Driving, 'lane_type_str': 'Driving', 'is_in_junction': False, 'junction_id': -1, 'distance_to_junction': 5.999995708465576, 'next_junction_id': 238, 'next_road_ids': [324], 'next_next_road_ids': [23], 'same_road_as_ego': False, 'same_direction_as_ego': False, 'lane_relative_to_ego': None, 'steer': 0.0, 'vehicle_cuts_in': False}]
[debug] into second branch, scenario_name = BlockedIntersection
[debug] current frame is 330
[debug] hazardous_actors = []
[debug] in branch in front, vehicles_in_front = [{'class': 'vehicle', 'state': 'dynamic', 'id': '587', 'location': [-88.61687469482422, 151.90179443359375, 0.0001983642578125], 'rotation': [0.0, 0.0, 89.78770446777344], 'bbx_loc': [-0.005351597443223, -2.974271637867787e-07, 0.7655780911445618], 'center': [-88.61689758300781, 151.8964385986328, 0.7657764554023743], 'extent': [2.5039126873016357, 0.9408109784126282, 0.7673624753952026], 'world_cord': [[-89.54842376708984, 154.40382385253906, 1.5331389904022217], [-89.54842376708984, 154.40382385253906, -0.0015860199928283691], [-87.66680908203125, 154.3968505859375, 1.5331389904022217], [-87.66680908203125, 154.3968505859375, -0.0015860199928283691], [-89.56697845458984, 149.39602661132812, 1.5331389904022217], [-89.56697845458984, 149.39602661132812, -0.0015860199928283691], [-87.68536376953125, 149.38906860351562, 1.5331389904022217], [-87.68536376953125, 149.38906860351562, -0.0015860199928283691]], 'semantic_tags': [14], 'type_id': 'vehicle.dodge.charger_2020', 'color': '0,0,0', 'base_type': 'car', 'num_points': 232, 'distance': 10.640262929443143, 'speed': 0.0, 'brake': 0.0, 'light_state': 'Brake', 'road_id': 69, 'lane_id': 3, 'section_id': 0, 'world2vehicle': [[0.0037052109837532043, 0.9999931454658508, 0.0, -151.57241821289062], [-0.9999931454658508, 0.0037052109837532043, -0.0, -89.17909240722656], [-0.0, 0.0, 1.0, -0.0001983642578125], [0.0, 0.0, 0.0, 1.0]], 'position': (10.602026157386064, 0.8995580516708799, 0.05288102178653986), 'yaw': 1.469678763365678, 'color_rgb': None, 'color_name': None, 'lane_type': carla.libcarla.LaneType.Driving, 'lane_type_str': 'Driving', 'is_in_junction': False, 'junction_id': -1, 'distance_to_junction': 49.76714324951172, 'next_junction_id': 1932, 'next_road_ids': [1960], 'next_next_road_ids': [68], 'same_road_as_ego': False, 'same_direction_as_ego': False, 'lane_relative_to_ego': None, 'steer': 0.0, 'vehicle_cuts_in': False}]
[debug] blocked_intersection_scenario is True
[debug] into second branch, scenario_name = BlockedIntersection
[debug] current frame is 335
[debug] hazardous_actors = []
[debug] in branch in front, vehicles_in_front = [{'class': 'vehicle', 'state': 'dynamic', 'id': '587', 'location': [-88.61687469482422, 151.90179443359375, 0.0001983642578125], 'rotation': [0.0, 0.0, 89.78770446777344], 'bbx_loc': [-0.005351597443223, -2.974271637867787e-07, 0.7655780911445618], 'center': [-88.61689758300781, 151.8964385986328, 0.7657764554023743], 'extent': [2.5039126873016357, 0.9408109784126282, 0.7673624753952026], 'world_cord': [[-89.54842376708984, 154.40382385253906, 1.5331389904022217], [-89.54842376708984, 154.40382385253906, -0.0015860199928283691], [-87.66680908203125, 154.3968505859375, 1.5331389904022217], [-87.66680908203125, 154.3968505859375, -0.0015860199928283691], [-89.56697845458984, 149.39602661132812, 1.5331389904022217], [-89.56697845458984, 149.39602661132812, -0.0015860199928283691], [-87.68536376953125, 149.38906860351562, 1.5331389904022217], [-87.68536376953125, 149.38906860351562, -0.0015860199928283691]], 'semantic_tags': [14], 'type_id': 'vehicle.dodge.charger_2020', 'color': '0,0,0', 'base_type': 'car', 'num_points': 289, 'distance': 9.60599530269416, 'speed': 0.0, 'brake': 0.0, 'light_state': 'Brake', 'road_id': 69, 'lane_id': 3, 'section_id': 0, 'world2vehicle': [[0.0037052109837532043, 0.9999931454658508, 0.0, -151.57241821289062], [-0.9999931454658508, 0.0037052109837532043, -0.0, -89.17909240722656], [-0.0, 0.0, 1.0, -0.0001983642578125], [0.0, 0.0, 0.0, 1.0]], 'position': (9.455141051007786, 1.684964356322297, 0.19053354571531322), 'yaw': 1.3965644719566972, 'color_rgb': None, 'color_name': None, 'lane_type': carla.libcarla.LaneType.Driving, 'lane_type_str': 'Driving', 'is_in_junction': False, 'junction_id': -1, 'distance_to_junction': 49.76714324951172, 'next_junction_id': 1932, 'next_road_ids': [1960], 'next_next_road_ids': [68], 'same_road_as_ego': False, 'same_direction_as_ego': False, 'lane_relative_to_ego': None, 'steer': 0.0, 'vehicle_cuts_in': False}]
[debug] blocked_intersection_scenario is True
[debug] into second branch, scenario_name = BlockedIntersection
[debug] current frame is 340
[debug] hazardous_actors = []
[debug] in branch in front, vehicles_in_front = [{'class': 'vehicle', 'state': 'dynamic', 'id': '587', 'location': [-88.61687469482422, 151.90179443359375, 0.0001983642578125], 'rotation': [0.0, 0.0, 89.78770446777344], 'bbx_loc': [-0.005351597443223, -2.974271637867787e-07, 0.7655780911445618], 'center': [-88.61689758300781, 151.8964385986328, 0.7657764554023743], 'extent': [2.5039126873016357, 0.9408109784126282, 0.7673624753952026], 'world_cord': [[-89.54842376708984, 154.40382385253906, 1.5331389904022217], [-89.54842376708984, 154.40382385253906, -0.0015860199928283691], [-87.66680908203125, 154.3968505859375, 1.5331389904022217], [-87.66680908203125, 154.3968505859375, -0.0015860199928283691], [-89.56697845458984, 149.39602661132812, 1.5331389904022217], [-89.56697845458984, 149.39602661132812, -0.0015860199928283691], [-87.68536376953125, 149.38906860351562, 1.5331389904022217], [-87.68536376953125, 149.38906860351562, -0.0015860199928283691]], 'semantic_tags': [14], 'type_id': 'vehicle.dodge.charger_2020', 'color': '0,0,0', 'base_type': 'car', 'num_points': 326, 'distance': 9.600107717845882, 'speed': 0.0, 'brake': 0.0, 'light_state': 'Brake', 'road_id': 69, 'lane_id': 3, 'section_id': 0, 'world2vehicle': [[0.0037052109837532043, 0.9999931454658508, 0.0, -151.57241821289062], [-0.9999931454658508, 0.0037052109837532043, -0.0, -89.17909240722656], [-0.0, 0.0, 1.0, -0.0001983642578125], [0.0, 0.0, 0.0, 1.0]], 'position': (9.45095360115549, 1.6850886157501321, 0.04397781811795909), 'yaw': 1.3966218630781884, 'color_rgb': None, 'color_name': None, 'lane_type': carla.libcarla.LaneType.Driving, 'lane_type_str': 'Driving', 'is_in_junction': False, 'junction_id': -1, 'distance_to_junction': 49.76714324951172, 'next_junction_id': 1932, 'next_road_ids': [1960], 'next_next_road_ids': [68], 'same_road_as_ego': False, 'same_direction_as_ego': False, 'lane_relative_to_ego': None, 'steer': 0.0, 'vehicle_cuts_in': False}, {'class': 'vehicle', 'state': 'dynamic', 'id': '626', 'location': [-79.73333740234375, 186.39816284179688, -0.0013925933744758368], 'rotation': [-0.00036883019492961466, -3.051757266803179e-05, 57.07286834716797], 'bbx_loc': [-0.0025979424826800823, -6.176233000587672e-06, 0.7203620076179504], 'center': [-79.7347412109375, 186.39598083496094, 0.7189694046974182], 'extent': [2.3368194103240967, 0.9059062600135803, 0.7209736704826355], 'world_cord': [[-79.22489166259766, 188.849853515625, 1.4399285316467285], [-79.22489929199219, 188.84983825683594, -0.0020187997724860907], [-77.7041244506836, 187.86500549316406, 1.439927577972412], [-77.70413208007812, 187.864990234375, -0.002019764855504036], [-81.76535034179688, 184.92697143554688, 1.4399585723876953], [-81.7653579711914, 184.92697143554688, -0.0019887140952050686], [-80.24458312988281, 183.94212341308594, 1.439957618713379], [-80.24459075927734, 183.94210815429688, -0.001989679178223014]], 'semantic_tags': [14], 'type_id': 'vehicle.mercedes.coupe_2020', 'color': '0,21,81', 'base_type': 'car', 'num_points': 17, 'distance': 44.978027405576675, 'speed': 5.96957838411667e-09, 'brake': 1.0, 'light_state': 'Brake', 'road_id': 69, 'lane_id': 3, 'section_id': 0, 'world2vehicle': [[0.543571949005127, 0.8393625617027283, -6.437301180994837e-06, -113.11483764648438], [-0.8393625617027283, 0.543571949005127, 5.326321002030454e-07, -168.24600219726562], [3.94620747101726e-06, 5.113705810799729e-06, 1.0, 0.0007540523074567318], [0.0, 0.0, 0.0, 1.0]], 'position': (44.96464889568112, -1.08679386573381, 0.1485449800372729), 'yaw': 1.3966218630781884, 'color_rgb': None, 'color_name': None, 'lane_type': carla.libcarla.LaneType.Driving, 'lane_type_str': 'Driving', 'is_in_junction': False, 'junction_id': -1, 'distance_to_junction': 14.52034854888916, 'next_junction_id': 1932, 'next_road_ids': [1960], 'next_next_road_ids': [68], 'same_road_as_ego': False, 'same_direction_as_ego': False, 'lane_relative_to_ego': None, 'steer': 0.0, 'vehicle_cuts_in': False}]
[debug] blocked_intersection_scenario is True
[debug] into second branch, scenario_name = BlockedIntersection
[debug] current frame is 345
[debug] hazardous_actors = []
[debug] in branch in front, vehicles_in_front = [{'class': 'vehicle', 'state': 'dynamic', 'id': '587', 'location': [-88.61687469482422, 151.90179443359375, 0.0001983642578125], 'rotation': [0.0, 0.0, 89.78770446777344], 'bbx_loc': [-0.005351597443223, -2.974271637867787e-07, 0.7655780911445618], 'center': [-88.61689758300781, 151.8964385986328, 0.7657764554023743], 'extent': [2.5039126873016357, 0.9408109784126282, 0.7673624753952026], 'world_cord': [[-89.54842376708984, 154.40382385253906, 1.5331389904022217], [-89.54842376708984, 154.40382385253906, -0.0015860199928283691], [-87.66680908203125, 154.3968505859375, 1.5331389904022217], [-87.66680908203125, 154.3968505859375, -0.0015860199928283691], [-89.56697845458984, 149.39602661132812, 1.5331389904022217], [-89.56697845458984, 149.39602661132812, -0.0015860199928283691], [-87.68536376953125, 149.38906860351562, 1.5331389904022217], [-87.68536376953125, 149.38906860351562, -0.0015860199928283691]], 'semantic_tags': [14], 'type_id': 'vehicle.dodge.charger_2020', 'color': '0,0,0', 'base_type': 'car', 'num_points': 307, 'distance': 9.599406131815018, 'speed': 0.0, 'brake': 0.0, 'light_state': 'Brake', 'road_id': 69, 'lane_id': 3, 'section_id': 0, 'world2vehicle': [[0.0037052109837532043, 0.9999931454658508, 0.0, -151.57241821289062], [-0.9999931454658508, 0.0037052109837532043, -0.0, -89.17909240722656], [-0.0, 0.0, 1.0, -0.0001983642578125], [0.0, 0.0, 0.0, 1.0]], 'position': (9.45031025610676, 1.685121081592115, 0.02633516530327995), 'yaw': 1.3966335809869848, 'color_rgb': None, 'color_name': None, 'lane_type': carla.libcarla.LaneType.Driving, 'lane_type_str': 'Driving', 'is_in_junction': False, 'junction_id': -1, 'distance_to_junction': 49.76714324951172, 'next_junction_id': 1932, 'next_road_ids': [1960], 'next_next_road_ids': [68], 'same_road_as_ego': False, 'same_direction_as_ego': False, 'lane_relative_to_ego': None, 'steer': 0.0, 'vehicle_cuts_in': False}, {'class': 'vehicle', 'state': 'dynamic', 'id': '626', 'location': [-79.73333740234375, 186.39816284179688, -0.0013925933744758368], 'rotation': [-0.00036883019492961466, -3.051757266803179e-05, 57.07286834716797], 'bbx_loc': [-0.0025979424826800823, -6.176233000587672e-06, 0.7203620076179504], 'center': [-79.7347412109375, 186.39598083496094, 0.7189694046974182], 'extent': [2.3368194103240967, 0.9059062600135803, 0.7209736704826355], 'world_cord': [[-79.22489166259766, 188.849853515625, 1.4399285316467285], [-79.22489929199219, 188.84983825683594, -0.0020187997724860907], [-77.7041244506836, 187.86500549316406, 1.439927577972412], [-77.70413208007812, 187.864990234375, -0.002019764855504036], [-81.76535034179688, 184.92697143554688, 1.4399585723876953], [-81.7653579711914, 184.92697143554688, -0.0019887140952050686], [-80.24458312988281, 183.94212341308594, 1.439957618713379], [-80.24459075927734, 183.94210815429688, -0.001989679178223014]], 'semantic_tags': [14], 'type_id': 'vehicle.mercedes.coupe_2020', 'color': '0,21,81', 'base_type': 'car', 'num_points': 15, 'distance': 44.977312202390166, 'speed': -4.799801231544504e-09, 'brake': 1.0, 'light_state': 'Brake', 'road_id': 69, 'lane_id': 3, 'section_id': 0, 'world2vehicle': [[0.543571949005127, 0.8393625617027283, -6.437301180994837e-06, -113.11483764648438], [-0.8393625617027283, 0.543571949005127, 5.326321002030454e-07, -168.24600219726562], [3.94620747101726e-06, 5.113705810799729e-06, 1.0, 0.0007540523074567318], [0.0, 0.0, 0.0, 1.0]], 'position': (44.964145377804144, -1.086698310615418, 0.060798928871964586), 'yaw': 1.3966335809869848, 'color_rgb': None, 'color_name': None, 'lane_type': carla.libcarla.LaneType.Driving, 'lane_type_str': 'Driving', 'is_in_junction': False, 'junction_id': -1, 'distance_to_junction': 14.52034854888916, 'next_junction_id': 1932, 'next_road_ids': [1960], 'next_next_road_ids': [68], 'same_road_as_ego': False, 'same_direction_as_ego': False, 'lane_relative_to_ego': None, 'steer': 0.0, 'vehicle_cuts_in': False}]
[debug] blocked_intersection_scenario is True
[debug] into second branch, scenario_name = BlockedIntersection
[debug] current frame is 350
[debug] hazardous_actors = []
[debug] in branch in front, vehicles_in_front = [{'class': 'vehicle', 'state': 'dynamic', 'id': '587', 'location': [-88.61687469482422, 151.90179443359375, 0.0001983642578125], 'rotation': [0.0, 0.0, 89.78770446777344], 'bbx_loc': [-0.005351597443223, -2.974271637867787e-07, 0.7655780911445618], 'center': [-88.61689758300781, 151.8964385986328, 0.7657764554023743], 'extent': [2.5039126873016357, 0.9408109784126282, 0.7673624753952026], 'world_cord': [[-89.54842376708984, 154.40382385253906, 1.5331389904022217], [-89.54842376708984, 154.40382385253906, -0.0015860199928283691], [-87.66680908203125, 154.3968505859375, 1.5331389904022217], [-87.66680908203125, 154.3968505859375, -0.0015860199928283691], [-89.56697845458984, 149.39602661132812, 1.5331389904022217], [-89.56697845458984, 149.39602661132812, -0.0015860199928283691], [-87.68536376953125, 149.38906860351562, 1.5331389904022217], [-87.68536376953125, 149.38906860351562, -0.0015860199928283691]], 'semantic_tags': [14], 'type_id': 'vehicle.dodge.charger_2020', 'color': '0,0,0', 'base_type': 'car', 'num_points': 307, 'distance': 9.599406131815018, 'speed': 0.0, 'brake': 0.0, 'light_state': 'Brake', 'road_id': 69, 'lane_id': 3, 'section_id': 0, 'world2vehicle': [[0.0037052109837532043, 0.9999931454658508, 0.0, -151.57241821289062], [-0.9999931454658508, 0.0037052109837532043, -0.0, -89.17909240722656], [-0.0, 0.0, 1.0, -0.0001983642578125], [0.0, 0.0, 0.0, 1.0]], 'position': (9.45031025610676, 1.685121081592115, 0.02633516530327995), 'yaw': 1.3966335809869848, 'color_rgb': None, 'color_name': None, 'lane_type': carla.libcarla.LaneType.Driving, 'lane_type_str': 'Driving', 'is_in_junction': False, 'junction_id': -1, 'distance_to_junction': 49.76714324951172, 'next_junction_id': 1932, 'next_road_ids': [1960], 'next_next_road_ids': [68], 'same_road_as_ego': False, 'same_direction_as_ego': False, 'lane_relative_to_ego': None, 'steer': 0.0, 'vehicle_cuts_in': False}, {'class': 'vehicle', 'state': 'dynamic', 'id': '626', 'location': [-79.73333740234375, 186.39816284179688, -0.0013925933744758368], 'rotation': [-0.00036883019492961466, -3.051757266803179e-05, 57.07286834716797], 'bbx_loc': [-0.0025979424826800823, -6.176233000587672e-06, 0.7203620076179504], 'center': [-79.7347412109375, 186.39598083496094, 0.7189694046974182], 'extent': [2.3368194103240967, 0.9059062600135803, 0.7209736704826355], 'world_cord': [[-79.22489166259766, 188.849853515625, 1.4399285316467285], [-79.22489929199219, 188.84983825683594, -0.0020187997724860907], [-77.7041244506836, 187.86500549316406, 1.439927577972412], [-77.70413208007812, 187.864990234375, -0.002019764855504036], [-81.76535034179688, 184.92697143554688, 1.4399585723876953], [-81.7653579711914, 184.92697143554688, -0.0019887140952050686], [-80.24458312988281, 183.94212341308594, 1.439957618713379], [-80.24459075927734, 183.94210815429688, -0.001989679178223014]], 'semantic_tags': [14], 'type_id': 'vehicle.mercedes.coupe_2020', 'color': '0,21,81', 'base_type': 'car', 'num_points': 15, 'distance': 44.977312202390166, 'speed': 6.6975431296320975e-09, 'brake': 1.0, 'light_state': 'Brake', 'road_id': 69, 'lane_id': 3, 'section_id': 0, 'world2vehicle': [[0.543571949005127, 0.8393625617027283, -6.437301180994837e-06, -113.11483764648438], [-0.8393625617027283, 0.543571949005127, 5.326321002030454e-07, -168.24600219726562], [3.94620747101726e-06, 5.113705810799729e-06, 1.0, 0.0007540523074567318], [0.0, 0.0, 0.0, 1.0]], 'position': (44.964145377804144, -1.086698310615418, 0.060798928871964586), 'yaw': 1.3966335809869848, 'color_rgb': None, 'color_name': None, 'lane_type': carla.libcarla.LaneType.Driving, 'lane_type_str': 'Driving', 'is_in_junction': False, 'junction_id': -1, 'distance_to_junction': 14.52034854888916, 'next_junction_id': 1932, 'next_road_ids': [1960], 'next_next_road_ids': [68], 'same_road_as_ego': False, 'same_direction_as_ego': False, 'lane_relative_to_ego': None, 'steer': 0.0, 'vehicle_cuts_in': False}]
[debug] blocked_intersection_scenario is True
[debug] into second branch, scenario_name = BlockedIntersection
[debug] current frame is 355
[debug] hazardous_actors = []
[debug] in branch in front, vehicles_in_front = [{'class': 'vehicle', 'state': 'dynamic', 'id': '587', 'location': [-88.61687469482422, 151.90179443359375, 0.0001983642578125], 'rotation': [0.0, 0.0, 89.78770446777344], 'bbx_loc': [-0.005351597443223, -2.974271637867787e-07, 0.7655780911445618], 'center': [-88.61689758300781, 151.8964385986328, 0.7657764554023743], 'extent': [2.5039126873016357, 0.9408109784126282, 0.7673624753952026], 'world_cord': [[-89.54842376708984, 154.40382385253906, 1.5331389904022217], [-89.54842376708984, 154.40382385253906, -0.0015860199928283691], [-87.66680908203125, 154.3968505859375, 1.5331389904022217], [-87.66680908203125, 154.3968505859375, -0.0015860199928283691], [-89.56697845458984, 149.39602661132812, 1.5331389904022217], [-89.56697845458984, 149.39602661132812, -0.0015860199928283691], [-87.68536376953125, 149.38906860351562, 1.5331389904022217], [-87.68536376953125, 149.38906860351562, -0.0015860199928283691]], 'semantic_tags': [14], 'type_id': 'vehicle.dodge.charger_2020', 'color': '0,0,0', 'base_type': 'car', 'num_points': 307, 'distance': 9.599406131815018, 'speed': 0.0, 'brake': 0.0, 'light_state': 'Brake', 'road_id': 69, 'lane_id': 3, 'section_id': 0, 'world2vehicle': [[0.0037052109837532043, 0.9999931454658508, 0.0, -151.57241821289062], [-0.9999931454658508, 0.0037052109837532043, -0.0, -89.17909240722656], [-0.0, 0.0, 1.0, -0.0001983642578125], [0.0, 0.0, 0.0, 1.0]], 'position': (9.45031025610676, 1.685121081592115, 0.02633516530327995), 'yaw': 1.3966335809869848, 'color_rgb': None, 'color_name': None, 'lane_type': carla.libcarla.LaneType.Driving, 'lane_type_str': 'Driving', 'is_in_junction': False, 'junction_id': -1, 'distance_to_junction': 49.76714324951172, 'next_junction_id': 1932, 'next_road_ids': [1960], 'next_next_road_ids': [68], 'same_road_as_ego': False, 'same_direction_as_ego': False, 'lane_relative_to_ego': None, 'steer': 0.0, 'vehicle_cuts_in': False}, {'class': 'vehicle', 'state': 'dynamic', 'id': '626', 'location': [-79.73333740234375, 186.39816284179688, -0.0013925933744758368], 'rotation': [-0.00036883019492961466, -3.051757266803179e-05, 57.07286834716797], 'bbx_loc': [-0.0025979424826800823, -6.176233000587672e-06, 0.7203620076179504], 'center': [-79.7347412109375, 186.39598083496094, 0.7189694046974182], 'extent': [2.3368194103240967, 0.9059062600135803, 0.7209736704826355], 'world_cord': [[-79.22489166259766, 188.849853515625, 1.4399285316467285], [-79.22489929199219, 188.84983825683594, -0.0020187997724860907], [-77.7041244506836, 187.86500549316406, 1.439927577972412], [-77.70413208007812, 187.864990234375, -0.002019764855504036], [-81.76535034179688, 184.92697143554688, 1.4399585723876953], [-81.7653579711914, 184.92697143554688, -0.0019887140952050686], [-80.24458312988281, 183.94212341308594, 1.439957618713379], [-80.24459075927734, 183.94210815429688, -0.001989679178223014]], 'semantic_tags': [14], 'type_id': 'vehicle.mercedes.coupe_2020', 'color': '0,21,81', 'base_type': 'car', 'num_points': 15, 'distance': 44.977312202390166, 'speed': 1.327511117242863e-08, 'brake': 1.0, 'light_state': 'Brake', 'road_id': 69, 'lane_id': 3, 'section_id': 0, 'world2vehicle': [[0.543571949005127, 0.8393625617027283, -6.437301180994837e-06, -113.11483764648438], [-0.8393625617027283, 0.543571949005127, 5.326321002030454e-07, -168.24600219726562], [3.94620747101726e-06, 5.113705810799729e-06, 1.0, 0.0007540523074567318], [0.0, 0.0, 0.0, 1.0]], 'position': (44.964145377804144, -1.086698310615418, 0.060798928871964586), 'yaw': 1.3966335809869848, 'color_rgb': None, 'color_name': None, 'lane_type': carla.libcarla.LaneType.Driving, 'lane_type_str': 'Driving', 'is_in_junction': False, 'junction_id': -1, 'distance_to_junction': 14.52034854888916, 'next_junction_id': 1932, 'next_road_ids': [1960], 'next_next_road_ids': [68], 'same_road_as_ego': False, 'same_direction_as_ego': False, 'lane_relative_to_ego': None, 'steer': 0.0, 'vehicle_cuts_in': False}]
[debug] blocked_intersection_scenario is True
[debug] into second branch, scenario_name = BlockedIntersection
[debug] current frame is 360
[debug] hazardous_actors = []
[debug] in branch in front, vehicles_in_front = [{'class': 'vehicle', 'state': 'dynamic', 'id': '587', 'location': [-88.61687469482422, 151.90179443359375, 0.0001983642578125], 'rotation': [0.0, 0.0, 89.78770446777344], 'bbx_loc': [-0.005351597443223, -2.974271637867787e-07, 0.7655780911445618], 'center': [-88.61689758300781, 151.8964385986328, 0.7657764554023743], 'extent': [2.5039126873016357, 0.9408109784126282, 0.7673624753952026], 'world_cord': [[-89.54842376708984, 154.40382385253906, 1.5331389904022217], [-89.54842376708984, 154.40382385253906, -0.0015860199928283691], [-87.66680908203125, 154.3968505859375, 1.5331389904022217], [-87.66680908203125, 154.3968505859375, -0.0015860199928283691], [-89.56697845458984, 149.39602661132812, 1.5331389904022217], [-89.56697845458984, 149.39602661132812, -0.0015860199928283691], [-87.68536376953125, 149.38906860351562, 1.5331389904022217], [-87.68536376953125, 149.38906860351562, -0.0015860199928283691]], 'semantic_tags': [14], 'type_id': 'vehicle.dodge.charger_2020', 'color': '0,0,0', 'base_type': 'car', 'num_points': 307, 'distance': 9.599406131815018, 'speed': 0.0, 'brake': 0.0, 'light_state': 'Brake', 'road_id': 69, 'lane_id': 3, 'section_id': 0, 'world2vehicle': [[0.0037052109837532043, 0.9999931454658508, 0.0, -151.57241821289062], [-0.9999931454658508, 0.0037052109837532043, -0.0, -89.17909240722656], [-0.0, 0.0, 1.0, -0.0001983642578125], [0.0, 0.0, 0.0, 1.0]], 'position': (9.45031025610676, 1.685121081592115, 0.02633516530327995), 'yaw': 1.3966335809869848, 'color_rgb': None, 'color_name': None, 'lane_type': carla.libcarla.LaneType.Driving, 'lane_type_str': 'Driving', 'is_in_junction': False, 'junction_id': -1, 'distance_to_junction': 49.76714324951172, 'next_junction_id': 1932, 'next_road_ids': [1960], 'next_next_road_ids': [68], 'same_road_as_ego': False, 'same_direction_as_ego': False, 'lane_relative_to_ego': None, 'steer': 0.0, 'vehicle_cuts_in': False}, {'class': 'vehicle', 'state': 'dynamic', 'id': '626', 'location': [-79.73333740234375, 186.39816284179688, -0.0013925933744758368], 'rotation': [-0.00036883019492961466, -3.051757266803179e-05, 57.07286834716797], 'bbx_loc': [-0.0025979424826800823, -6.176233000587672e-06, 0.7203620076179504], 'center': [-79.7347412109375, 186.39598083496094, 0.7189694046974182], 'extent': [2.3368194103240967, 0.9059062600135803, 0.7209736704826355], 'world_cord': [[-79.22489166259766, 188.849853515625, 1.4399285316467285], [-79.22489929199219, 188.84983825683594, -0.0020187997724860907], [-77.7041244506836, 187.86500549316406, 1.439927577972412], [-77.70413208007812, 187.864990234375, -0.002019764855504036], [-81.76535034179688, 184.92697143554688, 1.4399585723876953], [-81.7653579711914, 184.92697143554688, -0.0019887140952050686], [-80.24458312988281, 183.94212341308594, 1.439957618713379], [-80.24459075927734, 183.94210815429688, -0.001989679178223014]], 'semantic_tags': [14], 'type_id': 'vehicle.mercedes.coupe_2020', 'color': '0,21,81', 'base_type': 'car', 'num_points': 15, 'distance': 44.977312202390166, 'speed': -1.1613395047644741e-08, 'brake': 1.0, 'light_state': 'Brake', 'road_id': 69, 'lane_id': 3, 'section_id': 0, 'world2vehicle': [[0.543571949005127, 0.8393625617027283, -6.437301180994837e-06, -113.11483764648438], [-0.8393625617027283, 0.543571949005127, 5.326321002030454e-07, -168.24600219726562], [3.94620747101726e-06, 5.113705810799729e-06, 1.0, 0.0007540523074567318], [0.0, 0.0, 0.0, 1.0]], 'position': (44.964145377804144, -1.086698310615418, 0.060798928871964586), 'yaw': 1.3966335809869848, 'color_rgb': None, 'color_name': None, 'lane_type': carla.libcarla.LaneType.Driving, 'lane_type_str': 'Driving', 'is_in_junction': False, 'junction_id': -1, 'distance_to_junction': 14.52034854888916, 'next_junction_id': 1932, 'next_road_ids': [1960], 'next_next_road_ids': [68], 'same_road_as_ego': False, 'same_direction_as_ego': False, 'lane_relative_to_ego': None, 'steer': 0.0, 'vehicle_cuts_in': False}]
[debug] blocked_intersection_scenario is True
[debug] into second branch, scenario_name = BlockedIntersection
[debug] current frame is 365
[debug] hazardous_actors = []
[debug] in branch in front, vehicles_in_front = [{'class': 'vehicle', 'state': 'dynamic', 'id': '587', 'location': [-88.61687469482422, 151.90179443359375, 0.0001983642578125], 'rotation': [0.0, 0.0, 89.78770446777344], 'bbx_loc': [-0.005351597443223, -2.974271637867787e-07, 0.7655780911445618], 'center': [-88.61689758300781, 151.8964385986328, 0.7657764554023743], 'extent': [2.5039126873016357, 0.9408109784126282, 0.7673624753952026], 'world_cord': [[-89.54842376708984, 154.40382385253906, 1.5331389904022217], [-89.54842376708984, 154.40382385253906, -0.0015860199928283691], [-87.66680908203125, 154.3968505859375, 1.5331389904022217], [-87.66680908203125, 154.3968505859375, -0.0015860199928283691], [-89.56697845458984, 149.39602661132812, 1.5331389904022217], [-89.56697845458984, 149.39602661132812, -0.0015860199928283691], [-87.68536376953125, 149.38906860351562, 1.5331389904022217], [-87.68536376953125, 149.38906860351562, -0.0015860199928283691]], 'semantic_tags': [14], 'type_id': 'vehicle.dodge.charger_2020', 'color': '0,0,0', 'base_type': 'car', 'num_points': 307, 'distance': 9.599406131815018, 'speed': 0.0, 'brake': 0.0, 'light_state': 'Brake', 'road_id': 69, 'lane_id': 3, 'section_id': 0, 'world2vehicle': [[0.0037052109837532043, 0.9999931454658508, 0.0, -151.57241821289062], [-0.9999931454658508, 0.0037052109837532043, -0.0, -89.17909240722656], [-0.0, 0.0, 1.0, -0.0001983642578125], [0.0, 0.0, 0.0, 1.0]], 'position': (9.45031025610676, 1.685121081592115, 0.02633516530327995), 'yaw': 1.3966335809869848, 'color_rgb': None, 'color_name': None, 'lane_type': carla.libcarla.LaneType.Driving, 'lane_type_str': 'Driving', 'is_in_junction': False, 'junction_id': -1, 'distance_to_junction': 49.76714324951172, 'next_junction_id': 1932, 'next_road_ids': [1960], 'next_next_road_ids': [68], 'same_road_as_ego': False, 'same_direction_as_ego': False, 'lane_relative_to_ego': None, 'steer': 0.0, 'vehicle_cuts_in': False}, {'class': 'vehicle', 'state': 'dynamic', 'id': '626', 'location': [-79.73333740234375, 186.39816284179688, -0.0013925933744758368], 'rotation': [-0.00036883019492961466, -3.051757266803179e-05, 57.07286834716797], 'bbx_loc': [-0.0025979424826800823, -6.176233000587672e-06, 0.7203620076179504], 'center': [-79.7347412109375, 186.39598083496094, 0.7189694046974182], 'extent': [2.3368194103240967, 0.9059062600135803, 0.7209736704826355], 'world_cord': [[-79.22489166259766, 188.849853515625, 1.4399285316467285], [-79.22489929199219, 188.84983825683594, -0.0020187997724860907], [-77.7041244506836, 187.86500549316406, 1.439927577972412], [-77.70413208007812, 187.864990234375, -0.002019764855504036], [-81.76535034179688, 184.92697143554688, 1.4399585723876953], [-81.7653579711914, 184.92697143554688, -0.0019887140952050686], [-80.24458312988281, 183.94212341308594, 1.439957618713379], [-80.24459075927734, 183.94210815429688, -0.001989679178223014]], 'semantic_tags': [14], 'type_id': 'vehicle.mercedes.coupe_2020', 'color': '0,21,81', 'base_type': 'car', 'num_points': 15, 'distance': 44.977312202390166, 'speed': 9.252115343049705e-09, 'brake': 1.0, 'light_state': 'Brake', 'road_id': 69, 'lane_id': 3, 'section_id': 0, 'world2vehicle': [[0.543571949005127, 0.8393625617027283, -6.437301180994837e-06, -113.11483764648438], [-0.8393625617027283, 0.543571949005127, 5.326321002030454e-07, -168.24600219726562], [3.94620747101726e-06, 5.113705810799729e-06, 1.0, 0.0007540523074567318], [0.0, 0.0, 0.0, 1.0]], 'position': (44.964145377804144, -1.086698310615418, 0.060798928871964586), 'yaw': 1.3966335809869848, 'color_rgb': None, 'color_name': None, 'lane_type': carla.libcarla.LaneType.Driving, 'lane_type_str': 'Driving', 'is_in_junction': False, 'junction_id': -1, 'distance_to_junction': 14.52034854888916, 'next_junction_id': 1932, 'next_road_ids': [1960], 'next_next_road_ids': [68], 'same_road_as_ego': False, 'same_direction_as_ego': False, 'lane_relative_to_ego': None, 'steer': 0.0, 'vehicle_cuts_in': False}]
[debug] blocked_intersection_scenario is True
[debug] into second branch, scenario_name = BlockedIntersection
[debug] current frame is 370
[debug] hazardous_actors = []
[debug] in branch in front, vehicles_in_front = [{'class': 'vehicle', 'state': 'dynamic', 'id': '587', 'location': [-88.61687469482422, 151.90179443359375, 0.0001983642578125], 'rotation': [0.0, 0.0, 89.78770446777344], 'bbx_loc': [-0.005351597443223, -2.974271637867787e-07, 0.7655780911445618], 'center': [-88.61689758300781, 151.8964385986328, 0.7657764554023743], 'extent': [2.5039126873016357, 0.9408109784126282, 0.7673624753952026], 'world_cord': [[-89.54842376708984, 154.40382385253906, 1.5331389904022217], [-89.54842376708984, 154.40382385253906, -0.0015860199928283691], [-87.66680908203125, 154.3968505859375, 1.5331389904022217], [-87.66680908203125, 154.3968505859375, -0.0015860199928283691], [-89.56697845458984, 149.39602661132812, 1.5331389904022217], [-89.56697845458984, 149.39602661132812, -0.0015860199928283691], [-87.68536376953125, 149.38906860351562, 1.5331389904022217], [-87.68536376953125, 149.38906860351562, -0.0015860199928283691]], 'semantic_tags': [14], 'type_id': 'vehicle.dodge.charger_2020', 'color': '0,0,0', 'base_type': 'car', 'num_points': 307, 'distance': 9.599406131815018, 'speed': 0.0, 'brake': 0.0, 'light_state': 'Brake', 'road_id': 69, 'lane_id': 3, 'section_id': 0, 'world2vehicle': [[0.0037052109837532043, 0.9999931454658508, 0.0, -151.57241821289062], [-0.9999931454658508, 0.0037052109837532043, -0.0, -89.17909240722656], [-0.0, 0.0, 1.0, -0.0001983642578125], [0.0, 0.0, 0.0, 1.0]], 'position': (9.45031025610676, 1.685121081592115, 0.02633516530327995), 'yaw': 1.3966335809869848, 'color_rgb': None, 'color_name': None, 'lane_type': carla.libcarla.LaneType.Driving, 'lane_type_str': 'Driving', 'is_in_junction': False, 'junction_id': -1, 'distance_to_junction': 49.76714324951172, 'next_junction_id': 1932, 'next_road_ids': [1960], 'next_next_road_ids': [68], 'same_road_as_ego': False, 'same_direction_as_ego': False, 'lane_relative_to_ego': None, 'steer': 0.0, 'vehicle_cuts_in': False}, {'class': 'vehicle', 'state': 'dynamic', 'id': '626', 'location': [-79.73333740234375, 186.39816284179688, -0.0013925933744758368], 'rotation': [-0.00036883019492961466, -3.051757266803179e-05, 57.07286834716797], 'bbx_loc': [-0.0025979424826800823, -6.176233000587672e-06, 0.7203620076179504], 'center': [-79.7347412109375, 186.39598083496094, 0.7189694046974182], 'extent': [2.3368194103240967, 0.9059062600135803, 0.7209736704826355], 'world_cord': [[-79.22489166259766, 188.849853515625, 1.4399285316467285], [-79.22489929199219, 188.84983825683594, -0.0020187997724860907], [-77.7041244506836, 187.86500549316406, 1.439927577972412], [-77.70413208007812, 187.864990234375, -0.002019764855504036], [-81.76535034179688, 184.92697143554688, 1.4399585723876953], [-81.7653579711914, 184.92697143554688, -0.0019887140952050686], [-80.24458312988281, 183.94212341308594, 1.439957618713379], [-80.24459075927734, 183.94210815429688, -0.001989679178223014]], 'semantic_tags': [14], 'type_id': 'vehicle.mercedes.coupe_2020', 'color': '0,21,81', 'base_type': 'car', 'num_points': 15, 'distance': 44.977312202390166, 'speed': -6.2800000449505296e-09, 'brake': 1.0, 'light_state': 'Brake', 'road_id': 69, 'lane_id': 3, 'section_id': 0, 'world2vehicle': [[0.543571949005127, 0.8393625617027283, -6.437301180994837e-06, -113.11483764648438], [-0.8393625617027283, 0.543571949005127, 5.326321002030454e-07, -168.24600219726562], [3.94620747101726e-06, 5.113705810799729e-06, 1.0, 0.0007540523074567318], [0.0, 0.0, 0.0, 1.0]], 'position': (44.964145377804144, -1.086698310615418, 0.060798928871964586), 'yaw': 1.3966335809869848, 'color_rgb': None, 'color_name': None, 'lane_type': carla.libcarla.LaneType.Driving, 'lane_type_str': 'Driving', 'is_in_junction': False, 'junction_id': -1, 'distance_to_junction': 14.52034854888916, 'next_junction_id': 1932, 'next_road_ids': [1960], 'next_next_road_ids': [68], 'same_road_as_ego': False, 'same_direction_as_ego': False, 'lane_relative_to_ego': None, 'steer': 0.0, 'vehicle_cuts_in': False}]
[debug] blocked_intersection_scenario is True
[debug] into second branch, scenario_name = BlockedIntersection
[debug] current frame is 375
[debug] hazardous_actors = []
[debug] in branch in front, vehicles_in_front = [{'class': 'vehicle', 'state': 'dynamic', 'id': '587', 'location': [-88.61687469482422, 151.90179443359375, 0.0001983642578125], 'rotation': [0.0, 0.0, 89.78770446777344], 'bbx_loc': [-0.005351597443223, -2.974271637867787e-07, 0.7655780911445618], 'center': [-88.61689758300781, 151.8964385986328, 0.7657764554023743], 'extent': [2.5039126873016357, 0.9408109784126282, 0.7673624753952026], 'world_cord': [[-89.54842376708984, 154.40382385253906, 1.5331389904022217], [-89.54842376708984, 154.40382385253906, -0.0015860199928283691], [-87.66680908203125, 154.3968505859375, 1.5331389904022217], [-87.66680908203125, 154.3968505859375, -0.0015860199928283691], [-89.56697845458984, 149.39602661132812, 1.5331389904022217], [-89.56697845458984, 149.39602661132812, -0.0015860199928283691], [-87.68536376953125, 149.38906860351562, 1.5331389904022217], [-87.68536376953125, 149.38906860351562, -0.0015860199928283691]], 'semantic_tags': [14], 'type_id': 'vehicle.dodge.charger_2020', 'color': '0,0,0', 'base_type': 'car', 'num_points': 307, 'distance': 9.599406131815018, 'speed': 0.0, 'brake': 0.0, 'light_state': 'Brake', 'road_id': 69, 'lane_id': 3, 'section_id': 0, 'world2vehicle': [[0.0037052109837532043, 0.9999931454658508, 0.0, -151.57241821289062], [-0.9999931454658508, 0.0037052109837532043, -0.0, -89.17909240722656], [-0.0, 0.0, 1.0, -0.0001983642578125], [0.0, 0.0, 0.0, 1.0]], 'position': (9.45031025610676, 1.685121081592115, 0.02633516530327995), 'yaw': 1.3966335809869848, 'color_rgb': None, 'color_name': None, 'lane_type': carla.libcarla.LaneType.Driving, 'lane_type_str': 'Driving', 'is_in_junction': False, 'junction_id': -1, 'distance_to_junction': 49.76714324951172, 'next_junction_id': 1932, 'next_road_ids': [1960], 'next_next_road_ids': [68], 'same_road_as_ego': False, 'same_direction_as_ego': False, 'lane_relative_to_ego': None, 'steer': 0.0, 'vehicle_cuts_in': False}, {'class': 'vehicle', 'state': 'dynamic', 'id': '626', 'location': [-79.73333740234375, 186.39816284179688, -0.0013925933744758368], 'rotation': [-0.00036883019492961466, -3.051757266803179e-05, 57.07286834716797], 'bbx_loc': [-0.0025979424826800823, -6.176233000587672e-06, 0.7203620076179504], 'center': [-79.7347412109375, 186.39598083496094, 0.7189694046974182], 'extent': [2.3368194103240967, 0.9059062600135803, 0.7209736704826355], 'world_cord': [[-79.22489166259766, 188.849853515625, 1.4399285316467285], [-79.22489929199219, 188.84983825683594, -0.0020187997724860907], [-77.7041244506836, 187.86500549316406, 1.439927577972412], [-77.70413208007812, 187.864990234375, -0.002019764855504036], [-81.76535034179688, 184.92697143554688, 1.4399585723876953], [-81.7653579711914, 184.92697143554688, -0.0019887140952050686], [-80.24458312988281, 183.94212341308594, 1.439957618713379], [-80.24459075927734, 183.94210815429688, -0.001989679178223014]], 'semantic_tags': [14], 'type_id': 'vehicle.mercedes.coupe_2020', 'color': '0,21,81', 'base_type': 'car', 'num_points': 15, 'distance': 44.977312202390166, 'speed': -1.7681200253276255e-09, 'brake': 1.0, 'light_state': 'Brake', 'road_id': 69, 'lane_id': 3, 'section_id': 0, 'world2vehicle': [[0.543571949005127, 0.8393625617027283, -6.437301180994837e-06, -113.11483764648438], [-0.8393625617027283, 0.543571949005127, 5.326321002030454e-07, -168.24600219726562], [3.94620747101726e-06, 5.113705810799729e-06, 1.0, 0.0007540523074567318], [0.0, 0.0, 0.0, 1.0]], 'position': (44.964145377804144, -1.086698310615418, 0.060798928871964586), 'yaw': 1.3966335809869848, 'color_rgb': None, 'color_name': None, 'lane_type': carla.libcarla.LaneType.Driving, 'lane_type_str': 'Driving', 'is_in_junction': False, 'junction_id': -1, 'distance_to_junction': 14.52034854888916, 'next_junction_id': 1932, 'next_road_ids': [1960], 'next_next_road_ids': [68], 'same_road_as_ego': False, 'same_direction_as_ego': False, 'lane_relative_to_ego': None, 'steer': 0.0, 'vehicle_cuts_in': False}]
[debug] blocked_intersection_scenario is True
[debug] into second branch, scenario_name = BlockedIntersection
[debug] current frame is 380
[debug] hazardous_actors = []
[debug] in branch in front, vehicles_in_front = [{'class': 'vehicle', 'state': 'dynamic', 'id': '587', 'location': [-88.61687469482422, 151.90179443359375, 0.0001983642578125], 'rotation': [0.0, 0.0, 89.78770446777344], 'bbx_loc': [-0.005351597443223, -2.974271637867787e-07, 0.7655780911445618], 'center': [-88.61689758300781, 151.8964385986328, 0.7657764554023743], 'extent': [2.5039126873016357, 0.9408109784126282, 0.7673624753952026], 'world_cord': [[-89.54842376708984, 154.40382385253906, 1.5331389904022217], [-89.54842376708984, 154.40382385253906, -0.0015860199928283691], [-87.66680908203125, 154.3968505859375, 1.5331389904022217], [-87.66680908203125, 154.3968505859375, -0.0015860199928283691], [-89.56697845458984, 149.39602661132812, 1.5331389904022217], [-89.56697845458984, 149.39602661132812, -0.0015860199928283691], [-87.68536376953125, 149.38906860351562, 1.5331389904022217], [-87.68536376953125, 149.38906860351562, -0.0015860199928283691]], 'semantic_tags': [14], 'type_id': 'vehicle.dodge.charger_2020', 'color': '0,0,0', 'base_type': 'car', 'num_points': 307, 'distance': 9.599406131815018, 'speed': 0.0, 'brake': 0.0, 'light_state': 'Brake', 'road_id': 69, 'lane_id': 3, 'section_id': 0, 'world2vehicle': [[0.0037052109837532043, 0.9999931454658508, 0.0, -151.57241821289062], [-0.9999931454658508, 0.0037052109837532043, -0.0, -89.17909240722656], [-0.0, 0.0, 1.0, -0.0001983642578125], [0.0, 0.0, 0.0, 1.0]], 'position': (9.45031025610676, 1.685121081592115, 0.02633516530327995), 'yaw': 1.3966335809869848, 'color_rgb': None, 'color_name': None, 'lane_type': carla.libcarla.LaneType.Driving, 'lane_type_str': 'Driving', 'is_in_junction': False, 'junction_id': -1, 'distance_to_junction': 49.76714324951172, 'next_junction_id': 1932, 'next_road_ids': [1960], 'next_next_road_ids': [68], 'same_road_as_ego': False, 'same_direction_as_ego': False, 'lane_relative_to_ego': None, 'steer': 0.0, 'vehicle_cuts_in': False}, {'class': 'vehicle', 'state': 'dynamic', 'id': '626', 'location': [-79.73333740234375, 186.39816284179688, -0.0013925933744758368], 'rotation': [-0.00036883019492961466, -3.051757266803179e-05, 57.07286834716797], 'bbx_loc': [-0.0025979424826800823, -6.176233000587672e-06, 0.7203620076179504], 'center': [-79.7347412109375, 186.39598083496094, 0.7189694046974182], 'extent': [2.3368194103240967, 0.9059062600135803, 0.7209736704826355], 'world_cord': [[-79.22489166259766, 188.849853515625, 1.4399285316467285], [-79.22489929199219, 188.84983825683594, -0.0020187997724860907], [-77.7041244506836, 187.86500549316406, 1.439927577972412], [-77.70413208007812, 187.864990234375, -0.002019764855504036], [-81.76535034179688, 184.92697143554688, 1.4399585723876953], [-81.7653579711914, 184.92697143554688, -0.0019887140952050686], [-80.24458312988281, 183.94212341308594, 1.439957618713379], [-80.24459075927734, 183.94210815429688, -0.001989679178223014]], 'semantic_tags': [14], 'type_id': 'vehicle.mercedes.coupe_2020', 'color': '0,21,81', 'base_type': 'car', 'num_points': 15, 'distance': 44.977312202390166, 'speed': 6.997029376361824e-09, 'brake': 1.0, 'light_state': 'Brake', 'road_id': 69, 'lane_id': 3, 'section_id': 0, 'world2vehicle': [[0.543571949005127, 0.8393625617027283, -6.437301180994837e-06, -113.11483764648438], [-0.8393625617027283, 0.543571949005127, 5.326321002030454e-07, -168.24600219726562], [3.94620747101726e-06, 5.113705810799729e-06, 1.0, 0.0007540523074567318], [0.0, 0.0, 0.0, 1.0]], 'position': (44.964145377804144, -1.086698310615418, 0.060798928871964586), 'yaw': 1.3966335809869848, 'color_rgb': None, 'color_name': None, 'lane_type': carla.libcarla.LaneType.Driving, 'lane_type_str': 'Driving', 'is_in_junction': False, 'junction_id': -1, 'distance_to_junction': 14.52034854888916, 'next_junction_id': 1932, 'next_road_ids': [1960], 'next_next_road_ids': [68], 'same_road_as_ego': False, 'same_direction_as_ego': False, 'lane_relative_to_ego': None, 'steer': 0.0, 'vehicle_cuts_in': False}]
[debug] blocked_intersection_scenario is True
[debug] into second branch, scenario_name = BlockedIntersection
[debug] current frame is 385
[debug] hazardous_actors = []
[debug] in branch in front, vehicles_in_front = [{'class': 'vehicle', 'state': 'dynamic', 'id': '587', 'location': [-88.61687469482422, 151.90179443359375, 0.0001983642578125], 'rotation': [0.0, 0.0, 89.78770446777344], 'bbx_loc': [-0.005351597443223, -2.974271637867787e-07, 0.7655780911445618], 'center': [-88.61689758300781, 151.8964385986328, 0.7657764554023743], 'extent': [2.5039126873016357, 0.9408109784126282, 0.7673624753952026], 'world_cord': [[-89.54842376708984, 154.40382385253906, 1.5331389904022217], [-89.54842376708984, 154.40382385253906, -0.0015860199928283691], [-87.66680908203125, 154.3968505859375, 1.5331389904022217], [-87.66680908203125, 154.3968505859375, -0.0015860199928283691], [-89.56697845458984, 149.39602661132812, 1.5331389904022217], [-89.56697845458984, 149.39602661132812, -0.0015860199928283691], [-87.68536376953125, 149.38906860351562, 1.5331389904022217], [-87.68536376953125, 149.38906860351562, -0.0015860199928283691]], 'semantic_tags': [14], 'type_id': 'vehicle.dodge.charger_2020', 'color': '0,0,0', 'base_type': 'car', 'num_points': 307, 'distance': 9.599406131815018, 'speed': 0.0, 'brake': 0.0, 'light_state': 'Brake', 'road_id': 69, 'lane_id': 3, 'section_id': 0, 'world2vehicle': [[0.0037052109837532043, 0.9999931454658508, 0.0, -151.57241821289062], [-0.9999931454658508, 0.0037052109837532043, -0.0, -89.17909240722656], [-0.0, 0.0, 1.0, -0.0001983642578125], [0.0, 0.0, 0.0, 1.0]], 'position': (9.45031025610676, 1.685121081592115, 0.02633516530327995), 'yaw': 1.3966335809869848, 'color_rgb': None, 'color_name': None, 'lane_type': carla.libcarla.LaneType.Driving, 'lane_type_str': 'Driving', 'is_in_junction': False, 'junction_id': -1, 'distance_to_junction': 49.76714324951172, 'next_junction_id': 1932, 'next_road_ids': [1960], 'next_next_road_ids': [68], 'same_road_as_ego': False, 'same_direction_as_ego': False, 'lane_relative_to_ego': None, 'steer': 0.0, 'vehicle_cuts_in': False}, {'class': 'vehicle', 'state': 'dynamic', 'id': '626', 'location': [-79.73333740234375, 186.39816284179688, -0.0013925933744758368], 'rotation': [-0.00036883019492961466, -3.051757266803179e-05, 57.07286834716797], 'bbx_loc': [-0.0025979424826800823, -6.176233000587672e-06, 0.7203620076179504], 'center': [-79.7347412109375, 186.39598083496094, 0.7189694046974182], 'extent': [2.3368194103240967, 0.9059062600135803, 0.7209736704826355], 'world_cord': [[-79.22489166259766, 188.849853515625, 1.4399285316467285], [-79.22489929199219, 188.84983825683594, -0.0020187997724860907], [-77.7041244506836, 187.86500549316406, 1.439927577972412], [-77.70413208007812, 187.864990234375, -0.002019764855504036], [-81.76535034179688, 184.92697143554688, 1.4399585723876953], [-81.7653579711914, 184.92697143554688, -0.0019887140952050686], [-80.24458312988281, 183.94212341308594, 1.439957618713379], [-80.24459075927734, 183.94210815429688, -0.001989679178223014]], 'semantic_tags': [14], 'type_id': 'vehicle.mercedes.coupe_2020', 'color': '0,21,81', 'base_type': 'car', 'num_points': 15, 'distance': 44.977312202390166, 'speed': -3.047917666537554e-08, 'brake': 1.0, 'light_state': 'Brake', 'road_id': 69, 'lane_id': 3, 'section_id': 0, 'world2vehicle': [[0.543571949005127, 0.8393625617027283, -6.437301180994837e-06, -113.11483764648438], [-0.8393625617027283, 0.543571949005127, 5.326321002030454e-07, -168.24600219726562], [3.94620747101726e-06, 5.113705810799729e-06, 1.0, 0.0007540523074567318], [0.0, 0.0, 0.0, 1.0]], 'position': (44.964145377804144, -1.086698310615418, 0.060798928871964586), 'yaw': 1.3966335809869848, 'color_rgb': None, 'color_name': None, 'lane_type': carla.libcarla.LaneType.Driving, 'lane_type_str': 'Driving', 'is_in_junction': False, 'junction_id': -1, 'distance_to_junction': 14.52034854888916, 'next_junction_id': 1932, 'next_road_ids': [1960], 'next_next_road_ids': [68], 'same_road_as_ego': False, 'same_direction_as_ego': False, 'lane_relative_to_ego': None, 'steer': 0.0, 'vehicle_cuts_in': False}]
[debug] blocked_intersection_scenario is True
[debug] into second branch, scenario_name = BlockedIntersection
[debug] current frame is 390
[debug] hazardous_actors = []
[debug] in branch in front, vehicles_in_front = [{'class': 'vehicle', 'state': 'dynamic', 'id': '587', 'location': [-88.61687469482422, 151.90179443359375, 0.0001983642578125], 'rotation': [0.0, 0.0, 89.78770446777344], 'bbx_loc': [-0.005351597443223, -2.974271637867787e-07, 0.7655780911445618], 'center': [-88.61689758300781, 151.8964385986328, 0.7657764554023743], 'extent': [2.5039126873016357, 0.9408109784126282, 0.7673624753952026], 'world_cord': [[-89.54842376708984, 154.40382385253906, 1.5331389904022217], [-89.54842376708984, 154.40382385253906, -0.0015860199928283691], [-87.66680908203125, 154.3968505859375, 1.5331389904022217], [-87.66680908203125, 154.3968505859375, -0.0015860199928283691], [-89.56697845458984, 149.39602661132812, 1.5331389904022217], [-89.56697845458984, 149.39602661132812, -0.0015860199928283691], [-87.68536376953125, 149.38906860351562, 1.5331389904022217], [-87.68536376953125, 149.38906860351562, -0.0015860199928283691]], 'semantic_tags': [14], 'type_id': 'vehicle.dodge.charger_2020', 'color': '0,0,0', 'base_type': 'car', 'num_points': 307, 'distance': 9.599406131815018, 'speed': 0.0, 'brake': 0.0, 'light_state': 'Brake', 'road_id': 69, 'lane_id': 3, 'section_id': 0, 'world2vehicle': [[0.0037052109837532043, 0.9999931454658508, 0.0, -151.57241821289062], [-0.9999931454658508, 0.0037052109837532043, -0.0, -89.17909240722656], [-0.0, 0.0, 1.0, -0.0001983642578125], [0.0, 0.0, 0.0, 1.0]], 'position': (9.45031025610676, 1.685121081592115, 0.02633516530327995), 'yaw': 1.3966335809869848, 'color_rgb': None, 'color_name': None, 'lane_type': carla.libcarla.LaneType.Driving, 'lane_type_str': 'Driving', 'is_in_junction': False, 'junction_id': -1, 'distance_to_junction': 49.76714324951172, 'next_junction_id': 1932, 'next_road_ids': [1960], 'next_next_road_ids': [68], 'same_road_as_ego': False, 'same_direction_as_ego': False, 'lane_relative_to_ego': None, 'steer': 0.0, 'vehicle_cuts_in': False}, {'class': 'vehicle', 'state': 'dynamic', 'id': '626', 'location': [-79.73333740234375, 186.39816284179688, -0.0013925933744758368], 'rotation': [-0.00036883019492961466, -3.051757266803179e-05, 57.07286834716797], 'bbx_loc': [-0.0025979424826800823, -6.176233000587672e-06, 0.7203620076179504], 'center': [-79.7347412109375, 186.39598083496094, 0.7189694046974182], 'extent': [2.3368194103240967, 0.9059062600135803, 0.7209736704826355], 'world_cord': [[-79.22489166259766, 188.849853515625, 1.4399285316467285], [-79.22489929199219, 188.84983825683594, -0.0020187997724860907], [-77.7041244506836, 187.86500549316406, 1.439927577972412], [-77.70413208007812, 187.864990234375, -0.002019764855504036], [-81.76535034179688, 184.92697143554688, 1.4399585723876953], [-81.7653579711914, 184.92697143554688, -0.0019887140952050686], [-80.24458312988281, 183.94212341308594, 1.439957618713379], [-80.24459075927734, 183.94210815429688, -0.001989679178223014]], 'semantic_tags': [14], 'type_id': 'vehicle.mercedes.coupe_2020', 'color': '0,21,81', 'base_type': 'car', 'num_points': 15, 'distance': 44.977312202390166, 'speed': 3.1140735076372917e-09, 'brake': 1.0, 'light_state': 'Brake', 'road_id': 69, 'lane_id': 3, 'section_id': 0, 'world2vehicle': [[0.543571949005127, 0.8393625617027283, -6.437301180994837e-06, -113.11483764648438], [-0.8393625617027283, 0.543571949005127, 5.326321002030454e-07, -168.24600219726562], [3.94620747101726e-06, 5.113705810799729e-06, 1.0, 0.0007540523074567318], [0.0, 0.0, 0.0, 1.0]], 'position': (44.964145377804144, -1.086698310615418, 0.060798928871964586), 'yaw': 1.3966335809869848, 'color_rgb': None, 'color_name': None, 'lane_type': carla.libcarla.LaneType.Driving, 'lane_type_str': 'Driving', 'is_in_junction': False, 'junction_id': -1, 'distance_to_junction': 14.52034854888916, 'next_junction_id': 1932, 'next_road_ids': [1960], 'next_next_road_ids': [68], 'same_road_as_ego': False, 'same_direction_as_ego': False, 'lane_relative_to_ego': None, 'steer': 0.0, 'vehicle_cuts_in': False}]
[debug] blocked_intersection_scenario is True
[debug] into second branch, scenario_name = BlockedIntersection
[debug] current frame is 395
[debug] hazardous_actors = []
[debug] in branch in front, vehicles_in_front = [{'class': 'vehicle', 'state': 'dynamic', 'id': '587', 'location': [-88.61687469482422, 151.90179443359375, 0.0001983642578125], 'rotation': [0.0, 0.0, 89.78770446777344], 'bbx_loc': [-0.005351597443223, -2.974271637867787e-07, 0.7655780911445618], 'center': [-88.61689758300781, 151.8964385986328, 0.7657764554023743], 'extent': [2.5039126873016357, 0.9408109784126282, 0.7673624753952026], 'world_cord': [[-89.54842376708984, 154.40382385253906, 1.5331389904022217], [-89.54842376708984, 154.40382385253906, -0.0015860199928283691], [-87.66680908203125, 154.3968505859375, 1.5331389904022217], [-87.66680908203125, 154.3968505859375, -0.0015860199928283691], [-89.56697845458984, 149.39602661132812, 1.5331389904022217], [-89.56697845458984, 149.39602661132812, -0.0015860199928283691], [-87.68536376953125, 149.38906860351562, 1.5331389904022217], [-87.68536376953125, 149.38906860351562, -0.0015860199928283691]], 'semantic_tags': [14], 'type_id': 'vehicle.dodge.charger_2020', 'color': '0,0,0', 'base_type': 'car', 'num_points': 307, 'distance': 9.599406131815018, 'speed': 0.0, 'brake': 0.0, 'light_state': 'Brake', 'road_id': 69, 'lane_id': 3, 'section_id': 0, 'world2vehicle': [[0.0037052109837532043, 0.9999931454658508, 0.0, -151.57241821289062], [-0.9999931454658508, 0.0037052109837532043, -0.0, -89.17909240722656], [-0.0, 0.0, 1.0, -0.0001983642578125], [0.0, 0.0, 0.0, 1.0]], 'position': (9.45031025610676, 1.685121081592115, 0.02633516530327995), 'yaw': 1.3966335809869848, 'color_rgb': None, 'color_name': None, 'lane_type': carla.libcarla.LaneType.Driving, 'lane_type_str': 'Driving', 'is_in_junction': False, 'junction_id': -1, 'distance_to_junction': 49.76714324951172, 'next_junction_id': 1932, 'next_road_ids': [1960], 'next_next_road_ids': [68], 'same_road_as_ego': False, 'same_direction_as_ego': False, 'lane_relative_to_ego': None, 'steer': 0.0, 'vehicle_cuts_in': False}, {'class': 'vehicle', 'state': 'dynamic', 'id': '626', 'location': [-79.73333740234375, 186.39816284179688, -0.0013925933744758368], 'rotation': [-0.00036883019492961466, -3.051757266803179e-05, 57.07286834716797], 'bbx_loc': [-0.0025979424826800823, -6.176233000587672e-06, 0.7203620076179504], 'center': [-79.7347412109375, 186.39598083496094, 0.7189694046974182], 'extent': [2.3368194103240967, 0.9059062600135803, 0.7209736704826355], 'world_cord': [[-79.22489166259766, 188.849853515625, 1.4399285316467285], [-79.22489929199219, 188.84983825683594, -0.0020187997724860907], [-77.7041244506836, 187.86500549316406, 1.439927577972412], [-77.70413208007812, 187.864990234375, -0.002019764855504036], [-81.76535034179688, 184.92697143554688, 1.4399585723876953], [-81.7653579711914, 184.92697143554688, -0.0019887140952050686], [-80.24458312988281, 183.94212341308594, 1.439957618713379], [-80.24459075927734, 183.94210815429688, -0.001989679178223014]], 'semantic_tags': [14], 'type_id': 'vehicle.mercedes.coupe_2020', 'color': '0,21,81', 'base_type': 'car', 'num_points': 15, 'distance': 44.977312202390166, 'speed': -1.3770381368431336e-10, 'brake': 1.0, 'light_state': 'Brake', 'road_id': 69, 'lane_id': 3, 'section_id': 0, 'world2vehicle': [[0.543571949005127, 0.8393625617027283, -6.437301180994837e-06, -113.11483764648438], [-0.8393625617027283, 0.543571949005127, 5.326321002030454e-07, -168.24600219726562], [3.94620747101726e-06, 5.113705810799729e-06, 1.0, 0.0007540523074567318], [0.0, 0.0, 0.0, 1.0]], 'position': (44.964145377804144, -1.086698310615418, 0.060798928871964586), 'yaw': 1.3966335809869848, 'color_rgb': None, 'color_name': None, 'lane_type': carla.libcarla.LaneType.Driving, 'lane_type_str': 'Driving', 'is_in_junction': False, 'junction_id': -1, 'distance_to_junction': 14.52034854888916, 'next_junction_id': 1932, 'next_road_ids': [1960], 'next_next_road_ids': [68], 'same_road_as_ego': False, 'same_direction_as_ego': False, 'lane_relative_to_ego': None, 'steer': 0.0, 'vehicle_cuts_in': False}]
[debug] blocked_intersection_scenario is True
[debug] into second branch, scenario_name = BlockedIntersection
[debug] current frame is 400
[debug] hazardous_actors = []
[debug] in branch in front, vehicles_in_front = [{'class': 'vehicle', 'state': 'dynamic', 'id': '587', 'location': [-88.61687469482422, 151.90179443359375, 0.0001983642578125], 'rotation': [0.0, 0.0, 89.78770446777344], 'bbx_loc': [-0.005351597443223, -2.974271637867787e-07, 0.7655780911445618], 'center': [-88.61689758300781, 151.8964385986328, 0.7657764554023743], 'extent': [2.5039126873016357, 0.9408109784126282, 0.7673624753952026], 'world_cord': [[-89.54842376708984, 154.40382385253906, 1.5331389904022217], [-89.54842376708984, 154.40382385253906, -0.0015860199928283691], [-87.66680908203125, 154.3968505859375, 1.5331389904022217], [-87.66680908203125, 154.3968505859375, -0.0015860199928283691], [-89.56697845458984, 149.39602661132812, 1.5331389904022217], [-89.56697845458984, 149.39602661132812, -0.0015860199928283691], [-87.68536376953125, 149.38906860351562, 1.5331389904022217], [-87.68536376953125, 149.38906860351562, -0.0015860199928283691]], 'semantic_tags': [14], 'type_id': 'vehicle.dodge.charger_2020', 'color': '0,0,0', 'base_type': 'car', 'num_points': 307, 'distance': 9.599467149178235, 'speed': 0.0, 'brake': 0.0, 'light_state': 'Brake', 'road_id': 69, 'lane_id': 3, 'section_id': 0, 'world2vehicle': [[0.0037052109837532043, 0.9999931454658508, 0.0, -151.57241821289062], [-0.9999931454658508, 0.0037052109837532043, -0.0, -89.17909240722656], [-0.0, 0.0, 1.0, -0.0001983642578125], [0.0, 0.0, 0.0, 1.0]], 'position': (9.450364828021065, 1.6851220852636288, 0.025905035475499716), 'yaw': 1.3966342467772572, 'color_rgb': None, 'color_name': None, 'lane_type': carla.libcarla.LaneType.Driving, 'lane_type_str': 'Driving', 'is_in_junction': False, 'junction_id': -1, 'distance_to_junction': 49.76714324951172, 'next_junction_id': 1932, 'next_road_ids': [1960], 'next_next_road_ids': [68], 'same_road_as_ego': False, 'same_direction_as_ego': False, 'lane_relative_to_ego': None, 'steer': 0.0, 'vehicle_cuts_in': False}, {'class': 'vehicle', 'state': 'dynamic', 'id': '626', 'location': [-79.73333740234375, 186.39816284179688, -0.0013925933744758368], 'rotation': [-0.00036883019492961466, -3.051757266803179e-05, 57.07286834716797], 'bbx_loc': [-0.0025979424826800823, -6.176233000587672e-06, 0.7203620076179504], 'center': [-79.7347412109375, 186.39598083496094, 0.7189694046974182], 'extent': [2.3368194103240967, 0.9059062600135803, 0.7209736704826355], 'world_cord': [[-79.22489166259766, 188.849853515625, 1.4399285316467285], [-79.22489929199219, 188.84983825683594, -0.0020187997724860907], [-77.7041244506836, 187.86500549316406, 1.439927577972412], [-77.70413208007812, 187.864990234375, -0.002019764855504036], [-81.76535034179688, 184.92697143554688, 1.4399585723876953], [-81.7653579711914, 184.92697143554688, -0.0019887140952050686], [-80.24458312988281, 183.94212341308594, 1.439957618713379], [-80.24459075927734, 183.94210815429688, -0.001989679178223014]], 'semantic_tags': [14], 'type_id': 'vehicle.mercedes.coupe_2020', 'color': '0,21,81', 'base_type': 'car', 'num_points': 15, 'distance': 44.977373544376654, 'speed': 0.0, 'brake': 1.0, 'light_state': 'Brake', 'road_id': 69, 'lane_id': 3, 'section_id': 0, 'world2vehicle': [[0.543571949005127, 0.8393625617027283, -6.437301180994837e-06, -113.11483764648438], [-0.8393625617027283, 0.543571949005127, 5.326321002030454e-07, -168.24600219726562], [3.94620747101726e-06, 5.113705810799729e-06, 1.0, 0.0007540523074567318], [0.0, 0.0, 0.0, 1.0]], 'position': (44.964203156175685, -1.0866987941281678, 0.05764282313694857), 'yaw': 1.3966342467772572, 'color_rgb': None, 'color_name': None, 'lane_type': carla.libcarla.LaneType.Driving, 'lane_type_str': 'Driving', 'is_in_junction': False, 'junction_id': -1, 'distance_to_junction': 14.52034854888916, 'next_junction_id': 1932, 'next_road_ids': [1960], 'next_next_road_ids': [68], 'same_road_as_ego': False, 'same_direction_as_ego': False, 'lane_relative_to_ego': None, 'steer': 0.0, 'vehicle_cuts_in': False}]
[debug] blocked_intersection_scenario is True
[debug] into second branch, scenario_name = BlockedIntersection
[debug] current frame is 405
[debug] hazardous_actors = []
[debug] in branch in front, vehicles_in_front = [{'class': 'vehicle', 'state': 'dynamic', 'id': '587', 'location': [-88.61687469482422, 151.90179443359375, 0.0001983642578125], 'rotation': [0.0, 0.0, 89.78770446777344], 'bbx_loc': [-0.005351597443223, -2.974271637867787e-07, 0.7655780911445618], 'center': [-88.61689758300781, 151.8964385986328, 0.7657764554023743], 'extent': [2.5039126873016357, 0.9408109784126282, 0.7673624753952026], 'world_cord': [[-89.54842376708984, 154.40382385253906, 1.5331389904022217], [-89.54842376708984, 154.40382385253906, -0.0015860199928283691], [-87.66680908203125, 154.3968505859375, 1.5331389904022217], [-87.66680908203125, 154.3968505859375, -0.0015860199928283691], [-89.56697845458984, 149.39602661132812, 1.5331389904022217], [-89.56697845458984, 149.39602661132812, -0.0015860199928283691], [-87.68536376953125, 149.38906860351562, 1.5331389904022217], [-87.68536376953125, 149.38906860351562, -0.0015860199928283691]], 'semantic_tags': [14], 'type_id': 'vehicle.dodge.charger_2020', 'color': '0,0,0', 'base_type': 'car', 'num_points': 321, 'distance': 9.312843854700734, 'speed': 0.0, 'brake': 0.0, 'light_state': 'Brake', 'road_id': 69, 'lane_id': 3, 'section_id': 0, 'world2vehicle': [[0.0037052109837532043, 0.9999931454658508, 0.0, -151.57241821289062], [-0.9999931454658508, 0.0037052109837532043, -0.0, -89.17909240722656], [-0.0, 0.0, 1.0, -0.0001983642578125], [0.0, 0.0, 0.0, 1.0]], 'position': (9.159665102691207, 1.6818769851123818, -0.02899689695884078), 'yaw': 1.3970218698739183, 'color_rgb': None, 'color_name': None, 'lane_type': carla.libcarla.LaneType.Driving, 'lane_type_str': 'Driving', 'is_in_junction': False, 'junction_id': -1, 'distance_to_junction': 49.76714324951172, 'next_junction_id': 1932, 'next_road_ids': [1960], 'next_next_road_ids': [68], 'same_road_as_ego': False, 'same_direction_as_ego': False, 'lane_relative_to_ego': None, 'steer': 0.0, 'vehicle_cuts_in': False}, {'class': 'vehicle', 'state': 'dynamic', 'id': '626', 'location': [-79.73333740234375, 186.39816284179688, -0.0013925933744758368], 'rotation': [-0.00036883019492961466, -3.051757266803179e-05, 57.07286834716797], 'bbx_loc': [-0.0025979424826800823, -6.176233000587672e-06, 0.7203620076179504], 'center': [-79.7347412109375, 186.39598083496094, 0.7189694046974182], 'extent': [2.3368194103240967, 0.9059062600135803, 0.7209736704826355], 'world_cord': [[-79.22489166259766, 188.849853515625, 1.4399285316467285], [-79.22489929199219, 188.84983825683594, -0.0020187997724860907], [-77.7041244506836, 187.86500549316406, 1.439927577972412], [-77.70413208007812, 187.864990234375, -0.002019764855504036], [-81.76535034179688, 184.92697143554688, 1.4399585723876953], [-81.7653579711914, 184.92697143554688, -0.0019887140952050686], [-80.24458312988281, 183.94212341308594, 1.439957618713379], [-80.24459075927734, 183.94210815429688, -0.001989679178223014]], 'semantic_tags': [14], 'type_id': 'vehicle.mercedes.coupe_2020', 'color': '0,21,81', 'base_type': 'car', 'num_points': 15, 'distance': 44.68618684835914, 'speed': 1.4181460470322574e-09, 'brake': 1.0, 'light_state': 'Brake', 'road_id': 69, 'lane_id': 3, 'section_id': 0, 'world2vehicle': [[0.543571949005127, 0.8393625617027283, -6.437301180994837e-06, -113.11483764648438], [-0.8393625617027283, 0.543571949005127, 5.326321002030454e-07, -168.24600219726562], [3.94620747101726e-06, 5.113705810799729e-06, 1.0, 0.0007540523074567318], [0.0, 0.0, 0.0, 1.0]], 'position': (44.672094908399686, -1.102227357624031, -0.20982808617187776), 'yaw': 1.3970218698739183, 'color_rgb': None, 'color_name': None, 'lane_type': carla.libcarla.LaneType.Driving, 'lane_type_str': 'Driving', 'is_in_junction': False, 'junction_id': -1, 'distance_to_junction': 14.52034854888916, 'next_junction_id': 1932, 'next_road_ids': [1960], 'next_next_road_ids': [68], 'same_road_as_ego': False, 'same_direction_as_ego': False, 'lane_relative_to_ego': None, 'steer': 0.0, 'vehicle_cuts_in': False}]
[debug] blocked_intersection_scenario is True
[debug] into second branch, scenario_name = BlockedIntersection
[debug] current frame is 410
[debug] hazardous_actors = []
[debug] in branch in front, vehicles_in_front = [{'class': 'vehicle', 'state': 'dynamic', 'id': '587', 'location': [-88.61687469482422, 151.90179443359375, 0.0001983642578125], 'rotation': [0.0, 0.0, 89.78770446777344], 'bbx_loc': [-0.005351597443223, -2.974271637867787e-07, 0.7655780911445618], 'center': [-88.61689758300781, 151.8964385986328, 0.7657764554023743], 'extent': [2.5039126873016357, 0.9408109784126282, 0.7673624753952026], 'world_cord': [[-89.54842376708984, 154.40382385253906, 1.5331389904022217], [-89.54842376708984, 154.40382385253906, -0.0015860199928283691], [-87.66680908203125, 154.3968505859375, 1.5331389904022217], [-87.66680908203125, 154.3968505859375, -0.0015860199928283691], [-89.56697845458984, 149.39602661132812, 1.5331389904022217], [-89.56697845458984, 149.39602661132812, -0.0015860199928283691], [-87.68536376953125, 149.38906860351562, 1.5331389904022217], [-87.68536376953125, 149.38906860351562, -0.0015860199928283691]], 'semantic_tags': [14], 'type_id': 'vehicle.dodge.charger_2020', 'color': '0,0,0', 'base_type': 'car', 'num_points': 436, 'distance': 8.313332797430325, 'speed': 0.0, 'brake': 0.0, 'light_state': 'Brake', 'road_id': 69, 'lane_id': 3, 'section_id': 0, 'world2vehicle': [[0.0037052109837532043, 0.9999931454658508, 0.0, -151.57241821289062], [-0.9999931454658508, 0.0037052109837532043, -0.0, -89.17909240722656], [-0.0, 0.0, 1.0, -0.0001983642578125], [0.0, 0.0, 0.0, 1.0]], 'position': (8.172671205729173, 1.5220078077597492, 0.0505778184447081), 'yaw': 1.4127502329558173, 'color_rgb': None, 'color_name': None, 'lane_type': carla.libcarla.LaneType.Driving, 'lane_type_str': 'Driving', 'is_in_junction': False, 'junction_id': -1, 'distance_to_junction': 49.76714324951172, 'next_junction_id': 1932, 'next_road_ids': [1960], 'next_next_road_ids': [68], 'same_road_as_ego': False, 'same_direction_as_ego': False, 'lane_relative_to_ego': None, 'steer': 0.0, 'vehicle_cuts_in': False}]
[debug] blocked_intersection_scenario is True
[debug] into second branch, scenario_name = BlockedIntersection
[debug] current frame is 415
[debug] hazardous_actors = []
[debug] in branch in front, vehicles_in_front = [{'class': 'vehicle', 'state': 'dynamic', 'id': '587', 'location': [-88.61687469482422, 151.90179443359375, 0.0001983642578125], 'rotation': [0.0, 0.0, 89.78770446777344], 'bbx_loc': [-0.005351597443223, -2.974271637867787e-07, 0.7655780911445618], 'center': [-88.61689758300781, 151.8964385986328, 0.7657764554023743], 'extent': [2.5039126873016357, 0.9408109784126282, 0.7673624753952026], 'world_cord': [[-89.54842376708984, 154.40382385253906, 1.5331389904022217], [-89.54842376708984, 154.40382385253906, -0.0015860199928283691], [-87.66680908203125, 154.3968505859375, 1.5331389904022217], [-87.66680908203125, 154.3968505859375, -0.0015860199928283691], [-89.56697845458984, 149.39602661132812, 1.5331389904022217], [-89.56697845458984, 149.39602661132812, -0.0015860199928283691], [-87.68536376953125, 149.38906860351562, 1.5331389904022217], [-87.68536376953125, 149.38906860351562, -0.0015860199928283691]], 'semantic_tags': [14], 'type_id': 'vehicle.dodge.charger_2020', 'color': '0,0,0', 'base_type': 'car', 'num_points': 437, 'distance': 8.310513177225129, 'speed': 0.0, 'brake': 0.0, 'light_state': 'Brake', 'road_id': 69, 'lane_id': 3, 'section_id': 0, 'world2vehicle': [[0.0037052109837532043, 0.9999931454658508, 0.0, -151.57241821289062], [-0.9999931454658508, 0.0037052109837532043, -0.0, -89.17909240722656], [-0.0, 0.0, 1.0, -0.0001983642578125], [0.0, 0.0, 0.0, 1.0]], 'position': (8.170215418973498, 1.5199657094601378, 0.043332198323865256), 'yaw': 1.4128248014663394, 'color_rgb': None, 'color_name': None, 'lane_type': carla.libcarla.LaneType.Driving, 'lane_type_str': 'Driving', 'is_in_junction': False, 'junction_id': -1, 'distance_to_junction': 49.76714324951172, 'next_junction_id': 1932, 'next_road_ids': [1960], 'next_next_road_ids': [68], 'same_road_as_ego': False, 'same_direction_as_ego': False, 'lane_relative_to_ego': None, 'steer': 0.0, 'vehicle_cuts_in': False}]
[debug] blocked_intersection_scenario is True
[debug] into second branch, scenario_name = BlockedIntersection
[debug] current frame is 420
[debug] hazardous_actors = []
[debug] in branch in front, vehicles_in_front = [{'class': 'vehicle', 'state': 'dynamic', 'id': '587', 'location': [-88.61687469482422, 151.90179443359375, 0.0001983642578125], 'rotation': [0.0, 0.0, 89.78770446777344], 'bbx_loc': [-0.005351597443223, -2.974271637867787e-07, 0.7655780911445618], 'center': [-88.61689758300781, 151.8964385986328, 0.7657764554023743], 'extent': [2.5039126873016357, 0.9408109784126282, 0.7673624753952026], 'world_cord': [[-89.54842376708984, 154.40382385253906, 1.5331389904022217], [-89.54842376708984, 154.40382385253906, -0.0015860199928283691], [-87.66680908203125, 154.3968505859375, 1.5331389904022217], [-87.66680908203125, 154.3968505859375, -0.0015860199928283691], [-89.56697845458984, 149.39602661132812, 1.5331389904022217], [-89.56697845458984, 149.39602661132812, -0.0015860199928283691], [-87.68536376953125, 149.38906860351562, 1.5331389904022217], [-87.68536376953125, 149.38906860351562, -0.0015860199928283691]], 'semantic_tags': [14], 'type_id': 'vehicle.dodge.charger_2020', 'color': '0,0,0', 'base_type': 'car', 'num_points': 436, 'distance': 8.30976734301916, 'speed': 0.0, 'brake': 0.0, 'light_state': 'Brake', 'road_id': 69, 'lane_id': 3, 'section_id': 0, 'world2vehicle': [[0.0037052109837532043, 0.9999931454658508, 0.0, -151.57241821289062], [-0.9999931454658508, 0.0037052109837532043, -0.0, -89.17909240722656], [-0.0, 0.0, 1.0, -0.0001983642578125], [0.0, 0.0, 0.0, 1.0]], 'position': (8.169725100922477, 1.5189498248151523, 0.02857801274559435), 'yaw': 1.412878064688141, 'color_rgb': None, 'color_name': None, 'lane_type': carla.libcarla.LaneType.Driving, 'lane_type_str': 'Driving', 'is_in_junction': False, 'junction_id': -1, 'distance_to_junction': 49.76714324951172, 'next_junction_id': 1932, 'next_road_ids': [1960], 'next_next_road_ids': [68], 'same_road_as_ego': False, 'same_direction_as_ego': False, 'lane_relative_to_ego': None, 'steer': 0.0, 'vehicle_cuts_in': False}]
[debug] blocked_intersection_scenario is True
[debug] into second branch, scenario_name = BlockedIntersection
[debug] current frame is 425
[debug] hazardous_actors = []
[debug] in branch in front, vehicles_in_front = [{'class': 'vehicle', 'state': 'dynamic', 'id': '587', 'location': [-88.61687469482422, 151.90179443359375, 0.0001983642578125], 'rotation': [0.0, 0.0, 89.78770446777344], 'bbx_loc': [-0.005351597443223, -2.974271637867787e-07, 0.7655780911445618], 'center': [-88.61689758300781, 151.8964385986328, 0.7657764554023743], 'extent': [2.5039126873016357, 0.9408109784126282, 0.7673624753952026], 'world_cord': [[-89.54842376708984, 154.40382385253906, 1.5331389904022217], [-89.54842376708984, 154.40382385253906, -0.0015860199928283691], [-87.66680908203125, 154.3968505859375, 1.5331389904022217], [-87.66680908203125, 154.3968505859375, -0.0015860199928283691], [-89.56697845458984, 149.39602661132812, 1.5331389904022217], [-89.56697845458984, 149.39602661132812, -0.0015860199928283691], [-87.68536376953125, 149.38906860351562, 1.5331389904022217], [-87.68536376953125, 149.38906860351562, -0.0015860199928283691]], 'semantic_tags': [14], 'type_id': 'vehicle.dodge.charger_2020', 'color': '0,0,0', 'base_type': 'car', 'num_points': 436, 'distance': 8.30976734301916, 'speed': 0.0, 'brake': 0.0, 'light_state': 'Brake', 'road_id': 69, 'lane_id': 3, 'section_id': 0, 'world2vehicle': [[0.0037052109837532043, 0.9999931454658508, 0.0, -151.57241821289062], [-0.9999931454658508, 0.0037052109837532043, -0.0, -89.17909240722656], [-0.0, 0.0, 1.0, -0.0001983642578125], [0.0, 0.0, 0.0, 1.0]], 'position': (8.169725100922477, 1.5189498248151523, 0.02857801274559435), 'yaw': 1.412878064688141, 'color_rgb': None, 'color_name': None, 'lane_type': carla.libcarla.LaneType.Driving, 'lane_type_str': 'Driving', 'is_in_junction': False, 'junction_id': -1, 'distance_to_junction': 49.76714324951172, 'next_junction_id': 1932, 'next_road_ids': [1960], 'next_next_road_ids': [68], 'same_road_as_ego': False, 'same_direction_as_ego': False, 'lane_relative_to_ego': None, 'steer': 0.0, 'vehicle_cuts_in': False}]
[debug] blocked_intersection_scenario is True
[debug] into second branch, scenario_name = BlockedIntersection
[debug] current frame is 430
[debug] hazardous_actors = []
[debug] current frame is 435
[debug] hazardous_actors = []
[debug] current frame is 440
[debug] hazardous_actors = []
[debug] current frame is 445
[debug] hazardous_actors = []
[debug] current frame is 450
[debug] hazardous_actors = []
[debug] into second branch, scenario_name = BlockedIntersection
[debug] current frame is 455
[debug] hazardous_actors = []
[debug] current frame is 460
[debug] hazardous_actors = []
[debug] current frame is 465
[debug] hazardous_actors = []
[debug] current frame is 470
[debug] hazardous_actors = []
[debug] current frame is 475
[debug] hazardous_actors = []
[debug] into second branch, scenario_name = BlockedIntersection
[debug] current frame is 480
[debug] hazardous_actors = []
[debug] into second branch, scenario_name = BlockedIntersection
[debug] current frame is 485
[debug] hazardous_actors = []
[debug] into second branch, scenario_name = BlockedIntersection
[debug] current frame is 0
[debug] hazardous_actors = []
[debug] current frame is 5
[debug] hazardous_actors = []
[debug] current frame is 10
[debug] hazardous_actors = []
[debug] current frame is 15
[debug] hazardous_actors = []
[debug] into second branch, scenario_name = CrossingBicycleFlow
[debug] current frame is 20
[debug] hazardous_actors = []
[debug] into second branch, scenario_name = CrossingBicycleFlow
[debug] current frame is 25
[debug] hazardous_actors = []
[debug] current frame is 30
[debug] hazardous_actors = []
[debug] into second branch, scenario_name = CrossingBicycleFlow
[debug] current frame is 35
[debug] hazardous_actors = []
[debug] into second branch, scenario_name = CrossingBicycleFlow
[debug] current frame is 40
[debug] hazardous_actors = []
[debug] into second branch, scenario_name = CrossingBicycleFlow
[debug] current frame is 45
[debug] hazardous_actors = []
[debug] current frame is 50
[debug] hazardous_actors = []
[debug] current frame is 55
[debug] hazardous_actors = []
[debug] current frame is 60
[debug] hazardous_actors = []
[debug] current frame is 65
[debug] hazardous_actors = []
[debug] current frame is 70
[debug] hazardous_actors = []
[debug] current frame is 75
[debug] hazardous_actors = []
[debug] current frame is 80
[debug] hazardous_actors = []
[debug] current frame is 85
[debug] hazardous_actors = []
[debug] current frame is 90
[debug] hazardous_actors = []
[debug] current frame is 95
[debug] hazardous_actors = []
[debug] current frame is 100
[debug] hazardous_actors = []
[debug] current frame is 105
[debug] hazardous_actors = []
[debug] current frame is 110
[debug] hazardous_actors = []
[debug] current frame is 115
[debug] hazardous_actors = []
[debug] current frame is 120
[debug] hazardous_actors = []
[debug] current frame is 125
[debug] hazardous_actors = []
[debug] current frame is 130
[debug] hazardous_actors = []
[debug] current frame is 135
[debug] hazardous_actors = []
[debug] current frame is 140
[debug] hazardous_actors = []
[debug] current frame is 145
[debug] hazardous_actors = []
[debug] current frame is 150
[debug] hazardous_actors = []
[debug] current frame is 155
[debug] hazardous_actors = []
[debug] current frame is 160
[debug] hazardous_actors = []
[debug] current frame is 165
[debug] hazardous_actors = []
[debug] current frame is 170
[debug] hazardous_actors = []
[debug] current frame is 175
[debug] hazardous_actors = []
[debug] current frame is 180
[debug] hazardous_actors = []
[debug] current frame is 185
[debug] hazardous_actors = []
[debug] current frame is 190
[debug] hazardous_actors = []
[debug] current frame is 195
[debug] hazardous_actors = []
[debug] current frame is 200
[debug] hazardous_actors = []
[debug] current frame is 205
[debug] hazardous_actors = []
[debug] current frame is 210
[debug] hazardous_actors = []
[debug] current frame is 215
[debug] hazardous_actors = []
[debug] current frame is 220
[debug] hazardous_actors = []
[debug] current frame is 225
[debug] hazardous_actors = []
[debug] current frame is 230
[debug] hazardous_actors = []
[debug] current frame is 235
[debug] hazardous_actors = []
[debug] current frame is 240
[debug] hazardous_actors = []
[debug] current frame is 245
[debug] hazardous_actors = []
[debug] current frame is 250
[debug] hazardous_actors = []
[debug] current frame is 255
[debug] hazardous_actors = []
[debug] current frame is 260
[debug] hazardous_actors = []
[debug] current frame is 265
[debug] hazardous_actors = []
[debug] current frame is 270
[debug] hazardous_actors = []
[debug] current frame is 275
[debug] hazardous_actors = []
[debug] current frame is 280
[debug] hazardous_actors = []
[debug] current frame is 285
[debug] hazardous_actors = []
[debug] current frame is 290
[debug] hazardous_actors = []
[debug] current frame is 295
[debug] hazardous_actors = []
[debug] current frame is 300
[debug] hazardous_actors = []
[debug] current frame is 305
[debug] hazardous_actors = []
[debug] current frame is 310
[debug] hazardous_actors = []
[debug] current frame is 315
[debug] hazardous_actors = []
[debug] current frame is 320
[debug] hazardous_actors = []
[debug] current frame is 325
[debug] hazardous_actors = []
[debug] current frame is 330
[debug] hazardous_actors = []
[debug] current frame is 335
[debug] hazardous_actors = []
[debug] current frame is 340
[debug] hazardous_actors = []
[debug] current frame is 345
[debug] hazardous_actors = []
[debug] in branch in front, vehicles_in_front = [{'class': 'vehicle', 'state': 'dynamic', 'id': '23295', 'location': [1764.2315673828125, 4988.2412109375, 367.5904235839844], 'rotation': [1.025819182395935, -0.001068115234375, 179.823974609375], 'bbx_loc': [-0.00037927148514427245, 2.3548025751551904e-07, 0.6926461458206177], 'center': [1764.244384765625, 4988.2412109375, 368.282958984375], 'extent': [2.0906050205230713, 0.9970585703849792, 0.6926480531692505], 'world_cord': [[1762.1634521484375, 4987.25048828125, 369.012939453125], [1762.138671875, 4987.25048828125, 367.62786865234375], [1762.1695556640625, 4989.24462890625, 369.0129089355469], [1762.144775390625, 4989.24462890625, 367.6278381347656], [1766.343994140625, 4987.23779296875, 368.9380798339844], [1766.319091796875, 4987.23779296875, 367.5530090332031], [1766.35009765625, 4989.23193359375, 368.93804931640625], [1766.3253173828125, 4989.23193359375, 367.552978515625]], 'semantic_tags': [14], 'type_id': 'vehicle.audi.tt', 'color': '33,33,33', 'base_type': 'car', 'num_points': 54, 'distance': 21.363236726319325, 'speed': 0.0, 'brake': 1.0, 'light_state': '139', 'road_id': 302, 'lane_id': 2, 'section_id': 0, 'world2vehicle': [[-0.9998350143432617, 0.0030716771725565195, 0.01790296472609043, 1742.037353515625], [-0.0030718359630554914, -0.9999952912330627, 1.8639138943399303e-05, 4993.63037109375], [0.017902938649058342, -3.6358902434585616e-05, 0.999839723110199, -398.93505859375], [0.0, 0.0, 0.0, 1.0]], 'position': (21.35086978965387, -0.7995899392899446, -0.16198404932538324), 'yaw': -0.2524818693170733, 'color_rgb': None, 'color_name': None, 'lane_type': carla.libcarla.LaneType.Driving, 'lane_type_str': 'Driving', 'is_in_junction': False, 'junction_id': -1, 'distance_to_junction': 6.709487438201904, 'next_junction_id': 14280, 'next_road_ids': [14326], 'next_next_road_ids': [830], 'same_road_as_ego': False, 'same_direction_as_ego': False, 'lane_relative_to_ego': None, 'steer': 0.0, 'vehicle_cuts_in': False}, {'class': 'vehicle', 'state': 'dynamic', 'id': '23299', 'location': [1773.434326171875, 4988.21875, 367.4311218261719], 'rotation': [1.0092287063598633, -3.0517658160533756e-05, 179.8155059814453], 'bbx_loc': [7.99035988165997e-05, 0.0017905564745888114, 0.7015068531036377], 'center': [1773.4466552734375, 4988.216796875, 368.13250732421875], 'extent': [2.6787397861480713, 1.0166014432907104, 0.7053293585777283], 'world_cord': [[1770.7774658203125, 4987.208984375, 368.8849182128906], [1770.7525634765625, 4987.208984375, 367.4744873046875], [1770.783935546875, 4989.2421875, 368.8849182128906], [1770.7591552734375, 4989.2421875, 367.4744873046875], [1776.134033203125, 4987.19189453125, 368.7905578613281], [1776.1092529296875, 4987.19189453125, 367.380126953125], [1776.140625, 4989.224609375, 368.7905578613281], [1776.11572265625, 4989.22509765625, 367.380126953125]], 'semantic_tags': [14], 'type_id': 'vehicle.chevrolet.impala', 'color': '0,12,49', 'base_type': 'car', 'num_points': 15, 'distance': 30.300325267302114, 'speed': -2.9297143724678034e-05, 'brake': 1.0, 'light_state': '155', 'road_id': 302, 'lane_id': 2, 'section_id': 0, 'world2vehicle': [[-0.9998396635055542, 0.003219488775357604, 0.017613453790545464, 1750.6187744140625], [-0.003219979116693139, -0.9999948143959045, 5.32550984644331e-07, 4993.9033203125], [0.0176133643835783, -5.618248906102963e-05, 0.9998448491096497, -398.33001708984375], [0.0, 0.0, 0.0, 1.0]], 'position': (30.268708463902954, 1.4778375394707837, -0.1158861716858155), 'yaw': -0.2524818693170733, 'color_rgb': None, 'color_name': None, 'lane_type': carla.libcarla.LaneType.Driving, 'lane_type_str': 'Driving', 'is_in_junction': False, 'junction_id': -1, 'distance_to_junction': 15.759297370910645, 'next_junction_id': 14280, 'next_road_ids': [14326], 'next_next_road_ids': [830], 'same_road_as_ego': False, 'same_direction_as_ego': False, 'lane_relative_to_ego': None, 'steer': 0.0, 'vehicle_cuts_in': False}]
[debug] into second branch, scenario_name = CrossingBicycleFlow
[debug] current frame is 350
[debug] hazardous_actors = []
[debug] into second branch, scenario_name = CrossingBicycleFlow
[debug] current frame is 355
[debug] hazardous_actors = []
[debug] current frame is 360
[debug] hazardous_actors = []
[debug] current frame is 365
[debug] hazardous_actors = []
[debug] into second branch, scenario_name = CrossingBicycleFlow
[debug] current frame is 370
[debug] hazardous_actors = []
[debug] into second branch, scenario_name = CrossingBicycleFlow
[debug] current frame is 375
[debug] hazardous_actors = []
[debug] in branch in front, vehicles_in_front = [{'class': 'vehicle', 'state': 'dynamic', 'id': '23284', 'location': [1752.265625, 4942.3203125, 367.6571350097656], 'rotation': [-0.2207653671503067, -0.00015257981431204826, -89.55343627929688], 'bbx_loc': [0.032141976058483124, 3.315925641800277e-05, 0.650477409362793], 'center': [1752.265869140625, 4942.28564453125, 368.3074951171875], 'extent': [2.358762502670288, 0.947413444519043, 0.650469958782196], 'world_cord': [[1753.231689453125, 4939.931640625, 368.9488525390625], [1753.231689453125, 4939.93701171875, 367.6479187011719], [1751.3369140625, 4939.9169921875, 368.9488525390625], [1751.3369140625, 4939.921875, 367.6479187011719], [1753.1949462890625, 4944.6494140625, 368.967041015625], [1753.1949462890625, 4944.654296875, 367.6661071777344], [1751.3001708984375, 4944.63427734375, 368.967041015625], [1751.3001708984375, 4944.6396484375, 367.6661071777344]], 'semantic_tags': [14], 'type_id': 'vehicle.ford.mustang', 'color': '85,0,0', 'base_type': 'car', 'num_points': 29, 'distance': 29.660726720105917, 'speed': 0.9467210330358333, 'brake': 0.0, 'light_state': '131', 'road_id': 830, 'lane_id': 1, 'section_id': 0, 'world2vehicle': [[0.0077938418835401535, -0.9999621510505676, -0.003853072877973318, 4929.89306640625], [0.9999696016311646, 0.007793889846652746, 2.6630002594174584e-06, -1790.7332763671875], [2.736752685450483e-05, -0.0038529764860868454, 0.9999925494194031, -348.6596984863281], [0.0, 0.0, 0.0, 1.0]], 'position': (29.6246906854185, -1.4595840733611567, -0.10854578070575371), 'yaw': -1.5131334297144465, 'color_rgb': None, 'color_name': None, 'lane_type': carla.libcarla.LaneType.Driving, 'lane_type_str': 'Driving', 'is_in_junction': False, 'junction_id': -1, 'distance_to_junction': 59.00059509277344, 'next_junction_id': 1809, 'next_road_ids': [1828], 'next_next_road_ids': [829], 'same_road_as_ego': True, 'same_direction_as_ego': True, 'lane_relative_to_ego': 0, 'steer': 0.010797355113307669, 'vehicle_cuts_in': False}]
[debug] into second branch, scenario_name = CrossingBicycleFlow
[debug] current frame is 380
[debug] hazardous_actors = []
[debug] in branch in front, vehicles_in_front = [{'class': 'vehicle', 'state': 'dynamic', 'id': '23284', 'location': [1752.2728271484375, 4941.4287109375, 367.65362548828125], 'rotation': [-0.2082524597644806, 2.105766543536447e-05, -89.49827575683594], 'bbx_loc': [0.032141976058483124, 3.315925641800277e-05, 0.650477409362793], 'center': [1752.273193359375, 4941.39404296875, 368.3039855957031], 'extent': [2.358762502670288, 0.947413444519043, 0.650469958782196], 'world_cord': [[1753.2412109375, 4939.04150390625, 368.94586181640625], [1753.2412109375, 4939.04638671875, 367.6449279785156], [1751.346435546875, 4939.02490234375, 368.94586181640625], [1751.346435546875, 4939.02978515625, 367.6449279785156], [1753.199951171875, 4943.7587890625, 368.9630126953125], [1753.1998291015625, 4943.763671875, 367.6620788574219], [1751.30517578125, 4943.7421875, 368.9630126953125], [1751.3050537109375, 4943.7470703125, 367.6620788574219]], 'semantic_tags': [14], 'type_id': 'vehicle.ford.mustang', 'color': '85,0,0', 'base_type': 'car', 'num_points': 22, 'distance': 25.957431592358372, 'speed': 2.5921119820196123, 'brake': 0.0, 'light_state': '131', 'road_id': 830, 'lane_id': 1, 'section_id': 0, 'world2vehicle': [[0.008756543509662151, -0.9999550580978394, -0.0036346830893307924, 4927.19921875], [0.9999616742134094, 0.008756602182984352, -3.675231425859238e-07, -1795.4757080078125], [3.2194981031352654e-05, -0.0036345405969768763, 0.9999933838844299, -349.7477722167969], [0.0, 0.0, 0.0, 1.0]], 'position': (25.952043388772836, -0.5407394609233052, 0.02159256417668587), 'yaw': -1.5444078625016284, 'color_rgb': None, 'color_name': None, 'lane_type': carla.libcarla.LaneType.Driving, 'lane_type_str': 'Driving', 'is_in_junction': False, 'junction_id': -1, 'distance_to_junction': 59.000606536865234, 'next_junction_id': 1809, 'next_road_ids': [1828], 'next_next_road_ids': [829], 'same_road_as_ego': True, 'same_direction_as_ego': True, 'lane_relative_to_ego': 0, 'steer': -0.0007482959505876744, 'vehicle_cuts_in': False}]
[debug] into second branch, scenario_name = CrossingBicycleFlow
[debug] current frame is 385
[debug] hazardous_actors = []
[debug] in branch in front, vehicles_in_front = [{'class': 'vehicle', 'state': 'dynamic', 'id': '23284', 'location': [1752.2864990234375, 4939.76318359375, 367.6469421386719], 'rotation': [-0.20904475450515747, -3.0522613087669015e-05, -89.50541687011719], 'bbx_loc': [0.032141976058483124, 3.315925641800277e-05, 0.650477409362793], 'center': [1752.286865234375, 4939.728515625, 368.29730224609375], 'extent': [2.358762502670288, 0.947413444519043, 0.650469958782196], 'world_cord': [[1753.254638671875, 4937.3759765625, 368.93914794921875], [1753.2545166015625, 4937.38037109375, 367.6382141113281], [1751.35986328125, 4937.359375, 368.93914794921875], [1751.3597412109375, 4937.3642578125, 367.6382141113281], [1753.2138671875, 4942.09326171875, 368.95635986328125], [1753.2138671875, 4942.09765625, 367.6554260253906], [1751.319091796875, 4942.07666015625, 368.95635986328125], [1751.319091796875, 4942.08154296875, 367.6554260253906]], 'semantic_tags': [14], 'type_id': 'vehicle.ford.mustang', 'color': '85,0,0', 'base_type': 'car', 'num_points': 36, 'distance': 23.45756661044775, 'speed': 4.061708225626265, 'brake': 0.0, 'light_state': '131', 'road_id': 830, 'lane_id': 1, 'section_id': 0, 'world2vehicle': [[0.008631974458694458, -0.9999560713768005, -0.0036485111340880394, 4925.76220703125], [0.9999627470970154, 0.008632030338048935, 5.327165126800537e-07, -1794.861572265625], [3.09613642457407e-05, -0.0036483798176050186, 0.9999933242797852, -349.6766357421875], [0.0, 0.0, 0.0, 1.0]], 'position': (23.450326659483835, -0.5754586923758325, -0.01665656785354841), 'yaw': -1.5442515349456407, 'color_rgb': None, 'color_name': None, 'lane_type': carla.libcarla.LaneType.Driving, 'lane_type_str': 'Driving', 'is_in_junction': False, 'junction_id': -1, 'distance_to_junction': 57.00057601928711, 'next_junction_id': 1809, 'next_road_ids': [1828], 'next_next_road_ids': [829], 'same_road_as_ego': True, 'same_direction_as_ego': True, 'lane_relative_to_ego': 0, 'steer': -0.008471314882666534, 'vehicle_cuts_in': False}]
[debug] into second branch, scenario_name = CrossingBicycleFlow
[debug] current frame is 390
[debug] hazardous_actors = []
[debug] in branch in front, vehicles_in_front = [{'class': 'vehicle', 'state': 'dynamic', 'id': '23284', 'location': [1752.3037109375, 4937.36474609375, 367.63787841796875], 'rotation': [-0.21538999676704407, 0.00013678483082912862, -89.62183380126953], 'bbx_loc': [0.032141976058483124, 3.315925641800277e-05, 0.650477409362793], 'center': [1752.303955078125, 4937.330078125, 368.2882385253906], 'extent': [2.358762502670288, 0.947413444519043, 0.650469958782196], 'world_cord': [[1753.2669677734375, 4934.97509765625, 368.9298400878906], [1753.2669677734375, 4934.97998046875, 367.62890625], [1751.3721923828125, 4934.962890625, 368.9298400878906], [1751.3721923828125, 4934.9677734375, 367.62890625], [1753.23583984375, 4939.69287109375, 368.94757080078125], [1753.23583984375, 4939.69775390625, 367.6466369628906], [1751.341064453125, 4939.68017578125, 368.94757080078125], [1751.3409423828125, 4939.68505859375, 367.6466369628906]], 'semantic_tags': [14], 'type_id': 'vehicle.ford.mustang', 'color': '85,0,0', 'base_type': 'car', 'num_points': 41, 'distance': 21.262211910417633, 'speed': 5.3004386058751525, 'brake': 0.0, 'light_state': '131', 'road_id': 830, 'lane_id': 1, 'section_id': 0, 'world2vehicle': [[0.006600121967494488, -0.9999711513519287, -0.0037592556327581406, 4927.03857421875], [0.999978244304657, 0.006600177846848965, -2.387328777331277e-06, -1784.852294921875], [2.7199017495149747e-05, -0.0037591580767184496, 0.9999929070472717, -349.12261962890625], [0.0, 0.0, 0.0, 1.0]], 'position': (21.261896204895493, 0.09010178591574913, -0.03151498859426738), 'yaw': -1.5743497826373893, 'color_rgb': None, 'color_name': None, 'lane_type': carla.libcarla.LaneType.Driving, 'lane_type_str': 'Driving', 'is_in_junction': False, 'junction_id': -1, 'distance_to_junction': 54.000526428222656, 'next_junction_id': 1809, 'next_road_ids': [1828], 'next_next_road_ids': [829], 'same_road_as_ego': True, 'same_direction_as_ego': True, 'lane_relative_to_ego': 0, 'steer': -0.0028225932753601665, 'vehicle_cuts_in': False}]
[debug] into second branch, scenario_name = CrossingBicycleFlow
[debug] current frame is 395
[debug] hazardous_actors = []
[debug] in branch in front, vehicles_in_front = [{'class': 'vehicle', 'state': 'dynamic', 'id': '23284', 'location': [1752.3216552734375, 4934.2861328125, 367.62518310546875], 'rotation': [-0.21154460310935974, -0.00033570206142030656, -89.67162322998047], 'bbx_loc': [0.032141976058483124, 3.315925641800277e-05, 0.650477409362793], 'center': [1752.3218994140625, 4934.25146484375, 368.2755432128906], 'extent': [2.358762502670288, 0.947413444519043, 0.650469958782196], 'world_cord': [[1753.2828369140625, 4931.89599609375, 368.91729736328125], [1753.2828369140625, 4931.90087890625, 367.6163635253906], [1751.3880615234375, 4931.88525390625, 368.91729736328125], [1751.387939453125, 4931.8896484375, 367.6163635253906], [1753.2557373046875, 4936.61328125, 368.9347229003906], [1753.2557373046875, 4936.6181640625, 367.6337890625], [1751.3609619140625, 4936.6025390625, 368.9346923828125], [1751.3609619140625, 4936.607421875, 367.6337890625]], 'semantic_tags': [14], 'type_id': 'vehicle.ford.mustang', 'color': '85,0,0', 'base_type': 'car', 'num_points': 59, 'distance': 19.83991094421256, 'speed': 7.113202603538796, 'brake': 0.0, 'light_state': '131', 'road_id': 830, 'lane_id': 1, 'section_id': 0, 'world2vehicle': [[0.0057312301360070705, -0.9999767541885376, -0.0036921415012329817, 4925.48583984375], [0.999983549118042, 0.005731247831135988, 5.859066277480451e-06, -1780.57470703125], [1.5301646271836944e-05, -0.003692114260047674, 0.9999932050704956, -349.4315490722656], [0.0, 0.0, 0.0, 1.0]], 'position': (19.839590854861854, 0.144226948872074, -0.016210598315630875), 'yaw': -1.5754640492374785, 'color_rgb': None, 'color_name': None, 'lane_type': carla.libcarla.LaneType.Driving, 'lane_type_str': 'Driving', 'is_in_junction': False, 'junction_id': -1, 'distance_to_junction': 51.000484466552734, 'next_junction_id': 1809, 'next_road_ids': [1828], 'next_next_road_ids': [829], 'same_road_as_ego': True, 'same_direction_as_ego': True, 'lane_relative_to_ego': 0, 'steer': -0.0026864118651172765, 'vehicle_cuts_in': False}]
[debug] into second branch, scenario_name = CrossingBicycleFlow
[debug] current frame is 400
[debug] hazardous_actors = []
[debug] in branch in front, vehicles_in_front = [{'class': 'vehicle', 'state': 'dynamic', 'id': '23284', 'location': [1752.341796875, 4930.28564453125, 367.60870361328125], 'rotation': [-0.21911928057670593, -0.00015257979976013303, -89.73320007324219], 'bbx_loc': [0.032141976058483124, 3.315925641800277e-05, 0.650477409362793], 'center': [1752.342041015625, 4930.2509765625, 368.2590637207031], 'extent': [2.358762502670288, 0.947413444519043, 0.650469958782196], 'world_cord': [[1753.3004150390625, 4927.89404296875, 368.9005126953125], [1753.3004150390625, 4927.8994140625, 367.5995788574219], [1751.4056396484375, 4927.88525390625, 368.9004821777344], [1751.405517578125, 4927.89013671875, 367.5995788574219], [1753.2784423828125, 4932.61181640625, 368.9185485839844], [1753.2784423828125, 4932.61669921875, 367.61761474609375], [1751.3836669921875, 4932.60302734375, 368.9185485839844], [1751.383544921875, 4932.60791015625, 367.61761474609375]], 'semantic_tags': [14], 'type_id': 'vehicle.ford.mustang', 'color': '85,0,0', 'base_type': 'car', 'num_points': 45, 'distance': 19.13939216224592, 'speed': 8.764427883508299, 'brake': 0.0, 'light_state': '131', 'road_id': 830, 'lane_id': 1, 'section_id': 0, 'world2vehicle': [[0.004656458739191294, -0.9999818205833435, -0.0038243436720222235, 4923.44189453125], [0.9999891519546509, 0.004656482487916946, 2.6630002594174584e-06, -1775.281494140625], [1.5145036741159856e-05, -0.0038243145681917667, 0.9999926686286926, -348.777587890625], [0.0, 0.0, 0.0, 1.0]], 'position': (19.13834181011498, 0.18345784266284682, -0.10975044135409462), 'yaw': -1.5754541955414452, 'color_rgb': None, 'color_name': None, 'lane_type': carla.libcarla.LaneType.Driving, 'lane_type_str': 'Driving', 'is_in_junction': False, 'junction_id': -1, 'distance_to_junction': 47.00042724609375, 'next_junction_id': 1809, 'next_road_ids': [1828], 'next_next_road_ids': [829], 'same_road_as_ego': True, 'same_direction_as_ego': True, 'lane_relative_to_ego': 0, 'steer': 0.0, 'vehicle_cuts_in': False}]
[debug] into second branch, scenario_name = CrossingBicycleFlow
Stats saved.
