[debug] ego[num_lanes_same_direction] = 1
[debug] ego[num_lanes_opposite_direction] = 1
[debug] ego[ego_lane_number] = 0
[debug] ego[lane_change] = NONE
[debug] ego[lane_change_str] = NONE
[debug] ego[lane_type] = Driving
[debug] ego[lane_type_str] = Driving
[debug] ego[left_lane_marking_color] = Yellow
[debug] ego[left_lane_marking_color_str] = Yellow
[debug] ego[left_lane_marking_type] = Solid
[debug] ego[left_lane_marking_type_str] = Solid
[debug] ego[right_lane_marking_color] = White
[debug] ego[right_lane_marking_color_str] = White
[debug] ego[right_lane_marking_type] = Solid
[debug] ego[right_lane_marking_type_str] = Solid
[debug] ego[shoulder_left] = False
[debug] ego[parking_left] = True
[debug] ego[sidewalk_left] = True
[debug] ego[bike_lane_left] = False
[debug] ego[shoulder_right] = False
[debug] ego[parking_right] = True
[debug] ego[sidewalk_right] = True
[debug] ego[bike_lane_right] = False
[debug] ego[is_in_junction] = False
[debug] ego[junction_id] = -1
[debug] ego[distance_to_junction] = 187.01051330566406
[debug] ego[next_junction_id] = 18628
[debug] ego[next_road_ids] = [18684]
[debug] ego[next_next_road_ids] = [877]
[debug] ego[distance_to_junction_ego] = 187.01051330566406
[debug] ego[next_junction_id_ego] = 18628
[debug] ego[next_road_ids_ego] = [18684]
[debug] ego[next_next_road_ids_ego] = [877]
[debug] path = ../../../Bench2Drive-rep/ParkingExit_Town12_Route1305_Weather18/anno/00000.json.gz
[debug] 2
[debug] scenario_name = ParkingExit
[debug] in ParkingExit branch
[debug] lane_type_str = Driving
[debug] ego[num_lanes_same_direction] = 1
[debug] ego[num_lanes_opposite_direction] = 1
[debug] ego[ego_lane_number] = 0
[debug] ego[lane_change] = NONE
[debug] ego[lane_change_str] = NONE
[debug] ego[lane_type] = Driving
[debug] ego[lane_type_str] = Driving
[debug] ego[left_lane_marking_color] = Yellow
[debug] ego[left_lane_marking_color_str] = Yellow
[debug] ego[left_lane_marking_type] = Solid
[debug] ego[left_lane_marking_type_str] = Solid
[debug] ego[right_lane_marking_color] = White
[debug] ego[right_lane_marking_color_str] = White
[debug] ego[right_lane_marking_type] = Solid
[debug] ego[right_lane_marking_type_str] = Solid
[debug] ego[shoulder_left] = False
[debug] ego[parking_left] = True
[debug] ego[sidewalk_left] = True
[debug] ego[bike_lane_left] = False
[debug] ego[shoulder_right] = False
[debug] ego[parking_right] = True
[debug] ego[sidewalk_right] = True
[debug] ego[bike_lane_right] = False
[debug] ego[is_in_junction] = False
[debug] ego[junction_id] = -1
[debug] ego[distance_to_junction] = 187.01051330566406
[debug] ego[next_junction_id] = 18628
[debug] ego[next_road_ids] = [18684]
[debug] ego[next_next_road_ids] = [877]
[debug] ego[distance_to_junction_ego] = 187.01051330566406
[debug] ego[next_junction_id_ego] = 18628
[debug] ego[next_road_ids_ego] = [18684]
[debug] ego[next_next_road_ids_ego] = [877]
[debug] path = ../../../Bench2Drive-rep/ParkingExit_Town12_Route1305_Weather18/anno/00005.json.gz
[debug] 2
[debug] scenario_name = ParkingExit
[debug] in ParkingExit branch
[debug] lane_type_str = Driving
[debug] ego[num_lanes_same_direction] = 1
[debug] ego[num_lanes_opposite_direction] = 1
[debug] ego[ego_lane_number] = 0
[debug] ego[lane_change] = NONE
[debug] ego[lane_change_str] = NONE
[debug] ego[lane_type] = Driving
[debug] ego[lane_type_str] = Driving
[debug] ego[left_lane_marking_color] = Yellow
[debug] ego[left_lane_marking_color_str] = Yellow
[debug] ego[left_lane_marking_type] = Solid
[debug] ego[left_lane_marking_type_str] = Solid
[debug] ego[right_lane_marking_color] = White
[debug] ego[right_lane_marking_color_str] = White
[debug] ego[right_lane_marking_type] = Solid
[debug] ego[right_lane_marking_type_str] = Solid
[debug] ego[shoulder_left] = False
[debug] ego[parking_left] = True
[debug] ego[sidewalk_left] = True
[debug] ego[bike_lane_left] = False
[debug] ego[shoulder_right] = False
[debug] ego[parking_right] = True
[debug] ego[sidewalk_right] = True
[debug] ego[bike_lane_right] = False
[debug] ego[is_in_junction] = False
[debug] ego[junction_id] = -1
[debug] ego[distance_to_junction] = 186.0107879638672
[debug] ego[next_junction_id] = 18628
[debug] ego[next_road_ids] = [18684]
[debug] ego[next_next_road_ids] = [877]
[debug] ego[distance_to_junction_ego] = 186.0107879638672
[debug] ego[next_junction_id_ego] = 18628
[debug] ego[next_road_ids_ego] = [18684]
[debug] ego[next_next_road_ids_ego] = [877]
[debug] path = ../../../Bench2Drive-rep/ParkingExit_Town12_Route1305_Weather18/anno/00010.json.gz
[debug] 2
[debug] scenario_name = ParkingExit
[debug] in ParkingExit branch
[debug] lane_type_str = Driving
[debug] ego[num_lanes_same_direction] = 1
[debug] ego[num_lanes_opposite_direction] = 1
[debug] ego[ego_lane_number] = 0
[debug] ego[lane_change] = NONE
[debug] ego[lane_change_str] = NONE
[debug] ego[lane_type] = Driving
[debug] ego[lane_type_str] = Driving
[debug] ego[left_lane_marking_color] = Yellow
[debug] ego[left_lane_marking_color_str] = Yellow
[debug] ego[left_lane_marking_type] = Solid
[debug] ego[left_lane_marking_type_str] = Solid
[debug] ego[right_lane_marking_color] = White
[debug] ego[right_lane_marking_color_str] = White
[debug] ego[right_lane_marking_type] = Solid
[debug] ego[right_lane_marking_type_str] = Solid
[debug] ego[shoulder_left] = False
[debug] ego[parking_left] = True
[debug] ego[sidewalk_left] = True
[debug] ego[bike_lane_left] = False
[debug] ego[shoulder_right] = False
[debug] ego[parking_right] = True
[debug] ego[sidewalk_right] = True
[debug] ego[bike_lane_right] = False
[debug] ego[is_in_junction] = False
[debug] ego[junction_id] = -1
[debug] ego[distance_to_junction] = 185.01052856445312
[debug] ego[next_junction_id] = 18628
[debug] ego[next_road_ids] = [18684]
[debug] ego[next_next_road_ids] = [877]
[debug] ego[distance_to_junction_ego] = 185.01052856445312
[debug] ego[next_junction_id_ego] = 18628
[debug] ego[next_road_ids_ego] = [18684]
[debug] ego[next_next_road_ids_ego] = [877]
[debug] path = ../../../Bench2Drive-rep/ParkingExit_Town12_Route1305_Weather18/anno/00015.json.gz
[debug] 2
[debug] scenario_name = ParkingExit
[debug] in ParkingExit branch
[debug] lane_type_str = Driving
[debug] ego[num_lanes_same_direction] = 1
[debug] ego[num_lanes_opposite_direction] = 1
[debug] ego[ego_lane_number] = 0
[debug] ego[lane_change] = NONE
[debug] ego[lane_change_str] = NONE
[debug] ego[lane_type] = Driving
[debug] ego[lane_type_str] = Driving
[debug] ego[left_lane_marking_color] = Yellow
[debug] ego[left_lane_marking_color_str] = Yellow
[debug] ego[left_lane_marking_type] = Solid
[debug] ego[left_lane_marking_type_str] = Solid
[debug] ego[right_lane_marking_color] = White
[debug] ego[right_lane_marking_color_str] = White
[debug] ego[right_lane_marking_type] = Solid
[debug] ego[right_lane_marking_type_str] = Solid
[debug] ego[shoulder_left] = False
[debug] ego[parking_left] = True
[debug] ego[sidewalk_left] = True
[debug] ego[bike_lane_left] = False
[debug] ego[shoulder_right] = False
[debug] ego[parking_right] = True
[debug] ego[sidewalk_right] = True
[debug] ego[bike_lane_right] = False
[debug] ego[is_in_junction] = False
[debug] ego[junction_id] = -1
[debug] ego[distance_to_junction] = 185.01052856445312
[debug] ego[next_junction_id] = 18628
[debug] ego[next_road_ids] = [18684]
[debug] ego[next_next_road_ids] = [877]
[debug] ego[distance_to_junction_ego] = 185.01052856445312
[debug] ego[next_junction_id_ego] = 18628
[debug] ego[next_road_ids_ego] = [18684]
[debug] ego[next_next_road_ids_ego] = [877]
[debug] path = ../../../Bench2Drive-rep/ParkingExit_Town12_Route1305_Weather18/anno/00020.json.gz
[debug] 2
[debug] scenario_name = ParkingExit
[debug] in ParkingExit branch
[debug] lane_type_str = Driving
[debug] ego[num_lanes_same_direction] = 1
[debug] ego[num_lanes_opposite_direction] = 1
[debug] ego[ego_lane_number] = 0
[debug] ego[lane_change] = NONE
[debug] ego[lane_change_str] = NONE
[debug] ego[lane_type] = Driving
[debug] ego[lane_type_str] = Driving
[debug] ego[left_lane_marking_color] = Yellow
[debug] ego[left_lane_marking_color_str] = Yellow
[debug] ego[left_lane_marking_type] = Solid
[debug] ego[left_lane_marking_type_str] = Solid
[debug] ego[right_lane_marking_color] = White
[debug] ego[right_lane_marking_color_str] = White
[debug] ego[right_lane_marking_type] = Solid
[debug] ego[right_lane_marking_type_str] = Solid
[debug] ego[shoulder_left] = False
[debug] ego[parking_left] = True
[debug] ego[sidewalk_left] = True
[debug] ego[bike_lane_left] = False
[debug] ego[shoulder_right] = False
[debug] ego[parking_right] = True
[debug] ego[sidewalk_right] = True
[debug] ego[bike_lane_right] = False
[debug] ego[is_in_junction] = False
[debug] ego[junction_id] = -1
[debug] ego[distance_to_junction] = 185.0110626220703
[debug] ego[next_junction_id] = 18628
[debug] ego[next_road_ids] = [18684]
[debug] ego[next_next_road_ids] = [877]
[debug] ego[distance_to_junction_ego] = 185.0110626220703
[debug] ego[next_junction_id_ego] = 18628
[debug] ego[next_road_ids_ego] = [18684]
[debug] ego[next_next_road_ids_ego] = [877]
[debug] path = ../../../Bench2Drive-rep/ParkingExit_Town12_Route1305_Weather18/anno/00025.json.gz
[debug] 2
[debug] scenario_name = ParkingExit
[debug] in ParkingExit branch
[debug] lane_type_str = Driving
[debug] ego[num_lanes_same_direction] = 1
[debug] ego[num_lanes_opposite_direction] = 1
[debug] ego[ego_lane_number] = 0
[debug] ego[lane_change] = NONE
[debug] ego[lane_change_str] = NONE
[debug] ego[lane_type] = Driving
[debug] ego[lane_type_str] = Driving
[debug] ego[left_lane_marking_color] = Yellow
[debug] ego[left_lane_marking_color_str] = Yellow
[debug] ego[left_lane_marking_type] = Solid
[debug] ego[left_lane_marking_type_str] = Solid
[debug] ego[right_lane_marking_color] = White
[debug] ego[right_lane_marking_color_str] = White
[debug] ego[right_lane_marking_type] = Solid
[debug] ego[right_lane_marking_type_str] = Solid
[debug] ego[shoulder_left] = False
[debug] ego[parking_left] = True
[debug] ego[sidewalk_left] = True
[debug] ego[bike_lane_left] = False
[debug] ego[shoulder_right] = False
[debug] ego[parking_right] = True
[debug] ego[sidewalk_right] = True
[debug] ego[bike_lane_right] = False
[debug] ego[is_in_junction] = False
[debug] ego[junction_id] = -1
[debug] ego[distance_to_junction] = 185.01055908203125
[debug] ego[next_junction_id] = 18628
[debug] ego[next_road_ids] = [18684]
[debug] ego[next_next_road_ids] = [877]
[debug] ego[distance_to_junction_ego] = 185.01055908203125
[debug] ego[next_junction_id_ego] = 18628
[debug] ego[next_road_ids_ego] = [18684]
[debug] ego[next_next_road_ids_ego] = [877]
[debug] path = ../../../Bench2Drive-rep/ParkingExit_Town12_Route1305_Weather18/anno/00030.json.gz
[debug] 2
[debug] scenario_name = ParkingExit
[debug] in ParkingExit branch
[debug] lane_type_str = Driving
[debug] ego[num_lanes_same_direction] = 1
[debug] ego[num_lanes_opposite_direction] = 1
[debug] ego[ego_lane_number] = 0
[debug] ego[lane_change] = NONE
[debug] ego[lane_change_str] = NONE
[debug] ego[lane_type] = Driving
[debug] ego[lane_type_str] = Driving
[debug] ego[left_lane_marking_color] = Yellow
[debug] ego[left_lane_marking_color_str] = Yellow
[debug] ego[left_lane_marking_type] = Solid
[debug] ego[left_lane_marking_type_str] = Solid
[debug] ego[right_lane_marking_color] = White
[debug] ego[right_lane_marking_color_str] = White
[debug] ego[right_lane_marking_type] = Solid
[debug] ego[right_lane_marking_type_str] = Solid
[debug] ego[shoulder_left] = False
[debug] ego[parking_left] = True
[debug] ego[sidewalk_left] = True
[debug] ego[bike_lane_left] = False
[debug] ego[shoulder_right] = False
[debug] ego[parking_right] = True
[debug] ego[sidewalk_right] = True
[debug] ego[bike_lane_right] = False
[debug] ego[is_in_junction] = False
[debug] ego[junction_id] = -1
[debug] ego[distance_to_junction] = 183.01055908203125
[debug] ego[next_junction_id] = 18628
[debug] ego[next_road_ids] = [18684]
[debug] ego[next_next_road_ids] = [877]
[debug] ego[distance_to_junction_ego] = 183.01055908203125
[debug] ego[next_junction_id_ego] = 18628
[debug] ego[next_road_ids_ego] = [18684]
[debug] ego[next_next_road_ids_ego] = [877]
[debug] path = ../../../Bench2Drive-rep/ParkingExit_Town12_Route1305_Weather18/anno/00035.json.gz
[debug] 2
[debug] scenario_name = ParkingExit
[debug] in ParkingExit branch
[debug] lane_type_str = Driving
[debug] ego[num_lanes_same_direction] = 1
[debug] ego[num_lanes_opposite_direction] = 1
[debug] ego[ego_lane_number] = 0
[debug] ego[lane_change] = NONE
[debug] ego[lane_change_str] = NONE
[debug] ego[lane_type] = Driving
[debug] ego[lane_type_str] = Driving
[debug] ego[left_lane_marking_color] = Yellow
[debug] ego[left_lane_marking_color_str] = Yellow
[debug] ego[left_lane_marking_type] = Solid
[debug] ego[left_lane_marking_type_str] = Solid
[debug] ego[right_lane_marking_color] = White
[debug] ego[right_lane_marking_color_str] = White
[debug] ego[right_lane_marking_type] = Solid
[debug] ego[right_lane_marking_type_str] = Solid
[debug] ego[shoulder_left] = False
[debug] ego[parking_left] = True
[debug] ego[sidewalk_left] = True
[debug] ego[bike_lane_left] = False
[debug] ego[shoulder_right] = False
[debug] ego[parking_right] = True
[debug] ego[sidewalk_right] = True
[debug] ego[bike_lane_right] = False
[debug] ego[is_in_junction] = False
[debug] ego[junction_id] = -1
[debug] ego[distance_to_junction] = 181.01060485839844
[debug] ego[next_junction_id] = 18628
[debug] ego[next_road_ids] = [18684]
[debug] ego[next_next_road_ids] = [877]
[debug] ego[distance_to_junction_ego] = 181.01060485839844
[debug] ego[next_junction_id_ego] = 18628
[debug] ego[next_road_ids_ego] = [18684]
[debug] ego[next_next_road_ids_ego] = [877]
[debug] path = ../../../Bench2Drive-rep/ParkingExit_Town12_Route1305_Weather18/anno/00040.json.gz
[debug] 2
[debug] scenario_name = ParkingExit
[debug] in ParkingExit branch
[debug] lane_type_str = Driving
[debug] ego[num_lanes_same_direction] = 1
[debug] ego[num_lanes_opposite_direction] = 1
[debug] ego[ego_lane_number] = 0
[debug] ego[lane_change] = NONE
[debug] ego[lane_change_str] = NONE
[debug] ego[lane_type] = Driving
[debug] ego[lane_type_str] = Driving
[debug] ego[left_lane_marking_color] = Yellow
[debug] ego[left_lane_marking_color_str] = Yellow
[debug] ego[left_lane_marking_type] = Solid
[debug] ego[left_lane_marking_type_str] = Solid
[debug] ego[right_lane_marking_color] = White
[debug] ego[right_lane_marking_color_str] = White
[debug] ego[right_lane_marking_type] = Solid
[debug] ego[right_lane_marking_type_str] = Solid
[debug] ego[shoulder_left] = False
[debug] ego[parking_left] = True
[debug] ego[sidewalk_left] = True
[debug] ego[bike_lane_left] = False
[debug] ego[shoulder_right] = False
[debug] ego[parking_right] = True
[debug] ego[sidewalk_right] = True
[debug] ego[bike_lane_right] = False
[debug] ego[is_in_junction] = False
[debug] ego[junction_id] = -1
[debug] ego[distance_to_junction] = 178.01039123535156
[debug] ego[next_junction_id] = 18628
[debug] ego[next_road_ids] = [18684]
[debug] ego[next_next_road_ids] = [877]
[debug] ego[distance_to_junction_ego] = 178.01039123535156
[debug] ego[next_junction_id_ego] = 18628
[debug] ego[next_road_ids_ego] = [18684]
[debug] ego[next_next_road_ids_ego] = [877]
[debug] path = ../../../Bench2Drive-rep/ParkingExit_Town12_Route1305_Weather18/anno/00045.json.gz
[debug] 2
[debug] scenario_name = ParkingExit
[debug] in ParkingExit branch
[debug] lane_type_str = Driving
[debug] ego[num_lanes_same_direction] = 1
[debug] ego[num_lanes_opposite_direction] = 1
[debug] ego[ego_lane_number] = 0
[debug] ego[lane_change] = NONE
[debug] ego[lane_change_str] = NONE
[debug] ego[lane_type] = Driving
[debug] ego[lane_type_str] = Driving
[debug] ego[left_lane_marking_color] = Yellow
[debug] ego[left_lane_marking_color_str] = Yellow
[debug] ego[left_lane_marking_type] = Solid
[debug] ego[left_lane_marking_type_str] = Solid
[debug] ego[right_lane_marking_color] = White
[debug] ego[right_lane_marking_color_str] = White
[debug] ego[right_lane_marking_type] = Solid
[debug] ego[right_lane_marking_type_str] = Solid
[debug] ego[shoulder_left] = False
[debug] ego[parking_left] = True
[debug] ego[sidewalk_left] = True
[debug] ego[bike_lane_left] = False
[debug] ego[shoulder_right] = False
[debug] ego[parking_right] = True
[debug] ego[sidewalk_right] = True
[debug] ego[bike_lane_right] = False
[debug] ego[is_in_junction] = False
[debug] ego[junction_id] = -1
[debug] ego[distance_to_junction] = 175.01026916503906
[debug] ego[next_junction_id] = 18628
[debug] ego[next_road_ids] = [18684]
[debug] ego[next_next_road_ids] = [877]
[debug] ego[distance_to_junction_ego] = 175.01026916503906
[debug] ego[next_junction_id_ego] = 18628
[debug] ego[next_road_ids_ego] = [18684]
[debug] ego[next_next_road_ids_ego] = [877]
[debug] path = ../../../Bench2Drive-rep/ParkingExit_Town12_Route1305_Weather18/anno/00050.json.gz
[debug] 2
[debug] scenario_name = ParkingExit
[debug] in ParkingExit branch
[debug] lane_type_str = Driving
[debug] ego[num_lanes_same_direction] = 1
[debug] ego[num_lanes_opposite_direction] = 1
[debug] ego[ego_lane_number] = 0
[debug] ego[lane_change] = NONE
[debug] ego[lane_change_str] = NONE
[debug] ego[lane_type] = Driving
[debug] ego[lane_type_str] = Driving
[debug] ego[left_lane_marking_color] = Yellow
[debug] ego[left_lane_marking_color_str] = Yellow
[debug] ego[left_lane_marking_type] = Solid
[debug] ego[left_lane_marking_type_str] = Solid
[debug] ego[right_lane_marking_color] = White
[debug] ego[right_lane_marking_color_str] = White
[debug] ego[right_lane_marking_type] = Solid
[debug] ego[right_lane_marking_type_str] = Solid
[debug] ego[shoulder_left] = False
[debug] ego[parking_left] = True
[debug] ego[sidewalk_left] = True
[debug] ego[bike_lane_left] = False
[debug] ego[shoulder_right] = False
[debug] ego[parking_right] = True
[debug] ego[sidewalk_right] = True
[debug] ego[bike_lane_right] = False
[debug] ego[is_in_junction] = False
[debug] ego[junction_id] = -1
[debug] ego[distance_to_junction] = 173.01025390625
[debug] ego[next_junction_id] = 18628
[debug] ego[next_road_ids] = [18684]
[debug] ego[next_next_road_ids] = [877]
[debug] ego[distance_to_junction_ego] = 173.01025390625
[debug] ego[next_junction_id_ego] = 18628
[debug] ego[next_road_ids_ego] = [18684]
[debug] ego[next_next_road_ids_ego] = [877]
[debug] path = ../../../Bench2Drive-rep/ParkingExit_Town12_Route1305_Weather18/anno/00055.json.gz
[debug] 2
[debug] scenario_name = ParkingExit
[debug] in ParkingExit branch
[debug] lane_type_str = Driving
[debug] ego[num_lanes_same_direction] = 1
[debug] ego[num_lanes_opposite_direction] = 1
[debug] ego[ego_lane_number] = 0
[debug] ego[lane_change] = NONE
[debug] ego[lane_change_str] = NONE
[debug] ego[lane_type] = Driving
[debug] ego[lane_type_str] = Driving
[debug] ego[left_lane_marking_color] = Yellow
[debug] ego[left_lane_marking_color_str] = Yellow
[debug] ego[left_lane_marking_type] = Solid
[debug] ego[left_lane_marking_type_str] = Solid
[debug] ego[right_lane_marking_color] = White
[debug] ego[right_lane_marking_color_str] = White
[debug] ego[right_lane_marking_type] = Solid
[debug] ego[right_lane_marking_type_str] = Solid
[debug] ego[shoulder_left] = False
[debug] ego[parking_left] = True
[debug] ego[sidewalk_left] = True
[debug] ego[bike_lane_left] = False
[debug] ego[shoulder_right] = False
[debug] ego[parking_right] = True
[debug] ego[sidewalk_right] = True
[debug] ego[bike_lane_right] = False
[debug] ego[is_in_junction] = False
[debug] ego[junction_id] = -1
[debug] ego[distance_to_junction] = 172.01007080078125
[debug] ego[next_junction_id] = 18628
[debug] ego[next_road_ids] = [18684]
[debug] ego[next_next_road_ids] = [877]
[debug] ego[distance_to_junction_ego] = 172.01007080078125
[debug] ego[next_junction_id_ego] = 18628
[debug] ego[next_road_ids_ego] = [18684]
[debug] ego[next_next_road_ids_ego] = [877]
[debug] path = ../../../Bench2Drive-rep/ParkingExit_Town12_Route1305_Weather18/anno/00060.json.gz
[debug] 2
[debug] scenario_name = ParkingExit
[debug] in ParkingExit branch
[debug] lane_type_str = Driving
[debug] ego[num_lanes_same_direction] = 1
[debug] ego[num_lanes_opposite_direction] = 1
[debug] ego[ego_lane_number] = 0
[debug] ego[lane_change] = NONE
[debug] ego[lane_change_str] = NONE
[debug] ego[lane_type] = Driving
[debug] ego[lane_type_str] = Driving
[debug] ego[left_lane_marking_color] = Yellow
[debug] ego[left_lane_marking_color_str] = Yellow
[debug] ego[left_lane_marking_type] = Solid
[debug] ego[left_lane_marking_type_str] = Solid
[debug] ego[right_lane_marking_color] = White
[debug] ego[right_lane_marking_color_str] = White
[debug] ego[right_lane_marking_type] = Solid
[debug] ego[right_lane_marking_type_str] = Solid
[debug] ego[shoulder_left] = False
[debug] ego[parking_left] = True
[debug] ego[sidewalk_left] = True
[debug] ego[bike_lane_left] = False
[debug] ego[shoulder_right] = False
[debug] ego[parking_right] = True
[debug] ego[sidewalk_right] = True
[debug] ego[bike_lane_right] = False
[debug] ego[is_in_junction] = False
[debug] ego[junction_id] = -1
[debug] ego[distance_to_junction] = 169.0103759765625
[debug] ego[next_junction_id] = 18628
[debug] ego[next_road_ids] = [18684]
[debug] ego[next_next_road_ids] = [877]
[debug] ego[distance_to_junction_ego] = 169.0103759765625
[debug] ego[next_junction_id_ego] = 18628
[debug] ego[next_road_ids_ego] = [18684]
[debug] ego[next_next_road_ids_ego] = [877]
[debug] path = ../../../Bench2Drive-rep/ParkingExit_Town12_Route1305_Weather18/anno/00065.json.gz
[debug] 2
[debug] scenario_name = ParkingExit
[debug] in ParkingExit branch
[debug] lane_type_str = Driving
[debug] ego[num_lanes_same_direction] = 1
[debug] ego[num_lanes_opposite_direction] = 1
[debug] ego[ego_lane_number] = 0
[debug] ego[lane_change] = NONE
[debug] ego[lane_change_str] = NONE
[debug] ego[lane_type] = Driving
[debug] ego[lane_type_str] = Driving
[debug] ego[left_lane_marking_color] = Yellow
[debug] ego[left_lane_marking_color_str] = Yellow
[debug] ego[left_lane_marking_type] = Solid
[debug] ego[left_lane_marking_type_str] = Solid
[debug] ego[right_lane_marking_color] = White
[debug] ego[right_lane_marking_color_str] = White
[debug] ego[right_lane_marking_type] = Solid
[debug] ego[right_lane_marking_type_str] = Solid
[debug] ego[shoulder_left] = False
[debug] ego[parking_left] = True
[debug] ego[sidewalk_left] = True
[debug] ego[bike_lane_left] = False
[debug] ego[shoulder_right] = False
[debug] ego[parking_right] = True
[debug] ego[sidewalk_right] = True
[debug] ego[bike_lane_right] = False
[debug] ego[is_in_junction] = False
[debug] ego[junction_id] = -1
[debug] ego[distance_to_junction] = 165.00990295410156
[debug] ego[next_junction_id] = 18628
[debug] ego[next_road_ids] = [18684]
[debug] ego[next_next_road_ids] = [877]
[debug] ego[distance_to_junction_ego] = 165.00990295410156
[debug] ego[next_junction_id_ego] = 18628
[debug] ego[next_road_ids_ego] = [18684]
[debug] ego[next_next_road_ids_ego] = [877]
[debug] path = ../../../Bench2Drive-rep/ParkingExit_Town12_Route1305_Weather18/anno/00070.json.gz
[debug] 2
[debug] scenario_name = ParkingExit
[debug] in ParkingExit branch
[debug] lane_type_str = Driving
[debug] ego[num_lanes_same_direction] = 1
[debug] ego[num_lanes_opposite_direction] = 1
[debug] ego[ego_lane_number] = 0
[debug] ego[lane_change] = NONE
[debug] ego[lane_change_str] = NONE
[debug] ego[lane_type] = Driving
[debug] ego[lane_type_str] = Driving
[debug] ego[left_lane_marking_color] = Yellow
[debug] ego[left_lane_marking_color_str] = Yellow
[debug] ego[left_lane_marking_type] = Solid
[debug] ego[left_lane_marking_type_str] = Solid
[debug] ego[right_lane_marking_color] = White
[debug] ego[right_lane_marking_color_str] = White
[debug] ego[right_lane_marking_type] = Solid
[debug] ego[right_lane_marking_type_str] = Solid
[debug] ego[shoulder_left] = False
[debug] ego[parking_left] = True
[debug] ego[sidewalk_left] = True
[debug] ego[bike_lane_left] = False
[debug] ego[shoulder_right] = False
[debug] ego[parking_right] = True
[debug] ego[sidewalk_right] = True
[debug] ego[bike_lane_right] = False
[debug] ego[is_in_junction] = False
[debug] ego[junction_id] = -1
[debug] ego[distance_to_junction] = 162.00973510742188
[debug] ego[next_junction_id] = 18628
[debug] ego[next_road_ids] = [18684]
[debug] ego[next_next_road_ids] = [877]
[debug] ego[distance_to_junction_ego] = 162.00973510742188
[debug] ego[next_junction_id_ego] = 18628
[debug] ego[next_road_ids_ego] = [18684]
[debug] ego[next_next_road_ids_ego] = [877]
[debug] path = ../../../Bench2Drive-rep/ParkingExit_Town12_Route1305_Weather18/anno/00075.json.gz
[debug] 2
[debug] scenario_name = ParkingExit
[debug] in ParkingExit branch
[debug] lane_type_str = Driving
[debug] ego[num_lanes_same_direction] = 1
[debug] ego[num_lanes_opposite_direction] = 1
[debug] ego[ego_lane_number] = 0
[debug] ego[lane_change] = NONE
[debug] ego[lane_change_str] = NONE
[debug] ego[lane_type] = Driving
[debug] ego[lane_type_str] = Driving
[debug] ego[left_lane_marking_color] = Yellow
[debug] ego[left_lane_marking_color_str] = Yellow
[debug] ego[left_lane_marking_type] = Solid
[debug] ego[left_lane_marking_type_str] = Solid
[debug] ego[right_lane_marking_color] = White
[debug] ego[right_lane_marking_color_str] = White
[debug] ego[right_lane_marking_type] = Solid
[debug] ego[right_lane_marking_type_str] = Solid
[debug] ego[shoulder_left] = False
[debug] ego[parking_left] = True
[debug] ego[sidewalk_left] = True
[debug] ego[bike_lane_left] = False
[debug] ego[shoulder_right] = False
[debug] ego[parking_right] = True
[debug] ego[sidewalk_right] = True
[debug] ego[bike_lane_right] = False
[debug] ego[is_in_junction] = False
[debug] ego[junction_id] = -1
[debug] ego[distance_to_junction] = 158.00979614257812
[debug] ego[next_junction_id] = 18628
[debug] ego[next_road_ids] = [18684]
[debug] ego[next_next_road_ids] = [877]
[debug] ego[distance_to_junction_ego] = 158.00979614257812
[debug] ego[next_junction_id_ego] = 18628
[debug] ego[next_road_ids_ego] = [18684]
[debug] ego[next_next_road_ids_ego] = [877]
[debug] path = ../../../Bench2Drive-rep/ParkingExit_Town12_Route1305_Weather18/anno/00080.json.gz
[debug] 2
[debug] scenario_name = ParkingExit
[debug] in ParkingExit branch
[debug] lane_type_str = Driving
[debug] ego[num_lanes_same_direction] = 1
[debug] ego[num_lanes_opposite_direction] = 1
[debug] ego[ego_lane_number] = 0
[debug] ego[lane_change] = NONE
[debug] ego[lane_change_str] = NONE
[debug] ego[lane_type] = Driving
[debug] ego[lane_type_str] = Driving
[debug] ego[left_lane_marking_color] = Yellow
[debug] ego[left_lane_marking_color_str] = Yellow
[debug] ego[left_lane_marking_type] = Solid
[debug] ego[left_lane_marking_type_str] = Solid
[debug] ego[right_lane_marking_color] = White
[debug] ego[right_lane_marking_color_str] = White
[debug] ego[right_lane_marking_type] = Solid
[debug] ego[right_lane_marking_type_str] = Solid
[debug] ego[shoulder_left] = False
[debug] ego[parking_left] = True
[debug] ego[sidewalk_left] = True
[debug] ego[bike_lane_left] = False
[debug] ego[shoulder_right] = False
[debug] ego[parking_right] = True
[debug] ego[sidewalk_right] = True
[debug] ego[bike_lane_right] = False
[debug] ego[is_in_junction] = False
[debug] ego[junction_id] = -1
[debug] ego[distance_to_junction] = 154.00936889648438
[debug] ego[next_junction_id] = 18628
[debug] ego[next_road_ids] = [18684]
[debug] ego[next_next_road_ids] = [877]
[debug] ego[distance_to_junction_ego] = 154.00936889648438
[debug] ego[next_junction_id_ego] = 18628
[debug] ego[next_road_ids_ego] = [18684]
[debug] ego[next_next_road_ids_ego] = [877]
[debug] path = ../../../Bench2Drive-rep/ParkingExit_Town12_Route1305_Weather18/anno/00085.json.gz
[debug] 2
[debug] scenario_name = ParkingExit
[debug] in ParkingExit branch
[debug] lane_type_str = Driving
[debug] ego[num_lanes_same_direction] = 1
[debug] ego[num_lanes_opposite_direction] = 1
[debug] ego[ego_lane_number] = 0
[debug] ego[lane_change] = NONE
[debug] ego[lane_change_str] = NONE
[debug] ego[lane_type] = Driving
[debug] ego[lane_type_str] = Driving
[debug] ego[left_lane_marking_color] = Yellow
[debug] ego[left_lane_marking_color_str] = Yellow
[debug] ego[left_lane_marking_type] = Solid
[debug] ego[left_lane_marking_type_str] = Solid
[debug] ego[right_lane_marking_color] = White
[debug] ego[right_lane_marking_color_str] = White
[debug] ego[right_lane_marking_type] = Solid
[debug] ego[right_lane_marking_type_str] = Solid
[debug] ego[shoulder_left] = False
[debug] ego[parking_left] = True
[debug] ego[sidewalk_left] = True
[debug] ego[bike_lane_left] = False
[debug] ego[shoulder_right] = False
[debug] ego[parking_right] = True
[debug] ego[sidewalk_right] = True
[debug] ego[bike_lane_right] = False
[debug] ego[is_in_junction] = False
[debug] ego[junction_id] = -1
[debug] ego[distance_to_junction] = 151.00917053222656
[debug] ego[next_junction_id] = 18628
[debug] ego[next_road_ids] = [18684]
[debug] ego[next_next_road_ids] = [877]
[debug] ego[distance_to_junction_ego] = 151.00917053222656
[debug] ego[next_junction_id_ego] = 18628
[debug] ego[next_road_ids_ego] = [18684]
[debug] ego[next_next_road_ids_ego] = [877]
[debug] path = ../../../Bench2Drive-rep/ParkingExit_Town12_Route1305_Weather18/anno/00090.json.gz
[debug] 2
[debug] scenario_name = ParkingExit
[debug] in ParkingExit branch
[debug] lane_type_str = Driving
[debug] ego[num_lanes_same_direction] = 1
[debug] ego[num_lanes_opposite_direction] = 1
[debug] ego[ego_lane_number] = 0
[debug] ego[lane_change] = NONE
[debug] ego[lane_change_str] = NONE
[debug] ego[lane_type] = Driving
[debug] ego[lane_type_str] = Driving
[debug] ego[left_lane_marking_color] = Yellow
[debug] ego[left_lane_marking_color_str] = Yellow
[debug] ego[left_lane_marking_type] = Solid
[debug] ego[left_lane_marking_type_str] = Solid
[debug] ego[right_lane_marking_color] = White
[debug] ego[right_lane_marking_color_str] = White
[debug] ego[right_lane_marking_type] = Solid
[debug] ego[right_lane_marking_type_str] = Solid
[debug] ego[shoulder_left] = False
[debug] ego[parking_left] = True
[debug] ego[sidewalk_left] = True
[debug] ego[bike_lane_left] = False
[debug] ego[shoulder_right] = False
[debug] ego[parking_right] = True
[debug] ego[sidewalk_right] = True
[debug] ego[bike_lane_right] = False
[debug] ego[is_in_junction] = False
[debug] ego[junction_id] = -1
[debug] ego[distance_to_junction] = 147.0087890625
[debug] ego[next_junction_id] = 18628
[debug] ego[next_road_ids] = [18684]
[debug] ego[next_next_road_ids] = [877]
[debug] ego[distance_to_junction_ego] = 147.0087890625
[debug] ego[next_junction_id_ego] = 18628
[debug] ego[next_road_ids_ego] = [18684]
[debug] ego[next_next_road_ids_ego] = [877]
[debug] path = ../../../Bench2Drive-rep/ParkingExit_Town12_Route1305_Weather18/anno/00095.json.gz
[debug] 2
[debug] scenario_name = ParkingExit
[debug] in ParkingExit branch
[debug] lane_type_str = Driving
[debug] ego[num_lanes_same_direction] = 1
[debug] ego[num_lanes_opposite_direction] = 1
[debug] ego[ego_lane_number] = 0
[debug] ego[lane_change] = NONE
[debug] ego[lane_change_str] = NONE
[debug] ego[lane_type] = Driving
[debug] ego[lane_type_str] = Driving
[debug] ego[left_lane_marking_color] = Yellow
[debug] ego[left_lane_marking_color_str] = Yellow
[debug] ego[left_lane_marking_type] = Solid
[debug] ego[left_lane_marking_type_str] = Solid
[debug] ego[right_lane_marking_color] = White
[debug] ego[right_lane_marking_color_str] = White
[debug] ego[right_lane_marking_type] = Solid
[debug] ego[right_lane_marking_type_str] = Solid
[debug] ego[shoulder_left] = False
[debug] ego[parking_left] = True
[debug] ego[sidewalk_left] = True
[debug] ego[bike_lane_left] = False
[debug] ego[shoulder_right] = False
[debug] ego[parking_right] = True
[debug] ego[sidewalk_right] = True
[debug] ego[bike_lane_right] = False
[debug] ego[is_in_junction] = False
[debug] ego[junction_id] = -1
[debug] ego[distance_to_junction] = 143.0087890625
[debug] ego[next_junction_id] = 18628
[debug] ego[next_road_ids] = [18684]
[debug] ego[next_next_road_ids] = [877]
[debug] ego[distance_to_junction_ego] = 143.0087890625
[debug] ego[next_junction_id_ego] = 18628
[debug] ego[next_road_ids_ego] = [18684]
[debug] ego[next_next_road_ids_ego] = [877]
[debug] path = ../../../Bench2Drive-rep/ParkingExit_Town12_Route1305_Weather18/anno/00100.json.gz
[debug] 2
[debug] scenario_name = ParkingExit
[debug] in ParkingExit branch
[debug] lane_type_str = Driving
[debug] ego[num_lanes_same_direction] = 1
[debug] ego[num_lanes_opposite_direction] = 1
[debug] ego[ego_lane_number] = 0
[debug] ego[lane_change] = NONE
[debug] ego[lane_change_str] = NONE
[debug] ego[lane_type] = Driving
[debug] ego[lane_type_str] = Driving
[debug] ego[left_lane_marking_color] = Yellow
[debug] ego[left_lane_marking_color_str] = Yellow
[debug] ego[left_lane_marking_type] = Solid
[debug] ego[left_lane_marking_type_str] = Solid
[debug] ego[right_lane_marking_color] = White
[debug] ego[right_lane_marking_color_str] = White
[debug] ego[right_lane_marking_type] = Solid
[debug] ego[right_lane_marking_type_str] = Solid
[debug] ego[shoulder_left] = False
[debug] ego[parking_left] = True
[debug] ego[sidewalk_left] = True
[debug] ego[bike_lane_left] = False
[debug] ego[shoulder_right] = False
[debug] ego[parking_right] = True
[debug] ego[sidewalk_right] = True
[debug] ego[bike_lane_right] = False
[debug] ego[is_in_junction] = False
[debug] ego[junction_id] = -1
[debug] ego[distance_to_junction] = 139.00881958007812
[debug] ego[next_junction_id] = 18628
[debug] ego[next_road_ids] = [18684]
[debug] ego[next_next_road_ids] = [877]
[debug] ego[distance_to_junction_ego] = 139.00881958007812
[debug] ego[next_junction_id_ego] = 18628
[debug] ego[next_road_ids_ego] = [18684]
[debug] ego[next_next_road_ids_ego] = [877]
[debug] path = ../../../Bench2Drive-rep/ParkingExit_Town12_Route1305_Weather18/anno/00105.json.gz
[debug] 2
[debug] scenario_name = ParkingExit
[debug] in ParkingExit branch
[debug] lane_type_str = Driving
[debug] ego[num_lanes_same_direction] = 1
[debug] ego[num_lanes_opposite_direction] = 1
[debug] ego[ego_lane_number] = 0
[debug] ego[lane_change] = NONE
[debug] ego[lane_change_str] = NONE
[debug] ego[lane_type] = Driving
[debug] ego[lane_type_str] = Driving
[debug] ego[left_lane_marking_color] = Yellow
[debug] ego[left_lane_marking_color_str] = Yellow
[debug] ego[left_lane_marking_type] = Solid
[debug] ego[left_lane_marking_type_str] = Solid
[debug] ego[right_lane_marking_color] = White
[debug] ego[right_lane_marking_color_str] = White
[debug] ego[right_lane_marking_type] = Solid
[debug] ego[right_lane_marking_type_str] = Solid
[debug] ego[shoulder_left] = False
[debug] ego[parking_left] = True
[debug] ego[sidewalk_left] = True
[debug] ego[bike_lane_left] = False
[debug] ego[shoulder_right] = False
[debug] ego[parking_right] = True
[debug] ego[sidewalk_right] = True
[debug] ego[bike_lane_right] = False
[debug] ego[is_in_junction] = False
[debug] ego[junction_id] = -1
[debug] ego[distance_to_junction] = 135.0084228515625
[debug] ego[next_junction_id] = 18628
[debug] ego[next_road_ids] = [18684]
[debug] ego[next_next_road_ids] = [877]
[debug] ego[distance_to_junction_ego] = 135.0084228515625
[debug] ego[next_junction_id_ego] = 18628
[debug] ego[next_road_ids_ego] = [18684]
[debug] ego[next_next_road_ids_ego] = [877]
[debug] path = ../../../Bench2Drive-rep/ParkingExit_Town12_Route1305_Weather18/anno/00110.json.gz
[debug] 2
[debug] scenario_name = ParkingExit
[debug] in ParkingExit branch
[debug] lane_type_str = Driving
[debug] ego[num_lanes_same_direction] = 1
[debug] ego[num_lanes_opposite_direction] = 1
[debug] ego[ego_lane_number] = 0
[debug] ego[lane_change] = NONE
[debug] ego[lane_change_str] = NONE
[debug] ego[lane_type] = Driving
[debug] ego[lane_type_str] = Driving
[debug] ego[left_lane_marking_color] = Yellow
[debug] ego[left_lane_marking_color_str] = Yellow
[debug] ego[left_lane_marking_type] = Solid
[debug] ego[left_lane_marking_type_str] = Solid
[debug] ego[right_lane_marking_color] = White
[debug] ego[right_lane_marking_color_str] = White
[debug] ego[right_lane_marking_type] = Solid
[debug] ego[right_lane_marking_type_str] = Solid
[debug] ego[shoulder_left] = False
[debug] ego[parking_left] = True
[debug] ego[sidewalk_left] = True
[debug] ego[bike_lane_left] = False
[debug] ego[shoulder_right] = False
[debug] ego[parking_right] = True
[debug] ego[sidewalk_right] = True
[debug] ego[bike_lane_right] = False
[debug] ego[is_in_junction] = False
[debug] ego[junction_id] = -1
[debug] ego[distance_to_junction] = 131.00796508789062
[debug] ego[next_junction_id] = 18628
[debug] ego[next_road_ids] = [18684]
[debug] ego[next_next_road_ids] = [877]
[debug] ego[distance_to_junction_ego] = 131.00796508789062
[debug] ego[next_junction_id_ego] = 18628
[debug] ego[next_road_ids_ego] = [18684]
[debug] ego[next_next_road_ids_ego] = [877]
[debug] path = ../../../Bench2Drive-rep/ParkingExit_Town12_Route1305_Weather18/anno/00115.json.gz
[debug] 2
[debug] scenario_name = ParkingExit
[debug] in ParkingExit branch
[debug] lane_type_str = Driving
[debug] ego[num_lanes_same_direction] = 1
[debug] ego[num_lanes_opposite_direction] = 1
[debug] ego[ego_lane_number] = 0
[debug] ego[lane_change] = NONE
[debug] ego[lane_change_str] = NONE
[debug] ego[lane_type] = Driving
[debug] ego[lane_type_str] = Driving
[debug] ego[left_lane_marking_color] = Yellow
[debug] ego[left_lane_marking_color_str] = Yellow
[debug] ego[left_lane_marking_type] = Solid
[debug] ego[left_lane_marking_type_str] = Solid
[debug] ego[right_lane_marking_color] = White
[debug] ego[right_lane_marking_color_str] = White
[debug] ego[right_lane_marking_type] = Solid
[debug] ego[right_lane_marking_type_str] = Solid
[debug] ego[shoulder_left] = False
[debug] ego[parking_left] = True
[debug] ego[sidewalk_left] = True
[debug] ego[bike_lane_left] = False
[debug] ego[shoulder_right] = False
[debug] ego[parking_right] = True
[debug] ego[sidewalk_right] = True
[debug] ego[bike_lane_right] = False
[debug] ego[is_in_junction] = False
[debug] ego[junction_id] = -1
[debug] ego[distance_to_junction] = 127.00846862792969
[debug] ego[next_junction_id] = 18628
[debug] ego[next_road_ids] = [18684]
[debug] ego[next_next_road_ids] = [877]
[debug] ego[distance_to_junction_ego] = 127.00846862792969
[debug] ego[next_junction_id_ego] = 18628
[debug] ego[next_road_ids_ego] = [18684]
[debug] ego[next_next_road_ids_ego] = [877]
[debug] path = ../../../Bench2Drive-rep/ParkingExit_Town12_Route1305_Weather18/anno/00120.json.gz
[debug] 2
[debug] scenario_name = ParkingExit
[debug] in ParkingExit branch
[debug] lane_type_str = Driving
[debug] ego[num_lanes_same_direction] = 1
[debug] ego[num_lanes_opposite_direction] = 1
[debug] ego[ego_lane_number] = 0
[debug] ego[lane_change] = NONE
[debug] ego[lane_change_str] = NONE
[debug] ego[lane_type] = Driving
[debug] ego[lane_type_str] = Driving
[debug] ego[left_lane_marking_color] = Yellow
[debug] ego[left_lane_marking_color_str] = Yellow
[debug] ego[left_lane_marking_type] = Solid
[debug] ego[left_lane_marking_type_str] = Solid
[debug] ego[right_lane_marking_color] = White
[debug] ego[right_lane_marking_color_str] = White
[debug] ego[right_lane_marking_type] = Solid
[debug] ego[right_lane_marking_type_str] = Solid
[debug] ego[shoulder_left] = False
[debug] ego[parking_left] = True
[debug] ego[sidewalk_left] = True
[debug] ego[bike_lane_left] = False
[debug] ego[shoulder_right] = False
[debug] ego[parking_right] = True
[debug] ego[sidewalk_right] = True
[debug] ego[bike_lane_right] = False
[debug] ego[is_in_junction] = False
[debug] ego[junction_id] = -1
[debug] ego[distance_to_junction] = 123.00800323486328
[debug] ego[next_junction_id] = 18628
[debug] ego[next_road_ids] = [18684]
[debug] ego[next_next_road_ids] = [877]
[debug] ego[distance_to_junction_ego] = 123.00800323486328
[debug] ego[next_junction_id_ego] = 18628
[debug] ego[next_road_ids_ego] = [18684]
[debug] ego[next_next_road_ids_ego] = [877]
[debug] path = ../../../Bench2Drive-rep/ParkingExit_Town12_Route1305_Weather18/anno/00125.json.gz
[debug] 2
[debug] scenario_name = ParkingExit
[debug] in ParkingExit branch
[debug] lane_type_str = Driving
[debug] ego[num_lanes_same_direction] = 1
[debug] ego[num_lanes_opposite_direction] = 1
[debug] ego[ego_lane_number] = 0
[debug] ego[lane_change] = NONE
[debug] ego[lane_change_str] = NONE
[debug] ego[lane_type] = Driving
[debug] ego[lane_type_str] = Driving
[debug] ego[left_lane_marking_color] = Yellow
[debug] ego[left_lane_marking_color_str] = Yellow
[debug] ego[left_lane_marking_type] = Solid
[debug] ego[left_lane_marking_type_str] = Solid
[debug] ego[right_lane_marking_color] = White
[debug] ego[right_lane_marking_color_str] = White
[debug] ego[right_lane_marking_type] = Solid
[debug] ego[right_lane_marking_type_str] = Solid
[debug] ego[shoulder_left] = False
[debug] ego[parking_left] = True
[debug] ego[sidewalk_left] = True
[debug] ego[bike_lane_left] = False
[debug] ego[shoulder_right] = False
[debug] ego[parking_right] = True
[debug] ego[sidewalk_right] = True
[debug] ego[bike_lane_right] = False
[debug] ego[is_in_junction] = False
[debug] ego[junction_id] = -1
[debug] ego[distance_to_junction] = 120.00729370117188
[debug] ego[next_junction_id] = 18628
[debug] ego[next_road_ids] = [18684]
[debug] ego[next_next_road_ids] = [877]
[debug] ego[distance_to_junction_ego] = 120.00729370117188
[debug] ego[next_junction_id_ego] = 18628
[debug] ego[next_road_ids_ego] = [18684]
[debug] ego[next_next_road_ids_ego] = [877]
[debug] path = ../../../Bench2Drive-rep/ParkingExit_Town12_Route1305_Weather18/anno/00130.json.gz
[debug] 2
[debug] scenario_name = ParkingExit
[debug] in ParkingExit branch
[debug] lane_type_str = Driving
[debug] ego[num_lanes_same_direction] = 1
[debug] ego[num_lanes_opposite_direction] = 1
[debug] ego[ego_lane_number] = 0
[debug] ego[lane_change] = NONE
[debug] ego[lane_change_str] = NONE
[debug] ego[lane_type] = Driving
[debug] ego[lane_type_str] = Driving
[debug] ego[left_lane_marking_color] = Yellow
[debug] ego[left_lane_marking_color_str] = Yellow
[debug] ego[left_lane_marking_type] = Solid
[debug] ego[left_lane_marking_type_str] = Solid
[debug] ego[right_lane_marking_color] = White
[debug] ego[right_lane_marking_color_str] = White
[debug] ego[right_lane_marking_type] = Solid
[debug] ego[right_lane_marking_type_str] = Solid
[debug] ego[shoulder_left] = False
[debug] ego[parking_left] = True
[debug] ego[sidewalk_left] = True
[debug] ego[bike_lane_left] = False
[debug] ego[shoulder_right] = False
[debug] ego[parking_right] = True
[debug] ego[sidewalk_right] = True
[debug] ego[bike_lane_right] = False
[debug] ego[is_in_junction] = False
[debug] ego[junction_id] = -1
[debug] ego[distance_to_junction] = 116.00778198242188
[debug] ego[next_junction_id] = 18628
[debug] ego[next_road_ids] = [18684]
[debug] ego[next_next_road_ids] = [877]
[debug] ego[distance_to_junction_ego] = 116.00778198242188
[debug] ego[next_junction_id_ego] = 18628
[debug] ego[next_road_ids_ego] = [18684]
[debug] ego[next_next_road_ids_ego] = [877]
[debug] path = ../../../Bench2Drive-rep/ParkingExit_Town12_Route1305_Weather18/anno/00135.json.gz
[debug] 2
[debug] scenario_name = ParkingExit
[debug] in ParkingExit branch
[debug] lane_type_str = Driving
[debug] ego[num_lanes_same_direction] = 1
[debug] ego[num_lanes_opposite_direction] = 1
[debug] ego[ego_lane_number] = 0
[debug] ego[lane_change] = NONE
[debug] ego[lane_change_str] = NONE
[debug] ego[lane_type] = Driving
[debug] ego[lane_type_str] = Driving
[debug] ego[left_lane_marking_color] = Yellow
[debug] ego[left_lane_marking_color_str] = Yellow
[debug] ego[left_lane_marking_type] = Solid
[debug] ego[left_lane_marking_type_str] = Solid
[debug] ego[right_lane_marking_color] = White
[debug] ego[right_lane_marking_color_str] = White
[debug] ego[right_lane_marking_type] = Solid
[debug] ego[right_lane_marking_type_str] = Solid
[debug] ego[shoulder_left] = False
[debug] ego[parking_left] = True
[debug] ego[sidewalk_left] = True
[debug] ego[bike_lane_left] = False
[debug] ego[shoulder_right] = False
[debug] ego[parking_right] = True
[debug] ego[sidewalk_right] = True
[debug] ego[bike_lane_right] = False
[debug] ego[is_in_junction] = False
[debug] ego[junction_id] = -1
[debug] ego[distance_to_junction] = 112.00735473632812
[debug] ego[next_junction_id] = 18628
[debug] ego[next_road_ids] = [18684]
[debug] ego[next_next_road_ids] = [877]
[debug] ego[distance_to_junction_ego] = 112.00735473632812
[debug] ego[next_junction_id_ego] = 18628
[debug] ego[next_road_ids_ego] = [18684]
[debug] ego[next_next_road_ids_ego] = [877]
[debug] path = ../../../Bench2Drive-rep/ParkingExit_Town12_Route1305_Weather18/anno/00140.json.gz
[debug] 2
[debug] scenario_name = ParkingExit
[debug] in ParkingExit branch
[debug] lane_type_str = Driving
[debug] ego[num_lanes_same_direction] = 1
[debug] ego[num_lanes_opposite_direction] = 1
[debug] ego[ego_lane_number] = 0
[debug] ego[lane_change] = NONE
[debug] ego[lane_change_str] = NONE
[debug] ego[lane_type] = Driving
[debug] ego[lane_type_str] = Driving
[debug] ego[left_lane_marking_color] = Yellow
[debug] ego[left_lane_marking_color_str] = Yellow
[debug] ego[left_lane_marking_type] = Solid
[debug] ego[left_lane_marking_type_str] = Solid
[debug] ego[right_lane_marking_color] = White
[debug] ego[right_lane_marking_color_str] = White
[debug] ego[right_lane_marking_type] = Solid
[debug] ego[right_lane_marking_type_str] = Solid
[debug] ego[shoulder_left] = False
[debug] ego[parking_left] = True
[debug] ego[sidewalk_left] = True
[debug] ego[bike_lane_left] = False
[debug] ego[shoulder_right] = False
[debug] ego[parking_right] = True
[debug] ego[sidewalk_right] = True
[debug] ego[bike_lane_right] = False
[debug] ego[is_in_junction] = False
[debug] ego[junction_id] = -1
[debug] ego[distance_to_junction] = 108.00687408447266
[debug] ego[next_junction_id] = 18628
[debug] ego[next_road_ids] = [18684]
[debug] ego[next_next_road_ids] = [877]
[debug] ego[distance_to_junction_ego] = 108.00687408447266
[debug] ego[next_junction_id_ego] = 18628
[debug] ego[next_road_ids_ego] = [18684]
[debug] ego[next_next_road_ids_ego] = [877]
[debug] path = ../../../Bench2Drive-rep/ParkingExit_Town12_Route1305_Weather18/anno/00145.json.gz
[debug] 2
[debug] scenario_name = ParkingExit
[debug] in ParkingExit branch
[debug] lane_type_str = Driving
[debug] ego[num_lanes_same_direction] = 1
[debug] ego[num_lanes_opposite_direction] = 1
[debug] ego[ego_lane_number] = 0
[debug] ego[lane_change] = NONE
[debug] ego[lane_change_str] = NONE
[debug] ego[lane_type] = Driving
[debug] ego[lane_type_str] = Driving
[debug] ego[left_lane_marking_color] = Yellow
[debug] ego[left_lane_marking_color_str] = Yellow
[debug] ego[left_lane_marking_type] = Solid
[debug] ego[left_lane_marking_type_str] = Solid
[debug] ego[right_lane_marking_color] = White
[debug] ego[right_lane_marking_color_str] = White
[debug] ego[right_lane_marking_type] = Solid
[debug] ego[right_lane_marking_type_str] = Solid
[debug] ego[shoulder_left] = False
[debug] ego[parking_left] = True
[debug] ego[sidewalk_left] = True
[debug] ego[bike_lane_left] = False
[debug] ego[shoulder_right] = False
[debug] ego[parking_right] = True
[debug] ego[sidewalk_right] = True
[debug] ego[bike_lane_right] = False
[debug] ego[is_in_junction] = False
[debug] ego[junction_id] = -1
[debug] ego[distance_to_junction] = 104.0068359375
[debug] ego[next_junction_id] = 18628
[debug] ego[next_road_ids] = [18684]
[debug] ego[next_next_road_ids] = [877]
[debug] ego[distance_to_junction_ego] = 104.0068359375
[debug] ego[next_junction_id_ego] = 18628
[debug] ego[next_road_ids_ego] = [18684]
[debug] ego[next_next_road_ids_ego] = [877]
[debug] path = ../../../Bench2Drive-rep/ParkingExit_Town12_Route1305_Weather18/anno/00150.json.gz
[debug] 2
[debug] scenario_name = ParkingExit
[debug] in ParkingExit branch
[debug] lane_type_str = Driving
[debug] ego[num_lanes_same_direction] = 1
[debug] ego[num_lanes_opposite_direction] = 1
[debug] ego[ego_lane_number] = 0
[debug] ego[lane_change] = NONE
[debug] ego[lane_change_str] = NONE
[debug] ego[lane_type] = Driving
[debug] ego[lane_type_str] = Driving
[debug] ego[left_lane_marking_color] = Yellow
[debug] ego[left_lane_marking_color_str] = Yellow
[debug] ego[left_lane_marking_type] = Solid
[debug] ego[left_lane_marking_type_str] = Solid
[debug] ego[right_lane_marking_color] = White
[debug] ego[right_lane_marking_color_str] = White
[debug] ego[right_lane_marking_type] = Solid
[debug] ego[right_lane_marking_type_str] = Solid
[debug] ego[shoulder_left] = False
[debug] ego[parking_left] = True
[debug] ego[sidewalk_left] = True
[debug] ego[bike_lane_left] = False
[debug] ego[shoulder_right] = False
[debug] ego[parking_right] = True
[debug] ego[sidewalk_right] = True
[debug] ego[bike_lane_right] = False
[debug] ego[is_in_junction] = False
[debug] ego[junction_id] = -1
[debug] ego[distance_to_junction] = 100.00640106201172
[debug] ego[next_junction_id] = 18628
[debug] ego[next_road_ids] = [18684]
[debug] ego[next_next_road_ids] = [877]
[debug] ego[distance_to_junction_ego] = 100.00640106201172
[debug] ego[next_junction_id_ego] = 18628
[debug] ego[next_road_ids_ego] = [18684]
[debug] ego[next_next_road_ids_ego] = [877]
[debug] path = ../../../Bench2Drive-rep/ParkingExit_Town12_Route1305_Weather18/anno/00155.json.gz
[debug] 2
[debug] scenario_name = ParkingExit
[debug] in ParkingExit branch
[debug] lane_type_str = Driving
[debug] ego[num_lanes_same_direction] = 1
[debug] ego[num_lanes_opposite_direction] = 1
[debug] ego[ego_lane_number] = 0
[debug] ego[lane_change] = NONE
[debug] ego[lane_change_str] = NONE
[debug] ego[lane_type] = Driving
[debug] ego[lane_type_str] = Driving
[debug] ego[left_lane_marking_color] = Yellow
[debug] ego[left_lane_marking_color_str] = Yellow
[debug] ego[left_lane_marking_type] = Solid
[debug] ego[left_lane_marking_type_str] = Solid
[debug] ego[right_lane_marking_color] = White
[debug] ego[right_lane_marking_color_str] = White
[debug] ego[right_lane_marking_type] = Solid
[debug] ego[right_lane_marking_type_str] = Solid
[debug] ego[shoulder_left] = False
[debug] ego[parking_left] = True
[debug] ego[sidewalk_left] = True
[debug] ego[bike_lane_left] = False
[debug] ego[shoulder_right] = False
[debug] ego[parking_right] = True
[debug] ego[sidewalk_right] = True
[debug] ego[bike_lane_right] = False
[debug] ego[is_in_junction] = False
[debug] ego[junction_id] = -1
[debug] ego[distance_to_junction] = 96.00634765625
[debug] ego[next_junction_id] = 18628
[debug] ego[next_road_ids] = [18684]
[debug] ego[next_next_road_ids] = [877]
[debug] ego[distance_to_junction_ego] = 96.00634765625
[debug] ego[next_junction_id_ego] = 18628
[debug] ego[next_road_ids_ego] = [18684]
[debug] ego[next_next_road_ids_ego] = [877]
[debug] path = ../../../Bench2Drive-rep/ParkingExit_Town12_Route1305_Weather18/anno/00160.json.gz
[debug] 2
[debug] scenario_name = ParkingExit
[debug] in ParkingExit branch
[debug] lane_type_str = Driving
[debug] ego[num_lanes_same_direction] = 1
[debug] ego[num_lanes_opposite_direction] = 1
[debug] ego[ego_lane_number] = 0
[debug] ego[lane_change] = NONE
[debug] ego[lane_change_str] = NONE
[debug] ego[lane_type] = Driving
[debug] ego[lane_type_str] = Driving
[debug] ego[left_lane_marking_color] = Yellow
[debug] ego[left_lane_marking_color_str] = Yellow
[debug] ego[left_lane_marking_type] = Solid
[debug] ego[left_lane_marking_type_str] = Solid
[debug] ego[right_lane_marking_color] = White
[debug] ego[right_lane_marking_color_str] = White
[debug] ego[right_lane_marking_type] = Solid
[debug] ego[right_lane_marking_type_str] = Solid
[debug] ego[shoulder_left] = False
[debug] ego[parking_left] = True
[debug] ego[sidewalk_left] = True
[debug] ego[bike_lane_left] = False
[debug] ego[shoulder_right] = False
[debug] ego[parking_right] = True
[debug] ego[sidewalk_right] = True
[debug] ego[bike_lane_right] = False
[debug] ego[is_in_junction] = False
[debug] ego[junction_id] = -1
[debug] ego[distance_to_junction] = 92.00585174560547
[debug] ego[next_junction_id] = 18628
[debug] ego[next_road_ids] = [18684]
[debug] ego[next_next_road_ids] = [877]
[debug] ego[distance_to_junction_ego] = 92.00585174560547
[debug] ego[next_junction_id_ego] = 18628
[debug] ego[next_road_ids_ego] = [18684]
[debug] ego[next_next_road_ids_ego] = [877]
[debug] path = ../../../Bench2Drive-rep/ParkingExit_Town12_Route1305_Weather18/anno/00165.json.gz
[debug] 2
[debug] scenario_name = ParkingExit
[debug] in ParkingExit branch
[debug] lane_type_str = Driving
[debug] ego[num_lanes_same_direction] = 1
[debug] ego[num_lanes_opposite_direction] = 1
[debug] ego[ego_lane_number] = 0
[debug] ego[lane_change] = NONE
[debug] ego[lane_change_str] = NONE
[debug] ego[lane_type] = Driving
[debug] ego[lane_type_str] = Driving
[debug] ego[left_lane_marking_color] = Yellow
[debug] ego[left_lane_marking_color_str] = Yellow
[debug] ego[left_lane_marking_type] = Solid
[debug] ego[left_lane_marking_type_str] = Solid
[debug] ego[right_lane_marking_color] = White
[debug] ego[right_lane_marking_color_str] = White
[debug] ego[right_lane_marking_type] = Solid
[debug] ego[right_lane_marking_type_str] = Solid
[debug] ego[shoulder_left] = False
[debug] ego[parking_left] = True
[debug] ego[sidewalk_left] = True
[debug] ego[bike_lane_left] = False
[debug] ego[shoulder_right] = False
[debug] ego[parking_right] = True
[debug] ego[sidewalk_right] = True
[debug] ego[bike_lane_right] = False
[debug] ego[is_in_junction] = False
[debug] ego[junction_id] = -1
[debug] ego[distance_to_junction] = 88.0058364868164
[debug] ego[next_junction_id] = 18628
[debug] ego[next_road_ids] = [18684]
[debug] ego[next_next_road_ids] = [877]
[debug] ego[distance_to_junction_ego] = 88.0058364868164
[debug] ego[next_junction_id_ego] = 18628
[debug] ego[next_road_ids_ego] = [18684]
[debug] ego[next_next_road_ids_ego] = [877]
[debug] path = ../../../Bench2Drive-rep/ParkingExit_Town12_Route1305_Weather18/anno/00170.json.gz
[debug] 2
[debug] scenario_name = ParkingExit
[debug] in ParkingExit branch
[debug] lane_type_str = Driving
[debug] ego[num_lanes_same_direction] = 1
[debug] ego[num_lanes_opposite_direction] = 1
[debug] ego[ego_lane_number] = 0
[debug] ego[lane_change] = NONE
[debug] ego[lane_change_str] = NONE
[debug] ego[lane_type] = Driving
[debug] ego[lane_type_str] = Driving
[debug] ego[left_lane_marking_color] = Yellow
[debug] ego[left_lane_marking_color_str] = Yellow
[debug] ego[left_lane_marking_type] = Solid
[debug] ego[left_lane_marking_type_str] = Solid
[debug] ego[right_lane_marking_color] = White
[debug] ego[right_lane_marking_color_str] = White
[debug] ego[right_lane_marking_type] = Solid
[debug] ego[right_lane_marking_type_str] = Solid
[debug] ego[shoulder_left] = False
[debug] ego[parking_left] = True
[debug] ego[sidewalk_left] = True
[debug] ego[bike_lane_left] = False
[debug] ego[shoulder_right] = False
[debug] ego[parking_right] = True
[debug] ego[sidewalk_right] = True
[debug] ego[bike_lane_right] = False
[debug] ego[is_in_junction] = False
[debug] ego[junction_id] = -1
[debug] ego[distance_to_junction] = 84.00580596923828
[debug] ego[next_junction_id] = 18628
[debug] ego[next_road_ids] = [18684]
[debug] ego[next_next_road_ids] = [877]
[debug] ego[distance_to_junction_ego] = 84.00580596923828
[debug] ego[next_junction_id_ego] = 18628
[debug] ego[next_road_ids_ego] = [18684]
[debug] ego[next_next_road_ids_ego] = [877]
[debug] path = ../../../Bench2Drive-rep/ParkingExit_Town12_Route1305_Weather18/anno/00175.json.gz
[debug] 2
[debug] scenario_name = ParkingExit
[debug] in ParkingExit branch
[debug] lane_type_str = Driving
[debug] ego[num_lanes_same_direction] = 1
[debug] ego[num_lanes_opposite_direction] = 1
[debug] ego[ego_lane_number] = 0
[debug] ego[lane_change] = NONE
[debug] ego[lane_change_str] = NONE
[debug] ego[lane_type] = Driving
[debug] ego[lane_type_str] = Driving
[debug] ego[left_lane_marking_color] = Yellow
[debug] ego[left_lane_marking_color_str] = Yellow
[debug] ego[left_lane_marking_type] = Solid
[debug] ego[left_lane_marking_type_str] = Solid
[debug] ego[right_lane_marking_color] = White
[debug] ego[right_lane_marking_color_str] = White
[debug] ego[right_lane_marking_type] = Solid
[debug] ego[right_lane_marking_type_str] = Solid
[debug] ego[shoulder_left] = False
[debug] ego[parking_left] = True
[debug] ego[sidewalk_left] = True
[debug] ego[bike_lane_left] = False
[debug] ego[shoulder_right] = False
[debug] ego[parking_right] = True
[debug] ego[sidewalk_right] = True
[debug] ego[bike_lane_right] = False
[debug] ego[is_in_junction] = False
[debug] ego[junction_id] = -1
[debug] ego[distance_to_junction] = 80.00533294677734
[debug] ego[next_junction_id] = 18628
[debug] ego[next_road_ids] = [18684]
[debug] ego[next_next_road_ids] = [877]
[debug] ego[distance_to_junction_ego] = 80.00533294677734
[debug] ego[next_junction_id_ego] = 18628
[debug] ego[next_road_ids_ego] = [18684]
[debug] ego[next_next_road_ids_ego] = [877]
[debug] path = ../../../Bench2Drive-rep/ParkingExit_Town12_Route1305_Weather18/anno/00180.json.gz
[debug] 2
[debug] scenario_name = ParkingExit
[debug] in ParkingExit branch
[debug] lane_type_str = Driving
[debug] ego[num_lanes_same_direction] = 1
[debug] ego[num_lanes_opposite_direction] = 1
[debug] ego[ego_lane_number] = 0
[debug] ego[lane_change] = NONE
[debug] ego[lane_change_str] = NONE
[debug] ego[lane_type] = Driving
[debug] ego[lane_type_str] = Driving
[debug] ego[left_lane_marking_color] = Yellow
[debug] ego[left_lane_marking_color_str] = Yellow
[debug] ego[left_lane_marking_type] = Solid
[debug] ego[left_lane_marking_type_str] = Solid
[debug] ego[right_lane_marking_color] = White
[debug] ego[right_lane_marking_color_str] = White
[debug] ego[right_lane_marking_type] = Solid
[debug] ego[right_lane_marking_type_str] = Solid
[debug] ego[shoulder_left] = False
[debug] ego[parking_left] = True
[debug] ego[sidewalk_left] = True
[debug] ego[bike_lane_left] = False
[debug] ego[shoulder_right] = False
[debug] ego[parking_right] = True
[debug] ego[sidewalk_right] = True
[debug] ego[bike_lane_right] = False
[debug] ego[is_in_junction] = False
[debug] ego[junction_id] = -1
[debug] ego[distance_to_junction] = 76.00530242919922
[debug] ego[next_junction_id] = 18628
[debug] ego[next_road_ids] = [18684]
[debug] ego[next_next_road_ids] = [877]
[debug] ego[distance_to_junction_ego] = 76.00530242919922
[debug] ego[next_junction_id_ego] = 18628
[debug] ego[next_road_ids_ego] = [18684]
[debug] ego[next_next_road_ids_ego] = [877]
[debug] path = ../../../Bench2Drive-rep/ParkingExit_Town12_Route1305_Weather18/anno/00185.json.gz
[debug] 2
[debug] scenario_name = ParkingExit
[debug] in ParkingExit branch
[debug] lane_type_str = Driving
[debug] ego[num_lanes_same_direction] = 1
[debug] ego[num_lanes_opposite_direction] = 1
[debug] ego[ego_lane_number] = 0
[debug] ego[lane_change] = NONE
[debug] ego[lane_change_str] = NONE
[debug] ego[lane_type] = Driving
[debug] ego[lane_type_str] = Driving
[debug] ego[left_lane_marking_color] = Yellow
[debug] ego[left_lane_marking_color_str] = Yellow
[debug] ego[left_lane_marking_type] = Solid
[debug] ego[left_lane_marking_type_str] = Solid
[debug] ego[right_lane_marking_color] = White
[debug] ego[right_lane_marking_color_str] = White
[debug] ego[right_lane_marking_type] = Solid
[debug] ego[right_lane_marking_type_str] = Solid
[debug] ego[shoulder_left] = False
[debug] ego[parking_left] = True
[debug] ego[sidewalk_left] = True
[debug] ego[bike_lane_left] = False
[debug] ego[shoulder_right] = False
[debug] ego[parking_right] = True
[debug] ego[sidewalk_right] = True
[debug] ego[bike_lane_right] = False
[debug] ego[is_in_junction] = False
[debug] ego[junction_id] = -1
[debug] ego[distance_to_junction] = 72.0047378540039
[debug] ego[next_junction_id] = 18628
[debug] ego[next_road_ids] = [18684]
[debug] ego[next_next_road_ids] = [877]
[debug] ego[distance_to_junction_ego] = 72.0047378540039
[debug] ego[next_junction_id_ego] = 18628
[debug] ego[next_road_ids_ego] = [18684]
[debug] ego[next_next_road_ids_ego] = [877]
[debug] path = ../../../Bench2Drive-rep/ParkingExit_Town12_Route1305_Weather18/anno/00190.json.gz
[debug] 2
[debug] scenario_name = ParkingExit
[debug] in ParkingExit branch
[debug] lane_type_str = Driving
[debug] ego[num_lanes_same_direction] = 1
[debug] ego[num_lanes_opposite_direction] = 1
[debug] ego[ego_lane_number] = 0
[debug] ego[lane_change] = NONE
[debug] ego[lane_change_str] = NONE
[debug] ego[lane_type] = Driving
[debug] ego[lane_type_str] = Driving
[debug] ego[left_lane_marking_color] = Yellow
[debug] ego[left_lane_marking_color_str] = Yellow
[debug] ego[left_lane_marking_type] = Solid
[debug] ego[left_lane_marking_type_str] = Solid
[debug] ego[right_lane_marking_color] = White
[debug] ego[right_lane_marking_color_str] = White
[debug] ego[right_lane_marking_type] = Solid
[debug] ego[right_lane_marking_type_str] = Solid
[debug] ego[shoulder_left] = False
[debug] ego[parking_left] = True
[debug] ego[sidewalk_left] = True
[debug] ego[bike_lane_left] = False
[debug] ego[shoulder_right] = False
[debug] ego[parking_right] = True
[debug] ego[sidewalk_right] = True
[debug] ego[bike_lane_right] = False
[debug] ego[is_in_junction] = False
[debug] ego[junction_id] = -1
[debug] ego[distance_to_junction] = 68.00421905517578
[debug] ego[next_junction_id] = 18628
[debug] ego[next_road_ids] = [18684]
[debug] ego[next_next_road_ids] = [877]
[debug] ego[distance_to_junction_ego] = 68.00421905517578
[debug] ego[next_junction_id_ego] = 18628
[debug] ego[next_road_ids_ego] = [18684]
[debug] ego[next_next_road_ids_ego] = [877]
[debug] path = ../../../Bench2Drive-rep/ParkingExit_Town12_Route1305_Weather18/anno/00195.json.gz
[debug] 2
[debug] scenario_name = ParkingExit
[debug] in ParkingExit branch
[debug] lane_type_str = Driving
[debug] ego[num_lanes_same_direction] = 1
[debug] ego[num_lanes_opposite_direction] = 1
[debug] ego[ego_lane_number] = 0
[debug] ego[lane_change] = NONE
[debug] ego[lane_change_str] = NONE
[debug] ego[lane_type] = Driving
[debug] ego[lane_type_str] = Driving
[debug] ego[left_lane_marking_color] = Yellow
[debug] ego[left_lane_marking_color_str] = Yellow
[debug] ego[left_lane_marking_type] = Solid
[debug] ego[left_lane_marking_type_str] = Solid
[debug] ego[right_lane_marking_color] = White
[debug] ego[right_lane_marking_color_str] = White
[debug] ego[right_lane_marking_type] = Solid
[debug] ego[right_lane_marking_type_str] = Solid
[debug] ego[shoulder_left] = False
[debug] ego[parking_left] = True
[debug] ego[sidewalk_left] = True
[debug] ego[bike_lane_left] = False
[debug] ego[shoulder_right] = False
[debug] ego[parking_right] = True
[debug] ego[sidewalk_right] = True
[debug] ego[bike_lane_right] = False
[debug] ego[is_in_junction] = False
[debug] ego[junction_id] = -1
[debug] ego[distance_to_junction] = 64.00421142578125
[debug] ego[next_junction_id] = 18628
[debug] ego[next_road_ids] = [18684]
[debug] ego[next_next_road_ids] = [877]
[debug] ego[distance_to_junction_ego] = 64.00421142578125
[debug] ego[next_junction_id_ego] = 18628
[debug] ego[next_road_ids_ego] = [18684]
[debug] ego[next_next_road_ids_ego] = [877]
[debug] path = ../../../Bench2Drive-rep/ParkingExit_Town12_Route1305_Weather18/anno/00200.json.gz
[debug] 2
[debug] scenario_name = ParkingExit
[debug] in ParkingExit branch
[debug] lane_type_str = Driving
[debug] ego[num_lanes_same_direction] = 1
[debug] ego[num_lanes_opposite_direction] = 1
[debug] ego[ego_lane_number] = 0
[debug] ego[lane_change] = NONE
[debug] ego[lane_change_str] = NONE
[debug] ego[lane_type] = Driving
[debug] ego[lane_type_str] = Driving
[debug] ego[left_lane_marking_color] = Yellow
[debug] ego[left_lane_marking_color_str] = Yellow
[debug] ego[left_lane_marking_type] = Solid
[debug] ego[left_lane_marking_type_str] = Solid
[debug] ego[right_lane_marking_color] = White
[debug] ego[right_lane_marking_color_str] = White
[debug] ego[right_lane_marking_type] = Solid
[debug] ego[right_lane_marking_type_str] = Solid
[debug] ego[shoulder_left] = False
[debug] ego[parking_left] = True
[debug] ego[sidewalk_left] = True
[debug] ego[bike_lane_left] = False
[debug] ego[shoulder_right] = False
[debug] ego[parking_right] = True
[debug] ego[sidewalk_right] = True
[debug] ego[bike_lane_right] = False
[debug] ego[is_in_junction] = False
[debug] ego[junction_id] = -1
[debug] ego[distance_to_junction] = 60.003684997558594
[debug] ego[next_junction_id] = 18628
[debug] ego[next_road_ids] = [18684]
[debug] ego[next_next_road_ids] = [877]
[debug] ego[distance_to_junction_ego] = 60.003684997558594
[debug] ego[next_junction_id_ego] = 18628
[debug] ego[next_road_ids_ego] = [18684]
[debug] ego[next_next_road_ids_ego] = [877]
[debug] path = ../../../Bench2Drive-rep/ParkingExit_Town12_Route1305_Weather18/anno/00205.json.gz
[debug] 2
[debug] scenario_name = ParkingExit
[debug] in ParkingExit branch
[debug] lane_type_str = Driving
[debug] ego[num_lanes_same_direction] = 1
[debug] ego[num_lanes_opposite_direction] = 1
[debug] ego[ego_lane_number] = 0
[debug] ego[lane_change] = NONE
[debug] ego[lane_change_str] = NONE
[debug] ego[lane_type] = Driving
[debug] ego[lane_type_str] = Driving
[debug] ego[left_lane_marking_color] = Yellow
[debug] ego[left_lane_marking_color_str] = Yellow
[debug] ego[left_lane_marking_type] = Solid
[debug] ego[left_lane_marking_type_str] = Solid
[debug] ego[right_lane_marking_color] = White
[debug] ego[right_lane_marking_color_str] = White
[debug] ego[right_lane_marking_type] = Solid
[debug] ego[right_lane_marking_type_str] = Solid
[debug] ego[shoulder_left] = False
[debug] ego[parking_left] = True
[debug] ego[sidewalk_left] = True
[debug] ego[bike_lane_left] = False
[debug] ego[shoulder_right] = False
[debug] ego[parking_right] = True
[debug] ego[sidewalk_right] = True
[debug] ego[bike_lane_right] = False
[debug] ego[is_in_junction] = False
[debug] ego[junction_id] = -1
[debug] ego[distance_to_junction] = 56.00364303588867
[debug] ego[next_junction_id] = 18628
[debug] ego[next_road_ids] = [18684]
[debug] ego[next_next_road_ids] = [877]
[debug] ego[distance_to_junction_ego] = 56.00364303588867
[debug] ego[next_junction_id_ego] = 18628
[debug] ego[next_road_ids_ego] = [18684]
[debug] ego[next_next_road_ids_ego] = [877]
[debug] path = ../../../Bench2Drive-rep/ParkingExit_Town12_Route1305_Weather18/anno/00210.json.gz
[debug] 2
[debug] scenario_name = ParkingExit
[debug] in ParkingExit branch
[debug] lane_type_str = Driving
Stats saved.
