[debug] current frame is 0
[debug] hazardous_actors = []
[debug] current frame is 5
[debug] hazardous_actors = []
[debug] current frame is 10
[debug] hazardous_actors = []
[debug] current frame is 15
[debug] hazardous_actors = []
[debug] into second branch, scenario_name = VehicleOpensDoorTwoWays
[debug] current frame is 20
[debug] hazardous_actors = []
[debug] into second branch, scenario_name = VehicleOpensDoorTwoWays
[debug] current frame is 25
[debug] hazardous_actors = []
[debug] into second branch, scenario_name = VehicleOpensDoorTwoWays
[debug] current frame is 30
[debug] hazardous_actors = []
[debug] into second branch, scenario_name = VehicleOpensDoorTwoWays
[debug] current frame is 35
[debug] hazardous_actors = []
[debug] into second branch, scenario_name = VehicleOpensDoorTwoWays
[debug] current frame is 40
[debug] hazardous_actors = []
[debug] into second branch, scenario_name = VehicleOpensDoorTwoWays
[debug] current frame is 45
[debug] hazardous_actors = []
[debug] into second branch, scenario_name = VehicleOpensDoorTwoWays
[debug] current frame is 50
[debug] hazardous_actors = []
[debug] into second branch, scenario_name = VehicleOpensDoorTwoWays
[debug] current frame is 55
[debug] hazardous_actors = []
[debug] into second branch, scenario_name = VehicleOpensDoorTwoWays
[debug] current frame is 60
[debug] hazardous_actors = []
[debug] into second branch, scenario_name = VehicleOpensDoorTwoWays
[debug] current frame is 65
[debug] hazardous_actors = []
[debug] into second branch, scenario_name = VehicleOpensDoorTwoWays
[debug] current frame is 70
[debug] hazardous_actors = []
[debug] into second branch, scenario_name = VehicleOpensDoorTwoWays
[debug] current frame is 75
[debug] hazardous_actors = []
[debug] into second branch, scenario_name = VehicleOpensDoorTwoWays
[debug] current frame is 80
[debug] hazardous_actors = []
[debug] into second branch, scenario_name = VehicleOpensDoorTwoWays
[debug] current frame is 85
[debug] hazardous_actors = []
[debug] into second branch, scenario_name = VehicleOpensDoorTwoWays
[debug] current frame is 90
[debug] hazardous_actors = []
[debug] into second branch, scenario_name = VehicleOpensDoorTwoWays
[debug] current frame is 95
[debug] hazardous_actors = []
[debug] into second branch, scenario_name = VehicleOpensDoorTwoWays
[debug] current frame is 100
[debug] hazardous_actors = []
[debug] into second branch, scenario_name = VehicleOpensDoorTwoWays
[debug] current frame is 105
[debug] hazardous_actors = []
[debug] into second branch, scenario_name = VehicleOpensDoorTwoWays
[debug] current frame is 110
[debug] hazardous_actors = []
[debug] into second branch, scenario_name = VehicleOpensDoorTwoWays
[debug] current frame is 115
[debug] hazardous_actors = []
[debug] into second branch, scenario_name = VehicleOpensDoorTwoWays
[debug] current frame is 120
[debug] hazardous_actors = []
[debug] into second branch, scenario_name = VehicleOpensDoorTwoWays
[debug] current frame is 125
[debug] hazardous_actors = []
[debug] into second branch, scenario_name = VehicleOpensDoorTwoWays
[debug] current frame is 130
[debug] hazardous_actors = []
[debug] into second branch, scenario_name = VehicleOpensDoorTwoWays
[debug] current frame is 135
[debug] hazardous_actors = []
[debug] into second branch, scenario_name = VehicleOpensDoorTwoWays
[debug] current frame is 140
[debug] hazardous_actors = []
[debug] into second branch, scenario_name = VehicleOpensDoorTwoWays
[debug] current frame is 145
[debug] hazardous_actors = []
[debug] into second branch, scenario_name = VehicleOpensDoorTwoWays
[debug] current frame is 150
[debug] hazardous_actors = []
[debug] current frame is 155
[debug] hazardous_actors = []
[debug] into second branch, scenario_name = VehicleOpensDoorTwoWays
[debug] current frame is 160
[debug] hazardous_actors = []
[debug] into second branch, scenario_name = VehicleOpensDoorTwoWays
[debug] current frame is 165
[debug] hazardous_actors = []
[debug] current frame is 170
[debug] hazardous_actors = []
[debug] into second branch, scenario_name = VehicleOpensDoorTwoWays
[debug] current frame is 175
[debug] hazardous_actors = []
[debug] into second branch, scenario_name = VehicleOpensDoorTwoWays
[debug] current frame is 180
[debug] hazardous_actors = []
[debug] into second branch, scenario_name = VehicleOpensDoorTwoWays
[debug] current frame is 185
[debug] hazardous_actors = []
[debug] into second branch, scenario_name = VehicleOpensDoorTwoWays
[debug] current frame is 190
[debug] hazardous_actors = []
[debug] current frame is 195
[debug] hazardous_actors = []
[debug] current frame is 200
[debug] hazardous_actors = []
[debug] into second branch, scenario_name = VehicleOpensDoorTwoWays
[debug] current frame is 205
[debug] hazardous_actors = []
[debug] current frame is 210
[debug] hazardous_actors = []
[debug] current frame is 215
[debug] hazardous_actors = []
[debug] current frame is 220
[debug] hazardous_actors = []
[debug] current frame is 225
[debug] hazardous_actors = []
[debug] current frame is 230
[debug] hazardous_actors = []
[debug] current frame is 235
[debug] hazardous_actors = []
[debug] current frame is 240
[debug] hazardous_actors = []
[debug] into second branch, scenario_name = VehicleOpensDoorTwoWays
[debug] current frame is 245
[debug] hazardous_actors = []
[debug] into second branch, scenario_name = VehicleOpensDoorTwoWays
[debug] current frame is 250
[debug] hazardous_actors = []
[debug] into second branch, scenario_name = VehicleOpensDoorTwoWays
[debug] current frame is 255
[debug] hazardous_actors = []
[debug] into second branch, scenario_name = VehicleOpensDoorTwoWays
[debug] current frame is 260
[debug] hazardous_actors = []
[debug] into second branch, scenario_name = VehicleOpensDoorTwoWays
[debug] current frame is 265
[debug] hazardous_actors = []
[debug] into second branch, scenario_name = VehicleOpensDoorTwoWays
[debug] current frame is 270
[debug] hazardous_actors = []
[debug] into second branch, scenario_name = VehicleOpensDoorTwoWays
[debug] current frame is 275
[debug] hazardous_actors = []
[debug] into second branch, scenario_name = VehicleOpensDoorTwoWays
[debug] current frame is 0
[debug] hazardous_actors = []
[debug] current frame is 5
[debug] hazardous_actors = []
[debug] current frame is 10
[debug] hazardous_actors = []
[debug] current frame is 15
[debug] hazardous_actors = []
[debug] into second branch, scenario_name = VehicleOpensDoorTwoWays
[debug] current frame is 20
[debug] hazardous_actors = []
[debug] into second branch, scenario_name = VehicleOpensDoorTwoWays
[debug] current frame is 25
[debug] hazardous_actors = []
[debug] into second branch, scenario_name = VehicleOpensDoorTwoWays
[debug] current frame is 30
[debug] hazardous_actors = []
[debug] into second branch, scenario_name = VehicleOpensDoorTwoWays
[debug] current frame is 35
[debug] hazardous_actors = []
[debug] into second branch, scenario_name = VehicleOpensDoorTwoWays
[debug] current frame is 40
[debug] hazardous_actors = []
[debug] into second branch, scenario_name = VehicleOpensDoorTwoWays
[debug] current frame is 45
[debug] hazardous_actors = []
[debug] into second branch, scenario_name = VehicleOpensDoorTwoWays
[debug] current frame is 50
[debug] hazardous_actors = []
[debug] into second branch, scenario_name = VehicleOpensDoorTwoWays
[debug] current frame is 55
[debug] hazardous_actors = []
[debug] into second branch, scenario_name = VehicleOpensDoorTwoWays
[debug] current frame is 60
[debug] hazardous_actors = []
[debug] into second branch, scenario_name = VehicleOpensDoorTwoWays
[debug] current frame is 65
[debug] hazardous_actors = []
[debug] into second branch, scenario_name = VehicleOpensDoorTwoWays
[debug] current frame is 70
[debug] hazardous_actors = []
[debug] into second branch, scenario_name = VehicleOpensDoorTwoWays
[debug] current frame is 75
[debug] hazardous_actors = []
[debug] into second branch, scenario_name = VehicleOpensDoorTwoWays
[debug] current frame is 80
[debug] hazardous_actors = []
[debug] into second branch, scenario_name = VehicleOpensDoorTwoWays
[debug] current frame is 85
[debug] hazardous_actors = []
[debug] into second branch, scenario_name = VehicleOpensDoorTwoWays
[debug] current frame is 90
[debug] hazardous_actors = []
[debug] into second branch, scenario_name = VehicleOpensDoorTwoWays
[debug] current frame is 95
[debug] hazardous_actors = []
[debug] into second branch, scenario_name = VehicleOpensDoorTwoWays
[debug] current frame is 100
[debug] hazardous_actors = []
[debug] into second branch, scenario_name = VehicleOpensDoorTwoWays
[debug] current frame is 105
[debug] hazardous_actors = []
[debug] into second branch, scenario_name = VehicleOpensDoorTwoWays
[debug] current frame is 110
[debug] hazardous_actors = []
[debug] into second branch, scenario_name = VehicleOpensDoorTwoWays
[debug] current frame is 115
[debug] hazardous_actors = []
[debug] into second branch, scenario_name = VehicleOpensDoorTwoWays
[debug] current frame is 120
[debug] hazardous_actors = []
[debug] into second branch, scenario_name = VehicleOpensDoorTwoWays
[debug] current frame is 125
[debug] hazardous_actors = []
[debug] into second branch, scenario_name = VehicleOpensDoorTwoWays
[debug] current frame is 130
[debug] hazardous_actors = []
[debug] into second branch, scenario_name = VehicleOpensDoorTwoWays
[debug] current frame is 135
[debug] hazardous_actors = []
[debug] into second branch, scenario_name = VehicleOpensDoorTwoWays
[debug] current frame is 140
[debug] hazardous_actors = []
[debug] into second branch, scenario_name = VehicleOpensDoorTwoWays
[debug] current frame is 145
[debug] hazardous_actors = []
[debug] into second branch, scenario_name = VehicleOpensDoorTwoWays
[debug] current frame is 150
[debug] hazardous_actors = []
[debug] into second branch, scenario_name = VehicleOpensDoorTwoWays
[debug] current frame is 155
[debug] hazardous_actors = []
[debug] into second branch, scenario_name = VehicleOpensDoorTwoWays
[debug] current frame is 160
[debug] hazardous_actors = []
[debug] into second branch, scenario_name = VehicleOpensDoorTwoWays
[debug] current frame is 165
[debug] hazardous_actors = []
[debug] into second branch, scenario_name = VehicleOpensDoorTwoWays
[debug] current frame is 170
[debug] hazardous_actors = []
[debug] into second branch, scenario_name = VehicleOpensDoorTwoWays
[debug] current frame is 175
[debug] hazardous_actors = []
[debug] into second branch, scenario_name = VehicleOpensDoorTwoWays
[debug] current frame is 180
[debug] hazardous_actors = []
[debug] into second branch, scenario_name = VehicleOpensDoorTwoWays
[debug] current frame is 185
[debug] hazardous_actors = []
[debug] into second branch, scenario_name = VehicleOpensDoorTwoWays
[debug] current frame is 190
[debug] hazardous_actors = []
[debug] into second branch, scenario_name = VehicleOpensDoorTwoWays
[debug] current frame is 195
[debug] hazardous_actors = []
[debug] into second branch, scenario_name = VehicleOpensDoorTwoWays
[debug] current frame is 200
[debug] hazardous_actors = []
[debug] into second branch, scenario_name = VehicleOpensDoorTwoWays
[debug] current frame is 205
[debug] hazardous_actors = []
[debug] into second branch, scenario_name = VehicleOpensDoorTwoWays
[debug] current frame is 210
[debug] hazardous_actors = []
[debug] current frame is 215
[debug] hazardous_actors = []
[debug] current frame is 220
[debug] hazardous_actors = []
[debug] current frame is 225
[debug] hazardous_actors = []
[debug] current frame is 230
[debug] hazardous_actors = []
[debug] current frame is 235
[debug] hazardous_actors = []
[debug] into second branch, scenario_name = VehicleOpensDoorTwoWays
[debug] current frame is 240
[debug] hazardous_actors = []
[debug] into second branch, scenario_name = VehicleOpensDoorTwoWays
[debug] current frame is 245
[debug] hazardous_actors = []
[debug] current frame is 250
[debug] hazardous_actors = []
[debug] current frame is 255
[debug] hazardous_actors = []
[debug] current frame is 260
[debug] hazardous_actors = []
[debug] current frame is 265
[debug] hazardous_actors = []
[debug] current frame is 270
[debug] hazardous_actors = []
[debug] into second branch, scenario_name = VehicleOpensDoorTwoWays
[debug] current frame is 275
[debug] hazardous_actors = []
[debug] into second branch, scenario_name = VehicleOpensDoorTwoWays
[debug] current frame is 280
[debug] hazardous_actors = []
[debug] into second branch, scenario_name = VehicleOpensDoorTwoWays
[debug] current frame is 285
[debug] hazardous_actors = []
[debug] into second branch, scenario_name = VehicleOpensDoorTwoWays
[debug] current frame is 290
[debug] hazardous_actors = []
[debug] into second branch, scenario_name = VehicleOpensDoorTwoWays
[debug] current frame is 295
[debug] hazardous_actors = []
[debug] into second branch, scenario_name = VehicleOpensDoorTwoWays
[debug] current frame is 300
[debug] hazardous_actors = []
[debug] into second branch, scenario_name = VehicleOpensDoorTwoWays
[debug] current frame is 305
[debug] hazardous_actors = []
[debug] into second branch, scenario_name = VehicleOpensDoorTwoWays
[debug] current frame is 310
[debug] hazardous_actors = []
[debug] into second branch, scenario_name = VehicleOpensDoorTwoWays
[debug] current frame is 315
[debug] hazardous_actors = []
[debug] into second branch, scenario_name = VehicleOpensDoorTwoWays
[debug] current frame is 320
[debug] hazardous_actors = []
[debug] into second branch, scenario_name = VehicleOpensDoorTwoWays
[debug] current frame is 325
[debug] hazardous_actors = []
[debug] into second branch, scenario_name = VehicleOpensDoorTwoWays
[debug] current frame is 330
[debug] hazardous_actors = []
[debug] into second branch, scenario_name = VehicleOpensDoorTwoWays
[debug] current frame is 335
[debug] hazardous_actors = []
[debug] into second branch, scenario_name = VehicleOpensDoorTwoWays
[debug] current frame is 340
[debug] hazardous_actors = []
[debug] into second branch, scenario_name = VehicleOpensDoorTwoWays
[debug] current frame is 0
[debug] hazardous_actors = []
[debug] current frame is 5
[debug] hazardous_actors = []
[debug] current frame is 10
[debug] hazardous_actors = []
[debug] current frame is 15
[debug] hazardous_actors = []
[debug] into second branch, scenario_name = VehicleOpensDoorTwoWays
[debug] current frame is 20
[debug] hazardous_actors = []
[debug] into second branch, scenario_name = VehicleOpensDoorTwoWays
[debug] current frame is 25
[debug] hazardous_actors = []
[debug] into second branch, scenario_name = VehicleOpensDoorTwoWays
[debug] current frame is 30
[debug] hazardous_actors = []
[debug] into second branch, scenario_name = VehicleOpensDoorTwoWays
[debug] current frame is 35
[debug] hazardous_actors = []
[debug] into second branch, scenario_name = VehicleOpensDoorTwoWays
[debug] current frame is 40
[debug] hazardous_actors = []
[debug] current frame is 45
[debug] hazardous_actors = []
[debug] current frame is 50
[debug] hazardous_actors = []
[debug] into second branch, scenario_name = VehicleOpensDoorTwoWays
[debug] current frame is 55
[debug] hazardous_actors = []
[debug] into second branch, scenario_name = VehicleOpensDoorTwoWays
[debug] current frame is 60
[debug] hazardous_actors = []
[debug] into second branch, scenario_name = VehicleOpensDoorTwoWays
[debug] current frame is 65
[debug] hazardous_actors = []
[debug] into second branch, scenario_name = VehicleOpensDoorTwoWays
[debug] current frame is 70
[debug] hazardous_actors = []
[debug] into second branch, scenario_name = VehicleOpensDoorTwoWays
[debug] current frame is 75
[debug] hazardous_actors = []
[debug] into second branch, scenario_name = VehicleOpensDoorTwoWays
[debug] current frame is 80
[debug] hazardous_actors = []
[debug] into second branch, scenario_name = VehicleOpensDoorTwoWays
[debug] current frame is 85
[debug] hazardous_actors = []
[debug] into second branch, scenario_name = VehicleOpensDoorTwoWays
[debug] current frame is 90
[debug] hazardous_actors = []
[debug] into second branch, scenario_name = VehicleOpensDoorTwoWays
[debug] current frame is 95
[debug] hazardous_actors = []
[debug] into second branch, scenario_name = VehicleOpensDoorTwoWays
[debug] current frame is 100
[debug] hazardous_actors = []
[debug] into second branch, scenario_name = VehicleOpensDoorTwoWays
[debug] current frame is 105
[debug] hazardous_actors = []
[debug] into second branch, scenario_name = VehicleOpensDoorTwoWays
[debug] current frame is 110
[debug] hazardous_actors = []
[debug] into second branch, scenario_name = VehicleOpensDoorTwoWays
[debug] current frame is 115
[debug] hazardous_actors = []
[debug] into second branch, scenario_name = VehicleOpensDoorTwoWays
[debug] current frame is 120
[debug] hazardous_actors = []
[debug] into second branch, scenario_name = VehicleOpensDoorTwoWays
[debug] current frame is 125
[debug] hazardous_actors = []
[debug] into second branch, scenario_name = VehicleOpensDoorTwoWays
[debug] current frame is 130
[debug] hazardous_actors = []
[debug] into second branch, scenario_name = VehicleOpensDoorTwoWays
[debug] current frame is 135
[debug] hazardous_actors = []
[debug] into second branch, scenario_name = VehicleOpensDoorTwoWays
[debug] current frame is 140
[debug] hazardous_actors = []
[debug] into second branch, scenario_name = VehicleOpensDoorTwoWays
[debug] current frame is 145
[debug] hazardous_actors = []
[debug] into second branch, scenario_name = VehicleOpensDoorTwoWays
[debug] current frame is 150
[debug] hazardous_actors = []
[debug] into second branch, scenario_name = VehicleOpensDoorTwoWays
[debug] current frame is 155
[debug] hazardous_actors = []
[debug] into second branch, scenario_name = VehicleOpensDoorTwoWays
[debug] current frame is 160
[debug] hazardous_actors = []
[debug] into second branch, scenario_name = VehicleOpensDoorTwoWays
[debug] current frame is 165
[debug] hazardous_actors = []
[debug] into second branch, scenario_name = VehicleOpensDoorTwoWays
[debug] current frame is 170
[debug] hazardous_actors = []
[debug] into second branch, scenario_name = VehicleOpensDoorTwoWays
[debug] current frame is 175
[debug] hazardous_actors = []
[debug] into second branch, scenario_name = VehicleOpensDoorTwoWays
[debug] current frame is 180
[debug] hazardous_actors = []
[debug] into second branch, scenario_name = VehicleOpensDoorTwoWays
[debug] current frame is 185
[debug] hazardous_actors = []
[debug] into second branch, scenario_name = VehicleOpensDoorTwoWays
[debug] current frame is 190
[debug] hazardous_actors = []
[debug] into second branch, scenario_name = VehicleOpensDoorTwoWays
[debug] current frame is 195
[debug] hazardous_actors = []
[debug] into second branch, scenario_name = VehicleOpensDoorTwoWays
[debug] current frame is 200
[debug] hazardous_actors = []
[debug] into second branch, scenario_name = VehicleOpensDoorTwoWays
[debug] current frame is 205
[debug] hazardous_actors = []
[debug] into second branch, scenario_name = VehicleOpensDoorTwoWays
[debug] current frame is 210
[debug] hazardous_actors = []
[debug] current frame is 215
[debug] hazardous_actors = []
[debug] into second branch, scenario_name = VehicleOpensDoorTwoWays
[debug] current frame is 220
[debug] hazardous_actors = []
[debug] into second branch, scenario_name = VehicleOpensDoorTwoWays
[debug] current frame is 225
[debug] hazardous_actors = []
[debug] current frame is 230
[debug] hazardous_actors = []
[debug] current frame is 235
[debug] hazardous_actors = []
[debug] current frame is 240
[debug] hazardous_actors = []
[debug] current frame is 245
[debug] hazardous_actors = []
[debug] current frame is 250
[debug] hazardous_actors = []
[debug] current frame is 255
[debug] hazardous_actors = []
[debug] current frame is 260
[debug] hazardous_actors = []
[debug] into second branch, scenario_name = VehicleOpensDoorTwoWays
[debug] current frame is 265
[debug] hazardous_actors = []
[debug] into second branch, scenario_name = VehicleOpensDoorTwoWays
[debug] current frame is 270
[debug] hazardous_actors = []
[debug] into second branch, scenario_name = VehicleOpensDoorTwoWays
[debug] current frame is 275
[debug] hazardous_actors = []
[debug] into second branch, scenario_name = VehicleOpensDoorTwoWays
[debug] current frame is 280
[debug] hazardous_actors = []
[debug] into second branch, scenario_name = VehicleOpensDoorTwoWays
[debug] current frame is 285
[debug] hazardous_actors = []
[debug] into second branch, scenario_name = VehicleOpensDoorTwoWays
[debug] current frame is 290
[debug] hazardous_actors = [{'class': 'vehicle', 'state': 'dynamic', 'id': '4424', 'location': [-3680.740478515625, 1133.5340576171875, 348.2588195800781], 'rotation': [1.5988788604736328, -0.007751493714749813, 80.90766143798828], 'bbx_loc': [7.168531010393053e-05, 0.0017633236711844802, 0.7014850378036499], 'center': [-3680.7451171875, 1133.5150146484375, 348.96002197265625], 'extent': [2.6787397861480713, 1.0166014432907104, 0.7053293585777283], 'world_cord': [[-3681.328857421875, 1136.30029296875, 349.7399597167969], [-3681.32275390625, 1136.3392333984375, 348.3298645019531], [-3679.3212890625, 1135.97900390625, 349.73968505859375], [-3679.315185546875, 1136.0179443359375, 348.32958984375], [-3682.17529296875, 1131.01220703125, 349.5904846191406], [-3682.169189453125, 1131.0511474609375, 348.18035888671875], [-3680.16748046875, 1130.69091796875, 349.5902099609375], [-3680.16162109375, 1130.7298583984375, 348.1800842285156]], 'semantic_tags': [14], 'type_id': 'vehicle.chevrolet.impala', 'color': '0,12,49', 'base_type': 'car', 'num_points': 167, 'distance': 12.491974504956, 'speed': 2.8931294414554576, 'brake': 0.0, 'light_state': 'NONE', 'road_id': 862, 'lane_id': 1, 'section_id': 0, 'world2vehicle': [[0.15796449780464172, 0.987050473690033, 0.02790207974612713, -547.1461791992188], [-0.987435519695282, 0.15802229940891266, 0.0001352364051854238, -3813.664794921875], [-0.0042756651528179646, -0.027572866529226303, 0.9996106624603271, -332.6060485839844], [0.0, 0.0, 0.0, 1.0]], 'position': (12.485361952024732, 0.5607992577142795, -0.0383710898706795), 'yaw': 1.3666646297661595, 'color_rgb': None, 'color_name': None, 'lane_type': carla.libcarla.LaneType.Driving, 'lane_type_str': 'Driving', 'is_in_junction': False, 'junction_id': -1, 'distance_to_junction': 21.10564422607422, 'next_junction_id': 14822, 'next_road_ids': [14823], 'next_next_road_ids': [553], 'same_road_as_ego': True, 'same_direction_as_ego': True, 'lane_relative_to_ego': 0, 'steer': 0.04157739324769004, 'vehicle_cuts_in': False}]
[debug] into second branch, scenario_name = VehicleOpensDoorTwoWays
[debug] current frame is 295
[debug] hazardous_actors = []
[debug] into second branch, scenario_name = VehicleOpensDoorTwoWays
[debug] current frame is 300
[debug] hazardous_actors = []
[debug] into second branch, scenario_name = VehicleOpensDoorTwoWays
[debug] current frame is 305
[debug] hazardous_actors = []
[debug] current frame is 310
[debug] hazardous_actors = []
[debug] into second branch, scenario_name = VehicleOpensDoorTwoWays
[debug] current frame is 315
[debug] hazardous_actors = []
[debug] current frame is 320
[debug] hazardous_actors = []
[debug] current frame is 325
[debug] hazardous_actors = []
[debug] into second branch, scenario_name = VehicleOpensDoorTwoWays
[debug] current frame is 330
[debug] hazardous_actors = []
[debug] into second branch, scenario_name = VehicleOpensDoorTwoWays
[debug] current frame is 335
[debug] hazardous_actors = []
[debug] current frame is 340
[debug] hazardous_actors = []
[debug] current frame is 345
[debug] hazardous_actors = []
[debug] into second branch, scenario_name = VehicleOpensDoorTwoWays
[debug] current frame is 350
[debug] hazardous_actors = []
[debug] into second branch, scenario_name = VehicleOpensDoorTwoWays
[debug] current frame is 355
[debug] hazardous_actors = [{'class': 'vehicle', 'state': 'dynamic', 'id': '4424', 'location': [-3678.865966796875, 1147.2349853515625, 348.6475830078125], 'rotation': [1.4714548587799072, -0.00988771766424179, 83.03103637695312], 'bbx_loc': [7.168531010393053e-05, 0.0017633236711844802, 0.7014850378036499], 'center': [-3678.869873046875, 1147.2174072265625, 349.3488464355469], 'extent': [2.6787397861480713, 1.0166014432907104, 0.7053293585777283], 'world_cord': [[-3679.55615234375, 1149.9808349609375, 350.1228942871094], [-3679.5517578125, 1150.0167236328125, 348.71270751953125], [-3677.537841796875, 1149.734130859375, 350.12255859375], [-3677.53369140625, 1149.7701416015625, 348.71234130859375], [-3680.205810546875, 1144.6646728515625, 349.9853210449219], [-3680.20166015625, 1144.70068359375, 348.57513427734375], [-3678.187744140625, 1144.41796875, 349.9849853515625], [-3678.18359375, 1144.4539794921875, 348.57476806640625]], 'semantic_tags': [14], 'type_id': 'vehicle.chevrolet.impala', 'color': '0,12,49', 'base_type': 'car', 'num_points': 457, 'distance': 8.408639264287048, 'speed': -0.0001581851302638414, 'brake': 1.0, 'light_state': 'Brake', 'road_id': 862, 'lane_id': 1, 'section_id': 0, 'world2vehicle': [[0.1212916374206543, 0.9922846555709839, 0.025678908452391624, -701.120849609375], [-0.9926125407218933, 0.12132725864648819, 0.00017251631652470678, -3790.939453125], [-0.002944366307929158, -0.02551013045012951, 0.9996702075004578, -330.0984191894531], [0.0, 0.0, 0.0, 1.0]], 'position': (8.406952351260543, 0.27351643426618466, 0.06612070679284443), 'yaw': 1.4266632522806637, 'color_rgb': None, 'color_name': None, 'lane_type': carla.libcarla.LaneType.Driving, 'lane_type_str': 'Driving', 'is_in_junction': False, 'junction_id': -1, 'distance_to_junction': 7.138444423675537, 'next_junction_id': 14822, 'next_road_ids': [14823], 'next_next_road_ids': [553], 'same_road_as_ego': True, 'same_direction_as_ego': True, 'lane_relative_to_ego': 0, 'steer': 0.0, 'vehicle_cuts_in': False}]
[debug] into second branch, scenario_name = VehicleOpensDoorTwoWays
[debug] current frame is 360
[debug] hazardous_actors = [{'class': 'vehicle', 'state': 'dynamic', 'id': '4424', 'location': [-3678.865478515625, 1147.2352294921875, 348.647216796875], 'rotation': [1.515304684638977, -0.011505046859383583, 83.03121948242188], 'bbx_loc': [7.168531010393053e-05, 0.0017633236711844802, 0.7014850378036499], 'center': [-3678.869384765625, 1147.217041015625, 349.34844970703125], 'extent': [2.6787397861480713, 1.0166014432907104, 0.7053293585777283], 'world_cord': [[-3679.5556640625, 1149.9798583984375, 350.12457275390625], [-3679.551513671875, 1150.0169677734375, 348.71441650390625], [-3677.537353515625, 1149.7332763671875, 350.1241760253906], [-3677.533203125, 1149.770263671875, 348.7140197753906], [-3680.205322265625, 1144.663818359375, 349.98291015625], [-3680.201171875, 1144.700927734375, 348.57275390625], [-3678.187255859375, 1144.417236328125, 349.9825134277344], [-3678.18310546875, 1144.4542236328125, 348.57232666015625]], 'semantic_tags': [14], 'type_id': 'vehicle.chevrolet.impala', 'color': '0,12,49', 'base_type': 'car', 'num_points': 484, 'distance': 8.020657411520382, 'speed': -5.102341168891129e-05, 'brake': 1.0, 'light_state': 'Brake', 'road_id': 862, 'lane_id': 1, 'section_id': 0, 'world2vehicle': [[0.12128602713346481, 0.9922652840614319, 0.026443973183631897, -701.3863525390625], [-0.9926130771636963, 0.12132319062948227, 0.0002007307339226827, -3790.9462890625], [-0.003009089035913348, -0.026272980496287346, 0.9996502995491028, -329.45404052734375], [0.0, 0.0, 0.0, 1.0]], 'position': (8.0187825998064, 0.27013007328150707, 0.06407212037089494), 'yaw': 1.4270877601584222, 'color_rgb': None, 'color_name': None, 'lane_type': carla.libcarla.LaneType.Driving, 'lane_type_str': 'Driving', 'is_in_junction': False, 'junction_id': -1, 'distance_to_junction': 7.138444423675537, 'next_junction_id': 14822, 'next_road_ids': [14823], 'next_next_road_ids': [553], 'same_road_as_ego': True, 'same_direction_as_ego': True, 'lane_relative_to_ego': 0, 'steer': 0.0, 'vehicle_cuts_in': False}]
[debug] into second branch, scenario_name = VehicleOpensDoorTwoWays
[debug] current frame is 365
[debug] hazardous_actors = [{'class': 'vehicle', 'state': 'dynamic', 'id': '4424', 'location': [-3678.865478515625, 1147.2352294921875, 348.647216796875], 'rotation': [1.5158579349517822, -0.011596649885177612, 83.03131103515625], 'bbx_loc': [7.168531010393053e-05, 0.0017633236711844802, 0.7014850378036499], 'center': [-3678.869384765625, 1147.217041015625, 349.34844970703125], 'extent': [2.6787397861480713, 1.0166014432907104, 0.7053293585777283], 'world_cord': [[-3679.5556640625, 1149.9798583984375, 350.1246032714844], [-3679.551513671875, 1150.0169677734375, 348.7144470214844], [-3677.537353515625, 1149.7332763671875, 350.12420654296875], [-3677.533203125, 1149.770263671875, 348.7140197753906], [-3680.205322265625, 1144.663818359375, 349.9828796386719], [-3680.201171875, 1144.700927734375, 348.5727233886719], [-3678.187255859375, 1144.417236328125, 349.98248291015625], [-3678.18310546875, 1144.4542236328125, 348.5722961425781]], 'semantic_tags': [14], 'type_id': 'vehicle.chevrolet.impala', 'color': '0,12,49', 'base_type': 'car', 'num_points': 467, 'distance': 8.002432188964093, 'speed': -4.6271269448557844e-05, 'brake': 1.0, 'light_state': 'Brake', 'road_id': 862, 'lane_id': 1, 'section_id': 0, 'world2vehicle': [[0.12128446251153946, 0.9922651648521423, 0.026453625410795212, -701.3953247070312], [-0.9926132559776306, 0.12132161110639572, 0.00020232888346072286, -3790.945556640625], [-0.003008632455021143, -0.02628275938332081, 0.9996500015258789, -329.4410095214844], [0.0, 0.0, 0.0, 1.0]], 'position': (8.00066454909711, 0.27337545612317626, -0.004245832541471373), 'yaw': 1.4266540643749028, 'color_rgb': None, 'color_name': None, 'lane_type': carla.libcarla.LaneType.Driving, 'lane_type_str': 'Driving', 'is_in_junction': False, 'junction_id': -1, 'distance_to_junction': 7.138444423675537, 'next_junction_id': 14822, 'next_road_ids': [14823], 'next_next_road_ids': [553], 'same_road_as_ego': True, 'same_direction_as_ego': True, 'lane_relative_to_ego': 0, 'steer': 0.0, 'vehicle_cuts_in': False}]
[debug] into second branch, scenario_name = VehicleOpensDoorTwoWays
[debug] current frame is 370
[debug] hazardous_actors = [{'class': 'vehicle', 'state': 'dynamic', 'id': '4424', 'location': [-3678.865478515625, 1147.2352294921875, 348.6471862792969], 'rotation': [1.5158989429473877, -0.011016895063221455, 83.03136444091797], 'bbx_loc': [7.168531010393053e-05, 0.0017633236711844802, 0.7014850378036499], 'center': [-3678.869384765625, 1147.217041015625, 349.3484191894531], 'extent': [2.6787397861480713, 1.0166014432907104, 0.7053293585777283], 'world_cord': [[-3679.5556640625, 1149.9798583984375, 350.12457275390625], [-3679.551513671875, 1150.0169677734375, 348.71441650390625], [-3677.53759765625, 1149.7332763671875, 350.1241760253906], [-3677.533203125, 1149.770263671875, 348.7140197753906], [-3680.20556640625, 1144.663818359375, 349.98284912109375], [-3680.201171875, 1144.700927734375, 348.5726623535156], [-3678.187255859375, 1144.417236328125, 349.9824523925781], [-3678.18310546875, 1144.4542236328125, 348.5722961425781]], 'semantic_tags': [14], 'type_id': 'vehicle.chevrolet.impala', 'color': '0,12,49', 'base_type': 'car', 'num_points': 471, 'distance': 7.974487730729267, 'speed': -4.1280941353326165e-05, 'brake': 1.0, 'light_state': 'Brake', 'road_id': 862, 'lane_id': 1, 'section_id': 0, 'world2vehicle': [[0.12128351628780365, 0.9922652840614319, 0.026454340666532516, -701.399169921875], [-0.9926133155822754, 0.1213209256529808, 0.00019221378897782415, -3790.94140625], [-0.0030187382362782955, -0.02628224343061447, 0.9996500015258789, -329.478759765625], [0.0, 0.0, 0.0, 1.0]], 'position': (7.972690161734363, 0.27291829782825516, -0.016878578861451388), 'yaw': 1.4266852233596568, 'color_rgb': None, 'color_name': None, 'lane_type': carla.libcarla.LaneType.Driving, 'lane_type_str': 'Driving', 'is_in_junction': False, 'junction_id': -1, 'distance_to_junction': 7.138444423675537, 'next_junction_id': 14822, 'next_road_ids': [14823], 'next_next_road_ids': [553], 'same_road_as_ego': True, 'same_direction_as_ego': True, 'lane_relative_to_ego': 0, 'steer': 0.5811605521265318, 'vehicle_cuts_in': False}]
[debug] into second branch, scenario_name = VehicleOpensDoorTwoWays
[debug] current frame is 375
[debug] hazardous_actors = [{'class': 'vehicle', 'state': 'dynamic', 'id': '4424', 'location': [-3678.865234375, 1147.2379150390625, 348.647216796875], 'rotation': [1.5167732238769531, -0.0099486680701375, 83.04034423828125], 'bbx_loc': [7.168531010393053e-05, 0.0017633236711844802, 0.7014850378036499], 'center': [-3678.869140625, 1147.2197265625, 349.34844970703125], 'extent': [2.6787397861480713, 1.0166014432907104, 0.7053293585777283], 'world_cord': [[-3679.555908203125, 1149.982421875, 350.1246337890625], [-3679.551513671875, 1150.01953125, 348.7144470214844], [-3677.53759765625, 1149.736083984375, 350.124267578125], [-3677.533447265625, 1149.773193359375, 348.714111328125], [-3680.204833984375, 1144.666259765625, 349.9828186035156], [-3680.200439453125, 1144.703369140625, 348.5726623535156], [-3678.1865234375, 1144.419921875, 349.9824523925781], [-3678.182373046875, 1144.45703125, 348.5722961425781]], 'semantic_tags': [14], 'type_id': 'vehicle.chevrolet.impala', 'color': '0,12,49', 'base_type': 'car', 'num_points': 538, 'distance': 7.5531955585096, 'speed': 0.02505097780636983, 'brake': 0.0, 'light_state': 'NONE', 'road_id': 862, 'lane_id': 1, 'section_id': 0, 'world2vehicle': [[0.12112803012132645, 0.9922838807106018, 0.02646959386765957, -702.0006103515625], [-0.992632269859314, 0.121165931224823, 0.00017357617616653442, -3790.826904296875], [-0.00303497607819736, -0.026295598596334457, 0.9996495842933655, -329.52301025390625], [0.0, 0.0, 0.0, 1.0]], 'position': (7.553997424415684, 0.16810646278736385, -0.004718979117797062), 'yaw': 1.437818035664515, 'color_rgb': None, 'color_name': None, 'lane_type': carla.libcarla.LaneType.Driving, 'lane_type_str': 'Driving', 'is_in_junction': False, 'junction_id': -1, 'distance_to_junction': 7.1388373374938965, 'next_junction_id': 14822, 'next_road_ids': [14823], 'next_next_road_ids': [553], 'same_road_as_ego': True, 'same_direction_as_ego': True, 'lane_relative_to_ego': 0, 'steer': 0.04446119489403423, 'vehicle_cuts_in': False}]
[debug] into second branch, scenario_name = VehicleOpensDoorTwoWays
[debug] current frame is 380
[debug] hazardous_actors = []
[debug] into second branch, scenario_name = VehicleOpensDoorTwoWays
[debug] current frame is 385
[debug] hazardous_actors = []
[debug] into second branch, scenario_name = VehicleOpensDoorTwoWays
[debug] current frame is 390
[debug] hazardous_actors = []
[debug] into second branch, scenario_name = VehicleOpensDoorTwoWays
[debug] current frame is 395
[debug] hazardous_actors = []
[debug] current frame is 400
[debug] hazardous_actors = []
[debug] current frame is 405
[debug] hazardous_actors = []
[debug] current frame is 410
[debug] hazardous_actors = []
[debug] current frame is 415
[debug] hazardous_actors = []
[debug] into second branch, scenario_name = VehicleOpensDoorTwoWays
[debug] current frame is 420
[debug] hazardous_actors = []
[debug] into second branch, scenario_name = VehicleOpensDoorTwoWays
Stats saved.
